[ 2018-11-12T13:52:07+08:00 ] 127.0.0.1 /
INFO: [ app_init ] --START--
INFO: Run Behavior\BuildLiteBehavior [ RunTime:0.000021s ]
INFO: [ app_init ] --END-- [ RunTime:0.003063s ]
INFO: [ app_begin ] --START--
INFO: Run Behavior\ReadHtmlCacheBehavior [ RunTime:0.001544s ]
INFO: [ app_begin ] --END-- [ RunTime:0.001618s ]

[ 2018-11-12T13:52:07+08:00 ] 127.0.0.1 /Login/index.html
INFO: [ app_init ] --START--
INFO: Run Behavior\BuildLiteBehavior [ RunTime:0.000012s ]
INFO: [ app_init ] --END-- [ RunTime:0.000643s ]
INFO: [ app_begin ] --START--
INFO: Run Behavior\ReadHtmlCacheBehavior [ RunTime:0.001530s ]
INFO: [ app_begin ] --END-- [ RunTime:0.001623s ]
INFO: [ view_parse ] --START--
INFO: [ template_filter ] --START--
INFO: Run Behavior\ContentReplaceBehavior [ RunTime:0.001785s ]
INFO: [ template_filter ] --END-- [ RunTime:0.001840s ]
INFO: Run Behavior\ParseTemplateBehavior [ RunTime:0.014504s ]
INFO: [ view_parse ] --END-- [ RunTime:0.014580s ]
INFO: [ view_filter ] --START--
INFO: Run Behavior\WriteHtmlCacheBehavior [ RunTime:0.001093s ]
INFO: [ view_filter ] --END-- [ RunTime:0.001131s ]
INFO: [ app_end ] --START--
INFO: Run Behavior\ShowPageTraceBehavior [ RunTime:0.001302s ]
INFO: [ app_end ] --END-- [ RunTime:0.001337s ]

[ 2018-11-12T13:52:07+08:00 ] 127.0.0.1 /Login/verify.html
INFO: [ app_init ] --START--
INFO: Run Behavior\BuildLiteBehavior [ RunTime:0.000015s ]
INFO: [ app_init ] --END-- [ RunTime:0.000881s ]
INFO: [ app_begin ] --START--
INFO: Run Behavior\ReadHtmlCacheBehavior [ RunTime:0.000716s ]
INFO: [ app_begin ] --END-- [ RunTime:0.000760s ]
INFO: [ app_end ] --START--
INFO: Run Behavior\ShowPageTraceBehavior [ RunTime:0.001610s ]
INFO: [ app_end ] --END-- [ RunTime:0.001726s ]

[ 2018-11-12T13:52:13+08:00 ] 127.0.0.1 /Login/doLogin.html
INFO: [ app_init ] --START--
INFO: Run Behavior\BuildLiteBehavior [ RunTime:0.000012s ]
INFO: [ app_init ] --END-- [ RunTime:0.000681s ]
INFO: [ app_begin ] --START--
INFO: Run Behavior\ReadHtmlCacheBehavior [ RunTime:0.000641s ]
INFO: [ app_begin ] --END-- [ RunTime:0.000674s ]

[ 2018-11-12T13:52:13+08:00 ] 127.0.0.1 /Login/doLogin.html
INFO: [ app_init ] --START--
INFO: Run Behavior\BuildLiteBehavior [ RunTime:0.000009s ]
INFO: [ app_init ] --END-- [ RunTime:0.000617s ]
INFO: [ app_begin ] --START--
INFO: Run Behavior\ReadHtmlCacheBehavior [ RunTime:0.000848s ]
INFO: [ app_begin ] --END-- [ RunTime:0.000893s ]

[ 2018-11-12T13:52:14+08:00 ] 127.0.0.1 /Login/verify/v/1542001927.html
INFO: [ app_init ] --START--
INFO: Run Behavior\BuildLiteBehavior [ RunTime:0.000009s ]
INFO: [ app_init ] --END-- [ RunTime:0.000539s ]
INFO: [ app_begin ] --START--
INFO: Run Behavior\ReadHtmlCacheBehavior [ RunTime:0.000872s ]
INFO: [ app_begin ] --END-- [ RunTime:0.000925s ]
INFO: [ app_end ] --START--
INFO: Run Behavior\ShowPageTraceBehavior [ RunTime:0.000921s ]
INFO: [ app_end ] --END-- [ RunTime:0.000991s ]

[ 2018-11-12T13:52:22+08:00 ] 127.0.0.1 /Login/doLogin.html
INFO: [ app_init ] --START--
INFO: Run Behavior\BuildLiteBehavior [ RunTime:0.000010s ]
INFO: [ app_init ] --END-- [ RunTime:0.000630s ]
INFO: [ app_begin ] --START--
INFO: Run Behavior\ReadHtmlCacheBehavior [ RunTime:0.000753s ]
INFO: [ app_begin ] --END-- [ RunTime:0.000796s ]
SQL: SHOW COLUMNS FROM `rd_admin` [ RunTime:0.1047s ]
SQL: SELECT * FROM `rd_admin` WHERE `username` = 'admin' AND `password` = '231ee813250bd018144ec5acc5950026' LIMIT 1   [ RunTime:0.1248s ]
SQL: UPDATE `rd_admin` SET `last_time`='1542001942',`last_ip`='127.0.0.1' WHERE `id` = 1 [ RunTime:0.2316s ]

[ 2018-11-12T13:52:25+08:00 ] 127.0.0.1 /Index/index.html
INFO: [ app_init ] --START--
INFO: Run Behavior\BuildLiteBehavior [ RunTime:0.000017s ]
INFO: [ app_init ] --END-- [ RunTime:0.000911s ]
INFO: [ app_begin ] --START--
INFO: Run Behavior\ReadHtmlCacheBehavior [ RunTime:0.000852s ]
INFO: [ app_begin ] --END-- [ RunTime:0.000909s ]
INFO: [ view_parse ] --START--
INFO: [ template_filter ] --START--
INFO: Run Behavior\ContentReplaceBehavior [ RunTime:0.000081s ]
INFO: [ template_filter ] --END-- [ RunTime:0.000146s ]
INFO: Run Behavior\ParseTemplateBehavior [ RunTime:0.019388s ]
INFO: [ view_parse ] --END-- [ RunTime:0.019464s ]
INFO: [ view_filter ] --START--
INFO: Run Behavior\WriteHtmlCacheBehavior [ RunTime:0.000580s ]
INFO: [ view_filter ] --END-- [ RunTime:0.000612s ]
INFO: [ app_end ] --START--
INFO: Run Behavior\ShowPageTraceBehavior [ RunTime:0.000666s ]
INFO: [ app_end ] --END-- [ RunTime:0.000708s ]

[ 2018-11-12T13:52:27+08:00 ] 127.0.0.1 /User/userList
INFO: [ app_init ] --START--
INFO: Run Behavior\BuildLiteBehavior [ RunTime:0.000013s ]
INFO: [ app_init ] --END-- [ RunTime:0.000761s ]
INFO: [ app_begin ] --START--
INFO: Run Behavior\ReadHtmlCacheBehavior [ RunTime:0.001331s ]
INFO: [ app_begin ] --END-- [ RunTime:0.003967s ]
INFO: [ view_parse ] --START--
INFO: [ template_filter ] --START--
INFO: Run Behavior\ContentReplaceBehavior [ RunTime:0.000178s ]
INFO: [ template_filter ] --END-- [ RunTime:0.000259s ]
INFO: Run Behavior\ParseTemplateBehavior [ RunTime:0.015239s ]
INFO: [ view_parse ] --END-- [ RunTime:0.015312s ]
INFO: [ view_filter ] --START--
INFO: Run Behavior\WriteHtmlCacheBehavior [ RunTime:0.000861s ]
INFO: [ view_filter ] --END-- [ RunTime:0.000915s ]
INFO: [ app_end ] --START--
INFO: Run Behavior\ShowPageTraceBehavior [ RunTime:0.001121s ]
INFO: [ app_end ] --END-- [ RunTime:0.001183s ]

[ 2018-11-12T13:52:28+08:00 ] 127.0.0.1 /User/userList.html?mobile=&email=&name=&status=&page=1&limit=10
INFO: [ app_init ] --START--
INFO: Run Behavior\BuildLiteBehavior [ RunTime:0.000013s ]
INFO: [ app_init ] --END-- [ RunTime:0.000634s ]
INFO: [ app_begin ] --START--
INFO: Run Behavior\ReadHtmlCacheBehavior [ RunTime:0.001226s ]
INFO: [ app_begin ] --END-- [ RunTime:0.001308s ]
SQL: SHOW COLUMNS FROM `rd_user` [ RunTime:0.1221s ]
SQL: SELECT COUNT(u.id) AS tp_count FROM rd_user u left join rd_user_info u_i ON u_i.user_id = u.id left join rd_company_info c_i ON c_i.user_id = u.id left join rd_shops s ON s.user_id = u.id  LIMIT 1   [ RunTime:0.1548s ]
SQL: SELECT u.*,u_i.real_name as user_name,u_i.id as user_info_id,c_i.company_name,c_i.id as company_info_id,s.name as shop_name,s.id as shop_id FROM rd_user u left join rd_user_info u_i ON u_i.user_id = u.id left join rd_company_info c_i ON c_i.user_id = u.id left join rd_shops s ON s.user_id = u.id  ORDER BY id desc LIMIT 0,10   [ RunTime:0.2017s ]

[ 2018-11-12T13:54:13+08:00 ] 127.0.0.1 /User/userList.html?mobile=&email=&name=&status=2&page=1&limit=10
INFO: [ app_init ] --START--
INFO: Run Behavior\BuildLiteBehavior [ RunTime:0.000015s ]
INFO: [ app_init ] --END-- [ RunTime:0.001080s ]
INFO: [ app_begin ] --START--
INFO: Run Behavior\ReadHtmlCacheBehavior [ RunTime:0.000773s ]
INFO: [ app_begin ] --END-- [ RunTime:0.000822s ]
SQL: SHOW COLUMNS FROM `rd_user` [ RunTime:0.1059s ]
SQL: SELECT COUNT(u.id) AS tp_count FROM rd_user u left join rd_user_info u_i ON u_i.user_id = u.id left join rd_company_info c_i ON c_i.user_id = u.id left join rd_shops s ON s.user_id = u.id  WHERE u_i.id > 0 LIMIT 1   [ RunTime:0.1147s ]
SQL: SELECT u.*,u_i.real_name as user_name,u_i.id as user_info_id,c_i.company_name,c_i.id as company_info_id,s.name as shop_name,s.id as shop_id FROM rd_user u left join rd_user_info u_i ON u_i.user_id = u.id left join rd_company_info c_i ON c_i.user_id = u.id left join rd_shops s ON s.user_id = u.id  WHERE u_i.id > 0 ORDER BY id desc LIMIT 0,10   [ RunTime:0.1299s ]

[ 2018-11-12T13:54:17+08:00 ] 127.0.0.1 /User/userList.html?mobile=&email=&name=&status=4&page=1&limit=10
INFO: [ app_init ] --START--
INFO: Run Behavior\BuildLiteBehavior [ RunTime:0.000010s ]
INFO: [ app_init ] --END-- [ RunTime:0.000764s ]
INFO: [ app_begin ] --START--
INFO: Run Behavior\ReadHtmlCacheBehavior [ RunTime:0.000668s ]
INFO: [ app_begin ] --END-- [ RunTime:0.000704s ]
SQL: SHOW COLUMNS FROM `rd_user` [ RunTime:0.1281s ]
SQL: SELECT COUNT(u.id) AS tp_count FROM rd_user u left join rd_user_info u_i ON u_i.user_id = u.id left join rd_company_info c_i ON c_i.user_id = u.id left join rd_shops s ON s.user_id = u.id  WHERE s.id > 0 LIMIT 1   [ RunTime:0.1055s ]
SQL: SELECT u.*,u_i.real_name as user_name,u_i.id as user_info_id,c_i.company_name,c_i.id as company_info_id,s.name as shop_name,s.id as shop_id FROM rd_user u left join rd_user_info u_i ON u_i.user_id = u.id left join rd_company_info c_i ON c_i.user_id = u.id left join rd_shops s ON s.user_id = u.id  WHERE s.id > 0 ORDER BY id desc LIMIT 0,10   [ RunTime:0.1205s ]

[ 2018-11-12T13:54:27+08:00 ] 127.0.0.1 /User/userList
INFO: [ app_init ] --START--
INFO: Run Behavior\BuildLiteBehavior [ RunTime:0.000010s ]
INFO: [ app_init ] --END-- [ RunTime:0.000619s ]
INFO: [ app_begin ] --START--
INFO: Run Behavior\ReadHtmlCacheBehavior [ RunTime:0.000719s ]
INFO: [ app_begin ] --END-- [ RunTime:0.000760s ]
INFO: [ view_parse ] --START--
INFO: [ template_filter ] --START--
INFO: Run Behavior\ContentReplaceBehavior [ RunTime:0.000099s ]
INFO: [ template_filter ] --END-- [ RunTime:0.000135s ]
INFO: Run Behavior\ParseTemplateBehavior [ RunTime:0.010487s ]
INFO: [ view_parse ] --END-- [ RunTime:0.010547s ]
INFO: [ view_filter ] --START--
INFO: Run Behavior\WriteHtmlCacheBehavior [ RunTime:0.000634s ]
INFO: [ view_filter ] --END-- [ RunTime:0.000660s ]
INFO: [ app_end ] --START--
INFO: Run Behavior\ShowPageTraceBehavior [ RunTime:0.000888s ]
INFO: [ app_end ] --END-- [ RunTime:0.000943s ]

[ 2018-11-12T13:54:30+08:00 ] 127.0.0.1 /User/userList.html?mobile=&email=&name=&status=&page=1&limit=10
INFO: [ app_init ] --START--
INFO: Run Behavior\BuildLiteBehavior [ RunTime:0.000021s ]
INFO: [ app_init ] --END-- [ RunTime:0.001029s ]
INFO: [ app_begin ] --START--
INFO: Run Behavior\ReadHtmlCacheBehavior [ RunTime:0.001209s ]
INFO: [ app_begin ] --END-- [ RunTime:0.001301s ]
SQL: SHOW COLUMNS FROM `rd_user` [ RunTime:0.4960s ]
SQL: SELECT COUNT(u.id) AS tp_count FROM rd_user u left join rd_user_info u_i ON u_i.user_id = u.id left join rd_company_info c_i ON c_i.user_id = u.id left join rd_shops s ON s.user_id = u.id  LIMIT 1   [ RunTime:0.8809s ]
SQL: SELECT u.*,u_i.real_name as user_name,u_i.id as user_info_id,c_i.company_name,c_i.id as company_info_id,s.name as shop_name,s.id as shop_id FROM rd_user u left join rd_user_info u_i ON u_i.user_id = u.id left join rd_company_info c_i ON c_i.user_id = u.id left join rd_shops s ON s.user_id = u.id  ORDER BY id desc LIMIT 0,10   [ RunTime:0.6489s ]

[ 2018-11-12T13:58:16+08:00 ] 127.0.0.1 /User/userList.html?mobile=&email=&name=&status=1&page=1&limit=10
INFO: [ app_init ] --START--
INFO: Run Behavior\BuildLiteBehavior [ RunTime:0.000009s ]
INFO: [ app_init ] --END-- [ RunTime:0.000693s ]
INFO: [ app_begin ] --START--
INFO: Run Behavior\ReadHtmlCacheBehavior [ RunTime:0.001279s ]
INFO: [ app_begin ] --END-- [ RunTime:0.001362s ]
SQL: SHOW COLUMNS FROM `rd_user` [ RunTime:0.1021s ]
SQL: SELECT COUNT(u.id) AS tp_count FROM rd_user u left join rd_user_info u_i ON u_i.user_id = u.id left join rd_company_info c_i ON c_i.user_id = u.id left join rd_shops s ON s.user_id = u.id  WHERE ( s.id is null AND c_i.id is null AND u_i.id is null ) LIMIT 1   [ RunTime:0.1288s ]
SQL: SELECT u.*,u_i.real_name as user_name,u_i.id as user_info_id,c_i.company_name,c_i.id as company_info_id,s.name as shop_name,s.id as shop_id FROM rd_user u left join rd_user_info u_i ON u_i.user_id = u.id left join rd_company_info c_i ON c_i.user_id = u.id left join rd_shops s ON s.user_id = u.id  WHERE ( s.id is null AND c_i.id is null AND u_i.id is null ) ORDER BY id desc LIMIT 0,10   [ RunTime:0.1624s ]

[ 2018-11-12T13:58:19+08:00 ] 127.0.0.1 /User/userList.html?mobile=&email=&name=&status=1&page=32&limit=10
INFO: [ app_init ] --START--
INFO: Run Behavior\BuildLiteBehavior [ RunTime:0.000008s ]
INFO: [ app_init ] --END-- [ RunTime:0.000493s ]
INFO: [ app_begin ] --START--
INFO: Run Behavior\ReadHtmlCacheBehavior [ RunTime:0.000994s ]
INFO: [ app_begin ] --END-- [ RunTime:0.001063s ]
SQL: SHOW COLUMNS FROM `rd_user` [ RunTime:0.1028s ]
SQL: SELECT COUNT(u.id) AS tp_count FROM rd_user u left join rd_user_info u_i ON u_i.user_id = u.id left join rd_company_info c_i ON c_i.user_id = u.id left join rd_shops s ON s.user_id = u.id  WHERE ( s.id is null AND c_i.id is null AND u_i.id is null ) LIMIT 1   [ RunTime:0.1232s ]
SQL: SELECT u.*,u_i.real_name as user_name,u_i.id as user_info_id,c_i.company_name,c_i.id as company_info_id,s.name as shop_name,s.id as shop_id FROM rd_user u left join rd_user_info u_i ON u_i.user_id = u.id left join rd_company_info c_i ON c_i.user_id = u.id left join rd_shops s ON s.user_id = u.id  WHERE ( s.id is null AND c_i.id is null AND u_i.id is null ) ORDER BY id desc LIMIT 310,10   [ RunTime:0.1641s ]

[ 2018-11-12T13:58:23+08:00 ] 127.0.0.1 /User/userList.html?mobile=&email=&name=&status=1&page=31&limit=10
INFO: [ app_init ] --START--
INFO: Run Behavior\BuildLiteBehavior [ RunTime:0.000010s ]
INFO: [ app_init ] --END-- [ RunTime:0.000687s ]
INFO: [ app_begin ] --START--
INFO: Run Behavior\ReadHtmlCacheBehavior [ RunTime:0.000900s ]
INFO: [ app_begin ] --END-- [ RunTime:0.000977s ]
SQL: SHOW COLUMNS FROM `rd_user` [ RunTime:0.0981s ]
SQL: SELECT COUNT(u.id) AS tp_count FROM rd_user u left join rd_user_info u_i ON u_i.user_id = u.id left join rd_company_info c_i ON c_i.user_id = u.id left join rd_shops s ON s.user_id = u.id  WHERE ( s.id is null AND c_i.id is null AND u_i.id is null ) LIMIT 1   [ RunTime:0.1204s ]
SQL: SELECT u.*,u_i.real_name as user_name,u_i.id as user_info_id,c_i.company_name,c_i.id as company_info_id,s.name as shop_name,s.id as shop_id FROM rd_user u left join rd_user_info u_i ON u_i.user_id = u.id left join rd_company_info c_i ON c_i.user_id = u.id left join rd_shops s ON s.user_id = u.id  WHERE ( s.id is null AND c_i.id is null AND u_i.id is null ) ORDER BY id desc LIMIT 300,10   [ RunTime:0.1593s ]

[ 2018-11-12T13:58:55+08:00 ] 127.0.0.1 /User/userList.html?mobile=&email=&name=&status=&page=1&limit=10
INFO: [ app_init ] --START--
INFO: Run Behavior\BuildLiteBehavior [ RunTime:0.000008s ]
INFO: [ app_init ] --END-- [ RunTime:0.000571s ]
INFO: [ app_begin ] --START--
INFO: Run Behavior\ReadHtmlCacheBehavior [ RunTime:0.000713s ]
INFO: [ app_begin ] --END-- [ RunTime:0.000751s ]
SQL: SHOW COLUMNS FROM `rd_user` [ RunTime:0.1017s ]
SQL: SELECT COUNT(u.id) AS tp_count FROM rd_user u left join rd_user_info u_i ON u_i.user_id = u.id left join rd_company_info c_i ON c_i.user_id = u.id left join rd_shops s ON s.user_id = u.id  LIMIT 1   [ RunTime:0.1265s ]
SQL: SELECT u.*,u_i.real_name as user_name,u_i.id as user_info_id,c_i.company_name,c_i.id as company_info_id,s.name as shop_name,s.id as shop_id FROM rd_user u left join rd_user_info u_i ON u_i.user_id = u.id left join rd_company_info c_i ON c_i.user_id = u.id left join rd_shops s ON s.user_id = u.id  ORDER BY id desc LIMIT 0,10   [ RunTime:0.6314s ]

[ 2018-11-12T13:59:25+08:00 ] 127.0.0.1 /Project/add
INFO: [ app_init ] --START--
INFO: Run Behavior\BuildLiteBehavior [ RunTime:0.000013s ]
INFO: [ app_init ] --END-- [ RunTime:0.000746s ]
INFO: [ app_begin ] --START--
INFO: Run Behavior\ReadHtmlCacheBehavior [ RunTime:0.000795s ]
INFO: [ app_begin ] --END-- [ RunTime:0.000853s ]
SQL: SHOW COLUMNS FROM `rd_city` [ RunTime:0.1055s ]
SQL: SELECT `id`,`name` FROM `rd_city` WHERE `parent_id` = 0 ORDER BY sort asc  [ RunTime:0.1044s ]
SQL: SHOW COLUMNS FROM `rd_position_type` [ RunTime:0.1040s ]
SQL: SELECT `id`,`name` FROM `rd_position_type` WHERE `parent_id` = 0 ORDER BY sort asc  [ RunTime:0.1013s ]
INFO: [ view_parse ] --START--
INFO: [ template_filter ] --START--
INFO: Run Behavior\ContentReplaceBehavior [ RunTime:0.000159s ]
INFO: [ template_filter ] --END-- [ RunTime:0.000244s ]
INFO: Run Behavior\ParseTemplateBehavior [ RunTime:0.016002s ]
INFO: [ view_parse ] --END-- [ RunTime:0.016071s ]
INFO: [ view_filter ] --START--
INFO: Run Behavior\WriteHtmlCacheBehavior [ RunTime:0.001014s ]
INFO: [ view_filter ] --END-- [ RunTime:0.001074s ]
INFO: [ app_end ] --START--
INFO: Run Behavior\ShowPageTraceBehavior [ RunTime:0.001114s ]
INFO: [ app_end ] --END-- [ RunTime:0.001166s ]

[ 2018-11-12T14:00:49+08:00 ] 127.0.0.1 /User/userList
INFO: [ app_init ] --START--
INFO: Run Behavior\BuildLiteBehavior [ RunTime:0.000013s ]
INFO: [ app_init ] --END-- [ RunTime:0.000715s ]
INFO: [ app_begin ] --START--
INFO: Run Behavior\ReadHtmlCacheBehavior [ RunTime:0.000832s ]
INFO: [ app_begin ] --END-- [ RunTime:0.000885s ]
INFO: [ view_parse ] --START--
INFO: [ template_filter ] --START--
INFO: Run Behavior\ContentReplaceBehavior [ RunTime:0.000137s ]
INFO: [ template_filter ] --END-- [ RunTime:0.000230s ]
INFO: Run Behavior\ParseTemplateBehavior [ RunTime:0.012761s ]
INFO: [ view_parse ] --END-- [ RunTime:0.012808s ]
INFO: [ view_filter ] --START--
INFO: Run Behavior\WriteHtmlCacheBehavior [ RunTime:0.000515s ]
INFO: [ view_filter ] --END-- [ RunTime:0.000546s ]
INFO: [ app_end ] --START--
INFO: Run Behavior\ShowPageTraceBehavior [ RunTime:0.000692s ]
INFO: [ app_end ] --END-- [ RunTime:0.000733s ]

[ 2018-11-12T14:00:50+08:00 ] 127.0.0.1 /User/userList.html?mobile=&email=&name=&status=&page=1&limit=10
INFO: [ app_init ] --START--
INFO: Run Behavior\BuildLiteBehavior [ RunTime:0.000017s ]
INFO: [ app_init ] --END-- [ RunTime:0.001027s ]
INFO: [ app_begin ] --START--
INFO: Run Behavior\ReadHtmlCacheBehavior [ RunTime:0.001148s ]
INFO: [ app_begin ] --END-- [ RunTime:0.001224s ]
SQL: SHOW COLUMNS FROM `rd_user` [ RunTime:0.1023s ]
SQL: SELECT COUNT(u.id) AS tp_count FROM rd_user u left join rd_user_info u_i ON u_i.user_id = u.id left join rd_company_info c_i ON c_i.user_id = u.id left join rd_shops s ON s.user_id = u.id  LIMIT 1   [ RunTime:0.1268s ]
SQL: SELECT u.*,u_i.real_name as user_name,u_i.id as user_info_id,c_i.company_name,c_i.id as company_info_id,s.name as shop_name,s.id as shop_id FROM rd_user u left join rd_user_info u_i ON u_i.user_id = u.id left join rd_company_info c_i ON c_i.user_id = u.id left join rd_shops s ON s.user_id = u.id  ORDER BY id desc LIMIT 0,10   [ RunTime:0.1783s ]

[ 2018-11-12T14:01:16+08:00 ] 127.0.0.1 /User/userList.html?mobile=&email=&name=&status=&page=64&limit=10
INFO: [ app_init ] --START--
INFO: Run Behavior\BuildLiteBehavior [ RunTime:0.000008s ]
INFO: [ app_init ] --END-- [ RunTime:0.000594s ]
INFO: [ app_begin ] --START--
INFO: Run Behavior\ReadHtmlCacheBehavior [ RunTime:0.000669s ]
INFO: [ app_begin ] --END-- [ RunTime:0.000699s ]
SQL: SHOW COLUMNS FROM `rd_user` [ RunTime:0.1038s ]
SQL: SELECT COUNT(u.id) AS tp_count FROM rd_user u left join rd_user_info u_i ON u_i.user_id = u.id left join rd_company_info c_i ON c_i.user_id = u.id left join rd_shops s ON s.user_id = u.id  LIMIT 1   [ RunTime:0.1270s ]
SQL: SELECT u.*,u_i.real_name as user_name,u_i.id as user_info_id,c_i.company_name,c_i.id as company_info_id,s.name as shop_name,s.id as shop_id FROM rd_user u left join rd_user_info u_i ON u_i.user_id = u.id left join rd_company_info c_i ON c_i.user_id = u.id left join rd_shops s ON s.user_id = u.id  ORDER BY id desc LIMIT 630,10   [ RunTime:0.1790s ]

[ 2018-11-12T14:01:23+08:00 ] 127.0.0.1 /User/userList.html?mobile=&email=&name=&status=&page=63&limit=10
INFO: [ app_init ] --START--
INFO: Run Behavior\BuildLiteBehavior [ RunTime:0.000010s ]
INFO: [ app_init ] --END-- [ RunTime:0.000684s ]
INFO: [ app_begin ] --START--
INFO: Run Behavior\ReadHtmlCacheBehavior [ RunTime:0.000805s ]
INFO: [ app_begin ] --END-- [ RunTime:0.000839s ]
SQL: SHOW COLUMNS FROM `rd_user` [ RunTime:0.1067s ]
SQL: SELECT COUNT(u.id) AS tp_count FROM rd_user u left join rd_user_info u_i ON u_i.user_id = u.id left join rd_company_info c_i ON c_i.user_id = u.id left join rd_shops s ON s.user_id = u.id  LIMIT 1   [ RunTime:0.1288s ]
SQL: SELECT u.*,u_i.real_name as user_name,u_i.id as user_info_id,c_i.company_name,c_i.id as company_info_id,s.name as shop_name,s.id as shop_id FROM rd_user u left join rd_user_info u_i ON u_i.user_id = u.id left join rd_company_info c_i ON c_i.user_id = u.id left join rd_shops s ON s.user_id = u.id  ORDER BY id desc LIMIT 620,10   [ RunTime:0.1825s ]

[ 2018-11-12T14:01:29+08:00 ] 127.0.0.1 /User/userList.html?mobile=&email=&name=&status=&page=62&limit=10
INFO: [ app_init ] --START--
INFO: Run Behavior\BuildLiteBehavior [ RunTime:0.000016s ]
INFO: [ app_init ] --END-- [ RunTime:0.000818s ]
INFO: [ app_begin ] --START--
INFO: Run Behavior\ReadHtmlCacheBehavior [ RunTime:0.000630s ]
INFO: [ app_begin ] --END-- [ RunTime:0.000660s ]
SQL: SHOW COLUMNS FROM `rd_user` [ RunTime:0.1010s ]
SQL: SELECT COUNT(u.id) AS tp_count FROM rd_user u left join rd_user_info u_i ON u_i.user_id = u.id left join rd_company_info c_i ON c_i.user_id = u.id left join rd_shops s ON s.user_id = u.id  LIMIT 1   [ RunTime:0.1265s ]
SQL: SELECT u.*,u_i.real_name as user_name,u_i.id as user_info_id,c_i.company_name,c_i.id as company_info_id,s.name as shop_name,s.id as shop_id FROM rd_user u left join rd_user_info u_i ON u_i.user_id = u.id left join rd_company_info c_i ON c_i.user_id = u.id left join rd_shops s ON s.user_id = u.id  ORDER BY id desc LIMIT 610,10   [ RunTime:0.1820s ]

