[ 2018-10-31T10:38:23+08:00 ] 127.0.0.1 /
INFO: [ app_init ] --START--
INFO: Run Behavior\BuildLiteBehavior [ RunTime:0.000019s ]
INFO: [ app_init ] --END-- [ RunTime:0.001301s ]
INFO: [ app_begin ] --START--
INFO: Run Behavior\ReadHtmlCacheBehavior [ RunTime:0.001408s ]
INFO: [ app_begin ] --END-- [ RunTime:0.001478s ]

[ 2018-10-31T10:38:23+08:00 ] 127.0.0.1 /Login/index.html
INFO: [ app_init ] --START--
INFO: Run Behavior\BuildLiteBehavior [ RunTime:0.000013s ]
INFO: [ app_init ] --END-- [ RunTime:0.000783s ]
INFO: [ app_begin ] --START--
INFO: Run Behavior\ReadHtmlCacheBehavior [ RunTime:0.000984s ]
INFO: [ app_begin ] --END-- [ RunTime:0.001056s ]
INFO: [ view_parse ] --START--
INFO: [ template_filter ] --START--
INFO: Run Behavior\ContentReplaceBehavior [ RunTime:0.001365s ]
INFO: [ template_filter ] --END-- [ RunTime:0.001444s ]
INFO: Run Behavior\ParseTemplateBehavior [ RunTime:0.023012s ]
INFO: [ view_parse ] --END-- [ RunTime:0.023094s ]
INFO: [ view_filter ] --START--
INFO: Run Behavior\WriteHtmlCacheBehavior [ RunTime:0.001460s ]
INFO: [ view_filter ] --END-- [ RunTime:0.001525s ]
INFO: [ app_end ] --START--
INFO: Run Behavior\ShowPageTraceBehavior [ RunTime:0.001876s ]
INFO: [ app_end ] --END-- [ RunTime:0.001935s ]

[ 2018-10-31T10:38:23+08:00 ] 127.0.0.1 /Login/verify.html
INFO: [ app_init ] --START--
INFO: Run Behavior\BuildLiteBehavior [ RunTime:0.000016s ]
INFO: [ app_init ] --END-- [ RunTime:0.030842s ]
INFO: [ app_begin ] --START--
INFO: Run Behavior\ReadHtmlCacheBehavior [ RunTime:0.002021s ]
INFO: [ app_begin ] --END-- [ RunTime:0.002100s ]
INFO: [ app_end ] --START--
INFO: Run Behavior\ShowPageTraceBehavior [ RunTime:0.001089s ]
INFO: [ app_end ] --END-- [ RunTime:0.001169s ]

[ 2018-10-31T10:38:45+08:00 ] 127.0.0.1 /Login/doLogin.html
INFO: [ app_init ] --START--
INFO: Run Behavior\BuildLiteBehavior [ RunTime:0.000009s ]
INFO: [ app_init ] --END-- [ RunTime:0.000609s ]
INFO: [ app_begin ] --START--
INFO: Run Behavior\ReadHtmlCacheBehavior [ RunTime:0.000637s ]
INFO: [ app_begin ] --END-- [ RunTime:0.000666s ]
SQL: SHOW COLUMNS FROM `rd_admin` [ RunTime:0.1009s ]
SQL: SELECT * FROM `rd_admin` WHERE `username` = 'admin' AND `password` = '231ee813250bd018144ec5acc5950026' LIMIT 1   [ RunTime:0.1006s ]
SQL: UPDATE `rd_admin` SET `last_time`='1540953525',`last_ip`='127.0.0.1' WHERE `id` = 1 [ RunTime:0.1051s ]

[ 2018-10-31T10:38:49+08:00 ] 127.0.0.1 /Index/index.html
INFO: [ app_init ] --START--
INFO: Run Behavior\BuildLiteBehavior [ RunTime:0.000009s ]
INFO: [ app_init ] --END-- [ RunTime:0.000560s ]
INFO: [ app_begin ] --START--
INFO: Run Behavior\ReadHtmlCacheBehavior [ RunTime:0.000681s ]
INFO: [ app_begin ] --END-- [ RunTime:0.000730s ]
INFO: [ view_parse ] --START--
INFO: [ template_filter ] --START--
INFO: Run Behavior\ContentReplaceBehavior [ RunTime:0.000062s ]
INFO: [ template_filter ] --END-- [ RunTime:0.000100s ]
INFO: Run Behavior\ParseTemplateBehavior [ RunTime:0.011011s ]
INFO: [ view_parse ] --END-- [ RunTime:0.011055s ]
INFO: [ view_filter ] --START--
INFO: Run Behavior\WriteHtmlCacheBehavior [ RunTime:0.000485s ]
INFO: [ view_filter ] --END-- [ RunTime:0.000510s ]
INFO: [ app_end ] --START--
INFO: Run Behavior\ShowPageTraceBehavior [ RunTime:0.000646s ]
INFO: [ app_end ] --END-- [ RunTime:0.000676s ]

[ 2018-10-31T10:38:55+08:00 ] 127.0.0.1 /Shop/index
INFO: [ app_init ] --START--
INFO: Run Behavior\BuildLiteBehavior [ RunTime:0.000009s ]
INFO: [ app_init ] --END-- [ RunTime:0.000542s ]
INFO: [ app_begin ] --START--
INFO: Run Behavior\ReadHtmlCacheBehavior [ RunTime:0.000828s ]
INFO: [ app_begin ] --END-- [ RunTime:0.000872s ]
INFO: [ view_parse ] --START--
INFO: [ template_filter ] --START--
INFO: Run Behavior\ContentReplaceBehavior [ RunTime:0.000103s ]
INFO: [ template_filter ] --END-- [ RunTime:0.000144s ]
INFO: Run Behavior\ParseTemplateBehavior [ RunTime:0.012955s ]
INFO: [ view_parse ] --END-- [ RunTime:0.012994s ]
INFO: [ view_filter ] --START--
INFO: Run Behavior\WriteHtmlCacheBehavior [ RunTime:0.000459s ]
INFO: [ view_filter ] --END-- [ RunTime:0.000482s ]
INFO: [ app_end ] --START--
INFO: Run Behavior\ShowPageTraceBehavior [ RunTime:0.000764s ]
INFO: [ app_end ] --END-- [ RunTime:0.000812s ]

[ 2018-10-31T10:38:55+08:00 ] 127.0.0.1 /Shop/index.html?name=&page=1&limit=10
INFO: [ app_init ] --START--
INFO: Run Behavior\BuildLiteBehavior [ RunTime:0.000010s ]
INFO: [ app_init ] --END-- [ RunTime:0.000557s ]
INFO: [ app_begin ] --START--
INFO: Run Behavior\ReadHtmlCacheBehavior [ RunTime:0.001087s ]
INFO: [ app_begin ] --END-- [ RunTime:0.001158s ]
SQL: SHOW COLUMNS FROM `rd_shops` [ RunTime:0.0991s ]
SQL: SELECT COUNT(id) AS tp_count FROM `rd_shops` LIMIT 1   [ RunTime:0.0986s ]
SQL: SELECT * FROM `rd_shops` ORDER BY id desc LIMIT 0,10   [ RunTime:0.0990s ]

[ 2018-10-31T10:38:56+08:00 ] 127.0.0.1 /Uploads/20181031/5bd912a414182.jpg
INFO: [ app_init ] --START--
INFO: Run Behavior\BuildLiteBehavior [ RunTime:0.000009s ]
INFO: [ app_init ] --END-- [ RunTime:0.000529s ]

[ 2018-10-31T10:38:56+08:00 ] 127.0.0.1 /Uploads/20181031/5bd912dc641d6.jpg
INFO: [ app_init ] --START--
INFO: Run Behavior\BuildLiteBehavior [ RunTime:0.000009s ]
INFO: [ app_init ] --END-- [ RunTime:0.000655s ]

[ 2018-10-31T10:38:56+08:00 ] 127.0.0.1 /Uploads/20181031/5bd91281328f6.jpg
INFO: [ app_init ] --START--
INFO: Run Behavior\BuildLiteBehavior [ RunTime:0.000014s ]
INFO: [ app_init ] --END-- [ RunTime:0.000790s ]

[ 2018-10-31T10:38:56+08:00 ] 127.0.0.1 /Uploads/20181031/5bd9122bbf09d.jpg
INFO: [ app_init ] --START--
INFO: Run Behavior\BuildLiteBehavior [ RunTime:0.000010s ]
INFO: [ app_init ] --END-- [ RunTime:0.000500s ]

[ 2018-10-31T10:38:56+08:00 ] 127.0.0.1 /Uploads/20181031/5bd911e734c48.jpg
INFO: [ app_init ] --START--
INFO: Run Behavior\BuildLiteBehavior [ RunTime:0.000008s ]
INFO: [ app_init ] --END-- [ RunTime:0.000581s ]

[ 2018-10-31T10:38:56+08:00 ] 127.0.0.1 /Uploads/20181031/5bd91160074ba.jpg
INFO: [ app_init ] --START--
INFO: Run Behavior\BuildLiteBehavior [ RunTime:0.000007s ]
INFO: [ app_init ] --END-- [ RunTime:0.000498s ]

[ 2018-10-31T10:38:56+08:00 ] 127.0.0.1 /Uploads/20181030/5bd7e83961123.jpg
INFO: [ app_init ] --START--
INFO: Run Behavior\BuildLiteBehavior [ RunTime:0.000009s ]
INFO: [ app_init ] --END-- [ RunTime:0.000491s ]

[ 2018-10-31T10:38:56+08:00 ] 127.0.0.1 /Uploads/20181030/5bd7c1a6809ed.jpg
INFO: [ app_init ] --START--
INFO: Run Behavior\BuildLiteBehavior [ RunTime:0.000008s ]
INFO: [ app_init ] --END-- [ RunTime:0.000485s ]

[ 2018-10-31T10:38:56+08:00 ] 127.0.0.1 /Uploads/20181030/5bd7c645aaaa1.jpg
INFO: [ app_init ] --START--
INFO: Run Behavior\BuildLiteBehavior [ RunTime:0.000010s ]
INFO: [ app_init ] --END-- [ RunTime:0.000575s ]

[ 2018-10-31T10:38:56+08:00 ] 127.0.0.1 /Uploads/20181030/5bd7c19b2febb.jpg
INFO: [ app_init ] --START--
INFO: Run Behavior\BuildLiteBehavior [ RunTime:0.000008s ]
INFO: [ app_init ] --END-- [ RunTime:0.000477s ]

[ 2018-10-31T10:39:03+08:00 ] 127.0.0.1 /Shop/index.html?name=&page=2&limit=10
INFO: [ app_init ] --START--
INFO: Run Behavior\BuildLiteBehavior [ RunTime:0.000012s ]
INFO: [ app_init ] --END-- [ RunTime:0.000704s ]
INFO: [ app_begin ] --START--
INFO: Run Behavior\ReadHtmlCacheBehavior [ RunTime:0.000896s ]
INFO: [ app_begin ] --END-- [ RunTime:0.000942s ]
SQL: SHOW COLUMNS FROM `rd_shops` [ RunTime:0.0974s ]
SQL: SELECT COUNT(id) AS tp_count FROM `rd_shops` LIMIT 1   [ RunTime:0.0967s ]
SQL: SELECT * FROM `rd_shops` ORDER BY id desc LIMIT 10,10   [ RunTime:0.0968s ]

[ 2018-10-31T10:39:03+08:00 ] 127.0.0.1 /Uploads/20181030/5bd7bf5ad94d2.jpg
INFO: [ app_init ] --START--
INFO: Run Behavior\BuildLiteBehavior [ RunTime:0.000011s ]
INFO: [ app_init ] --END-- [ RunTime:0.000631s ]

[ 2018-10-31T10:39:03+08:00 ] 127.0.0.1 /Uploads/20181030/5bd7b9217608f.jpg
INFO: [ app_init ] --START--
INFO: Run Behavior\BuildLiteBehavior [ RunTime:0.000008s ]
INFO: [ app_init ] --END-- [ RunTime:0.000528s ]

[ 2018-10-31T10:39:03+08:00 ] 127.0.0.1 /Uploads/20181030/5bd7b9c496a4f.jpg
INFO: [ app_init ] --START--
INFO: Run Behavior\BuildLiteBehavior [ RunTime:0.000009s ]
INFO: [ app_init ] --END-- [ RunTime:0.000488s ]

[ 2018-10-31T10:39:16+08:00 ] 127.0.0.1 /Shop/index.html?name=&page=1&limit=10
INFO: [ app_init ] --START--
INFO: Run Behavior\BuildLiteBehavior [ RunTime:0.000009s ]
INFO: [ app_init ] --END-- [ RunTime:0.000740s ]
INFO: [ app_begin ] --START--
INFO: Run Behavior\ReadHtmlCacheBehavior [ RunTime:0.000800s ]
INFO: [ app_begin ] --END-- [ RunTime:0.000842s ]
SQL: SHOW COLUMNS FROM `rd_shops` [ RunTime:0.1031s ]
SQL: SELECT COUNT(id) AS tp_count FROM `rd_shops` LIMIT 1   [ RunTime:0.1009s ]
SQL: SELECT * FROM `rd_shops` ORDER BY id desc LIMIT 0,10   [ RunTime:0.1024s ]

[ 2018-10-31T10:39:16+08:00 ] 127.0.0.1 /Uploads/20181031/5bd912a414182.jpg
INFO: [ app_init ] --START--
INFO: Run Behavior\BuildLiteBehavior [ RunTime:0.000011s ]
INFO: [ app_init ] --END-- [ RunTime:0.000847s ]

[ 2018-10-31T10:39:16+08:00 ] 127.0.0.1 /Uploads/20181031/5bd912dc641d6.jpg
INFO: [ app_init ] --START--
INFO: Run Behavior\BuildLiteBehavior [ RunTime:0.000011s ]
INFO: [ app_init ] --END-- [ RunTime:0.000785s ]

[ 2018-10-31T10:39:16+08:00 ] 127.0.0.1 /Uploads/20181031/5bd9122bbf09d.jpg
INFO: [ app_init ] --START--
INFO: Run Behavior\BuildLiteBehavior [ RunTime:0.000009s ]
INFO: [ app_init ] --END-- [ RunTime:0.000494s ]

[ 2018-10-31T10:39:16+08:00 ] 127.0.0.1 /Uploads/20181031/5bd91281328f6.jpg
INFO: [ app_init ] --START--
INFO: Run Behavior\BuildLiteBehavior [ RunTime:0.000010s ]
INFO: [ app_init ] --END-- [ RunTime:0.000703s ]

[ 2018-10-31T10:39:16+08:00 ] 127.0.0.1 /Uploads/20181031/5bd911e734c48.jpg
INFO: [ app_init ] --START--
INFO: Run Behavior\BuildLiteBehavior [ RunTime:0.000009s ]
INFO: [ app_init ] --END-- [ RunTime:0.000499s ]

[ 2018-10-31T10:39:16+08:00 ] 127.0.0.1 /Uploads/20181031/5bd91160074ba.jpg
INFO: [ app_init ] --START--
INFO: Run Behavior\BuildLiteBehavior [ RunTime:0.000032s ]
INFO: [ app_init ] --END-- [ RunTime:0.000775s ]

[ 2018-10-31T10:39:16+08:00 ] 127.0.0.1 /Uploads/20181030/5bd7e83961123.jpg
INFO: [ app_init ] --START--
INFO: Run Behavior\BuildLiteBehavior [ RunTime:0.000012s ]
INFO: [ app_init ] --END-- [ RunTime:0.000579s ]

[ 2018-10-31T10:39:16+08:00 ] 127.0.0.1 /Uploads/20181030/5bd7c645aaaa1.jpg
INFO: [ app_init ] --START--
INFO: Run Behavior\BuildLiteBehavior [ RunTime:0.000014s ]
INFO: [ app_init ] --END-- [ RunTime:0.000962s ]

[ 2018-10-31T10:39:16+08:00 ] 127.0.0.1 /Uploads/20181030/5bd7c1a6809ed.jpg
INFO: [ app_init ] --START--
INFO: Run Behavior\BuildLiteBehavior [ RunTime:0.000009s ]
INFO: [ app_init ] --END-- [ RunTime:0.000488s ]

[ 2018-10-31T10:39:16+08:00 ] 127.0.0.1 /Uploads/20181030/5bd7c19b2febb.jpg
INFO: [ app_init ] --START--
INFO: Run Behavior\BuildLiteBehavior [ RunTime:0.000018s ]
INFO: [ app_init ] --END-- [ RunTime:0.001009s ]

[ 2018-10-31T10:41:04+08:00 ] 127.0.0.1 /Shop/index.html?name=&page=2&limit=10
INFO: [ app_init ] --START--
INFO: Run Behavior\BuildLiteBehavior [ RunTime:0.000009s ]
INFO: [ app_init ] --END-- [ RunTime:0.000710s ]
INFO: [ app_begin ] --START--
INFO: Run Behavior\ReadHtmlCacheBehavior [ RunTime:0.000829s ]
INFO: [ app_begin ] --END-- [ RunTime:0.000869s ]
SQL: SHOW COLUMNS FROM `rd_shops` [ RunTime:0.0963s ]
SQL: SELECT COUNT(id) AS tp_count FROM `rd_shops` LIMIT 1   [ RunTime:0.0947s ]
SQL: SELECT * FROM `rd_shops` ORDER BY id desc LIMIT 10,10   [ RunTime:0.1620s ]

[ 2018-10-31T10:41:04+08:00 ] 127.0.0.1 /Uploads/20181030/5bd7c19b2febb.jpg
INFO: [ app_init ] --START--
INFO: Run Behavior\BuildLiteBehavior [ RunTime:0.000010s ]
INFO: [ app_init ] --END-- [ RunTime:0.000514s ]

[ 2018-10-31T10:41:04+08:00 ] 127.0.0.1 /Uploads/20181030/5bd7bf5ad94d2.jpg
INFO: [ app_init ] --START--
INFO: Run Behavior\BuildLiteBehavior [ RunTime:0.000010s ]
INFO: [ app_init ] --END-- [ RunTime:0.000659s ]

[ 2018-10-31T10:41:04+08:00 ] 127.0.0.1 /Uploads/20181030/5bd7b9c496a4f.jpg
INFO: [ app_init ] --START--
INFO: Run Behavior\BuildLiteBehavior [ RunTime:0.000009s ]
INFO: [ app_init ] --END-- [ RunTime:0.000479s ]

[ 2018-10-31T10:41:04+08:00 ] 127.0.0.1 /Uploads/20181030/5bd7b9217608f.jpg
INFO: [ app_init ] --START--
INFO: Run Behavior\BuildLiteBehavior [ RunTime:0.000008s ]
INFO: [ app_init ] --END-- [ RunTime:0.000465s ]

[ 2018-10-31T10:44:17+08:00 ] 127.0.0.1 /Shop/index.html?name=&page=1&limit=10
INFO: [ app_init ] --START--
INFO: Run Behavior\BuildLiteBehavior [ RunTime:0.000010s ]
INFO: [ app_init ] --END-- [ RunTime:0.000791s ]
INFO: [ app_begin ] --START--
INFO: Run Behavior\ReadHtmlCacheBehavior [ RunTime:0.000861s ]
INFO: [ app_begin ] --END-- [ RunTime:0.000902s ]
SQL: SHOW COLUMNS FROM `rd_shops` [ RunTime:0.0967s ]
SQL: SELECT COUNT(id) AS tp_count FROM `rd_shops` LIMIT 1   [ RunTime:0.0963s ]
SQL: SELECT * FROM `rd_shops` ORDER BY id desc LIMIT 0,10   [ RunTime:0.0966s ]

[ 2018-10-31T10:44:17+08:00 ] 127.0.0.1 /Uploads/20181031/5bd9156e8d40e.jpg
INFO: [ app_init ] --START--
INFO: Run Behavior\BuildLiteBehavior [ RunTime:0.000017s ]
INFO: [ app_init ] --END-- [ RunTime:0.000979s ]

[ 2018-10-31T10:44:17+08:00 ] 127.0.0.1 /Uploads/20181031/5bd912a414182.jpg
INFO: [ app_init ] --START--
INFO: Run Behavior\BuildLiteBehavior [ RunTime:0.000011s ]
INFO: [ app_init ] --END-- [ RunTime:0.000655s ]

[ 2018-10-31T10:44:17+08:00 ] 127.0.0.1 /Uploads/20181031/5bd912dc641d6.jpg
INFO: [ app_init ] --START--
INFO: Run Behavior\BuildLiteBehavior [ RunTime:0.000009s ]
INFO: [ app_init ] --END-- [ RunTime:0.000478s ]

[ 2018-10-31T10:44:17+08:00 ] 127.0.0.1 /Uploads/20181031/5bd91281328f6.jpg
INFO: [ app_init ] --START--
INFO: Run Behavior\BuildLiteBehavior [ RunTime:0.000012s ]
INFO: [ app_init ] --END-- [ RunTime:0.000730s ]

[ 2018-10-31T10:44:17+08:00 ] 127.0.0.1 /Uploads/20181031/5bd9122bbf09d.jpg
INFO: [ app_init ] --START--
INFO: Run Behavior\BuildLiteBehavior [ RunTime:0.000008s ]
INFO: [ app_init ] --END-- [ RunTime:0.000472s ]

[ 2018-10-31T10:44:17+08:00 ] 127.0.0.1 /Uploads/20181031/5bd911e734c48.jpg
INFO: [ app_init ] --START--
INFO: Run Behavior\BuildLiteBehavior [ RunTime:0.000011s ]
INFO: [ app_init ] --END-- [ RunTime:0.000815s ]

[ 2018-10-31T10:44:17+08:00 ] 127.0.0.1 /Uploads/20181031/5bd91160074ba.jpg
INFO: [ app_init ] --START--
INFO: Run Behavior\BuildLiteBehavior [ RunTime:0.000008s ]
INFO: [ app_init ] --END-- [ RunTime:0.000473s ]

[ 2018-10-31T10:44:17+08:00 ] 127.0.0.1 /Uploads/20181030/5bd7e83961123.jpg
INFO: [ app_init ] --START--
INFO: Run Behavior\BuildLiteBehavior [ RunTime:0.000011s ]
INFO: [ app_init ] --END-- [ RunTime:0.000694s ]

[ 2018-10-31T10:44:17+08:00 ] 127.0.0.1 /Uploads/20181030/5bd7c645aaaa1.jpg
INFO: [ app_init ] --START--
INFO: Run Behavior\BuildLiteBehavior [ RunTime:0.000009s ]
INFO: [ app_init ] --END-- [ RunTime:0.000493s ]

[ 2018-10-31T10:44:17+08:00 ] 127.0.0.1 /Uploads/20181030/5bd7c1a6809ed.jpg
INFO: [ app_init ] --START--
INFO: Run Behavior\BuildLiteBehavior [ RunTime:0.000018s ]
INFO: [ app_init ] --END-- [ RunTime:0.000805s ]

[ 2018-10-31T10:44:25+08:00 ] 127.0.0.1 /Shop/shopOrder
INFO: [ app_init ] --START--
INFO: Run Behavior\BuildLiteBehavior [ RunTime:0.000013s ]
INFO: [ app_init ] --END-- [ RunTime:0.000784s ]
INFO: [ app_begin ] --START--
INFO: Run Behavior\ReadHtmlCacheBehavior [ RunTime:0.000864s ]
INFO: [ app_begin ] --END-- [ RunTime:0.000919s ]
INFO: [ view_parse ] --START--
INFO: [ template_filter ] --START--
INFO: Run Behavior\ContentReplaceBehavior [ RunTime:0.000082s ]
INFO: [ template_filter ] --END-- [ RunTime:0.000119s ]
INFO: Run Behavior\ParseTemplateBehavior [ RunTime:0.019410s ]
INFO: [ view_parse ] --END-- [ RunTime:0.019467s ]
INFO: [ view_filter ] --START--
INFO: Run Behavior\WriteHtmlCacheBehavior [ RunTime:0.000916s ]
INFO: [ view_filter ] --END-- [ RunTime:0.000954s ]
INFO: [ app_end ] --START--
INFO: Run Behavior\ShowPageTraceBehavior [ RunTime:0.000856s ]
INFO: [ app_end ] --END-- [ RunTime:0.000896s ]

[ 2018-10-31T10:44:26+08:00 ] 127.0.0.1 /Shop/shopOrder.html?name=&page=1&limit=10
INFO: [ app_init ] --START--
INFO: Run Behavior\BuildLiteBehavior [ RunTime:0.000025s ]
INFO: [ app_init ] --END-- [ RunTime:0.000978s ]
INFO: [ app_begin ] --START--
INFO: Run Behavior\ReadHtmlCacheBehavior [ RunTime:0.001178s ]
INFO: [ app_begin ] --END-- [ RunTime:0.001269s ]
SQL: SHOW COLUMNS FROM `rd_shops_orders` [ RunTime:0.0936s ]
SQL: SELECT COUNT(o.id) AS tp_count FROM rd_shops_orders o left join rd_shops s ON s.id = o.shop_id  LIMIT 1   [ RunTime:0.0930s ]
SQL: SELECT o.*,s.name as shop_name,p.name as project_name FROM rd_shops_orders o left join rd_shops s ON s.id = o.shop_id left join rd_project p ON o.project_id=p.id  ORDER BY o.id desc LIMIT 0,10   [ RunTime:0.0945s ]

[ 2018-10-31T10:44:32+08:00 ] 127.0.0.1 /Project/add
INFO: [ app_init ] --START--
INFO: Run Behavior\BuildLiteBehavior [ RunTime:0.000009s ]
INFO: [ app_init ] --END-- [ RunTime:0.000551s ]
INFO: [ app_begin ] --START--
INFO: Run Behavior\ReadHtmlCacheBehavior [ RunTime:0.001150s ]
INFO: [ app_begin ] --END-- [ RunTime:0.001220s ]
SQL: SHOW COLUMNS FROM `rd_city` [ RunTime:0.0992s ]
SQL: SELECT `id`,`name` FROM `rd_city` WHERE `parent_id` = 0 ORDER BY sort asc  [ RunTime:0.0995s ]
SQL: SHOW COLUMNS FROM `rd_position_type` [ RunTime:0.0975s ]
SQL: SELECT `id`,`name` FROM `rd_position_type` WHERE `parent_id` = 0 ORDER BY sort asc  [ RunTime:0.0978s ]
INFO: [ view_parse ] --START--
INFO: [ template_filter ] --START--
INFO: Run Behavior\ContentReplaceBehavior [ RunTime:0.000457s ]
INFO: [ template_filter ] --END-- [ RunTime:0.000590s ]
INFO: Run Behavior\ParseTemplateBehavior [ RunTime:0.042253s ]
INFO: [ view_parse ] --END-- [ RunTime:0.042324s ]
INFO: [ view_filter ] --START--
INFO: Run Behavior\WriteHtmlCacheBehavior [ RunTime:0.001005s ]
INFO: [ view_filter ] --END-- [ RunTime:0.001059s ]
INFO: [ app_end ] --START--
INFO: Run Behavior\ShowPageTraceBehavior [ RunTime:0.001294s ]
INFO: [ app_end ] --END-- [ RunTime:0.001353s ]

[ 2018-10-31T10:44:34+08:00 ] 127.0.0.1 /Project/index
INFO: [ app_init ] --START--
INFO: Run Behavior\BuildLiteBehavior [ RunTime:0.000012s ]
INFO: [ app_init ] --END-- [ RunTime:0.000922s ]
INFO: [ app_begin ] --START--
INFO: Run Behavior\ReadHtmlCacheBehavior [ RunTime:0.001336s ]
INFO: [ app_begin ] --END-- [ RunTime:0.001418s ]
INFO: [ view_parse ] --START--
INFO: [ template_filter ] --START--
INFO: Run Behavior\ContentReplaceBehavior [ RunTime:0.000114s ]
INFO: [ template_filter ] --END-- [ RunTime:0.000155s ]
INFO: Run Behavior\ParseTemplateBehavior [ RunTime:0.020096s ]
INFO: [ view_parse ] --END-- [ RunTime:0.020166s ]
INFO: [ view_filter ] --START--
INFO: Run Behavior\WriteHtmlCacheBehavior [ RunTime:0.001268s ]
INFO: [ view_filter ] --END-- [ RunTime:0.001375s ]
INFO: [ app_end ] --START--
INFO: Run Behavior\ShowPageTraceBehavior [ RunTime:0.001324s ]
INFO: [ app_end ] --END-- [ RunTime:0.001416s ]

[ 2018-10-31T10:44:35+08:00 ] 127.0.0.1 /Project/index.html?mobile=&name=&page=1&limit=10
INFO: [ app_init ] --START--
INFO: Run Behavior\BuildLiteBehavior [ RunTime:0.000015s ]
INFO: [ app_init ] --END-- [ RunTime:0.000942s ]
INFO: [ app_begin ] --START--
INFO: Run Behavior\ReadHtmlCacheBehavior [ RunTime:0.001141s ]
INFO: [ app_begin ] --END-- [ RunTime:0.001213s ]
SQL: SHOW COLUMNS FROM `rd_project` [ RunTime:0.0996s ]
SQL: SELECT COUNT(id) AS tp_count FROM `rd_project` LIMIT 1   [ RunTime:0.0990s ]
SQL: SELECT * FROM `rd_project` ORDER BY sort asc,id desc LIMIT 0,10   [ RunTime:0.1985s ]

[ 2018-10-31T10:44:42+08:00 ] 127.0.0.1 /Project/update.html?id=10
INFO: [ app_init ] --START--
INFO: Run Behavior\BuildLiteBehavior [ RunTime:0.000008s ]
INFO: [ app_init ] --END-- [ RunTime:0.000650s ]
INFO: [ app_begin ] --START--
INFO: Run Behavior\ReadHtmlCacheBehavior [ RunTime:0.000925s ]
INFO: [ app_begin ] --END-- [ RunTime:0.000978s ]
SQL: SHOW COLUMNS FROM `rd_project` [ RunTime:0.1003s ]
SQL: SELECT * FROM `rd_project` WHERE `id` = 10 LIMIT 1   [ RunTime:0.1147s ]
SQL: SHOW COLUMNS FROM `rd_city` [ RunTime:0.1001s ]
SQL: SELECT `id`,`name` FROM `rd_city` WHERE `parent_id` = 0 ORDER BY sort asc  [ RunTime:0.1032s ]
SQL: SHOW COLUMNS FROM `rd_position_type` [ RunTime:0.1007s ]
SQL: SELECT `id`,`name` FROM `rd_position_type` WHERE `parent_id` = 0 ORDER BY sort asc  [ RunTime:0.1002s ]
INFO: [ view_parse ] --START--
INFO: [ template_filter ] --START--
INFO: Run Behavior\ContentReplaceBehavior [ RunTime:0.000160s ]
INFO: [ template_filter ] --END-- [ RunTime:0.000218s ]
INFO: Run Behavior\ParseTemplateBehavior [ RunTime:0.031315s ]
INFO: [ view_parse ] --END-- [ RunTime:0.031386s ]
INFO: [ view_filter ] --START--
INFO: Run Behavior\WriteHtmlCacheBehavior [ RunTime:0.000681s ]
INFO: [ view_filter ] --END-- [ RunTime:0.000714s ]
INFO: [ app_end ] --START--
INFO: Run Behavior\ShowPageTraceBehavior [ RunTime:0.001028s ]
INFO: [ app_end ] --END-- [ RunTime:0.001082s ]

[ 2018-10-31T10:44:42+08:00 ] 127.0.0.1 /Uploads/20181029/5bd69efede8bd.jpg
INFO: [ app_init ] --START--
INFO: Run Behavior\BuildLiteBehavior [ RunTime:0.000010s ]
INFO: [ app_init ] --END-- [ RunTime:0.000652s ]

[ 2018-10-31T10:44:54+08:00 ] 127.0.0.1 /Project/index.html?mobile=&name=&page=1&limit=10
INFO: [ app_init ] --START--
INFO: Run Behavior\BuildLiteBehavior [ RunTime:0.000018s ]
INFO: [ app_init ] --END-- [ RunTime:0.000967s ]
INFO: [ app_begin ] --START--
INFO: Run Behavior\ReadHtmlCacheBehavior [ RunTime:0.001166s ]
INFO: [ app_begin ] --END-- [ RunTime:0.001245s ]
SQL: SHOW COLUMNS FROM `rd_project` [ RunTime:0.1027s ]
SQL: SELECT COUNT(id) AS tp_count FROM `rd_project` LIMIT 1   [ RunTime:0.1003s ]
SQL: SELECT * FROM `rd_project` ORDER BY sort asc,id desc LIMIT 0,10   [ RunTime:0.2049s ]

[ 2018-10-31T10:56:24+08:00 ] 127.0.0.1 /Project/index
INFO: [ app_init ] --START--
INFO: Run Behavior\BuildLiteBehavior [ RunTime:0.000010s ]
INFO: [ app_init ] --END-- [ RunTime:0.000687s ]
INFO: [ app_begin ] --START--
INFO: Run Behavior\ReadHtmlCacheBehavior [ RunTime:0.000821s ]
INFO: [ app_begin ] --END-- [ RunTime:0.000863s ]
INFO: [ view_parse ] --START--
INFO: [ template_filter ] --START--
INFO: Run Behavior\ContentReplaceBehavior [ RunTime:0.000091s ]
INFO: [ template_filter ] --END-- [ RunTime:0.000122s ]
INFO: Run Behavior\ParseTemplateBehavior [ RunTime:0.009623s ]
INFO: [ view_parse ] --END-- [ RunTime:0.009662s ]
INFO: [ view_filter ] --START--
INFO: Run Behavior\WriteHtmlCacheBehavior [ RunTime:0.000568s ]
INFO: [ view_filter ] --END-- [ RunTime:0.000593s ]
INFO: [ app_end ] --START--
INFO: Run Behavior\ShowPageTraceBehavior [ RunTime:0.000738s ]
INFO: [ app_end ] --END-- [ RunTime:0.000770s ]

[ 2018-10-31T10:56:25+08:00 ] 127.0.0.1 /Project/index.html?mobile=&name=&page=1&limit=10
INFO: [ app_init ] --START--
INFO: Run Behavior\BuildLiteBehavior [ RunTime:0.000017s ]
INFO: [ app_init ] --END-- [ RunTime:0.000801s ]
INFO: [ app_begin ] --START--
INFO: Run Behavior\ReadHtmlCacheBehavior [ RunTime:0.001085s ]
INFO: [ app_begin ] --END-- [ RunTime:0.001157s ]
SQL: SHOW COLUMNS FROM `rd_project` [ RunTime:0.1002s ]
SQL: SELECT COUNT(id) AS tp_count FROM `rd_project` LIMIT 1   [ RunTime:0.0988s ]
SQL: SELECT * FROM `rd_project` ORDER BY sort asc,id desc LIMIT 0,10   [ RunTime:0.1991s ]

[ 2018-10-31T10:56:39+08:00 ] 127.0.0.1 /Shop/index
INFO: [ app_init ] --START--
INFO: Run Behavior\BuildLiteBehavior [ RunTime:0.000011s ]
INFO: [ app_init ] --END-- [ RunTime:0.000680s ]
INFO: [ app_begin ] --START--
INFO: Run Behavior\ReadHtmlCacheBehavior [ RunTime:0.000687s ]
INFO: [ app_begin ] --END-- [ RunTime:0.000723s ]
INFO: [ view_parse ] --START--
INFO: [ template_filter ] --START--
INFO: Run Behavior\ContentReplaceBehavior [ RunTime:0.000103s ]
INFO: [ template_filter ] --END-- [ RunTime:0.000145s ]
INFO: Run Behavior\ParseTemplateBehavior [ RunTime:0.011602s ]
INFO: [ view_parse ] --END-- [ RunTime:0.011657s ]
INFO: [ view_filter ] --START--
INFO: Run Behavior\WriteHtmlCacheBehavior [ RunTime:0.000482s ]
INFO: [ view_filter ] --END-- [ RunTime:0.000506s ]
INFO: [ app_end ] --START--
INFO: Run Behavior\ShowPageTraceBehavior [ RunTime:0.000650s ]
INFO: [ app_end ] --END-- [ RunTime:0.000681s ]

[ 2018-10-31T10:56:40+08:00 ] 127.0.0.1 /Shop/index.html?name=&page=1&limit=10
INFO: [ app_init ] --START--
INFO: Run Behavior\BuildLiteBehavior [ RunTime:0.000015s ]
INFO: [ app_init ] --END-- [ RunTime:0.000872s ]
INFO: [ app_begin ] --START--
INFO: Run Behavior\ReadHtmlCacheBehavior [ RunTime:0.001199s ]
INFO: [ app_begin ] --END-- [ RunTime:0.001271s ]
SQL: SHOW COLUMNS FROM `rd_shops` [ RunTime:0.0921s ]
SQL: SELECT COUNT(id) AS tp_count FROM `rd_shops` LIMIT 1   [ RunTime:0.0915s ]
SQL: SELECT * FROM `rd_shops` ORDER BY id desc LIMIT 0,10   [ RunTime:0.0930s ]

[ 2018-10-31T10:56:40+08:00 ] 127.0.0.1 /Uploads/20181031/5bd91986a66b9.jpg
INFO: [ app_init ] --START--
INFO: Run Behavior\BuildLiteBehavior [ RunTime:0.000009s ]
INFO: [ app_init ] --END-- [ RunTime:0.000530s ]

[ 2018-10-31T10:56:40+08:00 ] 127.0.0.1 /Uploads/20181031/5bd9197fbead0.jpg
INFO: [ app_init ] --START--
INFO: Run Behavior\BuildLiteBehavior [ RunTime:0.000010s ]
INFO: [ app_init ] --END-- [ RunTime:0.000663s ]

[ 2018-10-31T10:56:40+08:00 ] 127.0.0.1 /Uploads/20181031/5bd9195b56f21.jpg
INFO: [ app_init ] --START--
INFO: Run Behavior\BuildLiteBehavior [ RunTime:0.000012s ]
INFO: [ app_init ] --END-- [ RunTime:0.000672s ]

[ 2018-10-31T10:56:40+08:00 ] 127.0.0.1 /Uploads/20181031/5bd9156e8d40e.jpg
INFO: [ app_init ] --START--
INFO: Run Behavior\BuildLiteBehavior [ RunTime:0.000009s ]
INFO: [ app_init ] --END-- [ RunTime:0.000495s ]

[ 2018-10-31T10:56:40+08:00 ] 127.0.0.1 /Uploads/20181031/5bd912a414182.jpg
INFO: [ app_init ] --START--
INFO: Run Behavior\BuildLiteBehavior [ RunTime:0.000011s ]
INFO: [ app_init ] --END-- [ RunTime:0.000511s ]

[ 2018-10-31T10:56:40+08:00 ] 127.0.0.1 /Uploads/20181031/5bd912dc641d6.jpg
INFO: [ app_init ] --START--
INFO: Run Behavior\BuildLiteBehavior [ RunTime:0.000010s ]
INFO: [ app_init ] --END-- [ RunTime:0.000596s ]

[ 2018-10-31T10:56:40+08:00 ] 127.0.0.1 /Uploads/20181031/5bd9122bbf09d.jpg
INFO: [ app_init ] --START--
INFO: Run Behavior\BuildLiteBehavior [ RunTime:0.000009s ]
INFO: [ app_init ] --END-- [ RunTime:0.000487s ]

[ 2018-10-31T10:56:40+08:00 ] 127.0.0.1 /Uploads/20181031/5bd911e734c48.jpg
INFO: [ app_init ] --START--
INFO: Run Behavior\BuildLiteBehavior [ RunTime:0.000012s ]
INFO: [ app_init ] --END-- [ RunTime:0.000682s ]

[ 2018-10-31T10:56:40+08:00 ] 127.0.0.1 /Uploads/20181031/5bd91281328f6.jpg
INFO: [ app_init ] --START--
INFO: Run Behavior\BuildLiteBehavior [ RunTime:0.000009s ]
INFO: [ app_init ] --END-- [ RunTime:0.000481s ]

[ 2018-10-31T10:56:40+08:00 ] 127.0.0.1 /Uploads/20181031/5bd91160074ba.jpg
INFO: [ app_init ] --START--
INFO: Run Behavior\BuildLiteBehavior [ RunTime:0.000009s ]
INFO: [ app_init ] --END-- [ RunTime:0.000597s ]

[ 2018-10-31T10:57:33+08:00 ] 127.0.0.1 /Uploads/20181031/5bd9122bbf09d.jpg
INFO: [ app_init ] --START--
INFO: Run Behavior\BuildLiteBehavior [ RunTime:0.000011s ]
INFO: [ app_init ] --END-- [ RunTime:0.000661s ]

[ 2018-10-31T10:57:37+08:00 ] 127.0.0.1 /Shop/index.html?name=&page=1&limit=10
INFO: [ app_init ] --START--
INFO: Run Behavior\BuildLiteBehavior [ RunTime:0.000008s ]
INFO: [ app_init ] --END-- [ RunTime:0.000602s ]
INFO: [ app_begin ] --START--
INFO: Run Behavior\ReadHtmlCacheBehavior [ RunTime:0.000694s ]
INFO: [ app_begin ] --END-- [ RunTime:0.000731s ]
SQL: SHOW COLUMNS FROM `rd_shops` [ RunTime:0.1018s ]
SQL: SELECT COUNT(id) AS tp_count FROM `rd_shops` LIMIT 1   [ RunTime:0.1000s ]
SQL: SELECT * FROM `rd_shops` ORDER BY id desc LIMIT 0,10   [ RunTime:0.1008s ]

[ 2018-10-31T10:57:37+08:00 ] 127.0.0.1 /Uploads/20181031/5bd91986a66b9.jpg
INFO: [ app_init ] --START--
INFO: Run Behavior\BuildLiteBehavior [ RunTime:0.000010s ]
INFO: [ app_init ] --END-- [ RunTime:0.000735s ]

[ 2018-10-31T10:57:37+08:00 ] 127.0.0.1 /Uploads/20181031/5bd9197fbead0.jpg
INFO: [ app_init ] --START--
INFO: Run Behavior\BuildLiteBehavior [ RunTime:0.000016s ]
INFO: [ app_init ] --END-- [ RunTime:0.001105s ]

[ 2018-10-31T10:57:38+08:00 ] 127.0.0.1 /Uploads/20181031/5bd9195b56f21.jpg
INFO: [ app_init ] --START--
INFO: Run Behavior\BuildLiteBehavior [ RunTime:0.000014s ]
INFO: [ app_init ] --END-- [ RunTime:0.000768s ]

[ 2018-10-31T10:57:38+08:00 ] 127.0.0.1 /Uploads/20181031/5bd9156e8d40e.jpg
INFO: [ app_init ] --START--
INFO: Run Behavior\BuildLiteBehavior [ RunTime:0.000009s ]
INFO: [ app_init ] --END-- [ RunTime:0.000488s ]

[ 2018-10-31T10:57:38+08:00 ] 127.0.0.1 /Uploads/20181031/5bd912a414182.jpg
INFO: [ app_init ] --START--
INFO: Run Behavior\BuildLiteBehavior [ RunTime:0.000010s ]
INFO: [ app_init ] --END-- [ RunTime:0.000532s ]

[ 2018-10-31T10:57:38+08:00 ] 127.0.0.1 /Uploads/20181031/5bd912dc641d6.jpg
INFO: [ app_init ] --START--
INFO: Run Behavior\BuildLiteBehavior [ RunTime:0.000008s ]
INFO: [ app_init ] --END-- [ RunTime:0.000468s ]

[ 2018-10-31T10:57:38+08:00 ] 127.0.0.1 /Uploads/20181031/5bd9122bbf09d.jpg
INFO: [ app_init ] --START--
INFO: Run Behavior\BuildLiteBehavior [ RunTime:0.000009s ]
INFO: [ app_init ] --END-- [ RunTime:0.000521s ]

[ 2018-10-31T10:57:38+08:00 ] 127.0.0.1 /Uploads/20181031/5bd91281328f6.jpg
INFO: [ app_init ] --START--
INFO: Run Behavior\BuildLiteBehavior [ RunTime:0.000009s ]
INFO: [ app_init ] --END-- [ RunTime:0.000470s ]

