[ 2018-11-27T11:41:41+08:00 ] 127.0.0.1 /
INFO: [ app_init ] --START--
INFO: Run Behavior\BuildLiteBehavior [ RunTime:0.000012s ]
INFO: [ app_init ] --END-- [ RunTime:0.000848s ]
INFO: [ app_begin ] --START--
INFO: Run Behavior\ReadHtmlCacheBehavior [ RunTime:0.001071s ]
INFO: [ app_begin ] --END-- [ RunTime:0.001125s ]
INFO: [ view_parse ] --START--
INFO: [ template_filter ] --START--
INFO: Run Behavior\ContentReplaceBehavior [ RunTime:0.000904s ]
INFO: [ template_filter ] --END-- [ RunTime:0.000952s ]
INFO: Run Behavior\ParseTemplateBehavior [ RunTime:0.016939s ]
INFO: [ view_parse ] --END-- [ RunTime:0.016997s ]
INFO: [ view_filter ] --START--
INFO: Run Behavior\WriteHtmlCacheBehavior [ RunTime:0.000959s ]
INFO: [ view_filter ] --END-- [ RunTime:0.000993s ]
INFO: [ app_end ] --START--
INFO: Run Behavior\ShowPageTraceBehavior [ RunTime:0.001067s ]
INFO: [ app_end ] --END-- [ RunTime:0.001111s ]

[ 2018-11-27T11:41:56+08:00 ] 127.0.0.1 /Admin/index
INFO: [ app_init ] --START--
INFO: Run Behavior\BuildLiteBehavior [ RunTime:0.000015s ]
INFO: [ app_init ] --END-- [ RunTime:0.001047s ]
INFO: [ app_begin ] --START--
INFO: Run Behavior\ReadHtmlCacheBehavior [ RunTime:0.000834s ]
INFO: [ app_begin ] --END-- [ RunTime:0.000882s ]
SQL: SHOW COLUMNS FROM `rd_auth_group` [ RunTime:0.0928s ]
SQL: SELECT * FROM `rd_auth_group` WHERE `status` = 1  [ RunTime:0.0922s ]
INFO: [ view_parse ] --START--
INFO: [ template_filter ] --START--
INFO: Run Behavior\ContentReplaceBehavior [ RunTime:0.001123s ]
INFO: [ template_filter ] --END-- [ RunTime:0.001239s ]
INFO: Run Behavior\ParseTemplateBehavior [ RunTime:0.039267s ]
INFO: [ view_parse ] --END-- [ RunTime:0.039522s ]
INFO: [ view_filter ] --START--
INFO: Run Behavior\WriteHtmlCacheBehavior [ RunTime:0.001812s ]
INFO: [ view_filter ] --END-- [ RunTime:0.001935s ]
INFO: [ app_end ] --START--
INFO: Run Behavior\ShowPageTraceBehavior [ RunTime:0.003791s ]
INFO: [ app_end ] --END-- [ RunTime:0.003923s ]

[ 2018-11-27T11:42:07+08:00 ] 127.0.0.1 /Admin/index.html?username=&page=1&limit=10
INFO: [ app_init ] --START--
INFO: Run Behavior\BuildLiteBehavior [ RunTime:0.000015s ]
INFO: [ app_init ] --END-- [ RunTime:0.000843s ]
INFO: [ app_begin ] --START--
INFO: Run Behavior\ReadHtmlCacheBehavior [ RunTime:0.001127s ]
INFO: [ app_begin ] --END-- [ RunTime:0.001199s ]
SQL: SHOW COLUMNS FROM `rd_admin` [ RunTime:0.0929s ]
SQL: SELECT COUNT(id) AS tp_count FROM `rd_admin` LIMIT 1   [ RunTime:0.0918s ]
SQL: SELECT * FROM `rd_admin` ORDER BY id desc LIMIT 0,50   [ RunTime:0.0999s ]

[ 2018-11-27T11:42:07+08:00 ] 127.0.0.1 /Article/index
INFO: [ app_init ] --START--
INFO: Run Behavior\BuildLiteBehavior [ RunTime:0.000012s ]
INFO: [ app_init ] --END-- [ RunTime:0.000591s ]
INFO: [ app_begin ] --START--
INFO: Run Behavior\ReadHtmlCacheBehavior [ RunTime:0.000909s ]
INFO: [ app_begin ] --END-- [ RunTime:0.000966s ]
INFO: [ view_parse ] --START--
INFO: [ template_filter ] --START--
INFO: Run Behavior\ContentReplaceBehavior [ RunTime:0.000083s ]
INFO: [ template_filter ] --END-- [ RunTime:0.000121s ]
INFO: Run Behavior\ParseTemplateBehavior [ RunTime:0.009015s ]
INFO: [ view_parse ] --END-- [ RunTime:0.009070s ]
INFO: [ view_filter ] --START--
INFO: Run Behavior\WriteHtmlCacheBehavior [ RunTime:0.000527s ]
INFO: [ view_filter ] --END-- [ RunTime:0.000559s ]
INFO: [ app_end ] --START--
INFO: Run Behavior\ShowPageTraceBehavior [ RunTime:0.001192s ]
INFO: [ app_end ] --END-- [ RunTime:0.001277s ]

[ 2018-11-27T11:42:18+08:00 ] 127.0.0.1 /Article/index.html?title=&page=1&limit=10
INFO: [ app_init ] --START--
INFO: Run Behavior\BuildLiteBehavior [ RunTime:0.000024s ]
INFO: [ app_init ] --END-- [ RunTime:0.001288s ]
INFO: [ app_begin ] --START--
INFO: Run Behavior\ReadHtmlCacheBehavior [ RunTime:0.000842s ]
INFO: [ app_begin ] --END-- [ RunTime:0.000900s ]
SQL: SHOW COLUMNS FROM `rd_article` [ RunTime:0.0930s ]
SQL: SELECT COUNT(id) AS tp_count FROM rd_article a LIMIT 1   [ RunTime:0.0914s ]
SQL: SELECT a.*,t.name FROM rd_article a left join rd_article_type t ON t.id = a.article_type_id  ORDER BY sort asc, id desc LIMIT 0,10   [ RunTime:0.2351s ]

[ 2018-11-27T11:42:29+08:00 ] 127.0.0.1 /Article/type
INFO: [ app_init ] --START--
INFO: Run Behavior\BuildLiteBehavior [ RunTime:0.000013s ]
INFO: [ app_init ] --END-- [ RunTime:0.000811s ]
INFO: [ app_begin ] --START--
INFO: Run Behavior\ReadHtmlCacheBehavior [ RunTime:0.000991s ]
INFO: [ app_begin ] --END-- [ RunTime:0.001056s ]
SQL: SHOW COLUMNS FROM `rd_article_type` [ RunTime:0.0909s ]
SQL: SELECT * FROM `rd_article_type` ORDER BY sort desc,id asc  [ RunTime:0.0905s ]
NOTIC: [8] Undefined offset: 12 D:\www\online_team\www.luobo.com\Application\Admin\Controller\ArticleController.class.php 第 29 行.
NOTIC: [8] Undefined offset: 13 D:\www\online_team\www.luobo.com\Application\Admin\Controller\ArticleController.class.php 第 29 行.
INFO: [ view_parse ] --START--
INFO: [ template_filter ] --START--
INFO: Run Behavior\ContentReplaceBehavior [ RunTime:0.000376s ]
INFO: [ template_filter ] --END-- [ RunTime:0.000498s ]
NOTIC: [8] Undefined index: son_data D:\www\online_team\www.luobo.com\Application\Runtime\Cache\Admin\ca3a6de2984e55d8020b67dddb70e043.php 第 94 行.
NOTIC: [8] Undefined index: son_data D:\www\online_team\www.luobo.com\Application\Runtime\Cache\Admin\ca3a6de2984e55d8020b67dddb70e043.php 第 94 行.
INFO: Run Behavior\ParseTemplateBehavior [ RunTime:0.053205s ]
INFO: [ view_parse ] --END-- [ RunTime:0.053335s ]
INFO: [ view_filter ] --START--
INFO: Run Behavior\WriteHtmlCacheBehavior [ RunTime:0.002221s ]
INFO: [ view_filter ] --END-- [ RunTime:0.002324s ]
INFO: [ app_end ] --START--
INFO: Run Behavior\ShowPageTraceBehavior [ RunTime:0.003633s ]
INFO: [ app_end ] --END-- [ RunTime:0.003829s ]

[ 2018-11-27T11:42:29+08:00 ] 127.0.0.1 /Uploads/20181019/5bc97ec7ccb69.jpg
INFO: [ app_init ] --START--
INFO: Run Behavior\BuildLiteBehavior [ RunTime:0.000016s ]
INFO: [ app_init ] --END-- [ RunTime:0.001084s ]

[ 2018-11-27T11:42:29+08:00 ] 127.0.0.1 /Uploads/20180910/5b95da0368349.png
INFO: [ app_init ] --START--
INFO: Run Behavior\BuildLiteBehavior [ RunTime:0.000015s ]
INFO: [ app_init ] --END-- [ RunTime:0.000820s ]

[ 2018-11-27T11:42:29+08:00 ] 127.0.0.1 /Uploads/20180910/5b95d6cc19737.jpg
INFO: [ app_init ] --START--
INFO: Run Behavior\BuildLiteBehavior [ RunTime:0.000011s ]
INFO: [ app_init ] --END-- [ RunTime:0.000696s ]

