[ 2018-10-30T11:49:28+08:00 ] 127.0.0.1 /Shop/index
INFO: [ app_init ] --START--
INFO: Run Behavior\BuildLiteBehavior [ RunTime:0.000013s ]
INFO: [ app_init ] --END-- [ RunTime:0.000750s ]
SQL: SHOW COLUMNS FROM `rd_config` [ RunTime:0.0966s ]
SQL: SELECT `content` FROM `rd_config` WHERE `id` = 1 LIMIT 1   [ RunTime:0.0976s ]
INFO: [ app_begin ] --START--
INFO: Run Behavior\ReadHtmlCacheBehavior [ RunTime:0.001253s ]
INFO: [ app_begin ] --END-- [ RunTime:0.001326s ]
SQL: SHOW COLUMNS FROM `rd_auth_group_access` [ RunTime:0.0982s ]
SQL: SELECT `group_id` FROM `rd_auth_group_access` WHERE `uid` = 1  [ RunTime:0.0962s ]
SQL: SHOW COLUMNS FROM `rd_auth_group` [ RunTime:0.0971s ]
SQL: SELECT `rules` FROM `rd_auth_group` WHERE `id` IN ('1')  [ RunTime:0.0958s ]
SQL: SHOW COLUMNS FROM `rd_auth_rule` [ RunTime:0.0977s ]
SQL: SELECT * FROM `rd_auth_rule` WHERE `parent_id` = 0 AND `status` = 1 AND `display` = 1 AND (  `id` IN ('6','21','33','1','94','37','36','35','34','2','3','5','4','42','41','40','39','38','7','9','8','46','45','44','43','10','15','11','50','49','48','47','16','52','51','17','58','57','19','18','56','55','54','53','20','60','59','24','14','22','70','69','68','67','66','65','64','63','62','61','95','93','92','27','26','23','74','73','72','71','29','13','28','76','75','30','85','84','83','82','81','80','79','78','32','31','86','91','90','89','88','87') ) ORDER BY sort asc  [ RunTime:0.0976s ]
SQL: SELECT * FROM `rd_auth_rule` WHERE `id` IN ('6','21','33','1','94','37','36','35','34','2','3','5','4','42','41','40','39','38','7','9','8','46','45','44','43','10','15','11','50','49','48','47','16','52','51','17','58','57','19','18','56','55','54','53','20','60','59','24','14','22','70','69','68','67','66','65','64','63','62','61','95','93','92','27','26','23','74','73','72','71','29','13','28','76','75','30','85','84','83','82','81','80','79','78','32','31','86','91','90','89','88','87') AND `status` = 1 AND `display` = 1 AND `parent_id` > 0 ORDER BY sort asc  [ RunTime:0.0970s ]
SQL: SELECT `name` FROM `rd_auth_rule` WHERE `status` = 1 AND (  `id` IN ('6','21','33','1','94','37','36','35','34','2','3','5','4','42','41','40','39','38','7','9','8','46','45','44','43','10','15','11','50','49','48','47','16','52','51','17','58','57','19','18','56','55','54','53','20','60','59','24','14','22','70','69','68','67','66','65','64','63','62','61','95','93','92','27','26','23','74','73','72','71','29','13','28','76','75','30','85','84','83','82','81','80','79','78','32','31','86','91','90','89','88','87') )  [ RunTime:0.0973s ]
INFO: [ view_parse ] --START--
INFO: [ template_filter ] --START--
INFO: Run Behavior\ContentReplaceBehavior [ RunTime:0.000155s ]
INFO: [ template_filter ] --END-- [ RunTime:0.000208s ]
INFO: Run Behavior\ParseTemplateBehavior [ RunTime:0.017835s ]
INFO: [ view_parse ] --END-- [ RunTime:0.017920s ]
INFO: [ view_filter ] --START--
INFO: Run Behavior\WriteHtmlCacheBehavior [ RunTime:0.001185s ]
INFO: [ view_filter ] --END-- [ RunTime:0.001246s ]
INFO: [ app_end ] --START--
INFO: Run Behavior\ShowPageTraceBehavior [ RunTime:0.001121s ]
INFO: [ app_end ] --END-- [ RunTime:0.001173s ]

[ 2018-10-30T11:49:30+08:00 ] 127.0.0.1 /Shop/index.html?name=&page=1&limit=10
INFO: [ app_init ] --START--
INFO: Run Behavior\BuildLiteBehavior [ RunTime:0.000017s ]
INFO: [ app_init ] --END-- [ RunTime:0.001057s ]
INFO: [ app_begin ] --START--
INFO: Run Behavior\ReadHtmlCacheBehavior [ RunTime:0.001085s ]
INFO: [ app_begin ] --END-- [ RunTime:0.001150s ]
SQL: SHOW COLUMNS FROM `rd_shops` [ RunTime:0.0997s ]
SQL: SELECT COUNT(id) AS tp_count FROM `rd_shops` LIMIT 1   [ RunTime:0.0989s ]
SQL: SELECT * FROM `rd_shops` ORDER BY id desc LIMIT 0,10   [ RunTime:0.0991s ]
SQL: SHOW COLUMNS FROM `rd_city` [ RunTime:0.0988s ]
SQL: SELECT * FROM `rd_city`  [ RunTime:0.5687s ]

[ 2018-10-30T11:49:30+08:00 ] 127.0.0.1 /Uploads/20181030/5bd7c645aaaa1.jpg
INFO: [ app_init ] --START--
INFO: Run Behavior\BuildLiteBehavior [ RunTime:0.000016s ]
INFO: [ app_init ] --END-- [ RunTime:0.000945s ]

[ 2018-10-30T11:49:30+08:00 ] 127.0.0.1 /Uploads/20181030/5bd7c19b2febb.jpg
INFO: [ app_init ] --START--
INFO: Run Behavior\BuildLiteBehavior [ RunTime:0.000010s ]
INFO: [ app_init ] --END-- [ RunTime:0.000536s ]

[ 2018-10-30T11:49:30+08:00 ] 127.0.0.1 /Uploads/20181030/5bd7c1a6809ed.jpg
INFO: [ app_init ] --START--
INFO: Run Behavior\BuildLiteBehavior [ RunTime:0.000018s ]
INFO: [ app_init ] --END-- [ RunTime:0.000713s ]

[ 2018-10-30T11:49:30+08:00 ] 127.0.0.1 /Uploads/20181030/5bd7bf5ad94d2.jpg
INFO: [ app_init ] --START--
INFO: Run Behavior\BuildLiteBehavior [ RunTime:0.000009s ]
INFO: [ app_init ] --END-- [ RunTime:0.000483s ]

[ 2018-10-30T11:49:30+08:00 ] 127.0.0.1 /Uploads/20181030/5bd7b9c496a4f.jpg
INFO: [ app_init ] --START--
INFO: Run Behavior\BuildLiteBehavior [ RunTime:0.000010s ]
INFO: [ app_init ] --END-- [ RunTime:0.000632s ]

[ 2018-10-30T11:49:30+08:00 ] 127.0.0.1 /Uploads/20181030/5bd7b9217608f.jpg
INFO: [ app_init ] --START--
INFO: Run Behavior\BuildLiteBehavior [ RunTime:0.000009s ]
INFO: [ app_init ] --END-- [ RunTime:0.000480s ]

[ 2018-10-30T11:49:39+08:00 ] 127.0.0.1 /Shop/setShopStatus.html
INFO: [ app_init ] --START--
INFO: Run Behavior\BuildLiteBehavior [ RunTime:0.000009s ]
INFO: [ app_init ] --END-- [ RunTime:0.000541s ]
INFO: [ app_begin ] --START--
INFO: Run Behavior\ReadHtmlCacheBehavior [ RunTime:0.000992s ]
INFO: [ app_begin ] --END-- [ RunTime:0.001073s ]
SQL: SHOW COLUMNS FROM `rd_shops` [ RunTime:0.1002s ]
SQL: SELECT * FROM `rd_shops` WHERE `id` = 17 LIMIT 1   [ RunTime:0.0999s ]
NOTIC: [2] Illegal offset type in isset or empty D:\www\online_team\www.luobo.com\ThinkPHP\Library\Think\Model.class.php 第 445 行.
SQL: UPDATE `rd_shops` SET `status`='3' WHERE `id` = 17 [ RunTime:0.1045s ]

[ 2018-10-30T11:49:43+08:00 ] 127.0.0.1 /Shop/index.html?name=&page=1&limit=10
INFO: [ app_init ] --START--
INFO: Run Behavior\BuildLiteBehavior [ RunTime:0.000014s ]
INFO: [ app_init ] --END-- [ RunTime:0.000802s ]
INFO: [ app_begin ] --START--
INFO: Run Behavior\ReadHtmlCacheBehavior [ RunTime:0.000679s ]
INFO: [ app_begin ] --END-- [ RunTime:0.000719s ]
SQL: SHOW COLUMNS FROM `rd_shops` [ RunTime:0.1006s ]
SQL: SELECT COUNT(id) AS tp_count FROM `rd_shops` LIMIT 1   [ RunTime:0.0992s ]
SQL: SELECT * FROM `rd_shops` ORDER BY id desc LIMIT 0,10   [ RunTime:0.1117s ]

[ 2018-10-30T11:49:43+08:00 ] 127.0.0.1 /Uploads/20181030/5bd7c645aaaa1.jpg
INFO: [ app_init ] --START--
INFO: Run Behavior\BuildLiteBehavior [ RunTime:0.000013s ]
INFO: [ app_init ] --END-- [ RunTime:0.000678s ]

[ 2018-10-30T11:49:43+08:00 ] 127.0.0.1 /Uploads/20181030/5bd7c19b2febb.jpg
INFO: [ app_init ] --START--
INFO: Run Behavior\BuildLiteBehavior [ RunTime:0.000009s ]
INFO: [ app_init ] --END-- [ RunTime:0.000510s ]

[ 2018-10-30T11:49:43+08:00 ] 127.0.0.1 /Uploads/20181030/5bd7c1a6809ed.jpg
INFO: [ app_init ] --START--
INFO: Run Behavior\BuildLiteBehavior [ RunTime:0.000012s ]
INFO: [ app_init ] --END-- [ RunTime:0.001127s ]

[ 2018-10-30T11:49:43+08:00 ] 127.0.0.1 /Uploads/20181030/5bd7b9c496a4f.jpg
INFO: [ app_init ] --START--
INFO: Run Behavior\BuildLiteBehavior [ RunTime:0.000008s ]
INFO: [ app_init ] --END-- [ RunTime:0.000468s ]

[ 2018-10-30T11:49:43+08:00 ] 127.0.0.1 /Uploads/20181030/5bd7bf5ad94d2.jpg
INFO: [ app_init ] --START--
INFO: Run Behavior\BuildLiteBehavior [ RunTime:0.000008s ]
INFO: [ app_init ] --END-- [ RunTime:0.000476s ]

[ 2018-10-30T11:49:43+08:00 ] 127.0.0.1 /Uploads/20181030/5bd7b9217608f.jpg
INFO: [ app_init ] --START--
INFO: Run Behavior\BuildLiteBehavior [ RunTime:0.000008s ]
INFO: [ app_init ] --END-- [ RunTime:0.000483s ]

[ 2018-10-30T11:50:36+08:00 ] 127.0.0.1 /Shop/index
INFO: [ app_init ] --START--
INFO: Run Behavior\BuildLiteBehavior [ RunTime:0.000009s ]
INFO: [ app_init ] --END-- [ RunTime:0.000589s ]
INFO: [ app_begin ] --START--
INFO: Run Behavior\ReadHtmlCacheBehavior [ RunTime:0.000657s ]
INFO: [ app_begin ] --END-- [ RunTime:0.000691s ]
INFO: [ view_parse ] --START--
INFO: [ template_filter ] --START--
INFO: Run Behavior\ContentReplaceBehavior [ RunTime:0.000100s ]
INFO: [ template_filter ] --END-- [ RunTime:0.000144s ]
INFO: Run Behavior\ParseTemplateBehavior [ RunTime:0.009892s ]
INFO: [ view_parse ] --END-- [ RunTime:0.010014s ]
INFO: [ view_filter ] --START--
INFO: Run Behavior\WriteHtmlCacheBehavior [ RunTime:0.000485s ]
INFO: [ view_filter ] --END-- [ RunTime:0.000511s ]
INFO: [ app_end ] --START--
INFO: Run Behavior\ShowPageTraceBehavior [ RunTime:0.000637s ]
INFO: [ app_end ] --END-- [ RunTime:0.000671s ]

[ 2018-10-30T11:50:37+08:00 ] 127.0.0.1 /Shop/index.html?name=&page=1&limit=10
INFO: [ app_init ] --START--
INFO: Run Behavior\BuildLiteBehavior [ RunTime:0.000013s ]
INFO: [ app_init ] --END-- [ RunTime:0.000650s ]
INFO: [ app_begin ] --START--
INFO: Run Behavior\ReadHtmlCacheBehavior [ RunTime:0.001214s ]
INFO: [ app_begin ] --END-- [ RunTime:0.001303s ]
SQL: SHOW COLUMNS FROM `rd_shops` [ RunTime:0.1012s ]
SQL: SELECT COUNT(id) AS tp_count FROM `rd_shops` LIMIT 1   [ RunTime:0.1001s ]
SQL: SELECT * FROM `rd_shops` ORDER BY id desc LIMIT 0,10   [ RunTime:0.1008s ]

[ 2018-10-30T11:50:37+08:00 ] 127.0.0.1 /Uploads/20181030/5bd7c645aaaa1.jpg
INFO: [ app_init ] --START--
INFO: Run Behavior\BuildLiteBehavior [ RunTime:0.000009s ]
INFO: [ app_init ] --END-- [ RunTime:0.000554s ]

[ 2018-10-30T11:50:37+08:00 ] 127.0.0.1 /Uploads/20181030/5bd7c1a6809ed.jpg
INFO: [ app_init ] --START--
INFO: Run Behavior\BuildLiteBehavior [ RunTime:0.000017s ]
INFO: [ app_init ] --END-- [ RunTime:0.000976s ]

[ 2018-10-30T11:50:37+08:00 ] 127.0.0.1 /Uploads/20181030/5bd7c19b2febb.jpg
INFO: [ app_init ] --START--
INFO: Run Behavior\BuildLiteBehavior [ RunTime:0.000017s ]
INFO: [ app_init ] --END-- [ RunTime:0.000824s ]

[ 2018-10-30T11:50:37+08:00 ] 127.0.0.1 /Uploads/20181030/5bd7bf5ad94d2.jpg
INFO: [ app_init ] --START--
INFO: Run Behavior\BuildLiteBehavior [ RunTime:0.000011s ]
INFO: [ app_init ] --END-- [ RunTime:0.000753s ]

[ 2018-10-30T11:50:37+08:00 ] 127.0.0.1 /Uploads/20181030/5bd7b9c496a4f.jpg
INFO: [ app_init ] --START--
INFO: Run Behavior\BuildLiteBehavior [ RunTime:0.000008s ]
INFO: [ app_init ] --END-- [ RunTime:0.000499s ]

[ 2018-10-30T11:50:37+08:00 ] 127.0.0.1 /Uploads/20181030/5bd7b9217608f.jpg
INFO: [ app_init ] --START--
INFO: Run Behavior\BuildLiteBehavior [ RunTime:0.000008s ]
INFO: [ app_init ] --END-- [ RunTime:0.000493s ]

[ 2018-10-30T11:50:40+08:00 ] 127.0.0.1 /Shop/setShopStatus.html
INFO: [ app_init ] --START--
INFO: Run Behavior\BuildLiteBehavior [ RunTime:0.000011s ]
INFO: [ app_init ] --END-- [ RunTime:0.000839s ]
INFO: [ app_begin ] --START--
INFO: Run Behavior\ReadHtmlCacheBehavior [ RunTime:0.000734s ]
INFO: [ app_begin ] --END-- [ RunTime:0.000767s ]
SQL: SHOW COLUMNS FROM `rd_shops` [ RunTime:0.0975s ]
SQL: SELECT * FROM `rd_shops` WHERE `id` = 17 LIMIT 1   [ RunTime:0.0973s ]
NOTIC: [2] Illegal offset type in isset or empty D:\www\online_team\www.luobo.com\ThinkPHP\Library\Think\Model.class.php 第 445 行.
SQL: UPDATE `rd_shops` SET `status`='1',`fail_reason`='' WHERE `id` = 17 [ RunTime:0.1017s ]

[ 2018-10-30T11:50:44+08:00 ] 127.0.0.1 /Shop/index.html?name=&page=1&limit=10
INFO: [ app_init ] --START--
INFO: Run Behavior\BuildLiteBehavior [ RunTime:0.000009s ]
INFO: [ app_init ] --END-- [ RunTime:0.000494s ]
INFO: [ app_begin ] --START--
INFO: Run Behavior\ReadHtmlCacheBehavior [ RunTime:0.000574s ]
INFO: [ app_begin ] --END-- [ RunTime:0.000600s ]
SQL: SHOW COLUMNS FROM `rd_shops` [ RunTime:0.0984s ]
SQL: SELECT COUNT(id) AS tp_count FROM `rd_shops` LIMIT 1   [ RunTime:0.0960s ]
SQL: SELECT * FROM `rd_shops` ORDER BY id desc LIMIT 0,10   [ RunTime:0.0965s ]

[ 2018-10-30T11:50:44+08:00 ] 127.0.0.1 /Uploads/20181030/5bd7c645aaaa1.jpg
INFO: [ app_init ] --START--
INFO: Run Behavior\BuildLiteBehavior [ RunTime:0.000017s ]
INFO: [ app_init ] --END-- [ RunTime:0.000968s ]

[ 2018-10-30T11:50:44+08:00 ] 127.0.0.1 /Uploads/20181030/5bd7c1a6809ed.jpg
INFO: [ app_init ] --START--
INFO: Run Behavior\BuildLiteBehavior [ RunTime:0.000014s ]
INFO: [ app_init ] --END-- [ RunTime:0.000857s ]

[ 2018-10-30T11:50:44+08:00 ] 127.0.0.1 /Uploads/20181030/5bd7c19b2febb.jpg
INFO: [ app_init ] --START--
INFO: Run Behavior\BuildLiteBehavior [ RunTime:0.000009s ]
INFO: [ app_init ] --END-- [ RunTime:0.000499s ]

[ 2018-10-30T11:50:44+08:00 ] 127.0.0.1 /Uploads/20181030/5bd7bf5ad94d2.jpg
INFO: [ app_init ] --START--
INFO: Run Behavior\BuildLiteBehavior [ RunTime:0.000016s ]
INFO: [ app_init ] --END-- [ RunTime:0.000813s ]

[ 2018-10-30T11:50:44+08:00 ] 127.0.0.1 /Uploads/20181030/5bd7b9217608f.jpg
INFO: [ app_init ] --START--
INFO: Run Behavior\BuildLiteBehavior [ RunTime:0.000009s ]
INFO: [ app_init ] --END-- [ RunTime:0.000480s ]

[ 2018-10-30T11:50:44+08:00 ] 127.0.0.1 /Uploads/20181030/5bd7b9c496a4f.jpg
INFO: [ app_init ] --START--
INFO: Run Behavior\BuildLiteBehavior [ RunTime:0.000026s ]
INFO: [ app_init ] --END-- [ RunTime:0.000752s ]

[ 2018-10-30T11:50:50+08:00 ] 127.0.0.1 /Shop/setShopStatus.html
INFO: [ app_init ] --START--
INFO: Run Behavior\BuildLiteBehavior [ RunTime:0.000011s ]
INFO: [ app_init ] --END-- [ RunTime:0.000682s ]
INFO: [ app_begin ] --START--
INFO: Run Behavior\ReadHtmlCacheBehavior [ RunTime:0.000840s ]
INFO: [ app_begin ] --END-- [ RunTime:0.000903s ]
SQL: SHOW COLUMNS FROM `rd_shops` [ RunTime:0.0995s ]
SQL: SELECT * FROM `rd_shops` WHERE `id` = 17 LIMIT 1   [ RunTime:0.0984s ]
NOTIC: [2] Illegal offset type in isset or empty D:\www\online_team\www.luobo.com\ThinkPHP\Library\Think\Model.class.php 第 445 行.
SQL: UPDATE `rd_shops` SET `status`='3',`fail_reason`='测试封禁' WHERE `id` = 17 [ RunTime:0.1022s ]

[ 2018-10-30T11:50:54+08:00 ] 127.0.0.1 /Shop/index.html?name=&page=1&limit=10
INFO: [ app_init ] --START--
INFO: Run Behavior\BuildLiteBehavior [ RunTime:0.000013s ]
INFO: [ app_init ] --END-- [ RunTime:0.000979s ]
INFO: [ app_begin ] --START--
INFO: Run Behavior\ReadHtmlCacheBehavior [ RunTime:0.000818s ]
INFO: [ app_begin ] --END-- [ RunTime:0.000867s ]
SQL: SHOW COLUMNS FROM `rd_shops` [ RunTime:0.1009s ]
SQL: SELECT COUNT(id) AS tp_count FROM `rd_shops` LIMIT 1   [ RunTime:0.0995s ]
SQL: SELECT * FROM `rd_shops` ORDER BY id desc LIMIT 0,10   [ RunTime:0.1015s ]

[ 2018-10-30T11:50:54+08:00 ] 127.0.0.1 /Uploads/20181030/5bd7c645aaaa1.jpg
INFO: [ app_init ] --START--
INFO: Run Behavior\BuildLiteBehavior [ RunTime:0.000013s ]
INFO: [ app_init ] --END-- [ RunTime:0.000761s ]

[ 2018-10-30T11:50:54+08:00 ] 127.0.0.1 /Uploads/20181030/5bd7c19b2febb.jpg
INFO: [ app_init ] --START--
INFO: Run Behavior\BuildLiteBehavior [ RunTime:0.000019s ]
INFO: [ app_init ] --END-- [ RunTime:0.001313s ]

[ 2018-10-30T11:50:54+08:00 ] 127.0.0.1 /Uploads/20181030/5bd7c1a6809ed.jpg
INFO: [ app_init ] --START--
INFO: Run Behavior\BuildLiteBehavior [ RunTime:0.000015s ]
INFO: [ app_init ] --END-- [ RunTime:0.001070s ]

[ 2018-10-30T11:50:54+08:00 ] 127.0.0.1 /Uploads/20181030/5bd7bf5ad94d2.jpg
INFO: [ app_init ] --START--
INFO: Run Behavior\BuildLiteBehavior [ RunTime:0.000008s ]
INFO: [ app_init ] --END-- [ RunTime:0.000503s ]

[ 2018-10-30T11:50:54+08:00 ] 127.0.0.1 /Uploads/20181030/5bd7b9c496a4f.jpg
INFO: [ app_init ] --START--
INFO: Run Behavior\BuildLiteBehavior [ RunTime:0.000017s ]
INFO: [ app_init ] --END-- [ RunTime:0.000737s ]

[ 2018-10-30T11:50:54+08:00 ] 127.0.0.1 /Uploads/20181030/5bd7b9217608f.jpg
INFO: [ app_init ] --START--
INFO: Run Behavior\BuildLiteBehavior [ RunTime:0.000048s ]
INFO: [ app_init ] --END-- [ RunTime:0.001094s ]

[ 2018-10-30T11:50:56+08:00 ] 127.0.0.1 /Shop/setShopStatus.html
INFO: [ app_init ] --START--
INFO: Run Behavior\BuildLiteBehavior [ RunTime:0.000011s ]
INFO: [ app_init ] --END-- [ RunTime:0.000888s ]
INFO: [ app_begin ] --START--
INFO: Run Behavior\ReadHtmlCacheBehavior [ RunTime:0.000682s ]
INFO: [ app_begin ] --END-- [ RunTime:0.000720s ]
SQL: SHOW COLUMNS FROM `rd_shops` [ RunTime:0.1011s ]
SQL: SELECT * FROM `rd_shops` WHERE `id` = 17 LIMIT 1   [ RunTime:0.1002s ]
NOTIC: [2] Illegal offset type in isset or empty D:\www\online_team\www.luobo.com\ThinkPHP\Library\Think\Model.class.php 第 445 行.
SQL: UPDATE `rd_shops` SET `status`='1',`fail_reason`='' WHERE `id` = 17 [ RunTime:0.1035s ]

[ 2018-10-30T11:51:00+08:00 ] 127.0.0.1 /Shop/index.html?name=&page=1&limit=10
INFO: [ app_init ] --START--
INFO: Run Behavior\BuildLiteBehavior [ RunTime:0.000010s ]
INFO: [ app_init ] --END-- [ RunTime:0.000550s ]
INFO: [ app_begin ] --START--
INFO: Run Behavior\ReadHtmlCacheBehavior [ RunTime:0.000670s ]
INFO: [ app_begin ] --END-- [ RunTime:0.000709s ]
SQL: SHOW COLUMNS FROM `rd_shops` [ RunTime:0.0977s ]
SQL: SELECT COUNT(id) AS tp_count FROM `rd_shops` LIMIT 1   [ RunTime:0.0976s ]
SQL: SELECT * FROM `rd_shops` ORDER BY id desc LIMIT 0,10   [ RunTime:0.0981s ]

[ 2018-10-30T11:51:00+08:00 ] 127.0.0.1 /Uploads/20181030/5bd7c645aaaa1.jpg
INFO: [ app_init ] --START--
INFO: Run Behavior\BuildLiteBehavior [ RunTime:0.000012s ]
INFO: [ app_init ] --END-- [ RunTime:0.000711s ]

[ 2018-10-30T11:51:00+08:00 ] 127.0.0.1 /Uploads/20181030/5bd7c1a6809ed.jpg
INFO: [ app_init ] --START--
INFO: Run Behavior\BuildLiteBehavior [ RunTime:0.000008s ]
INFO: [ app_init ] --END-- [ RunTime:0.000473s ]

[ 2018-10-30T11:51:00+08:00 ] 127.0.0.1 /Uploads/20181030/5bd7c19b2febb.jpg
INFO: [ app_init ] --START--
INFO: Run Behavior\BuildLiteBehavior [ RunTime:0.000011s ]
INFO: [ app_init ] --END-- [ RunTime:0.000612s ]

[ 2018-10-30T11:51:00+08:00 ] 127.0.0.1 /Uploads/20181030/5bd7b9c496a4f.jpg
INFO: [ app_init ] --START--
INFO: Run Behavior\BuildLiteBehavior [ RunTime:0.000009s ]
INFO: [ app_init ] --END-- [ RunTime:0.000483s ]

[ 2018-10-30T11:51:00+08:00 ] 127.0.0.1 /Uploads/20181030/5bd7bf5ad94d2.jpg
INFO: [ app_init ] --START--
INFO: Run Behavior\BuildLiteBehavior [ RunTime:0.000028s ]
INFO: [ app_init ] --END-- [ RunTime:0.000753s ]

[ 2018-10-30T11:51:00+08:00 ] 127.0.0.1 /Uploads/20181030/5bd7b9217608f.jpg
INFO: [ app_init ] --START--
INFO: Run Behavior\BuildLiteBehavior [ RunTime:0.000009s ]
INFO: [ app_init ] --END-- [ RunTime:0.000482s ]

[ 2018-10-30T12:00:59+08:00 ] 127.0.0.1 /Project/projectRecords
INFO: [ app_init ] --START--
INFO: Run Behavior\BuildLiteBehavior [ RunTime:0.000018s ]
INFO: [ app_init ] --END-- [ RunTime:0.000961s ]
INFO: [ app_begin ] --START--
INFO: Run Behavior\ReadHtmlCacheBehavior [ RunTime:0.000740s ]
INFO: [ app_begin ] --END-- [ RunTime:0.000784s ]
INFO: [ view_parse ] --START--
INFO: [ template_filter ] --START--
INFO: Run Behavior\ContentReplaceBehavior [ RunTime:0.000092s ]
INFO: [ template_filter ] --END-- [ RunTime:0.000131s ]
INFO: Run Behavior\ParseTemplateBehavior [ RunTime:0.011507s ]
INFO: [ view_parse ] --END-- [ RunTime:0.011580s ]
INFO: [ view_filter ] --START--
INFO: Run Behavior\WriteHtmlCacheBehavior [ RunTime:0.000624s ]
INFO: [ view_filter ] --END-- [ RunTime:0.000650s ]
INFO: [ app_end ] --START--
INFO: Run Behavior\ShowPageTraceBehavior [ RunTime:0.000787s ]
INFO: [ app_end ] --END-- [ RunTime:0.000829s ]

[ 2018-10-30T12:01:02+08:00 ] 127.0.0.1 /Project/projectRecords.html?status=0&user_name=&recruit_name=&page=1&limit=10
INFO: [ app_init ] --START--
INFO: Run Behavior\BuildLiteBehavior [ RunTime:0.000020s ]
INFO: [ app_init ] --END-- [ RunTime:0.000993s ]
INFO: [ app_begin ] --START--
INFO: Run Behavior\ReadHtmlCacheBehavior [ RunTime:0.001051s ]
INFO: [ app_begin ] --END-- [ RunTime:0.001145s ]
SQL: SHOW COLUMNS FROM `rd_company_invitation` [ RunTime:0.1002s ]
SQL: SELECT COUNT(id) AS tp_count FROM `rd_company_invitation` WHERE `company_id` = 1 LIMIT 1   [ RunTime:0.1005s ]
SQL: SELECT * FROM `rd_company_invitation` WHERE `company_id` = 1 ORDER BY id desc LIMIT 0,10   [ RunTime:0.1004s ]
NOTIC: [8] Undefined index: domain D:\www\online_team\www.luobo.com\Application\Admin\Controller\ProjectController.class.php 第 275 行.
NOTIC: [8] Undefined index: domain D:\www\online_team\www.luobo.com\Application\Admin\Controller\ProjectController.class.php 第 275 行.
NOTIC: [8] Undefined index: domain D:\www\online_team\www.luobo.com\Application\Admin\Controller\ProjectController.class.php 第 275 行.
NOTIC: [8] Undefined index: domain D:\www\online_team\www.luobo.com\Application\Admin\Controller\ProjectController.class.php 第 275 行.
NOTIC: [8] Undefined index: domain D:\www\online_team\www.luobo.com\Application\Admin\Controller\ProjectController.class.php 第 275 行.
NOTIC: [8] Undefined index: domain D:\www\online_team\www.luobo.com\Application\Admin\Controller\ProjectController.class.php 第 275 行.
NOTIC: [8] Undefined index: domain D:\www\online_team\www.luobo.com\Application\Admin\Controller\ProjectController.class.php 第 275 行.

[ 2018-10-30T12:01:03+08:00 ] 127.0.0.1 /Vitae/detail.html?id=MTM=
INFO: [ app_init ] --START--
INFO: Run Behavior\BuildLiteBehavior [ RunTime:0.000012s ]
INFO: [ app_init ] --END-- [ RunTime:0.000755s ]
INFO: [ app_begin ] --START--
INFO: Run Behavior\ReadHtmlCacheBehavior [ RunTime:0.000593s ]
INFO: [ app_begin ] --END-- [ RunTime:0.000632s ]
ERR: 无法加载控制器:Vitae

[ 2018-10-30T12:01:07+08:00 ] 127.0.0.1 /Vitae/detail.html?id=MTM=
INFO: [ app_init ] --START--
INFO: Run Behavior\BuildLiteBehavior [ RunTime:0.000010s ]
INFO: [ app_init ] --END-- [ RunTime:0.000720s ]
INFO: [ app_begin ] --START--
INFO: Run Behavior\ReadHtmlCacheBehavior [ RunTime:0.000787s ]
INFO: [ app_begin ] --END-- [ RunTime:0.000829s ]
ERR: 无法加载控制器:Vitae

[ 2018-10-30T12:01:10+08:00 ] 127.0.0.1 /Config/index
INFO: [ app_init ] --START--
INFO: Run Behavior\BuildLiteBehavior [ RunTime:0.000012s ]
INFO: [ app_init ] --END-- [ RunTime:0.000911s ]
INFO: [ app_begin ] --START--
INFO: Run Behavior\ReadHtmlCacheBehavior [ RunTime:0.001157s ]
INFO: [ app_begin ] --END-- [ RunTime:0.001230s ]
SQL: SHOW COLUMNS FROM `rd_config` [ RunTime:0.0962s ]
SQL: SELECT `content` FROM `rd_config` WHERE `id` = 1 LIMIT 1   [ RunTime:0.0998s ]
INFO: [ view_parse ] --START--
INFO: [ template_filter ] --START--
INFO: Run Behavior\ContentReplaceBehavior [ RunTime:0.007980s ]
INFO: [ template_filter ] --END-- [ RunTime:0.008104s ]
NOTIC: [8] Undefined index: domain D:\www\online_team\www.luobo.com\Application\Runtime\Cache\Admin\01242410c52b2114556c5d665ea48c54.php 第 74 行.
INFO: Run Behavior\ParseTemplateBehavior [ RunTime:0.044429s ]
INFO: [ view_parse ] --END-- [ RunTime:0.044513s ]
INFO: [ view_filter ] --START--
INFO: Run Behavior\WriteHtmlCacheBehavior [ RunTime:0.001668s ]
INFO: [ view_filter ] --END-- [ RunTime:0.001749s ]
INFO: [ app_end ] --START--
INFO: Run Behavior\ShowPageTraceBehavior [ RunTime:0.001661s ]
INFO: [ app_end ] --END-- [ RunTime:0.001741s ]

[ 2018-10-30T12:01:26+08:00 ] 127.0.0.1 /Config/save.html
INFO: [ app_init ] --START--
INFO: Run Behavior\BuildLiteBehavior [ RunTime:0.000010s ]
INFO: [ app_init ] --END-- [ RunTime:0.000707s ]
INFO: [ app_begin ] --START--
INFO: Run Behavior\ReadHtmlCacheBehavior [ RunTime:0.000836s ]
INFO: [ app_begin ] --END-- [ RunTime:0.000885s ]
SQL: SHOW COLUMNS FROM `rd_config` [ RunTime:0.1001s ]
SQL: SELECT `content` FROM `rd_config` WHERE `id` = 1 LIMIT 1   [ RunTime:0.0998s ]
SQL: UPDATE `rd_config` SET `content`='a:13:{s:4:\"BASE\";a:5:{s:6:\"domain\";s:23:\"http://www.luobowang.cn\";s:5:\"title\";s:37:\"萝卜网-真实的招聘求职平台\";s:7:\"keyword\";s:63:\"招聘,找工作,招聘网,人才网，萝卜网，求职网，\";s:4:\"desc\";s:135:\"萝卜网是真实的招聘求职平台，提供全国真实可靠的招聘信息。找工作、要招聘、搜人才就来萝卜网。\";s:6:\"search\";s:38:\"php工程师,web工程师,ios工程师\";}s:7:\"COMPANY\";a:4:{i:1888;a:2:{s:4:\"name\";s:12:\"黄金会员\";s:5:\"price\";s:4:\"1888\";}i:5888;a:2:{s:4:\"name\";s:12:\"钻石会员\";s:5:\"price\";s:4:\"5888\";}i:8888;a:2:{s:4:\"name\";s:12:\"铂金会员\";s:5:\"price\";s:4:\"8888\";}s:4:\"base\";a:5:{s:4:\"down\";s:1:\"6\";s:7:\"refresh\";s:1:\"1\";s:3:\"top\";s:2:\"30\";s:5:\"index\";s:3:\"299\";s:7:\"top_day\";a:4:{i:1;s:1:\"1\";i:2;s:1:\"3\";i:3;s:1:\"7\";i:4;s:2:\"30\";}}}s:4:\"USER\";a:4:{i:0;a:2:{s:4:\"name\";s:12:\"普通会员\";s:5:\"price\";s:1:\"0\";}i:9;a:2:{s:4:\"name\";s:3:\"VIP\";s:5:\"price\";s:3:\"9.9\";}i:19;a:2:{s:4:\"name\";s:4:\"VVIP\";s:5:\"price\";s:4:\"19.9\";}s:4:\"base\";a:2:{s:8:\"register\";s:1:\"3\";s:5:\"share\";s:3:\"0.1\";}}s:11:\"WORK_NATURE\";a:3:{s:9:\"full_time\";s:6:\"全职\";s:9:\"part_time\";s:6:\"兼职\";s:10:\"internship\";s:6:\"实习\";}s:15:\"WORK_EXPERIENCE\";a:6:{i:0;s:6:\"不限\";i:1;s:10:\"1年以下\";i:2;s:6:\"1-3年\";i:3;s:6:\"3-5年\";i:4;s:7:\"5-10年\";i:5;s:11:\"10年以上\";}s:9:\"EDUCATION\";a:9:{i:1;s:6:\"高中\";i:2;s:6:\"专科\";i:3;s:6:\"本科\";i:4;s:6:\"硕士\";i:5;s:6:\"博士\";i:6;s:9:\"博士后\";i:7;s:12:\"培训机构\";i:8;s:6:\"海外\";i:9;s:6:\"其他\";}s:9:\"WORK_TYPE\";a:3:{i:0;s:6:\"离职\";i:1;s:6:\"在职\";i:2;s:6:\"在校\";}s:14:\"HIGH_EDUCATION\";a:8:{i:1;s:6:\"小学\";i:2;s:6:\"初中\";i:3;s:6:\"高中\";i:4;s:6:\"专科\";i:5;s:6:\"本科\";i:6;s:6:\"硕士\";i:7;s:6:\"博士\";i:8;s:6:\"其他\";}s:6:\"SCALES\";a:6:{i:1;s:12:\"无需融资\";i:2;s:9:\"天使轮\";i:3;s:6:\"私企\";i:4;s:12:\"上市公司\";i:5;s:21:\"国企或事业单位\";i:6;s:6:\"其他\";}s:9:\"POST_TIME\";a:5:{i:1;s:6:\"随时\";i:2;s:6:\"商议\";i:3;s:9:\"一周内\";i:4;s:9:\"半月内\";i:5;s:9:\"一个月\";}s:16:\"ENTERPRISE_SCALE\";a:4:{i:1;s:6:\"1～50\";i:2;s:8:\"50～200\";i:3;s:9:\"200～500\";i:4;s:4:\"500+\";}s:15:\"COMPANY_DISPLAY\";a:3:{s:16:\"position_display\";s:289:\"岗位职责：
1、统招全日制本科及以上学历，XXXX等相关专业；
2、X年以上XXX工作经验；
3、熟悉xxx六大模块，掌握XXXX各模块工作流程；
4、熟悉xxx相关法律法规；
5、工作主动性高、具有敏锐的洞察力和较高的抗压能力。\";s:14:\"tenure_display\";s:534:\"任职要求：
1、XXXXX等相关专业本科及以上毕业；
2、具备x年以上工作经验
3、有XXX等的一些列技术和实施方法；
4、有较好逻辑思维能力，优秀的交互原型设计能力，熟练掌握可用性设计方法，基于可用性原则提出可行的设计改善方案；
5、工作积极主动，有持续的热情和责任心，对设计品质有执着追求；
6、善于团队合作，具备良好的沟通协调能力；
7、熟练掌握xxxx等主流软件；
8、有XXXX的优先考虑。\";s:15:\"welfare_display\";s:199:\"五险一金、绩效奖金、年终奖金、弹性工作、做五休二、餐饮补贴
加班补助、全勤奖、弹性工作、节日福利、不加班、高温补贴、绩效奖金、带薪年假\";}s:12:\"USER_DISPLAY\";a:1:{s:12:\"self_display\";s:340:\"我大学就读于xxxxxxx大学，XXX专业。熟练掌握C++、办公自动化、PS、AI等专业技能。曾就职于XXX公司XX岗位。和团队一起做出XXX的业绩。我能很快的融入公司和团队，相信我能够给自己的新团队注入一股新鲜的血液。我对自己的评价是，热情、奋进、积极、乐观\";}}' WHERE `id` = 1 [ RunTime:0.1041s ]

[ 2018-10-30T12:01:30+08:00 ] 127.0.0.1 /Config/index.html
INFO: [ app_init ] --START--
INFO: Run Behavior\BuildLiteBehavior [ RunTime:0.000009s ]
INFO: [ app_init ] --END-- [ RunTime:0.000582s ]
SQL: SHOW COLUMNS FROM `rd_config` [ RunTime:0.0974s ]
SQL: SELECT `content` FROM `rd_config` WHERE `id` = 1 LIMIT 1   [ RunTime:0.0978s ]
INFO: [ app_begin ] --START--
INFO: Run Behavior\ReadHtmlCacheBehavior [ RunTime:0.001638s ]
INFO: [ app_begin ] --END-- [ RunTime:0.001730s ]
SQL: SELECT `content` FROM `rd_config` WHERE `id` = 1 LIMIT 1   [ RunTime:0.0970s ]
INFO: [ view_parse ] --START--
INFO: [ template_filter ] --START--
INFO: Run Behavior\ContentReplaceBehavior [ RunTime:0.000499s ]
INFO: [ template_filter ] --END-- [ RunTime:0.000605s ]
INFO: Run Behavior\ParseTemplateBehavior [ RunTime:0.026196s ]
INFO: [ view_parse ] --END-- [ RunTime:0.026269s ]
INFO: [ view_filter ] --START--
INFO: Run Behavior\WriteHtmlCacheBehavior [ RunTime:0.000859s ]
INFO: [ view_filter ] --END-- [ RunTime:0.000922s ]
INFO: [ app_end ] --START--
INFO: Run Behavior\ShowPageTraceBehavior [ RunTime:0.000943s ]
INFO: [ app_end ] --END-- [ RunTime:0.000997s ]

[ 2018-10-30T12:01:37+08:00 ] 127.0.0.1 /Project/projectRecords
INFO: [ app_init ] --START--
INFO: Run Behavior\BuildLiteBehavior [ RunTime:0.000011s ]
INFO: [ app_init ] --END-- [ RunTime:0.000689s ]
INFO: [ app_begin ] --START--
INFO: Run Behavior\ReadHtmlCacheBehavior [ RunTime:0.000653s ]
INFO: [ app_begin ] --END-- [ RunTime:0.000686s ]
INFO: [ view_parse ] --START--
INFO: [ template_filter ] --START--
INFO: Run Behavior\ContentReplaceBehavior [ RunTime:0.000084s ]
INFO: [ template_filter ] --END-- [ RunTime:0.000121s ]
INFO: Run Behavior\ParseTemplateBehavior [ RunTime:0.010402s ]
INFO: [ view_parse ] --END-- [ RunTime:0.010471s ]
INFO: [ view_filter ] --START--
INFO: Run Behavior\WriteHtmlCacheBehavior [ RunTime:0.000520s ]
INFO: [ view_filter ] --END-- [ RunTime:0.000553s ]
INFO: [ app_end ] --START--
INFO: Run Behavior\ShowPageTraceBehavior [ RunTime:0.000719s ]
INFO: [ app_end ] --END-- [ RunTime:0.000753s ]

[ 2018-10-30T12:01:38+08:00 ] 127.0.0.1 /Project/projectRecords.html?status=0&user_name=&recruit_name=&page=1&limit=10
INFO: [ app_init ] --START--
INFO: Run Behavior\BuildLiteBehavior [ RunTime:0.000016s ]
INFO: [ app_init ] --END-- [ RunTime:0.000895s ]
INFO: [ app_begin ] --START--
INFO: Run Behavior\ReadHtmlCacheBehavior [ RunTime:0.001188s ]
INFO: [ app_begin ] --END-- [ RunTime:0.001270s ]
SQL: SHOW COLUMNS FROM `rd_company_invitation` [ RunTime:0.0971s ]
SQL: SELECT COUNT(id) AS tp_count FROM `rd_company_invitation` WHERE `company_id` = 1 LIMIT 1   [ RunTime:0.0959s ]
SQL: SELECT * FROM `rd_company_invitation` WHERE `company_id` = 1 ORDER BY id desc LIMIT 0,10   [ RunTime:0.0967s ]

[ 2018-10-30T12:02:59+08:00 ] 127.0.0.1 /Project/projectRecords
INFO: [ app_init ] --START--
INFO: Run Behavior\BuildLiteBehavior [ RunTime:0.000008s ]
INFO: [ app_init ] --END-- [ RunTime:0.000595s ]
INFO: [ app_begin ] --START--
INFO: Run Behavior\ReadHtmlCacheBehavior [ RunTime:0.000637s ]
INFO: [ app_begin ] --END-- [ RunTime:0.000676s ]
INFO: [ view_parse ] --START--
INFO: [ template_filter ] --START--
INFO: Run Behavior\ContentReplaceBehavior [ RunTime:0.000093s ]
INFO: [ template_filter ] --END-- [ RunTime:0.000135s ]
INFO: Run Behavior\ParseTemplateBehavior [ RunTime:0.009044s ]
INFO: [ view_parse ] --END-- [ RunTime:0.009086s ]
INFO: [ view_filter ] --START--
INFO: Run Behavior\WriteHtmlCacheBehavior [ RunTime:0.000588s ]
INFO: [ view_filter ] --END-- [ RunTime:0.000616s ]
INFO: [ app_end ] --START--
INFO: Run Behavior\ShowPageTraceBehavior [ RunTime:0.000759s ]
INFO: [ app_end ] --END-- [ RunTime:0.000795s ]

[ 2018-10-30T12:03:00+08:00 ] 127.0.0.1 /Project/projectRecords.html?status=0&user_name=&recruit_name=&page=1&limit=10
INFO: [ app_init ] --START--
INFO: Run Behavior\BuildLiteBehavior [ RunTime:0.000014s ]
INFO: [ app_init ] --END-- [ RunTime:0.000831s ]
INFO: [ app_begin ] --START--
INFO: Run Behavior\ReadHtmlCacheBehavior [ RunTime:0.001302s ]
INFO: [ app_begin ] --END-- [ RunTime:0.001386s ]
SQL: SHOW COLUMNS FROM `rd_company_invitation` [ RunTime:0.0986s ]
SQL: SELECT COUNT(id) AS tp_count FROM `rd_company_invitation` WHERE `company_id` = 1 LIMIT 1   [ RunTime:0.0972s ]
SQL: SELECT * FROM `rd_company_invitation` WHERE `company_id` = 1 ORDER BY id desc LIMIT 0,10   [ RunTime:0.5497s ]

[ 2018-10-30T14:11:09+08:00 ] 127.0.0.1 /
INFO: [ app_init ] --START--
INFO: Run Behavior\BuildLiteBehavior [ RunTime:0.000019s ]
INFO: [ app_init ] --END-- [ RunTime:0.001330s ]
INFO: [ app_begin ] --START--
INFO: Run Behavior\ReadHtmlCacheBehavior [ RunTime:0.001851s ]
INFO: [ app_begin ] --END-- [ RunTime:0.001944s ]

[ 2018-10-30T14:11:09+08:00 ] 127.0.0.1 /Login/index.html
INFO: [ app_init ] --START--
INFO: Run Behavior\BuildLiteBehavior [ RunTime:0.000017s ]
INFO: [ app_init ] --END-- [ RunTime:0.001149s ]
INFO: [ app_begin ] --START--
INFO: Run Behavior\ReadHtmlCacheBehavior [ RunTime:0.001020s ]
INFO: [ app_begin ] --END-- [ RunTime:0.001091s ]
INFO: [ view_parse ] --START--
INFO: [ template_filter ] --START--
INFO: Run Behavior\ContentReplaceBehavior [ RunTime:0.001231s ]
INFO: [ template_filter ] --END-- [ RunTime:0.001307s ]
INFO: Run Behavior\ParseTemplateBehavior [ RunTime:0.017077s ]
INFO: [ view_parse ] --END-- [ RunTime:0.017152s ]
INFO: [ view_filter ] --START--
INFO: Run Behavior\WriteHtmlCacheBehavior [ RunTime:0.001315s ]
INFO: [ view_filter ] --END-- [ RunTime:0.001388s ]
INFO: [ app_end ] --START--
INFO: Run Behavior\ShowPageTraceBehavior [ RunTime:0.001902s ]
INFO: [ app_end ] --END-- [ RunTime:0.001964s ]

[ 2018-10-30T14:11:09+08:00 ] 127.0.0.1 /Login/verify.html
INFO: [ app_init ] --START--
INFO: Run Behavior\BuildLiteBehavior [ RunTime:0.000013s ]
INFO: [ app_init ] --END-- [ RunTime:0.000826s ]
INFO: [ app_begin ] --START--
INFO: Run Behavior\ReadHtmlCacheBehavior [ RunTime:0.000928s ]
INFO: [ app_begin ] --END-- [ RunTime:0.000992s ]
INFO: [ app_end ] --START--
INFO: Run Behavior\ShowPageTraceBehavior [ RunTime:0.001150s ]
INFO: [ app_end ] --END-- [ RunTime:0.001232s ]

[ 2018-10-30T14:11:21+08:00 ] 127.0.0.1 /Login/doLogin.html
INFO: [ app_init ] --START--
INFO: Run Behavior\BuildLiteBehavior [ RunTime:0.000008s ]
INFO: [ app_init ] --END-- [ RunTime:0.000504s ]
INFO: [ app_begin ] --START--
INFO: Run Behavior\ReadHtmlCacheBehavior [ RunTime:0.000602s ]
INFO: [ app_begin ] --END-- [ RunTime:0.000634s ]

[ 2018-10-30T14:11:22+08:00 ] 127.0.0.1 /Login/verify/v/1540879869.html
INFO: [ app_init ] --START--
INFO: Run Behavior\BuildLiteBehavior [ RunTime:0.000011s ]
INFO: [ app_init ] --END-- [ RunTime:0.000511s ]
INFO: [ app_begin ] --START--
INFO: Run Behavior\ReadHtmlCacheBehavior [ RunTime:0.000605s ]
INFO: [ app_begin ] --END-- [ RunTime:0.000644s ]
INFO: [ app_end ] --START--
INFO: Run Behavior\ShowPageTraceBehavior [ RunTime:0.000821s ]
INFO: [ app_end ] --END-- [ RunTime:0.000869s ]

[ 2018-10-30T14:11:27+08:00 ] 127.0.0.1 /Login/doLogin.html
INFO: [ app_init ] --START--
INFO: Run Behavior\BuildLiteBehavior [ RunTime:0.000009s ]
INFO: [ app_init ] --END-- [ RunTime:0.000508s ]
INFO: [ app_begin ] --START--
INFO: Run Behavior\ReadHtmlCacheBehavior [ RunTime:0.000632s ]
INFO: [ app_begin ] --END-- [ RunTime:0.000676s ]

[ 2018-10-30T14:11:27+08:00 ] 127.0.0.1 /Login/doLogin.html
INFO: [ app_init ] --START--
INFO: Run Behavior\BuildLiteBehavior [ RunTime:0.000009s ]
INFO: [ app_init ] --END-- [ RunTime:0.000502s ]
INFO: [ app_begin ] --START--
INFO: Run Behavior\ReadHtmlCacheBehavior [ RunTime:0.000685s ]
INFO: [ app_begin ] --END-- [ RunTime:0.000723s ]

[ 2018-10-30T14:11:32+08:00 ] 127.0.0.1 /Login/doLogin.html
INFO: [ app_init ] --START--
INFO: Run Behavior\BuildLiteBehavior [ RunTime:0.000009s ]
INFO: [ app_init ] --END-- [ RunTime:0.000610s ]
INFO: [ app_begin ] --START--
INFO: Run Behavior\ReadHtmlCacheBehavior [ RunTime:0.000762s ]
INFO: [ app_begin ] --END-- [ RunTime:0.000799s ]
SQL: SHOW COLUMNS FROM `rd_admin` [ RunTime:0.0989s ]
SQL: SELECT * FROM `rd_admin` WHERE `username` = 'admin' AND `password` = '231ee813250bd018144ec5acc5950026' LIMIT 1   [ RunTime:0.0989s ]
SQL: UPDATE `rd_admin` SET `last_time`='1540879892',`last_ip`='127.0.0.1' WHERE `id` = 1 [ RunTime:0.1043s ]

[ 2018-10-30T14:11:36+08:00 ] 127.0.0.1 /Index/index.html
INFO: [ app_init ] --START--
INFO: Run Behavior\BuildLiteBehavior [ RunTime:0.000014s ]
INFO: [ app_init ] --END-- [ RunTime:0.000734s ]
INFO: [ app_begin ] --START--
INFO: Run Behavior\ReadHtmlCacheBehavior [ RunTime:0.000583s ]
INFO: [ app_begin ] --END-- [ RunTime:0.000622s ]
INFO: [ view_parse ] --START--
INFO: [ template_filter ] --START--
INFO: Run Behavior\ContentReplaceBehavior [ RunTime:0.000081s ]
INFO: [ template_filter ] --END-- [ RunTime:0.000141s ]
INFO: Run Behavior\ParseTemplateBehavior [ RunTime:0.014111s ]
INFO: [ view_parse ] --END-- [ RunTime:0.014156s ]
INFO: [ view_filter ] --START--
INFO: Run Behavior\WriteHtmlCacheBehavior [ RunTime:0.000529s ]
INFO: [ view_filter ] --END-- [ RunTime:0.000555s ]
INFO: [ app_end ] --START--
INFO: Run Behavior\ShowPageTraceBehavior [ RunTime:0.000825s ]
INFO: [ app_end ] --END-- [ RunTime:0.000879s ]

[ 2018-10-30T14:11:46+08:00 ] 127.0.0.1 /Company/index
INFO: [ app_init ] --START--
INFO: Run Behavior\BuildLiteBehavior [ RunTime:0.000010s ]
INFO: [ app_init ] --END-- [ RunTime:0.000665s ]
INFO: [ app_begin ] --START--
INFO: Run Behavior\ReadHtmlCacheBehavior [ RunTime:0.000745s ]
INFO: [ app_begin ] --END-- [ RunTime:0.000781s ]
INFO: [ view_parse ] --START--
INFO: [ template_filter ] --START--
INFO: Run Behavior\ContentReplaceBehavior [ RunTime:0.000625s ]
INFO: [ template_filter ] --END-- [ RunTime:0.000665s ]
INFO: Run Behavior\ParseTemplateBehavior [ RunTime:0.013112s ]
INFO: [ view_parse ] --END-- [ RunTime:0.013166s ]
INFO: [ view_filter ] --START--
INFO: Run Behavior\WriteHtmlCacheBehavior [ RunTime:0.000579s ]
INFO: [ view_filter ] --END-- [ RunTime:0.000606s ]
INFO: [ app_end ] --START--
INFO: Run Behavior\ShowPageTraceBehavior [ RunTime:0.001440s ]
INFO: [ app_end ] --END-- [ RunTime:0.001544s ]

[ 2018-10-30T14:11:47+08:00 ] 127.0.0.1 /Company/index.html?mobile=&email=&name=&page=1&limit=10
INFO: [ app_init ] --START--
INFO: Run Behavior\BuildLiteBehavior [ RunTime:0.000023s ]
INFO: [ app_init ] --END-- [ RunTime:0.000964s ]
INFO: [ app_begin ] --START--
INFO: Run Behavior\ReadHtmlCacheBehavior [ RunTime:0.000925s ]
INFO: [ app_begin ] --END-- [ RunTime:0.000994s ]
SQL: SHOW COLUMNS FROM `rd_company_info` [ RunTime:0.0998s ]
SQL: SELECT COUNT(i.id) AS tp_count FROM rd_company_info i left join rd_user u ON u.id = i.user_id  LIMIT 1   [ RunTime:0.0988s ]
SQL: SELECT i.*,u.*,i.id as id FROM rd_company_info i left join rd_user u ON u.id = i.user_id  ORDER BY i.id desc LIMIT 0,10   [ RunTime:0.1140s ]

[ 2018-10-30T14:12:06+08:00 ] 127.0.0.1 /Company/setPartnerMeal.html
INFO: [ app_init ] --START--
INFO: Run Behavior\BuildLiteBehavior [ RunTime:0.000008s ]
INFO: [ app_init ] --END-- [ RunTime:0.000490s ]
INFO: [ app_begin ] --START--
INFO: Run Behavior\ReadHtmlCacheBehavior [ RunTime:0.000591s ]
INFO: [ app_begin ] --END-- [ RunTime:0.000621s ]
SQL: SHOW COLUMNS FROM `rd_company_info` [ RunTime:0.1005s ]
SQL: SELECT * FROM `rd_company_info` WHERE `id` = 1037 LIMIT 1   [ RunTime:0.3597s ]
SQL: UPDATE `rd_company_info` SET `company_meal`='3' WHERE `id` = 1037 [ RunTime:0.1072s ]

[ 2018-10-30T14:12:10+08:00 ] 127.0.0.1 /Company/index
INFO: [ app_init ] --START--
INFO: Run Behavior\BuildLiteBehavior [ RunTime:0.000015s ]
INFO: [ app_init ] --END-- [ RunTime:0.000963s ]
INFO: [ app_begin ] --START--
INFO: Run Behavior\ReadHtmlCacheBehavior [ RunTime:0.000767s ]
INFO: [ app_begin ] --END-- [ RunTime:0.000819s ]
INFO: [ view_parse ] --START--
INFO: [ template_filter ] --START--
INFO: Run Behavior\ContentReplaceBehavior [ RunTime:0.000134s ]
INFO: [ template_filter ] --END-- [ RunTime:0.000185s ]
INFO: Run Behavior\ParseTemplateBehavior [ RunTime:0.012468s ]
INFO: [ view_parse ] --END-- [ RunTime:0.012532s ]
INFO: [ view_filter ] --START--
INFO: Run Behavior\WriteHtmlCacheBehavior [ RunTime:0.000677s ]
INFO: [ view_filter ] --END-- [ RunTime:0.000714s ]
INFO: [ app_end ] --START--
INFO: Run Behavior\ShowPageTraceBehavior [ RunTime:0.000846s ]
INFO: [ app_end ] --END-- [ RunTime:0.000892s ]

[ 2018-10-30T14:12:11+08:00 ] 127.0.0.1 /Company/index.html?mobile=&email=&name=&page=1&limit=10
INFO: [ app_init ] --START--
INFO: Run Behavior\BuildLiteBehavior [ RunTime:0.000015s ]
INFO: [ app_init ] --END-- [ RunTime:0.000784s ]
INFO: [ app_begin ] --START--
INFO: Run Behavior\ReadHtmlCacheBehavior [ RunTime:0.001224s ]
INFO: [ app_begin ] --END-- [ RunTime:0.001300s ]
SQL: SHOW COLUMNS FROM `rd_company_info` [ RunTime:0.0970s ]
SQL: SELECT COUNT(i.id) AS tp_count FROM rd_company_info i left join rd_user u ON u.id = i.user_id  LIMIT 1   [ RunTime:0.0955s ]
SQL: SELECT i.*,u.*,i.id as id FROM rd_company_info i left join rd_user u ON u.id = i.user_id  ORDER BY i.id desc LIMIT 0,10   [ RunTime:0.1213s ]

[ 2018-10-30T14:12:19+08:00 ] 127.0.0.1 /Company/setPartnerMeal.html
INFO: [ app_init ] --START--
INFO: Run Behavior\BuildLiteBehavior [ RunTime:0.000010s ]
INFO: [ app_init ] --END-- [ RunTime:0.000681s ]
INFO: [ app_begin ] --START--
INFO: Run Behavior\ReadHtmlCacheBehavior [ RunTime:0.000703s ]
INFO: [ app_begin ] --END-- [ RunTime:0.000741s ]
SQL: SHOW COLUMNS FROM `rd_company_info` [ RunTime:0.1037s ]
SQL: SELECT * FROM `rd_company_info` WHERE `id` = 1037 LIMIT 1   [ RunTime:0.0994s ]
SQL: UPDATE `rd_company_info` SET `company_meal`='2' WHERE `id` = 1037 [ RunTime:0.1032s ]

[ 2018-10-30T14:12:23+08:00 ] 127.0.0.1 /Company/index
INFO: [ app_init ] --START--
INFO: Run Behavior\BuildLiteBehavior [ RunTime:0.000015s ]
INFO: [ app_init ] --END-- [ RunTime:0.000924s ]
INFO: [ app_begin ] --START--
INFO: Run Behavior\ReadHtmlCacheBehavior [ RunTime:0.001382s ]
INFO: [ app_begin ] --END-- [ RunTime:0.001465s ]
INFO: [ view_parse ] --START--
INFO: [ template_filter ] --START--
INFO: Run Behavior\ContentReplaceBehavior [ RunTime:0.000128s ]
INFO: [ template_filter ] --END-- [ RunTime:0.000164s ]
INFO: Run Behavior\ParseTemplateBehavior [ RunTime:0.010577s ]
INFO: [ view_parse ] --END-- [ RunTime:0.010651s ]
INFO: [ view_filter ] --START--
INFO: Run Behavior\WriteHtmlCacheBehavior [ RunTime:0.000697s ]
INFO: [ view_filter ] --END-- [ RunTime:0.000733s ]
INFO: [ app_end ] --START--
INFO: Run Behavior\ShowPageTraceBehavior [ RunTime:0.000902s ]
INFO: [ app_end ] --END-- [ RunTime:0.000961s ]

[ 2018-10-30T14:12:24+08:00 ] 127.0.0.1 /Company/index.html?mobile=&email=&name=&page=1&limit=10
INFO: [ app_init ] --START--
INFO: Run Behavior\BuildLiteBehavior [ RunTime:0.000019s ]
INFO: [ app_init ] --END-- [ RunTime:0.001027s ]
INFO: [ app_begin ] --START--
INFO: Run Behavior\ReadHtmlCacheBehavior [ RunTime:0.000843s ]
INFO: [ app_begin ] --END-- [ RunTime:0.000900s ]
SQL: SHOW COLUMNS FROM `rd_company_info` [ RunTime:0.0991s ]
SQL: SELECT COUNT(i.id) AS tp_count FROM rd_company_info i left join rd_user u ON u.id = i.user_id  LIMIT 1   [ RunTime:0.0995s ]
SQL: SELECT i.*,u.*,i.id as id FROM rd_company_info i left join rd_user u ON u.id = i.user_id  ORDER BY i.id desc LIMIT 0,10   [ RunTime:0.5029s ]

[ 2018-10-30T14:20:00+08:00 ] 127.0.0.1 /Company/setPartnerMeal.html
INFO: [ app_init ] --START--
INFO: Run Behavior\BuildLiteBehavior [ RunTime:0.000009s ]
INFO: [ app_init ] --END-- [ RunTime:0.000658s ]
INFO: [ app_begin ] --START--
INFO: Run Behavior\ReadHtmlCacheBehavior [ RunTime:0.000777s ]
INFO: [ app_begin ] --END-- [ RunTime:0.000824s ]
SQL: SHOW COLUMNS FROM `rd_company_info` [ RunTime:0.1005s ]
SQL: SELECT * FROM `rd_company_info` WHERE `id` = 1037 LIMIT 1   [ RunTime:0.0994s ]
SQL: UPDATE `rd_company_info` SET `company_meal`='2' WHERE `id` = 1037 [ RunTime:0.1059s ]

[ 2018-10-30T14:20:03+08:00 ] 127.0.0.1 /Company/index
INFO: [ app_init ] --START--
INFO: Run Behavior\BuildLiteBehavior [ RunTime:0.000017s ]
INFO: [ app_init ] --END-- [ RunTime:0.000855s ]
INFO: [ app_begin ] --START--
INFO: Run Behavior\ReadHtmlCacheBehavior [ RunTime:0.001550s ]
INFO: [ app_begin ] --END-- [ RunTime:0.001628s ]
INFO: [ view_parse ] --START--
INFO: [ template_filter ] --START--
INFO: Run Behavior\ContentReplaceBehavior [ RunTime:0.000164s ]
INFO: [ template_filter ] --END-- [ RunTime:0.000234s ]
INFO: Run Behavior\ParseTemplateBehavior [ RunTime:0.013675s ]
INFO: [ view_parse ] --END-- [ RunTime:0.013733s ]
INFO: [ view_filter ] --START--
INFO: Run Behavior\WriteHtmlCacheBehavior [ RunTime:0.000855s ]
INFO: [ view_filter ] --END-- [ RunTime:0.000895s ]
INFO: [ app_end ] --START--
INFO: Run Behavior\ShowPageTraceBehavior [ RunTime:0.001455s ]
INFO: [ app_end ] --END-- [ RunTime:0.001537s ]

[ 2018-10-30T14:20:04+08:00 ] 127.0.0.1 /Company/index.html?mobile=&email=&name=&page=1&limit=10
INFO: [ app_init ] --START--
INFO: Run Behavior\BuildLiteBehavior [ RunTime:0.000016s ]
INFO: [ app_init ] --END-- [ RunTime:0.001037s ]
INFO: [ app_begin ] --START--
INFO: Run Behavior\ReadHtmlCacheBehavior [ RunTime:0.000880s ]
INFO: [ app_begin ] --END-- [ RunTime:0.000951s ]
SQL: SHOW COLUMNS FROM `rd_company_info` [ RunTime:0.0992s ]
SQL: SELECT COUNT(i.id) AS tp_count FROM rd_company_info i left join rd_user u ON u.id = i.user_id  LIMIT 1   [ RunTime:0.0990s ]
SQL: SELECT i.*,u.*,i.id as id FROM rd_company_info i left join rd_user u ON u.id = i.user_id  ORDER BY i.id desc LIMIT 0,10   [ RunTime:0.1069s ]

[ 2018-10-30T14:20:10+08:00 ] 127.0.0.1 /Company/setPartnerMeal.html
INFO: [ app_init ] --START--
INFO: Run Behavior\BuildLiteBehavior [ RunTime:0.000011s ]
INFO: [ app_init ] --END-- [ RunTime:0.000629s ]
INFO: [ app_begin ] --START--
INFO: Run Behavior\ReadHtmlCacheBehavior [ RunTime:0.000693s ]
INFO: [ app_begin ] --END-- [ RunTime:0.000732s ]
SQL: SHOW COLUMNS FROM `rd_company_info` [ RunTime:0.0975s ]
SQL: SELECT * FROM `rd_company_info` WHERE `id` = 1038 LIMIT 1   [ RunTime:0.0969s ]
SQL: UPDATE `rd_company_info` SET `company_meal`='3' WHERE `id` = 1038 [ RunTime:0.1028s ]

[ 2018-10-30T14:20:13+08:00 ] 127.0.0.1 /Company/index
INFO: [ app_init ] --START--
INFO: Run Behavior\BuildLiteBehavior [ RunTime:0.000017s ]
INFO: [ app_init ] --END-- [ RunTime:0.001095s ]
INFO: [ app_begin ] --START--
INFO: Run Behavior\ReadHtmlCacheBehavior [ RunTime:0.001275s ]
INFO: [ app_begin ] --END-- [ RunTime:0.001342s ]
INFO: [ view_parse ] --START--
INFO: [ template_filter ] --START--
INFO: Run Behavior\ContentReplaceBehavior [ RunTime:0.000118s ]
INFO: [ template_filter ] --END-- [ RunTime:0.000154s ]
INFO: Run Behavior\ParseTemplateBehavior [ RunTime:0.012084s ]
INFO: [ view_parse ] --END-- [ RunTime:0.012142s ]
INFO: [ view_filter ] --START--
INFO: Run Behavior\WriteHtmlCacheBehavior [ RunTime:0.000601s ]
INFO: [ view_filter ] --END-- [ RunTime:0.000636s ]
INFO: [ app_end ] --START--
INFO: Run Behavior\ShowPageTraceBehavior [ RunTime:0.000725s ]
INFO: [ app_end ] --END-- [ RunTime:0.000763s ]

[ 2018-10-30T14:20:14+08:00 ] 127.0.0.1 /Company/index.html?mobile=&email=&name=&page=1&limit=10
INFO: [ app_init ] --START--
INFO: Run Behavior\BuildLiteBehavior [ RunTime:0.000015s ]
INFO: [ app_init ] --END-- [ RunTime:0.000942s ]
INFO: [ app_begin ] --START--
INFO: Run Behavior\ReadHtmlCacheBehavior [ RunTime:0.001076s ]
INFO: [ app_begin ] --END-- [ RunTime:0.001148s ]
SQL: SHOW COLUMNS FROM `rd_company_info` [ RunTime:0.0973s ]
SQL: SELECT COUNT(i.id) AS tp_count FROM rd_company_info i left join rd_user u ON u.id = i.user_id  LIMIT 1   [ RunTime:0.0950s ]
SQL: SELECT i.*,u.*,i.id as id FROM rd_company_info i left join rd_user u ON u.id = i.user_id  ORDER BY i.id desc LIMIT 0,10   [ RunTime:0.1064s ]

[ 2018-10-30T14:22:53+08:00 ] 127.0.0.1 /Config/index
INFO: [ app_init ] --START--
INFO: Run Behavior\BuildLiteBehavior [ RunTime:0.000011s ]
INFO: [ app_init ] --END-- [ RunTime:0.000942s ]
INFO: [ app_begin ] --START--
INFO: Run Behavior\ReadHtmlCacheBehavior [ RunTime:0.000697s ]
INFO: [ app_begin ] --END-- [ RunTime:0.000738s ]
SQL: SHOW COLUMNS FROM `rd_config` [ RunTime:0.0982s ]
SQL: SELECT `content` FROM `rd_config` WHERE `id` = 1 LIMIT 1   [ RunTime:0.0980s ]
INFO: [ view_parse ] --START--
INFO: [ template_filter ] --START--
INFO: Run Behavior\ContentReplaceBehavior [ RunTime:0.000273s ]
INFO: [ template_filter ] --END-- [ RunTime:0.000314s ]
INFO: Run Behavior\ParseTemplateBehavior [ RunTime:0.022010s ]
INFO: [ view_parse ] --END-- [ RunTime:0.022061s ]
INFO: [ view_filter ] --START--
INFO: Run Behavior\WriteHtmlCacheBehavior [ RunTime:0.000609s ]
INFO: [ view_filter ] --END-- [ RunTime:0.000632s ]
INFO: [ app_end ] --START--
INFO: Run Behavior\ShowPageTraceBehavior [ RunTime:0.001013s ]
INFO: [ app_end ] --END-- [ RunTime:0.001079s ]

[ 2018-10-30T14:23:05+08:00 ] 127.0.0.1 /Config/index
INFO: [ app_init ] --START--
INFO: Run Behavior\BuildLiteBehavior [ RunTime:0.000010s ]
INFO: [ app_init ] --END-- [ RunTime:0.000663s ]
INFO: [ app_begin ] --START--
INFO: Run Behavior\ReadHtmlCacheBehavior [ RunTime:0.000680s ]
INFO: [ app_begin ] --END-- [ RunTime:0.000714s ]
SQL: SHOW COLUMNS FROM `rd_config` [ RunTime:0.0977s ]
SQL: SELECT `content` FROM `rd_config` WHERE `id` = 1 LIMIT 1   [ RunTime:0.0987s ]
INFO: [ view_parse ] --START--
INFO: [ template_filter ] --START--
INFO: Run Behavior\ContentReplaceBehavior [ RunTime:0.000544s ]
INFO: [ template_filter ] --END-- [ RunTime:0.000613s ]
INFO: Run Behavior\ParseTemplateBehavior [ RunTime:0.039586s ]
INFO: [ view_parse ] --END-- [ RunTime:0.039687s ]
INFO: [ view_filter ] --START--
INFO: Run Behavior\WriteHtmlCacheBehavior [ RunTime:0.001125s ]
INFO: [ view_filter ] --END-- [ RunTime:0.001179s ]
INFO: [ app_end ] --START--
INFO: Run Behavior\ShowPageTraceBehavior [ RunTime:0.001454s ]
INFO: [ app_end ] --END-- [ RunTime:0.001526s ]

[ 2018-10-30T14:23:06+08:00 ] 127.0.0.1 /Config/index
INFO: [ app_init ] --START--
INFO: Run Behavior\BuildLiteBehavior [ RunTime:0.000011s ]
INFO: [ app_init ] --END-- [ RunTime:0.000729s ]
INFO: [ app_begin ] --START--
INFO: Run Behavior\ReadHtmlCacheBehavior [ RunTime:0.000841s ]
INFO: [ app_begin ] --END-- [ RunTime:0.000878s ]
SQL: SHOW COLUMNS FROM `rd_config` [ RunTime:0.0933s ]
SQL: SELECT `content` FROM `rd_config` WHERE `id` = 1 LIMIT 1   [ RunTime:0.0938s ]
INFO: [ view_parse ] --START--
INFO: [ template_filter ] --START--
INFO: Run Behavior\ContentReplaceBehavior [ RunTime:0.000533s ]
INFO: [ template_filter ] --END-- [ RunTime:0.000616s ]
INFO: Run Behavior\ParseTemplateBehavior [ RunTime:0.021841s ]
INFO: [ view_parse ] --END-- [ RunTime:0.021904s ]
INFO: [ view_filter ] --START--
INFO: Run Behavior\WriteHtmlCacheBehavior [ RunTime:0.001091s ]
INFO: [ view_filter ] --END-- [ RunTime:0.001155s ]
INFO: [ app_end ] --START--
INFO: Run Behavior\ShowPageTraceBehavior [ RunTime:0.001554s ]
INFO: [ app_end ] --END-- [ RunTime:0.001682s ]

[ 2018-10-30T14:23:24+08:00 ] 127.0.0.1 /Company/index
INFO: [ app_init ] --START--
INFO: Run Behavior\BuildLiteBehavior [ RunTime:0.000008s ]
INFO: [ app_init ] --END-- [ RunTime:0.000576s ]
INFO: [ app_begin ] --START--
INFO: Run Behavior\ReadHtmlCacheBehavior [ RunTime:0.000822s ]
INFO: [ app_begin ] --END-- [ RunTime:0.000875s ]
INFO: [ view_parse ] --START--
INFO: [ template_filter ] --START--
INFO: Run Behavior\ContentReplaceBehavior [ RunTime:0.000118s ]
INFO: [ template_filter ] --END-- [ RunTime:0.000153s ]
INFO: Run Behavior\ParseTemplateBehavior [ RunTime:0.011519s ]
INFO: [ view_parse ] --END-- [ RunTime:0.011573s ]
INFO: [ view_filter ] --START--
INFO: Run Behavior\WriteHtmlCacheBehavior [ RunTime:0.000756s ]
INFO: [ view_filter ] --END-- [ RunTime:0.000787s ]
INFO: [ app_end ] --START--
INFO: Run Behavior\ShowPageTraceBehavior [ RunTime:0.000735s ]
INFO: [ app_end ] --END-- [ RunTime:0.000774s ]

[ 2018-10-30T14:23:26+08:00 ] 127.0.0.1 /Company/index.html?mobile=&email=&name=&page=1&limit=10
INFO: [ app_init ] --START--
INFO: Run Behavior\BuildLiteBehavior [ RunTime:0.000016s ]
INFO: [ app_init ] --END-- [ RunTime:0.000973s ]
INFO: [ app_begin ] --START--
INFO: Run Behavior\ReadHtmlCacheBehavior [ RunTime:0.001213s ]
INFO: [ app_begin ] --END-- [ RunTime:0.001295s ]
SQL: SHOW COLUMNS FROM `rd_company_info` [ RunTime:0.0983s ]
SQL: SELECT COUNT(i.id) AS tp_count FROM rd_company_info i left join rd_user u ON u.id = i.user_id  LIMIT 1   [ RunTime:0.0976s ]
SQL: SELECT i.*,u.*,i.id as id FROM rd_company_info i left join rd_user u ON u.id = i.user_id  ORDER BY i.id desc LIMIT 0,10   [ RunTime:1.3609s ]

[ 2018-10-30T14:23:33+08:00 ] 127.0.0.1 /Company/setPartnerMeal.html
INFO: [ app_init ] --START--
INFO: Run Behavior\BuildLiteBehavior [ RunTime:0.000009s ]
INFO: [ app_init ] --END-- [ RunTime:0.000608s ]
INFO: [ app_begin ] --START--
INFO: Run Behavior\ReadHtmlCacheBehavior [ RunTime:0.000607s ]
INFO: [ app_begin ] --END-- [ RunTime:0.000637s ]
SQL: SHOW COLUMNS FROM `rd_company_info` [ RunTime:0.1029s ]
SQL: SELECT * FROM `rd_company_info` WHERE `id` = 1038 LIMIT 1   [ RunTime:0.6735s ]
SQL: UPDATE `rd_company_info` SET `company_meal`='3' WHERE `id` = 1038 [ RunTime:0.1681s ]

[ 2018-10-30T14:23:37+08:00 ] 127.0.0.1 /Company/index
INFO: [ app_init ] --START--
INFO: Run Behavior\BuildLiteBehavior [ RunTime:0.000014s ]
INFO: [ app_init ] --END-- [ RunTime:0.000855s ]
INFO: [ app_begin ] --START--
INFO: Run Behavior\ReadHtmlCacheBehavior [ RunTime:0.001259s ]
INFO: [ app_begin ] --END-- [ RunTime:0.001324s ]
INFO: [ view_parse ] --START--
INFO: [ template_filter ] --START--
INFO: Run Behavior\ContentReplaceBehavior [ RunTime:0.000123s ]
INFO: [ template_filter ] --END-- [ RunTime:0.000155s ]
INFO: Run Behavior\ParseTemplateBehavior [ RunTime:0.010405s ]
INFO: [ view_parse ] --END-- [ RunTime:0.010485s ]
INFO: [ view_filter ] --START--
INFO: Run Behavior\WriteHtmlCacheBehavior [ RunTime:0.000807s ]
INFO: [ view_filter ] --END-- [ RunTime:0.000848s ]
INFO: [ app_end ] --START--
INFO: Run Behavior\ShowPageTraceBehavior [ RunTime:0.001088s ]
INFO: [ app_end ] --END-- [ RunTime:0.001177s ]

[ 2018-10-30T14:23:38+08:00 ] 127.0.0.1 /Company/index.html?mobile=&email=&name=&page=1&limit=10
INFO: [ app_init ] --START--
INFO: Run Behavior\BuildLiteBehavior [ RunTime:0.000017s ]
INFO: [ app_init ] --END-- [ RunTime:0.000937s ]
INFO: [ app_begin ] --START--
INFO: Run Behavior\ReadHtmlCacheBehavior [ RunTime:0.000990s ]
INFO: [ app_begin ] --END-- [ RunTime:0.001058s ]
SQL: SHOW COLUMNS FROM `rd_company_info` [ RunTime:0.0981s ]
SQL: SELECT COUNT(i.id) AS tp_count FROM rd_company_info i left join rd_user u ON u.id = i.user_id  LIMIT 1   [ RunTime:0.0961s ]
SQL: SELECT i.*,u.*,i.id as id FROM rd_company_info i left join rd_user u ON u.id = i.user_id  ORDER BY i.id desc LIMIT 0,10   [ RunTime:0.1007s ]

[ 2018-10-30T14:24:17+08:00 ] 127.0.0.1 /Config/index
INFO: [ app_init ] --START--
INFO: Run Behavior\BuildLiteBehavior [ RunTime:0.000010s ]
INFO: [ app_init ] --END-- [ RunTime:0.000683s ]
INFO: [ app_begin ] --START--
INFO: Run Behavior\ReadHtmlCacheBehavior [ RunTime:0.001181s ]
INFO: [ app_begin ] --END-- [ RunTime:0.001274s ]
SQL: SHOW COLUMNS FROM `rd_config` [ RunTime:0.0994s ]
SQL: SELECT `content` FROM `rd_config` WHERE `id` = 1 LIMIT 1   [ RunTime:0.1009s ]
INFO: [ view_parse ] --START--
INFO: [ template_filter ] --START--
INFO: Run Behavior\ContentReplaceBehavior [ RunTime:0.000429s ]
INFO: [ template_filter ] --END-- [ RunTime:0.000487s ]
INFO: Run Behavior\ParseTemplateBehavior [ RunTime:0.038125s ]
INFO: [ view_parse ] --END-- [ RunTime:0.038255s ]
INFO: [ view_filter ] --START--
INFO: Run Behavior\WriteHtmlCacheBehavior [ RunTime:0.001145s ]
INFO: [ view_filter ] --END-- [ RunTime:0.001196s ]
INFO: [ app_end ] --START--
INFO: Run Behavior\ShowPageTraceBehavior [ RunTime:0.001401s ]
INFO: [ app_end ] --END-- [ RunTime:0.001475s ]

[ 2018-10-30T14:24:34+08:00 ] 127.0.0.1 /Config/save.html
INFO: [ app_init ] --START--
INFO: Run Behavior\BuildLiteBehavior [ RunTime:0.000009s ]
INFO: [ app_init ] --END-- [ RunTime:0.000541s ]
INFO: [ app_begin ] --START--
INFO: Run Behavior\ReadHtmlCacheBehavior [ RunTime:0.000620s ]
INFO: [ app_begin ] --END-- [ RunTime:0.000648s ]
SQL: SHOW COLUMNS FROM `rd_config` [ RunTime:0.0998s ]
SQL: SELECT `content` FROM `rd_config` WHERE `id` = 1 LIMIT 1   [ RunTime:0.1030s ]
SQL: UPDATE `rd_config` SET `content`='a:13:{s:4:\"BASE\";a:5:{s:6:\"domain\";s:23:\"http://www.luobowang.cn\";s:5:\"title\";s:37:\"萝卜网-真实的招聘求职平台\";s:7:\"keyword\";s:63:\"招聘,找工作,招聘网,人才网，萝卜网，求职网，\";s:4:\"desc\";s:135:\"萝卜网是真实的招聘求职平台，提供全国真实可靠的招聘信息。找工作、要招聘、搜人才就来萝卜网。\";s:6:\"search\";s:38:\"php工程师,web工程师,ios工程师\";}s:7:\"COMPANY\";a:4:{i:1888;a:2:{s:4:\"name\";s:12:\"黄金会员\";s:5:\"price\";s:4:\"1888\";}i:5888;a:2:{s:4:\"name\";s:12:\"铂金会员\";s:5:\"price\";s:4:\"5888\";}i:8888;a:2:{s:4:\"name\";s:12:\"钻石会员\";s:5:\"price\";s:4:\"8888\";}s:4:\"base\";a:5:{s:4:\"down\";s:1:\"6\";s:7:\"refresh\";s:1:\"1\";s:3:\"top\";s:2:\"30\";s:5:\"index\";s:3:\"299\";s:7:\"top_day\";a:4:{i:1;s:1:\"1\";i:2;s:1:\"3\";i:3;s:1:\"7\";i:4;s:2:\"30\";}}}s:4:\"USER\";a:4:{i:0;a:2:{s:4:\"name\";s:12:\"普通会员\";s:5:\"price\";s:1:\"0\";}i:9;a:2:{s:4:\"name\";s:3:\"VIP\";s:5:\"price\";s:3:\"9.9\";}i:19;a:2:{s:4:\"name\";s:4:\"VVIP\";s:5:\"price\";s:4:\"19.9\";}s:4:\"base\";a:2:{s:8:\"register\";s:1:\"3\";s:5:\"share\";s:3:\"0.1\";}}s:11:\"WORK_NATURE\";a:3:{s:9:\"full_time\";s:6:\"全职\";s:9:\"part_time\";s:6:\"兼职\";s:10:\"internship\";s:6:\"实习\";}s:15:\"WORK_EXPERIENCE\";a:6:{i:0;s:6:\"不限\";i:1;s:10:\"1年以下\";i:2;s:6:\"1-3年\";i:3;s:6:\"3-5年\";i:4;s:7:\"5-10年\";i:5;s:11:\"10年以上\";}s:9:\"EDUCATION\";a:9:{i:1;s:6:\"高中\";i:2;s:6:\"专科\";i:3;s:6:\"本科\";i:4;s:6:\"硕士\";i:5;s:6:\"博士\";i:6;s:9:\"博士后\";i:7;s:12:\"培训机构\";i:8;s:6:\"海外\";i:9;s:6:\"其他\";}s:9:\"WORK_TYPE\";a:3:{i:0;s:6:\"离职\";i:1;s:6:\"在职\";i:2;s:6:\"在校\";}s:14:\"HIGH_EDUCATION\";a:8:{i:1;s:6:\"小学\";i:2;s:6:\"初中\";i:3;s:6:\"高中\";i:4;s:6:\"专科\";i:5;s:6:\"本科\";i:6;s:6:\"硕士\";i:7;s:6:\"博士\";i:8;s:6:\"其他\";}s:6:\"SCALES\";a:6:{i:1;s:12:\"无需融资\";i:2;s:9:\"天使轮\";i:3;s:6:\"私企\";i:4;s:12:\"上市公司\";i:5;s:21:\"国企或事业单位\";i:6;s:6:\"其他\";}s:9:\"POST_TIME\";a:5:{i:1;s:6:\"随时\";i:2;s:6:\"商议\";i:3;s:9:\"一周内\";i:4;s:9:\"半月内\";i:5;s:9:\"一个月\";}s:16:\"ENTERPRISE_SCALE\";a:4:{i:1;s:6:\"1～50\";i:2;s:8:\"50～200\";i:3;s:9:\"200～500\";i:4;s:4:\"500+\";}s:15:\"COMPANY_DISPLAY\";a:3:{s:16:\"position_display\";s:289:\"岗位职责：
1、统招全日制本科及以上学历，XXXX等相关专业；
2、X年以上XXX工作经验；
3、熟悉xxx六大模块，掌握XXXX各模块工作流程；
4、熟悉xxx相关法律法规；
5、工作主动性高、具有敏锐的洞察力和较高的抗压能力。\";s:14:\"tenure_display\";s:534:\"任职要求：
1、XXXXX等相关专业本科及以上毕业；
2、具备x年以上工作经验
3、有XXX等的一些列技术和实施方法；
4、有较好逻辑思维能力，优秀的交互原型设计能力，熟练掌握可用性设计方法，基于可用性原则提出可行的设计改善方案；
5、工作积极主动，有持续的热情和责任心，对设计品质有执着追求；
6、善于团队合作，具备良好的沟通协调能力；
7、熟练掌握xxxx等主流软件；
8、有XXXX的优先考虑。\";s:15:\"welfare_display\";s:199:\"五险一金、绩效奖金、年终奖金、弹性工作、做五休二、餐饮补贴
加班补助、全勤奖、弹性工作、节日福利、不加班、高温补贴、绩效奖金、带薪年假\";}s:12:\"USER_DISPLAY\";a:1:{s:12:\"self_display\";s:340:\"我大学就读于xxxxxxx大学，XXX专业。熟练掌握C++、办公自动化、PS、AI等专业技能。曾就职于XXX公司XX岗位。和团队一起做出XXX的业绩。我能很快的融入公司和团队，相信我能够给自己的新团队注入一股新鲜的血液。我对自己的评价是，热情、奋进、积极、乐观\";}}' WHERE `id` = 1 [ RunTime:0.1048s ]

[ 2018-10-30T14:24:38+08:00 ] 127.0.0.1 /Config/index.html
INFO: [ app_init ] --START--
INFO: Run Behavior\BuildLiteBehavior [ RunTime:0.000013s ]
INFO: [ app_init ] --END-- [ RunTime:0.000860s ]
SQL: SHOW COLUMNS FROM `rd_config` [ RunTime:0.1032s ]
SQL: SELECT `content` FROM `rd_config` WHERE `id` = 1 LIMIT 1   [ RunTime:0.1000s ]
INFO: [ app_begin ] --START--
INFO: Run Behavior\ReadHtmlCacheBehavior [ RunTime:0.003076s ]
INFO: [ app_begin ] --END-- [ RunTime:0.003234s ]
SQL: SELECT `content` FROM `rd_config` WHERE `id` = 1 LIMIT 1   [ RunTime:0.0995s ]
INFO: [ view_parse ] --START--
INFO: [ template_filter ] --START--
INFO: Run Behavior\ContentReplaceBehavior [ RunTime:0.000640s ]
INFO: [ template_filter ] --END-- [ RunTime:0.000735s ]
INFO: Run Behavior\ParseTemplateBehavior [ RunTime:0.042554s ]
INFO: [ view_parse ] --END-- [ RunTime:0.042683s ]
INFO: [ view_filter ] --START--
INFO: Run Behavior\WriteHtmlCacheBehavior [ RunTime:0.001338s ]
INFO: [ view_filter ] --END-- [ RunTime:0.001408s ]
INFO: [ app_end ] --START--
INFO: Run Behavior\ShowPageTraceBehavior [ RunTime:0.001628s ]
INFO: [ app_end ] --END-- [ RunTime:0.001698s ]

[ 2018-10-30T14:24:42+08:00 ] 127.0.0.1 /Company/index
INFO: [ app_init ] --START--
INFO: Run Behavior\BuildLiteBehavior [ RunTime:0.000009s ]
INFO: [ app_init ] --END-- [ RunTime:0.000597s ]
INFO: [ app_begin ] --START--
INFO: Run Behavior\ReadHtmlCacheBehavior [ RunTime:0.000911s ]
INFO: [ app_begin ] --END-- [ RunTime:0.000969s ]
INFO: [ view_parse ] --START--
INFO: [ template_filter ] --START--
INFO: Run Behavior\ContentReplaceBehavior [ RunTime:0.000125s ]
INFO: [ template_filter ] --END-- [ RunTime:0.000161s ]
INFO: Run Behavior\ParseTemplateBehavior [ RunTime:0.010377s ]
INFO: [ view_parse ] --END-- [ RunTime:0.010422s ]
INFO: [ view_filter ] --START--
INFO: Run Behavior\WriteHtmlCacheBehavior [ RunTime:0.000516s ]
INFO: [ view_filter ] --END-- [ RunTime:0.000541s ]
INFO: [ app_end ] --START--
INFO: Run Behavior\ShowPageTraceBehavior [ RunTime:0.001065s ]
INFO: [ app_end ] --END-- [ RunTime:0.001127s ]

[ 2018-10-30T14:24:43+08:00 ] 127.0.0.1 /Company/index.html?mobile=&email=&name=&page=1&limit=10
INFO: [ app_init ] --START--
INFO: Run Behavior\BuildLiteBehavior [ RunTime:0.000016s ]
INFO: [ app_init ] --END-- [ RunTime:0.001024s ]
INFO: [ app_begin ] --START--
INFO: Run Behavior\ReadHtmlCacheBehavior [ RunTime:0.000729s ]
INFO: [ app_begin ] --END-- [ RunTime:0.000770s ]
SQL: SHOW COLUMNS FROM `rd_company_info` [ RunTime:0.1004s ]
SQL: SELECT COUNT(i.id) AS tp_count FROM rd_company_info i left join rd_user u ON u.id = i.user_id  LIMIT 1   [ RunTime:0.0992s ]
SQL: SELECT i.*,u.*,i.id as id FROM rd_company_info i left join rd_user u ON u.id = i.user_id  ORDER BY i.id desc LIMIT 0,10   [ RunTime:0.1980s ]

[ 2018-10-30T14:24:48+08:00 ] 127.0.0.1 /Company/setPartnerMeal.html
INFO: [ app_init ] --START--
INFO: Run Behavior\BuildLiteBehavior [ RunTime:0.000011s ]
INFO: [ app_init ] --END-- [ RunTime:0.000758s ]
INFO: [ app_begin ] --START--
INFO: Run Behavior\ReadHtmlCacheBehavior [ RunTime:0.000984s ]
INFO: [ app_begin ] --END-- [ RunTime:0.001072s ]
SQL: SHOW COLUMNS FROM `rd_company_info` [ RunTime:0.1001s ]
SQL: SELECT * FROM `rd_company_info` WHERE `id` = 1038 LIMIT 1   [ RunTime:0.0989s ]
SQL: UPDATE `rd_company_info` SET `company_meal`='2' WHERE `id` = 1038 [ RunTime:0.1055s ]

[ 2018-10-30T14:24:52+08:00 ] 127.0.0.1 /Company/index
INFO: [ app_init ] --START--
INFO: Run Behavior\BuildLiteBehavior [ RunTime:0.000016s ]
INFO: [ app_init ] --END-- [ RunTime:0.001274s ]
INFO: [ app_begin ] --START--
INFO: Run Behavior\ReadHtmlCacheBehavior [ RunTime:0.001052s ]
INFO: [ app_begin ] --END-- [ RunTime:0.001146s ]
INFO: [ view_parse ] --START--
INFO: [ template_filter ] --START--
INFO: Run Behavior\ContentReplaceBehavior [ RunTime:0.000128s ]
INFO: [ template_filter ] --END-- [ RunTime:0.000173s ]
INFO: Run Behavior\ParseTemplateBehavior [ RunTime:0.010582s ]
INFO: [ view_parse ] --END-- [ RunTime:0.010636s ]
INFO: [ view_filter ] --START--
INFO: Run Behavior\WriteHtmlCacheBehavior [ RunTime:0.000764s ]
INFO: [ view_filter ] --END-- [ RunTime:0.000804s ]
INFO: [ app_end ] --START--
INFO: Run Behavior\ShowPageTraceBehavior [ RunTime:0.000925s ]
INFO: [ app_end ] --END-- [ RunTime:0.000977s ]

[ 2018-10-30T14:24:52+08:00 ] 127.0.0.1 /Company/index.html?mobile=&email=&name=&page=1&limit=10
INFO: [ app_init ] --START--
INFO: Run Behavior\BuildLiteBehavior [ RunTime:0.000016s ]
INFO: [ app_init ] --END-- [ RunTime:0.001035s ]
INFO: [ app_begin ] --START--
INFO: Run Behavior\ReadHtmlCacheBehavior [ RunTime:0.000948s ]
INFO: [ app_begin ] --END-- [ RunTime:0.001020s ]
SQL: SHOW COLUMNS FROM `rd_company_info` [ RunTime:0.1014s ]
SQL: SELECT COUNT(i.id) AS tp_count FROM rd_company_info i left join rd_user u ON u.id = i.user_id  LIMIT 1   [ RunTime:0.0995s ]
SQL: SELECT i.*,u.*,i.id as id FROM rd_company_info i left join rd_user u ON u.id = i.user_id  ORDER BY i.id desc LIMIT 0,10   [ RunTime:0.1123s ]

[ 2018-10-30T14:24:57+08:00 ] 127.0.0.1 /Company/setPartnerMeal.html
INFO: [ app_init ] --START--
INFO: Run Behavior\BuildLiteBehavior [ RunTime:0.000040s ]
INFO: [ app_init ] --END-- [ RunTime:0.000827s ]
INFO: [ app_begin ] --START--
INFO: Run Behavior\ReadHtmlCacheBehavior [ RunTime:0.000748s ]
INFO: [ app_begin ] --END-- [ RunTime:0.000790s ]
SQL: SHOW COLUMNS FROM `rd_company_info` [ RunTime:0.1016s ]
SQL: SELECT * FROM `rd_company_info` WHERE `id` = 1038 LIMIT 1   [ RunTime:0.0992s ]
SQL: UPDATE `rd_company_info` SET `company_meal`='3' WHERE `id` = 1038 [ RunTime:0.1055s ]

[ 2018-10-30T14:25:00+08:00 ] 127.0.0.1 /Company/index
INFO: [ app_init ] --START--
INFO: Run Behavior\BuildLiteBehavior [ RunTime:0.000014s ]
INFO: [ app_init ] --END-- [ RunTime:0.000862s ]
INFO: [ app_begin ] --START--
INFO: Run Behavior\ReadHtmlCacheBehavior [ RunTime:0.000977s ]
INFO: [ app_begin ] --END-- [ RunTime:0.001046s ]
INFO: [ view_parse ] --START--
INFO: [ template_filter ] --START--
INFO: Run Behavior\ContentReplaceBehavior [ RunTime:0.000131s ]
INFO: [ template_filter ] --END-- [ RunTime:0.000175s ]
INFO: Run Behavior\ParseTemplateBehavior [ RunTime:0.012750s ]
INFO: [ view_parse ] --END-- [ RunTime:0.012845s ]
INFO: [ view_filter ] --START--
INFO: Run Behavior\WriteHtmlCacheBehavior [ RunTime:0.000737s ]
INFO: [ view_filter ] --END-- [ RunTime:0.000784s ]
INFO: [ app_end ] --START--
INFO: Run Behavior\ShowPageTraceBehavior [ RunTime:0.001027s ]
INFO: [ app_end ] --END-- [ RunTime:0.001086s ]

[ 2018-10-30T14:25:01+08:00 ] 127.0.0.1 /Company/index.html?mobile=&email=&name=&page=1&limit=10
INFO: [ app_init ] --START--
INFO: Run Behavior\BuildLiteBehavior [ RunTime:0.000030s ]
INFO: [ app_init ] --END-- [ RunTime:0.000802s ]
INFO: [ app_begin ] --START--
INFO: Run Behavior\ReadHtmlCacheBehavior [ RunTime:0.000779s ]
INFO: [ app_begin ] --END-- [ RunTime:0.000827s ]
SQL: SHOW COLUMNS FROM `rd_company_info` [ RunTime:0.0962s ]
SQL: SELECT COUNT(i.id) AS tp_count FROM rd_company_info i left join rd_user u ON u.id = i.user_id  LIMIT 1   [ RunTime:0.0947s ]
SQL: SELECT i.*,u.*,i.id as id FROM rd_company_info i left join rd_user u ON u.id = i.user_id  ORDER BY i.id desc LIMIT 0,10   [ RunTime:0.0988s ]

[ 2018-10-30T16:48:11+08:00 ] 127.0.0.1 /Config/index
INFO: [ app_init ] --START--
INFO: Run Behavior\BuildLiteBehavior [ RunTime:0.000009s ]
INFO: [ app_init ] --END-- [ RunTime:0.000632s ]
INFO: [ app_begin ] --START--
INFO: Run Behavior\ReadHtmlCacheBehavior [ RunTime:0.000970s ]
INFO: [ app_begin ] --END-- [ RunTime:0.001026s ]
SQL: SHOW COLUMNS FROM `rd_config` [ RunTime:0.1033s ]
SQL: SELECT `content` FROM `rd_config` WHERE `id` = 1 LIMIT 1   [ RunTime:0.6824s ]
INFO: [ view_parse ] --START--
INFO: [ template_filter ] --START--
INFO: Run Behavior\ContentReplaceBehavior [ RunTime:0.000636s ]
INFO: [ template_filter ] --END-- [ RunTime:0.000718s ]
INFO: Run Behavior\ParseTemplateBehavior [ RunTime:0.046473s ]
INFO: [ view_parse ] --END-- [ RunTime:0.047132s ]
INFO: [ view_filter ] --START--
INFO: Run Behavior\WriteHtmlCacheBehavior [ RunTime:0.001745s ]
INFO: [ view_filter ] --END-- [ RunTime:0.001879s ]
INFO: [ app_end ] --START--
INFO: Run Behavior\ShowPageTraceBehavior [ RunTime:0.001885s ]
INFO: [ app_end ] --END-- [ RunTime:0.001976s ]

