[ 2018-11-22T09:39:23+08:00 ] 127.0.0.1 /
INFO: [ app_init ] --START--
INFO: Run Behavior\BuildLiteBehavior [ RunTime:0.000013s ]
INFO: [ app_init ] --END-- [ RunTime:0.001008s ]
INFO: [ app_begin ] --START--
INFO: Run Behavior\ReadHtmlCacheBehavior [ RunTime:0.001095s ]
INFO: [ app_begin ] --END-- [ RunTime:0.001154s ]

[ 2018-11-22T09:39:23+08:00 ] 127.0.0.1 /Login/index.html
INFO: [ app_init ] --START--
INFO: Run Behavior\BuildLiteBehavior [ RunTime:0.000013s ]
INFO: [ app_init ] --END-- [ RunTime:0.000710s ]
INFO: [ app_begin ] --START--
INFO: Run Behavior\ReadHtmlCacheBehavior [ RunTime:0.000684s ]
INFO: [ app_begin ] --END-- [ RunTime:0.000726s ]
INFO: [ view_parse ] --START--
INFO: [ template_filter ] --START--
INFO: Run Behavior\ContentReplaceBehavior [ RunTime:0.001302s ]
INFO: [ template_filter ] --END-- [ RunTime:0.001373s ]
INFO: Run Behavior\ParseTemplateBehavior [ RunTime:0.011814s ]
INFO: [ view_parse ] --END-- [ RunTime:0.011873s ]
INFO: [ view_filter ] --START--
INFO: Run Behavior\WriteHtmlCacheBehavior [ RunTime:0.000873s ]
INFO: [ view_filter ] --END-- [ RunTime:0.000900s ]
INFO: [ app_end ] --START--
INFO: Run Behavior\ShowPageTraceBehavior [ RunTime:0.001054s ]
INFO: [ app_end ] --END-- [ RunTime:0.001083s ]

[ 2018-11-22T09:39:23+08:00 ] 127.0.0.1 /Login/verify.html
INFO: [ app_init ] --START--
INFO: Run Behavior\BuildLiteBehavior [ RunTime:0.000012s ]
INFO: [ app_init ] --END-- [ RunTime:0.000685s ]
INFO: [ app_begin ] --START--
INFO: Run Behavior\ReadHtmlCacheBehavior [ RunTime:0.000805s ]
INFO: [ app_begin ] --END-- [ RunTime:0.000860s ]
INFO: [ app_end ] --START--
INFO: Run Behavior\ShowPageTraceBehavior [ RunTime:0.001069s ]
INFO: [ app_end ] --END-- [ RunTime:0.001145s ]

[ 2018-11-22T09:39:31+08:00 ] 127.0.0.1 /Login/doLogin.html
INFO: [ app_init ] --START--
INFO: Run Behavior\BuildLiteBehavior [ RunTime:0.000008s ]
INFO: [ app_init ] --END-- [ RunTime:0.000678s ]
INFO: [ app_begin ] --START--
INFO: Run Behavior\ReadHtmlCacheBehavior [ RunTime:0.000747s ]
INFO: [ app_begin ] --END-- [ RunTime:0.000783s ]

[ 2018-11-22T09:39:34+08:00 ] 127.0.0.1 /Login/doLogin.html
INFO: [ app_init ] --START--
INFO: Run Behavior\BuildLiteBehavior [ RunTime:0.000009s ]
INFO: [ app_init ] --END-- [ RunTime:0.000626s ]
INFO: [ app_begin ] --START--
INFO: Run Behavior\ReadHtmlCacheBehavior [ RunTime:0.000712s ]
INFO: [ app_begin ] --END-- [ RunTime:0.000751s ]
SQL: SHOW COLUMNS FROM `rd_admin` [ RunTime:0.0991s ]
SQL: SELECT * FROM `rd_admin` WHERE `username` = 'admin' AND `password` = '231ee813250bd018144ec5acc5950026' LIMIT 1   [ RunTime:0.0982s ]
SQL: UPDATE `rd_admin` SET `last_time`='1542850774',`last_ip`='127.0.0.1' WHERE `id` = 1 [ RunTime:0.2255s ]

[ 2018-11-22T09:39:39+08:00 ] 127.0.0.1 /Index/index.html
INFO: [ app_init ] --START--
INFO: Run Behavior\BuildLiteBehavior [ RunTime:0.000018s ]
INFO: [ app_init ] --END-- [ RunTime:0.001016s ]
INFO: [ app_begin ] --START--
INFO: Run Behavior\ReadHtmlCacheBehavior [ RunTime:0.000587s ]
INFO: [ app_begin ] --END-- [ RunTime:0.000626s ]
SQL: SHOW COLUMNS FROM `rd_auth_group_access` [ RunTime:0.1000s ]
SQL: SELECT `group_id` FROM `rd_auth_group_access` WHERE `uid` = 1  [ RunTime:0.0995s ]
SQL: SHOW COLUMNS FROM `rd_auth_group` [ RunTime:0.1009s ]
SQL: SELECT `rules` FROM `rd_auth_group` WHERE `id` IN ('1')  [ RunTime:0.1002s ]
SQL: SHOW COLUMNS FROM `rd_auth_rule` [ RunTime:0.1011s ]
SQL: SELECT * FROM `rd_auth_rule` WHERE `parent_id` = 0 AND `status` = 1 AND `display` = 1 AND (  `id` IN ('6','21','33','1','94','37','36','35','34','2','3','38','5','4','42','41','40','39','7','9','8','46','45','44','43','10','15','11','47','50','49','48','16','52','51','17','58','56','19','18','55','54','53','57','20','60','59','24','14','22','70','69','68','67','66','65','64','63','62','61','95','93','92','27','26','23','74','73','72','71','29','13','28','76','75','97','30','79','78','85','84','83','82','81','80','32','31','86','88','96','91','90','89','87') ) ORDER BY sort asc  [ RunTime:0.1012s ]
SQL: SELECT * FROM `rd_auth_rule` WHERE `id` IN ('6','21','33','1','94','37','36','35','34','2','3','38','5','4','42','41','40','39','7','9','8','46','45','44','43','10','15','11','47','50','49','48','16','52','51','17','58','56','19','18','55','54','53','57','20','60','59','24','14','22','70','69','68','67','66','65','64','63','62','61','95','93','92','27','26','23','74','73','72','71','29','13','28','76','75','97','30','79','78','85','84','83','82','81','80','32','31','86','88','96','91','90','89','87') AND `status` = 1 AND `display` = 1 AND `parent_id` > 0 ORDER BY sort asc  [ RunTime:0.2262s ]
SQL: SELECT `name` FROM `rd_auth_rule` WHERE `status` = 1 AND (  `id` IN ('6','21','33','1','94','37','36','35','34','2','3','38','5','4','42','41','40','39','7','9','8','46','45','44','43','10','15','11','47','50','49','48','16','52','51','17','58','56','19','18','55','54','53','57','20','60','59','24','14','22','70','69','68','67','66','65','64','63','62','61','95','93','92','27','26','23','74','73','72','71','29','13','28','76','75','97','30','79','78','85','84','83','82','81','80','32','31','86','88','96','91','90','89','87') )  [ RunTime:0.1009s ]
INFO: [ view_parse ] --START--
INFO: [ template_filter ] --START--
INFO: Run Behavior\ContentReplaceBehavior [ RunTime:0.000110s ]
INFO: [ template_filter ] --END-- [ RunTime:0.000172s ]
INFO: Run Behavior\ParseTemplateBehavior [ RunTime:0.031976s ]
INFO: [ view_parse ] --END-- [ RunTime:0.032073s ]
INFO: [ view_filter ] --START--
INFO: Run Behavior\WriteHtmlCacheBehavior [ RunTime:0.000971s ]
INFO: [ view_filter ] --END-- [ RunTime:0.001018s ]
INFO: [ app_end ] --START--
INFO: Run Behavior\ShowPageTraceBehavior [ RunTime:0.001166s ]
INFO: [ app_end ] --END-- [ RunTime:0.001228s ]

[ 2018-11-22T09:39:43+08:00 ] 127.0.0.1 /Shop/index
INFO: [ app_init ] --START--
INFO: Run Behavior\BuildLiteBehavior [ RunTime:0.000013s ]
INFO: [ app_init ] --END-- [ RunTime:0.000836s ]
INFO: [ app_begin ] --START--
INFO: Run Behavior\ReadHtmlCacheBehavior [ RunTime:0.000850s ]
INFO: [ app_begin ] --END-- [ RunTime:0.000895s ]
INFO: [ view_parse ] --START--
INFO: [ template_filter ] --START--
INFO: Run Behavior\ContentReplaceBehavior [ RunTime:0.000128s ]
INFO: [ template_filter ] --END-- [ RunTime:0.000183s ]
INFO: Run Behavior\ParseTemplateBehavior [ RunTime:0.020607s ]
INFO: [ view_parse ] --END-- [ RunTime:0.020674s ]
INFO: [ view_filter ] --START--
INFO: Run Behavior\WriteHtmlCacheBehavior [ RunTime:0.000772s ]
INFO: [ view_filter ] --END-- [ RunTime:0.000808s ]
INFO: [ app_end ] --START--
INFO: Run Behavior\ShowPageTraceBehavior [ RunTime:0.000885s ]
INFO: [ app_end ] --END-- [ RunTime:0.000928s ]

[ 2018-11-22T09:39:45+08:00 ] 127.0.0.1 /Shop/index.html?name=&page=1&limit=10
INFO: [ app_init ] --START--
INFO: Run Behavior\BuildLiteBehavior [ RunTime:0.000015s ]
INFO: [ app_init ] --END-- [ RunTime:0.000888s ]
INFO: [ app_begin ] --START--
INFO: Run Behavior\ReadHtmlCacheBehavior [ RunTime:0.001192s ]
INFO: [ app_begin ] --END-- [ RunTime:0.001271s ]
SQL: SHOW COLUMNS FROM `rd_shops` [ RunTime:0.0964s ]
SQL: SELECT COUNT(id) AS tp_count FROM `rd_shops` LIMIT 1   [ RunTime:0.0963s ]
SQL: SELECT * FROM `rd_shops` ORDER BY id desc LIMIT 0,10   [ RunTime:0.0980s ]
SQL: SHOW COLUMNS FROM `rd_user` [ RunTime:0.0967s ]
SQL: SELECT `mobile` FROM `rd_user` WHERE `id` = 1913 LIMIT 1   [ RunTime:0.0957s ]
SQL: SELECT `mobile` FROM `rd_user` WHERE `id` = 1310 LIMIT 1   [ RunTime:0.0966s ]
SQL: SELECT `mobile` FROM `rd_user` WHERE `id` = 1577 LIMIT 1   [ RunTime:0.0957s ]
SQL: SELECT `mobile` FROM `rd_user` WHERE `id` = 1298 LIMIT 1   [ RunTime:0.0955s ]
SQL: SELECT `mobile` FROM `rd_user` WHERE `id` = 1830 LIMIT 1   [ RunTime:0.0953s ]
SQL: SELECT `mobile` FROM `rd_user` WHERE `id` = 1766 LIMIT 1   [ RunTime:0.0956s ]
SQL: SELECT `mobile` FROM `rd_user` WHERE `id` = 1076 LIMIT 1   [ RunTime:0.0961s ]
SQL: SELECT `mobile` FROM `rd_user` WHERE `id` = 1025 LIMIT 1   [ RunTime:0.0972s ]
SQL: SELECT `mobile` FROM `rd_user` WHERE `id` = 1074 LIMIT 1   [ RunTime:0.0961s ]
SQL: SELECT `mobile` FROM `rd_user` WHERE `id` = 1020 LIMIT 1   [ RunTime:0.0960s ]

[ 2018-11-22T09:39:45+08:00 ] 127.0.0.1 /Uploads/20181121/5bf5230dc3800.jpg
INFO: [ app_init ] --START--
INFO: Run Behavior\BuildLiteBehavior [ RunTime:0.000009s ]
INFO: [ app_init ] --END-- [ RunTime:0.000560s ]

[ 2018-11-22T09:39:45+08:00 ] 127.0.0.1 /Uploads/20181121/5bf51b505a4ef.jpg
INFO: [ app_init ] --START--
INFO: Run Behavior\BuildLiteBehavior [ RunTime:0.000013s ]
INFO: [ app_init ] --END-- [ RunTime:0.000992s ]

[ 2018-11-22T09:39:45+08:00 ] 127.0.0.1 /Uploads/20181121/5bf4f999c59a8.jpg
INFO: [ app_init ] --START--
INFO: Run Behavior\BuildLiteBehavior [ RunTime:0.000014s ]
INFO: [ app_init ] --END-- [ RunTime:0.000978s ]

[ 2018-11-22T09:39:45+08:00 ] 127.0.0.1 /Uploads/20181116/5bee22407debe.jpg
INFO: [ app_init ] --START--
INFO: Run Behavior\BuildLiteBehavior [ RunTime:0.000018s ]
INFO: [ app_init ] --END-- [ RunTime:0.000835s ]

[ 2018-11-22T09:39:45+08:00 ] 127.0.0.1 /Uploads/20181115/5bed7d25095ee.jpg
INFO: [ app_init ] --START--
INFO: Run Behavior\BuildLiteBehavior [ RunTime:0.000008s ]
INFO: [ app_init ] --END-- [ RunTime:0.000496s ]

[ 2018-11-22T09:39:45+08:00 ] 127.0.0.1 /Uploads/20181114/5bebcc70a2ef1.jpg
INFO: [ app_init ] --START--
INFO: Run Behavior\BuildLiteBehavior [ RunTime:0.000012s ]
INFO: [ app_init ] --END-- [ RunTime:0.000643s ]

[ 2018-11-22T09:39:45+08:00 ] 127.0.0.1 /Uploads/20181031/5bd96513d1ca8.jpg
INFO: [ app_init ] --START--
INFO: Run Behavior\BuildLiteBehavior [ RunTime:0.000011s ]
INFO: [ app_init ] --END-- [ RunTime:0.000625s ]

[ 2018-11-22T09:39:45+08:00 ] 127.0.0.1 /Uploads/20181031/5bd96278a80bb.jpg
INFO: [ app_init ] --START--
INFO: Run Behavior\BuildLiteBehavior [ RunTime:0.000008s ]
INFO: [ app_init ] --END-- [ RunTime:0.000462s ]

[ 2018-11-22T09:39:45+08:00 ] 127.0.0.1 /Uploads/20181031/5bd9622cd89d5.png
INFO: [ app_init ] --START--
INFO: Run Behavior\BuildLiteBehavior [ RunTime:0.000008s ]
INFO: [ app_init ] --END-- [ RunTime:0.000503s ]

[ 2018-11-22T09:39:45+08:00 ] 127.0.0.1 /Uploads/20181031/5bd962e5f03e7.jpg
INFO: [ app_init ] --START--
INFO: Run Behavior\BuildLiteBehavior [ RunTime:0.000010s ]
INFO: [ app_init ] --END-- [ RunTime:0.000592s ]

[ 2018-11-22T09:39:48+08:00 ] 127.0.0.1 /Shop/userList.html?user_id=1913
INFO: [ app_init ] --START--
INFO: Run Behavior\BuildLiteBehavior [ RunTime:0.000019s ]
INFO: [ app_init ] --END-- [ RunTime:0.000885s ]
INFO: [ app_begin ] --START--
INFO: Run Behavior\ReadHtmlCacheBehavior [ RunTime:0.000785s ]
INFO: [ app_begin ] --END-- [ RunTime:0.000841s ]
SQL: SHOW COLUMNS FROM `rd_user` [ RunTime:0.1015s ]
SQL: SHOW COLUMNS FROM `rd_shops` [ RunTime:0.1019s ]
SQL: SELECT * FROM `rd_shops` WHERE `user_id` = 1913 LIMIT 1   [ RunTime:0.1014s ]
ERR: 1054:Unknown column 'u_i.user_id' in 'on clause'
 [ SQL语句 ] : SELECT COUNT(u_i.id) AS tp_count FROM rd_user u_i left join rd_user u ON u.id = u_i.user_id  WHERE u.invite_uid = 1913 LIMIT 1  
ERR: 1054:Unknown column 'u_i.user_id' in 'on clause'
 [ SQL语句 ] : SELECT COUNT(u_i.id) AS tp_count FROM rd_user u_i left join rd_user u ON u.id = u_i.user_id  WHERE u.invite_uid = 1913 LIMIT 1  

[ 2018-11-22T09:41:00+08:00 ] 127.0.0.1 /Shop/userList.html?user_id=1913
INFO: [ app_init ] --START--
INFO: Run Behavior\BuildLiteBehavior [ RunTime:0.000009s ]
INFO: [ app_init ] --END-- [ RunTime:0.000738s ]
INFO: [ app_begin ] --START--
INFO: Run Behavior\ReadHtmlCacheBehavior [ RunTime:0.001009s ]
INFO: [ app_begin ] --END-- [ RunTime:0.001067s ]
SQL: SHOW COLUMNS FROM `rd_user_info` [ RunTime:0.0991s ]
SQL: SHOW COLUMNS FROM `rd_shops` [ RunTime:0.0981s ]
SQL: SELECT * FROM `rd_shops` WHERE `user_id` = 1913 LIMIT 1   [ RunTime:0.0979s ]
SQL: SELECT COUNT(u_i.id) AS tp_count FROM rd_user_info u_i left join rd_user u ON u.id = u_i.user_id  WHERE u.invite_uid = 1913 LIMIT 1   [ RunTime:0.0986s ]
SQL: SHOW COLUMNS FROM `rd_user` [ RunTime:0.0978s ]
SQL: SELECT COUNT(id) AS tp_count FROM `rd_user` WHERE `invite_uid` = 1913 LIMIT 1   [ RunTime:0.0991s ]
SQL: SHOW COLUMNS FROM `rd_shops_orders` [ RunTime:0.0980s ]
SQL: SELECT SUM(income) AS tp_sum FROM `rd_shops_orders` WHERE `user_id` = 1913 AND `check_up` = 1 LIMIT 1   [ RunTime:0.0970s ]
SQL: SELECT SUM(income) AS tp_sum FROM `rd_shops_orders` WHERE `user_id` = 1913 AND `check_up` = 1 AND `add_time` >= '2018-11-01' LIMIT 1   [ RunTime:0.0979s ]
INFO: [ view_parse ] --START--
INFO: [ template_filter ] --START--
INFO: Run Behavior\ContentReplaceBehavior [ RunTime:0.000078s ]
INFO: [ template_filter ] --END-- [ RunTime:0.000111s ]
INFO: Run Behavior\ParseTemplateBehavior [ RunTime:0.015594s ]
INFO: [ view_parse ] --END-- [ RunTime:0.015636s ]
INFO: [ view_filter ] --START--
INFO: Run Behavior\WriteHtmlCacheBehavior [ RunTime:0.000502s ]
INFO: [ view_filter ] --END-- [ RunTime:0.000528s ]
INFO: [ app_end ] --START--
INFO: Run Behavior\ShowPageTraceBehavior [ RunTime:0.000694s ]
INFO: [ app_end ] --END-- [ RunTime:0.000729s ]

[ 2018-11-22T09:41:01+08:00 ] 127.0.0.1 /Shop/userList.html?user_id=1913&page=1&limit=10
INFO: [ app_init ] --START--
INFO: Run Behavior\BuildLiteBehavior [ RunTime:0.000015s ]
INFO: [ app_init ] --END-- [ RunTime:0.000879s ]
INFO: [ app_begin ] --START--
INFO: Run Behavior\ReadHtmlCacheBehavior [ RunTime:0.001227s ]
INFO: [ app_begin ] --END-- [ RunTime:0.001307s ]
SQL: SHOW COLUMNS FROM `rd_user` [ RunTime:0.1033s ]
SQL: SELECT COUNT(u.id) AS tp_count FROM rd_user u left join rd_user_info u_i ON u.id = u_i.user_id  WHERE u.invite_uid = 1913 LIMIT 1   [ RunTime:0.1045s ]
SQL: SELECT u.*,u_i.id as user_info_id FROM rd_user u left join rd_user_info u_i ON u.id = u_i.user_id  WHERE u.invite_uid = 1913 ORDER BY u_i.id desc LIMIT 0,10   [ RunTime:0.1093s ]

[ 2018-11-22T09:41:12+08:00 ] 127.0.0.1 /Shop/userList.html?user_id=1913&page=2&limit=10
INFO: [ app_init ] --START--
INFO: Run Behavior\BuildLiteBehavior [ RunTime:0.000012s ]
INFO: [ app_init ] --END-- [ RunTime:0.000550s ]
INFO: [ app_begin ] --START--
INFO: Run Behavior\ReadHtmlCacheBehavior [ RunTime:0.000858s ]
INFO: [ app_begin ] --END-- [ RunTime:0.000905s ]
SQL: SHOW COLUMNS FROM `rd_user` [ RunTime:0.1006s ]
SQL: SELECT COUNT(u.id) AS tp_count FROM rd_user u left join rd_user_info u_i ON u.id = u_i.user_id  WHERE u.invite_uid = 1913 LIMIT 1   [ RunTime:0.1020s ]
SQL: SELECT u.*,u_i.id as user_info_id FROM rd_user u left join rd_user_info u_i ON u.id = u_i.user_id  WHERE u.invite_uid = 1913 ORDER BY u_i.id desc LIMIT 10,10   [ RunTime:0.1048s ]

[ 2018-11-22T09:41:14+08:00 ] 127.0.0.1 /Shop/userList.html?user_id=1913&page=3&limit=10
INFO: [ app_init ] --START--
INFO: Run Behavior\BuildLiteBehavior [ RunTime:0.000009s ]
INFO: [ app_init ] --END-- [ RunTime:0.000634s ]
INFO: [ app_begin ] --START--
INFO: Run Behavior\ReadHtmlCacheBehavior [ RunTime:0.001039s ]
INFO: [ app_begin ] --END-- [ RunTime:0.001097s ]
SQL: SHOW COLUMNS FROM `rd_user` [ RunTime:0.0993s ]
SQL: SELECT COUNT(u.id) AS tp_count FROM rd_user u left join rd_user_info u_i ON u.id = u_i.user_id  WHERE u.invite_uid = 1913 LIMIT 1   [ RunTime:0.1010s ]
SQL: SELECT u.*,u_i.id as user_info_id FROM rd_user u left join rd_user_info u_i ON u.id = u_i.user_id  WHERE u.invite_uid = 1913 ORDER BY u_i.id desc LIMIT 20,10   [ RunTime:0.1041s ]

[ 2018-11-22T09:41:37+08:00 ] 127.0.0.1 /Shop/userList.html?user_id=1913
INFO: [ app_init ] --START--
INFO: Run Behavior\BuildLiteBehavior [ RunTime:0.000011s ]
INFO: [ app_init ] --END-- [ RunTime:0.000705s ]
INFO: [ app_begin ] --START--
INFO: Run Behavior\ReadHtmlCacheBehavior [ RunTime:0.000842s ]
INFO: [ app_begin ] --END-- [ RunTime:0.000932s ]
SQL: SHOW COLUMNS FROM `rd_user_info` [ RunTime:0.1011s ]
SQL: SHOW COLUMNS FROM `rd_shops` [ RunTime:0.1002s ]
SQL: SELECT * FROM `rd_shops` WHERE `user_id` = 1913 LIMIT 1   [ RunTime:0.0997s ]
SQL: SELECT COUNT(u_i.id) AS tp_count FROM rd_user_info u_i left join rd_user u ON u.id = u_i.user_id  WHERE u.invite_uid = 1913 LIMIT 1   [ RunTime:0.1008s ]
SQL: SHOW COLUMNS FROM `rd_user` [ RunTime:0.1001s ]
SQL: SELECT COUNT(id) AS tp_count FROM `rd_user` WHERE `invite_uid` = 1913 LIMIT 1   [ RunTime:0.0998s ]
SQL: SHOW COLUMNS FROM `rd_shops_orders` [ RunTime:0.0996s ]
SQL: SELECT SUM(income) AS tp_sum FROM `rd_shops_orders` WHERE `user_id` = 1913 AND `check_up` = 1 LIMIT 1   [ RunTime:0.0994s ]
SQL: SELECT SUM(income) AS tp_sum FROM `rd_shops_orders` WHERE `user_id` = 1913 AND `check_up` = 1 AND `add_time` >= '2018-11-01' LIMIT 1   [ RunTime:0.0995s ]
INFO: [ view_parse ] --START--
INFO: [ template_filter ] --START--
INFO: Run Behavior\ContentReplaceBehavior [ RunTime:0.000159s ]
INFO: [ template_filter ] --END-- [ RunTime:0.000223s ]
INFO: Run Behavior\ParseTemplateBehavior [ RunTime:0.018840s ]
INFO: [ view_parse ] --END-- [ RunTime:0.018908s ]
INFO: [ view_filter ] --START--
INFO: Run Behavior\WriteHtmlCacheBehavior [ RunTime:0.001270s ]
INFO: [ view_filter ] --END-- [ RunTime:0.001324s ]
INFO: [ app_end ] --START--
INFO: Run Behavior\ShowPageTraceBehavior [ RunTime:0.001699s ]
INFO: [ app_end ] --END-- [ RunTime:0.001772s ]

[ 2018-11-22T09:41:38+08:00 ] 127.0.0.1 /Shop/userList.html?user_id=1913&page=1&limit=10
INFO: [ app_init ] --START--
INFO: Run Behavior\BuildLiteBehavior [ RunTime:0.000016s ]
INFO: [ app_init ] --END-- [ RunTime:0.000911s ]
INFO: [ app_begin ] --START--
INFO: Run Behavior\ReadHtmlCacheBehavior [ RunTime:0.000663s ]
INFO: [ app_begin ] --END-- [ RunTime:0.000702s ]
SQL: SHOW COLUMNS FROM `rd_user` [ RunTime:0.0986s ]
SQL: SELECT COUNT(u.id) AS tp_count FROM rd_user u left join rd_user_info u_i ON u.id = u_i.user_id  WHERE u.invite_uid = 1913 LIMIT 1   [ RunTime:0.0995s ]
SQL: SELECT u.*,u_i.id as user_info_id FROM rd_user u left join rd_user_info u_i ON u.id = u_i.user_id  WHERE u.invite_uid = 1913 ORDER BY u_i.id desc LIMIT 0,10   [ RunTime:0.1033s ]

[ 2018-11-22T09:41:42+08:00 ] 127.0.0.1 /Shop/userList.html?user_id=1913&page=3&limit=10
INFO: [ app_init ] --START--
INFO: Run Behavior\BuildLiteBehavior [ RunTime:0.000009s ]
INFO: [ app_init ] --END-- [ RunTime:0.000629s ]
INFO: [ app_begin ] --START--
INFO: Run Behavior\ReadHtmlCacheBehavior [ RunTime:0.000770s ]
INFO: [ app_begin ] --END-- [ RunTime:0.000812s ]
SQL: SHOW COLUMNS FROM `rd_user` [ RunTime:0.0978s ]
SQL: SELECT COUNT(u.id) AS tp_count FROM rd_user u left join rd_user_info u_i ON u.id = u_i.user_id  WHERE u.invite_uid = 1913 LIMIT 1   [ RunTime:0.0993s ]
SQL: SELECT u.*,u_i.id as user_info_id FROM rd_user u left join rd_user_info u_i ON u.id = u_i.user_id  WHERE u.invite_uid = 1913 ORDER BY u_i.id desc LIMIT 20,10   [ RunTime:0.1035s ]

[ 2018-11-22T09:41:44+08:00 ] 127.0.0.1 /Shop/userList.html?user_id=1913&page=2&limit=10
INFO: [ app_init ] --START--
INFO: Run Behavior\BuildLiteBehavior [ RunTime:0.000009s ]
INFO: [ app_init ] --END-- [ RunTime:0.000572s ]
INFO: [ app_begin ] --START--
INFO: Run Behavior\ReadHtmlCacheBehavior [ RunTime:0.000677s ]
INFO: [ app_begin ] --END-- [ RunTime:0.000712s ]
SQL: SHOW COLUMNS FROM `rd_user` [ RunTime:0.1031s ]
SQL: SELECT COUNT(u.id) AS tp_count FROM rd_user u left join rd_user_info u_i ON u.id = u_i.user_id  WHERE u.invite_uid = 1913 LIMIT 1   [ RunTime:0.1037s ]
SQL: SELECT u.*,u_i.id as user_info_id FROM rd_user u left join rd_user_info u_i ON u.id = u_i.user_id  WHERE u.invite_uid = 1913 ORDER BY u_i.id desc LIMIT 10,10   [ RunTime:0.1079s ]

[ 2018-11-22T09:41:46+08:00 ] 127.0.0.1 /Shop/userList.html?user_id=1913&page=1&limit=10
INFO: [ app_init ] --START--
INFO: Run Behavior\BuildLiteBehavior [ RunTime:0.000011s ]
INFO: [ app_init ] --END-- [ RunTime:0.000543s ]
INFO: [ app_begin ] --START--
INFO: Run Behavior\ReadHtmlCacheBehavior [ RunTime:0.000627s ]
INFO: [ app_begin ] --END-- [ RunTime:0.000665s ]
SQL: SHOW COLUMNS FROM `rd_user` [ RunTime:0.0958s ]
SQL: SELECT COUNT(u.id) AS tp_count FROM rd_user u left join rd_user_info u_i ON u.id = u_i.user_id  WHERE u.invite_uid = 1913 LIMIT 1   [ RunTime:0.0961s ]
SQL: SELECT u.*,u_i.id as user_info_id FROM rd_user u left join rd_user_info u_i ON u.id = u_i.user_id  WHERE u.invite_uid = 1913 ORDER BY u_i.id desc LIMIT 0,10   [ RunTime:0.1008s ]

[ 2018-11-22T09:42:32+08:00 ] 127.0.0.1 /Shop/userList.html?user_id=1913
INFO: [ app_init ] --START--
INFO: Run Behavior\BuildLiteBehavior [ RunTime:0.000027s ]
INFO: [ app_init ] --END-- [ RunTime:0.000986s ]
INFO: [ app_begin ] --START--
INFO: Run Behavior\ReadHtmlCacheBehavior [ RunTime:0.000615s ]
INFO: [ app_begin ] --END-- [ RunTime:0.000656s ]
SQL: SHOW COLUMNS FROM `rd_user_info` [ RunTime:0.1010s ]
SQL: SHOW COLUMNS FROM `rd_shops` [ RunTime:0.1026s ]
SQL: SELECT * FROM `rd_shops` WHERE `user_id` = 1913 LIMIT 1   [ RunTime:0.1006s ]
SQL: SELECT COUNT(u_i.id) AS tp_count FROM rd_user_info u_i left join rd_user u ON u.id = u_i.user_id  WHERE u.invite_uid = 1913 LIMIT 1   [ RunTime:0.1005s ]
SQL: SHOW COLUMNS FROM `rd_user` [ RunTime:0.0999s ]
SQL: SELECT COUNT(id) AS tp_count FROM `rd_user` WHERE `invite_uid` = 1913 LIMIT 1   [ RunTime:0.0994s ]
SQL: SHOW COLUMNS FROM `rd_shops_orders` [ RunTime:0.1008s ]
SQL: SELECT SUM(income) AS tp_sum FROM `rd_shops_orders` WHERE `user_id` = 1913 AND `check_up` = 1 LIMIT 1   [ RunTime:0.0991s ]
SQL: SELECT SUM(income) AS tp_sum FROM `rd_shops_orders` WHERE `user_id` = 1913 AND `check_up` = 1 AND `add_time` >= '2018-11-01' LIMIT 1   [ RunTime:0.1000s ]
INFO: [ view_parse ] --START--
INFO: [ template_filter ] --START--
INFO: Run Behavior\ContentReplaceBehavior [ RunTime:0.000272s ]
INFO: [ template_filter ] --END-- [ RunTime:0.000377s ]
INFO: Run Behavior\ParseTemplateBehavior [ RunTime:0.026571s ]
INFO: [ view_parse ] --END-- [ RunTime:0.026684s ]
INFO: [ view_filter ] --START--
INFO: Run Behavior\WriteHtmlCacheBehavior [ RunTime:0.001972s ]
INFO: [ view_filter ] --END-- [ RunTime:0.002090s ]
INFO: [ app_end ] --START--
INFO: Run Behavior\ShowPageTraceBehavior [ RunTime:0.002430s ]
INFO: [ app_end ] --END-- [ RunTime:0.002557s ]

[ 2018-11-22T09:42:33+08:00 ] 127.0.0.1 /Shop/userList.html?user_id=1913&page=1&limit=10
INFO: [ app_init ] --START--
INFO: Run Behavior\BuildLiteBehavior [ RunTime:0.000015s ]
INFO: [ app_init ] --END-- [ RunTime:0.001016s ]
INFO: [ app_begin ] --START--
INFO: Run Behavior\ReadHtmlCacheBehavior [ RunTime:0.001084s ]
INFO: [ app_begin ] --END-- [ RunTime:0.001157s ]
SQL: SHOW COLUMNS FROM `rd_user` [ RunTime:0.1035s ]
SQL: SELECT COUNT(u.id) AS tp_count FROM rd_user u left join rd_user_info u_i ON u.id = u_i.user_id  WHERE u.invite_uid = 1913 LIMIT 1   [ RunTime:0.1039s ]
SQL: SELECT u.*,u_i.id as user_info_id,u_i.real_name FROM rd_user u left join rd_user_info u_i ON u.id = u_i.user_id  WHERE u.invite_uid = 1913 ORDER BY u_i.id desc LIMIT 0,10   [ RunTime:0.1083s ]

[ 2018-11-22T09:42:36+08:00 ] 127.0.0.1 /Shop/userList.html?user_id=1913&page=3&limit=10
INFO: [ app_init ] --START--
INFO: Run Behavior\BuildLiteBehavior [ RunTime:0.000008s ]
INFO: [ app_init ] --END-- [ RunTime:0.000630s ]
INFO: [ app_begin ] --START--
INFO: Run Behavior\ReadHtmlCacheBehavior [ RunTime:0.000675s ]
INFO: [ app_begin ] --END-- [ RunTime:0.000705s ]
SQL: SHOW COLUMNS FROM `rd_user` [ RunTime:0.1272s ]
SQL: SELECT COUNT(u.id) AS tp_count FROM rd_user u left join rd_user_info u_i ON u.id = u_i.user_id  WHERE u.invite_uid = 1913 LIMIT 1   [ RunTime:0.0983s ]
SQL: SELECT u.*,u_i.id as user_info_id,u_i.real_name FROM rd_user u left join rd_user_info u_i ON u.id = u_i.user_id  WHERE u.invite_uid = 1913 ORDER BY u_i.id desc LIMIT 20,10   [ RunTime:0.1033s ]

[ 2018-11-22T09:42:38+08:00 ] 127.0.0.1 /Shop/userList.html?user_id=1913&page=2&limit=10
INFO: [ app_init ] --START--
INFO: Run Behavior\BuildLiteBehavior [ RunTime:0.000011s ]
INFO: [ app_init ] --END-- [ RunTime:0.000704s ]
INFO: [ app_begin ] --START--
INFO: Run Behavior\ReadHtmlCacheBehavior [ RunTime:0.000656s ]
INFO: [ app_begin ] --END-- [ RunTime:0.000685s ]
SQL: SHOW COLUMNS FROM `rd_user` [ RunTime:0.0995s ]
SQL: SELECT COUNT(u.id) AS tp_count FROM rd_user u left join rd_user_info u_i ON u.id = u_i.user_id  WHERE u.invite_uid = 1913 LIMIT 1   [ RunTime:0.1007s ]
SQL: SELECT u.*,u_i.id as user_info_id,u_i.real_name FROM rd_user u left join rd_user_info u_i ON u.id = u_i.user_id  WHERE u.invite_uid = 1913 ORDER BY u_i.id desc LIMIT 10,10   [ RunTime:0.1054s ]

[ 2018-11-22T09:42:40+08:00 ] 127.0.0.1 /Shop/userList.html?user_id=1913&page=1&limit=10
INFO: [ app_init ] --START--
INFO: Run Behavior\BuildLiteBehavior [ RunTime:0.000011s ]
INFO: [ app_init ] --END-- [ RunTime:0.000618s ]
INFO: [ app_begin ] --START--
INFO: Run Behavior\ReadHtmlCacheBehavior [ RunTime:0.000714s ]
INFO: [ app_begin ] --END-- [ RunTime:0.000754s ]
SQL: SHOW COLUMNS FROM `rd_user` [ RunTime:0.3913s ]
SQL: SELECT COUNT(u.id) AS tp_count FROM rd_user u left join rd_user_info u_i ON u.id = u_i.user_id  WHERE u.invite_uid = 1913 LIMIT 1   [ RunTime:0.0967s ]
SQL: SELECT u.*,u_i.id as user_info_id,u_i.real_name FROM rd_user u left join rd_user_info u_i ON u.id = u_i.user_id  WHERE u.invite_uid = 1913 ORDER BY u_i.id desc LIMIT 0,10   [ RunTime:0.1021s ]

[ 2018-11-22T09:45:54+08:00 ] 127.0.0.1 /Shop/userList.html?user_id=1913
INFO: [ app_init ] --START--
INFO: Run Behavior\BuildLiteBehavior [ RunTime:0.000010s ]
INFO: [ app_init ] --END-- [ RunTime:0.000736s ]
INFO: [ app_begin ] --START--
INFO: Run Behavior\ReadHtmlCacheBehavior [ RunTime:0.000684s ]
INFO: [ app_begin ] --END-- [ RunTime:0.000714s ]
SQL: SHOW COLUMNS FROM `rd_user_info` [ RunTime:0.4016s ]
SQL: SHOW COLUMNS FROM `rd_shops` [ RunTime:0.1002s ]
SQL: SELECT * FROM `rd_shops` WHERE `user_id` = 1913 LIMIT 1   [ RunTime:0.1006s ]
SQL: SELECT COUNT(u_i.id) AS tp_count FROM rd_user_info u_i left join rd_user u ON u.id = u_i.user_id  WHERE u.invite_uid = 1913 LIMIT 1   [ RunTime:0.1004s ]
SQL: SHOW COLUMNS FROM `rd_user` [ RunTime:0.0999s ]
SQL: SELECT COUNT(id) AS tp_count FROM `rd_user` WHERE `invite_uid` = 1913 LIMIT 1   [ RunTime:0.1002s ]
SQL: SHOW COLUMNS FROM `rd_shops_orders` [ RunTime:0.7006s ]
SQL: SELECT SUM(income) AS tp_sum FROM `rd_shops_orders` WHERE `user_id` = 1913 AND `check_up` = 1 LIMIT 1   [ RunTime:0.0998s ]
SQL: SELECT SUM(income) AS tp_sum FROM `rd_shops_orders` WHERE `user_id` = 1913 AND `check_up` = 1 AND `add_time` >= '2018-11-01' LIMIT 1   [ RunTime:0.0992s ]
INFO: [ view_parse ] --START--
INFO: [ template_filter ] --START--
INFO: Run Behavior\ContentReplaceBehavior [ RunTime:0.000362s ]
INFO: [ template_filter ] --END-- [ RunTime:0.000534s ]
INFO: Run Behavior\ParseTemplateBehavior [ RunTime:0.035979s ]
INFO: [ view_parse ] --END-- [ RunTime:0.036105s ]
INFO: [ view_filter ] --START--
INFO: Run Behavior\WriteHtmlCacheBehavior [ RunTime:0.001946s ]
INFO: [ view_filter ] --END-- [ RunTime:0.002041s ]
INFO: [ app_end ] --START--
INFO: Run Behavior\ShowPageTraceBehavior [ RunTime:0.002050s ]
INFO: [ app_end ] --END-- [ RunTime:0.002149s ]

[ 2018-11-22T09:45:55+08:00 ] 127.0.0.1 /Shop/userList.html?user_id=1913&mobile=&status=&page=1&limit=10
INFO: [ app_init ] --START--
INFO: Run Behavior\BuildLiteBehavior [ RunTime:0.000017s ]
INFO: [ app_init ] --END-- [ RunTime:0.000967s ]
INFO: [ app_begin ] --START--
INFO: Run Behavior\ReadHtmlCacheBehavior [ RunTime:0.001143s ]
INFO: [ app_begin ] --END-- [ RunTime:0.001223s ]
SQL: SHOW COLUMNS FROM `rd_user` [ RunTime:0.1015s ]
SQL: SELECT COUNT(u.id) AS tp_count FROM rd_user u left join rd_user_info u_i ON u.id = u_i.user_id  WHERE u.invite_uid = 1913 LIMIT 1   [ RunTime:0.1025s ]
SQL: SELECT u.*,u_i.id as user_info_id,u_i.real_name FROM rd_user u left join rd_user_info u_i ON u.id = u_i.user_id  WHERE u.invite_uid = 1913 ORDER BY u_i.id desc LIMIT 0,10   [ RunTime:0.1074s ]

[ 2018-11-22T09:49:23+08:00 ] 127.0.0.1 /Shop/userList.html?user_id=1913
INFO: [ app_init ] --START--
INFO: Run Behavior\BuildLiteBehavior [ RunTime:0.000013s ]
INFO: [ app_init ] --END-- [ RunTime:0.000949s ]
INFO: [ app_begin ] --START--
INFO: Run Behavior\ReadHtmlCacheBehavior [ RunTime:0.000745s ]
INFO: [ app_begin ] --END-- [ RunTime:0.000789s ]
SQL: SHOW COLUMNS FROM `rd_user_info` [ RunTime:0.0996s ]
SQL: SHOW COLUMNS FROM `rd_shops` [ RunTime:0.0989s ]
SQL: SELECT * FROM `rd_shops` WHERE `user_id` = 1913 LIMIT 1   [ RunTime:0.0998s ]
SQL: SELECT COUNT(u_i.id) AS tp_count FROM rd_user_info u_i left join rd_user u ON u.id = u_i.user_id  WHERE u.invite_uid = 1913 LIMIT 1   [ RunTime:0.1003s ]
SQL: SHOW COLUMNS FROM `rd_user` [ RunTime:0.1002s ]
SQL: SELECT COUNT(id) AS tp_count FROM `rd_user` WHERE `invite_uid` = 1913 LIMIT 1   [ RunTime:0.0990s ]
SQL: SHOW COLUMNS FROM `rd_shops_orders` [ RunTime:0.0998s ]
SQL: SELECT SUM(income) AS tp_sum FROM `rd_shops_orders` WHERE `user_id` = 1913 AND `check_up` = 1 LIMIT 1   [ RunTime:0.0991s ]
SQL: SELECT SUM(income) AS tp_sum FROM `rd_shops_orders` WHERE `user_id` = 1913 AND `check_up` = 1 AND `add_time` >= '2018-11-01' LIMIT 1   [ RunTime:0.0987s ]
INFO: [ view_parse ] --START--
INFO: [ template_filter ] --START--
INFO: Run Behavior\ContentReplaceBehavior [ RunTime:0.000343s ]
INFO: [ template_filter ] --END-- [ RunTime:0.000464s ]
INFO: Run Behavior\ParseTemplateBehavior [ RunTime:0.033063s ]
INFO: [ view_parse ] --END-- [ RunTime:0.033152s ]
INFO: [ view_filter ] --START--
INFO: Run Behavior\WriteHtmlCacheBehavior [ RunTime:0.001131s ]
INFO: [ view_filter ] --END-- [ RunTime:0.001178s ]
INFO: [ app_end ] --START--
INFO: Run Behavior\ShowPageTraceBehavior [ RunTime:0.001417s ]
INFO: [ app_end ] --END-- [ RunTime:0.001477s ]

[ 2018-11-22T09:49:26+08:00 ] 127.0.0.1 /Shop/userList.html?user_id=1913&mobile=&status=&page=1&limit=10
INFO: [ app_init ] --START--
INFO: Run Behavior\BuildLiteBehavior [ RunTime:0.000015s ]
INFO: [ app_init ] --END-- [ RunTime:0.000993s ]
INFO: [ app_begin ] --START--
INFO: Run Behavior\ReadHtmlCacheBehavior [ RunTime:0.001056s ]
INFO: [ app_begin ] --END-- [ RunTime:0.001126s ]
SQL: SHOW COLUMNS FROM `rd_user` [ RunTime:0.3962s ]
SQL: SELECT COUNT(u.id) AS tp_count FROM rd_user u left join rd_user_info u_i ON u.id = u_i.user_id  WHERE u.invite_uid = 1913 LIMIT 1   [ RunTime:0.0991s ]
SQL: SELECT u.*,u_i.id as user_info_id,u_i.real_name FROM rd_user u left join rd_user_info u_i ON u.id = u_i.user_id  WHERE u.invite_uid = 1913 ORDER BY u_i.id desc LIMIT 0,10   [ RunTime:0.1038s ]

[ 2018-11-22T09:49:29+08:00 ] 127.0.0.1 /Shop/userList.html?user_id=1913&mobile=&status=1&page=1&limit=10
INFO: [ app_init ] --START--
INFO: Run Behavior\BuildLiteBehavior [ RunTime:0.000013s ]
INFO: [ app_init ] --END-- [ RunTime:0.000737s ]
INFO: [ app_begin ] --START--
INFO: Run Behavior\ReadHtmlCacheBehavior [ RunTime:0.001154s ]
INFO: [ app_begin ] --END-- [ RunTime:0.001236s ]
SQL: SHOW COLUMNS FROM `rd_user` [ RunTime:0.6988s ]
SQL: SELECT COUNT(u.id) AS tp_count FROM rd_user u left join rd_user_info u_i ON u.id = u_i.user_id  WHERE u.invite_uid = 1913 AND ( u_i.id is null ) LIMIT 1   [ RunTime:0.1011s ]
SQL: SELECT u.*,u_i.id as user_info_id,u_i.real_name FROM rd_user u left join rd_user_info u_i ON u.id = u_i.user_id  WHERE u.invite_uid = 1913 AND ( u_i.id is null ) ORDER BY u_i.id desc LIMIT 0,10   [ RunTime:0.1054s ]

[ 2018-11-22T09:49:35+08:00 ] 127.0.0.1 /Shop/userList.html?user_id=1913&mobile=&status=2&page=1&limit=10
INFO: [ app_init ] --START--
INFO: Run Behavior\BuildLiteBehavior [ RunTime:0.000010s ]
INFO: [ app_init ] --END-- [ RunTime:0.000692s ]
INFO: [ app_begin ] --START--
INFO: Run Behavior\ReadHtmlCacheBehavior [ RunTime:0.000770s ]
INFO: [ app_begin ] --END-- [ RunTime:0.000811s ]
SQL: SHOW COLUMNS FROM `rd_user` [ RunTime:0.4054s ]
SQL: SELECT COUNT(u.id) AS tp_count FROM rd_user u left join rd_user_info u_i ON u.id = u_i.user_id  WHERE u.invite_uid = 1913 AND u_i.id > 0 LIMIT 1   [ RunTime:0.1026s ]
SQL: SELECT u.*,u_i.id as user_info_id,u_i.real_name FROM rd_user u left join rd_user_info u_i ON u.id = u_i.user_id  WHERE u.invite_uid = 1913 AND u_i.id > 0 ORDER BY u_i.id desc LIMIT 0,10   [ RunTime:0.1042s ]

[ 2018-11-22T09:49:40+08:00 ] 127.0.0.1 /Shop/userList.html?user_id=1913&mobile=18209152238&status=2&page=1&limit=10
INFO: [ app_init ] --START--
INFO: Run Behavior\BuildLiteBehavior [ RunTime:0.000009s ]
INFO: [ app_init ] --END-- [ RunTime:0.000647s ]
INFO: [ app_begin ] --START--
INFO: Run Behavior\ReadHtmlCacheBehavior [ RunTime:0.000925s ]
INFO: [ app_begin ] --END-- [ RunTime:0.000972s ]
SQL: SHOW COLUMNS FROM `rd_user` [ RunTime:0.0977s ]
SQL: SELECT COUNT(u.id) AS tp_count FROM rd_user u left join rd_user_info u_i ON u.id = u_i.user_id  WHERE u.invite_uid = 1913 AND u.mobile = '18209152238' AND u_i.id > 0 LIMIT 1   [ RunTime:0.0978s ]
SQL: SELECT u.*,u_i.id as user_info_id,u_i.real_name FROM rd_user u left join rd_user_info u_i ON u.id = u_i.user_id  WHERE u.invite_uid = 1913 AND u.mobile = '18209152238' AND u_i.id > 0 ORDER BY u_i.id desc LIMIT 0,10   [ RunTime:0.0993s ]

[ 2018-11-22T09:49:44+08:00 ] 127.0.0.1 /Shop/userList.html?user_id=1913&mobile=18209152238&status=&page=1&limit=10
INFO: [ app_init ] --START--
INFO: Run Behavior\BuildLiteBehavior [ RunTime:0.000009s ]
INFO: [ app_init ] --END-- [ RunTime:0.000650s ]
INFO: [ app_begin ] --START--
INFO: Run Behavior\ReadHtmlCacheBehavior [ RunTime:0.000784s ]
INFO: [ app_begin ] --END-- [ RunTime:0.000822s ]
SQL: SHOW COLUMNS FROM `rd_user` [ RunTime:0.0987s ]
SQL: SELECT COUNT(u.id) AS tp_count FROM rd_user u left join rd_user_info u_i ON u.id = u_i.user_id  WHERE u.invite_uid = 1913 AND u.mobile = '18209152238' LIMIT 1   [ RunTime:0.0988s ]
SQL: SELECT u.*,u_i.id as user_info_id,u_i.real_name FROM rd_user u left join rd_user_info u_i ON u.id = u_i.user_id  WHERE u.invite_uid = 1913 AND u.mobile = '18209152238' ORDER BY u_i.id desc LIMIT 0,10   [ RunTime:0.1010s ]

[ 2018-11-22T09:51:59+08:00 ] 127.0.0.1 /Shop/userList.html?user_id=1913&mobile=18209152238&status=2&page=1&limit=10
INFO: [ app_init ] --START--
INFO: Run Behavior\BuildLiteBehavior [ RunTime:0.000008s ]
INFO: [ app_init ] --END-- [ RunTime:0.000632s ]
INFO: [ app_begin ] --START--
INFO: Run Behavior\ReadHtmlCacheBehavior [ RunTime:0.000730s ]
INFO: [ app_begin ] --END-- [ RunTime:0.000760s ]
SQL: SHOW COLUMNS FROM `rd_user` [ RunTime:0.0963s ]
SQL: SELECT COUNT(u.id) AS tp_count FROM rd_user u left join rd_user_info u_i ON u.id = u_i.user_id  WHERE u.invite_uid = 1913 AND u.mobile = '18209152238' AND u_i.id > 0 LIMIT 1   [ RunTime:0.0962s ]
SQL: SELECT u.*,u_i.id as user_info_id,u_i.real_name FROM rd_user u left join rd_user_info u_i ON u.id = u_i.user_id  WHERE u.invite_uid = 1913 AND u.mobile = '18209152238' AND u_i.id > 0 ORDER BY u_i.id desc LIMIT 0,10   [ RunTime:0.0975s ]

[ 2018-11-22T09:52:03+08:00 ] 127.0.0.1 /Shop/userList.html?user_id=1913&mobile=18209152238&status=1&page=1&limit=10
INFO: [ app_init ] --START--
INFO: Run Behavior\BuildLiteBehavior [ RunTime:0.000009s ]
INFO: [ app_init ] --END-- [ RunTime:0.000676s ]
INFO: [ app_begin ] --START--
INFO: Run Behavior\ReadHtmlCacheBehavior [ RunTime:0.000802s ]
INFO: [ app_begin ] --END-- [ RunTime:0.000838s ]
SQL: SHOW COLUMNS FROM `rd_user` [ RunTime:0.0974s ]
SQL: SELECT COUNT(u.id) AS tp_count FROM rd_user u left join rd_user_info u_i ON u.id = u_i.user_id  WHERE u.invite_uid = 1913 AND u.mobile = '18209152238' AND ( u_i.id is null ) LIMIT 1   [ RunTime:0.0974s ]
SQL: SELECT u.*,u_i.id as user_info_id,u_i.real_name FROM rd_user u left join rd_user_info u_i ON u.id = u_i.user_id  WHERE u.invite_uid = 1913 AND u.mobile = '18209152238' AND ( u_i.id is null ) ORDER BY u_i.id desc LIMIT 0,10   [ RunTime:0.6939s ]

[ 2018-11-22T11:29:21+08:00 ] 127.0.0.1 /Shop/userList.html?user_id=1913
INFO: [ app_init ] --START--
INFO: Run Behavior\BuildLiteBehavior [ RunTime:0.000008s ]
INFO: [ app_init ] --END-- [ RunTime:0.000565s ]
INFO: [ app_begin ] --START--
INFO: Run Behavior\ReadHtmlCacheBehavior [ RunTime:0.000670s ]
INFO: [ app_begin ] --END-- [ RunTime:0.000710s ]
SQL: SHOW COLUMNS FROM `rd_user_info` [ RunTime:0.3897s ]
SQL: SHOW COLUMNS FROM `rd_shops` [ RunTime:0.6843s ]
SQL: SELECT * FROM `rd_shops` WHERE `user_id` = 1913 LIMIT 1   [ RunTime:0.0940s ]
SQL: SELECT COUNT(u_i.id) AS tp_count FROM rd_user_info u_i left join rd_user u ON u.id = u_i.user_id  WHERE u.invite_uid = 1913 LIMIT 1   [ RunTime:0.0947s ]
SQL: SHOW COLUMNS FROM `rd_user` [ RunTime:0.3890s ]
SQL: SELECT COUNT(id) AS tp_count FROM `rd_user` WHERE `invite_uid` = 1913 LIMIT 1   [ RunTime:0.0967s ]
SQL: SHOW COLUMNS FROM `rd_shops_orders` [ RunTime:0.0983s ]
SQL: SELECT SUM(income) AS tp_sum FROM `rd_shops_orders` WHERE `user_id` = 1913 AND `check_up` = 1 LIMIT 1   [ RunTime:0.1025s ]
SQL: SELECT SUM(income) AS tp_sum FROM `rd_shops_orders` WHERE `user_id` = 1913 AND `check_up` = 1 AND `add_time` >= '2018-11-01' LIMIT 1   [ RunTime:0.0935s ]
INFO: [ view_parse ] --START--
INFO: [ template_filter ] --START--
INFO: Run Behavior\ContentReplaceBehavior [ RunTime:0.000364s ]
INFO: [ template_filter ] --END-- [ RunTime:0.000488s ]
INFO: Run Behavior\ParseTemplateBehavior [ RunTime:0.042538s ]
INFO: [ view_parse ] --END-- [ RunTime:0.042701s ]
INFO: [ view_filter ] --START--
INFO: Run Behavior\WriteHtmlCacheBehavior [ RunTime:0.002846s ]
INFO: [ view_filter ] --END-- [ RunTime:0.002961s ]
INFO: [ app_end ] --START--
INFO: Run Behavior\ShowPageTraceBehavior [ RunTime:0.001695s ]
INFO: [ app_end ] --END-- [ RunTime:0.001779s ]

[ 2018-11-22T11:29:22+08:00 ] 127.0.0.1 /Shop/userList.html?user_id=1913&mobile=&status=&page=1&limit=10
INFO: [ app_init ] --START--
INFO: Run Behavior\BuildLiteBehavior [ RunTime:0.000014s ]
INFO: [ app_init ] --END-- [ RunTime:0.000893s ]
INFO: [ app_begin ] --START--
INFO: Run Behavior\ReadHtmlCacheBehavior [ RunTime:0.001070s ]
INFO: [ app_begin ] --END-- [ RunTime:0.001139s ]
SQL: SHOW COLUMNS FROM `rd_user` [ RunTime:0.0963s ]
SQL: SELECT COUNT(u.id) AS tp_count FROM rd_user u left join rd_user_info u_i ON u_i.user_id = u.id left join rd_company_info c_i ON c_i.user_id = u.id left join rd_shops s ON s.user_id = u.id  WHERE u.invite_uid = 1913 LIMIT 1   [ RunTime:0.0983s ]
SQL: SELECT u.*,u_i.real_name as user_name,u_i.id as user_info_id,c_i.company_name,c_i.id as company_info_id,s.name as shop_name,s.id as shop_id FROM rd_user u left join rd_user_info u_i ON u_i.user_id = u.id left join rd_company_info c_i ON c_i.user_id = u.id left join rd_shops s ON s.user_id = u.id  WHERE u.invite_uid = 1913 ORDER BY id desc LIMIT 0,10   [ RunTime:0.1036s ]

[ 2018-11-22T11:29:31+08:00 ] 127.0.0.1 /Shop/userList.html?user_id=1913&mobile=&status=3&page=1&limit=10
INFO: [ app_init ] --START--
INFO: Run Behavior\BuildLiteBehavior [ RunTime:0.000010s ]
INFO: [ app_init ] --END-- [ RunTime:0.000515s ]
INFO: [ app_begin ] --START--
INFO: Run Behavior\ReadHtmlCacheBehavior [ RunTime:0.000784s ]
INFO: [ app_begin ] --END-- [ RunTime:0.000825s ]
SQL: SHOW COLUMNS FROM `rd_user` [ RunTime:0.0950s ]
SQL: SELECT COUNT(u.id) AS tp_count FROM rd_user u left join rd_user_info u_i ON u_i.user_id = u.id left join rd_company_info c_i ON c_i.user_id = u.id left join rd_shops s ON s.user_id = u.id  WHERE u.invite_uid = 1913 AND c_i.id > 0 LIMIT 1   [ RunTime:0.0949s ]
SQL: SELECT u.*,u_i.real_name as user_name,u_i.id as user_info_id,c_i.company_name,c_i.id as company_info_id,s.name as shop_name,s.id as shop_id FROM rd_user u left join rd_user_info u_i ON u_i.user_id = u.id left join rd_company_info c_i ON c_i.user_id = u.id left join rd_shops s ON s.user_id = u.id  WHERE u.invite_uid = 1913 AND c_i.id > 0 ORDER BY id desc LIMIT 0,10   [ RunTime:0.0956s ]

[ 2018-11-22T11:29:37+08:00 ] 127.0.0.1 /Shop/userList.html?user_id=1913&mobile=&status=3&page=1&limit=10
INFO: [ app_init ] --START--
INFO: Run Behavior\BuildLiteBehavior [ RunTime:0.000010s ]
INFO: [ app_init ] --END-- [ RunTime:0.000627s ]
INFO: [ app_begin ] --START--
INFO: Run Behavior\ReadHtmlCacheBehavior [ RunTime:0.000727s ]
INFO: [ app_begin ] --END-- [ RunTime:0.000762s ]
SQL: SHOW COLUMNS FROM `rd_user` [ RunTime:0.0965s ]
SQL: SELECT COUNT(u.id) AS tp_count FROM rd_user u left join rd_user_info u_i ON u_i.user_id = u.id left join rd_company_info c_i ON c_i.user_id = u.id left join rd_shops s ON s.user_id = u.id  WHERE u.invite_uid = 1913 AND c_i.id > 0 LIMIT 1   [ RunTime:0.0978s ]
SQL: SELECT u.*,u_i.real_name as user_name,u_i.id as user_info_id,c_i.company_name,c_i.id as company_info_id,s.name as shop_name,s.id as shop_id FROM rd_user u left join rd_user_info u_i ON u_i.user_id = u.id left join rd_company_info c_i ON c_i.user_id = u.id left join rd_shops s ON s.user_id = u.id  WHERE u.invite_uid = 1913 AND c_i.id > 0 ORDER BY id desc LIMIT 0,10   [ RunTime:0.0973s ]

[ 2018-11-22T11:29:37+08:00 ] 127.0.0.1 /Shop/userList.html?user_id=1913&mobile=&status=3&page=1&limit=10
INFO: [ app_init ] --START--
INFO: Run Behavior\BuildLiteBehavior [ RunTime:0.000010s ]
INFO: [ app_init ] --END-- [ RunTime:0.000668s ]
INFO: [ app_begin ] --START--
INFO: Run Behavior\ReadHtmlCacheBehavior [ RunTime:0.000764s ]
INFO: [ app_begin ] --END-- [ RunTime:0.000800s ]
SQL: SHOW COLUMNS FROM `rd_user` [ RunTime:0.0935s ]
SQL: SELECT COUNT(u.id) AS tp_count FROM rd_user u left join rd_user_info u_i ON u_i.user_id = u.id left join rd_company_info c_i ON c_i.user_id = u.id left join rd_shops s ON s.user_id = u.id  WHERE u.invite_uid = 1913 AND c_i.id > 0 LIMIT 1   [ RunTime:0.0939s ]
SQL: SELECT u.*,u_i.real_name as user_name,u_i.id as user_info_id,c_i.company_name,c_i.id as company_info_id,s.name as shop_name,s.id as shop_id FROM rd_user u left join rd_user_info u_i ON u_i.user_id = u.id left join rd_company_info c_i ON c_i.user_id = u.id left join rd_shops s ON s.user_id = u.id  WHERE u.invite_uid = 1913 AND c_i.id > 0 ORDER BY id desc LIMIT 0,10   [ RunTime:0.0955s ]

[ 2018-11-22T11:29:42+08:00 ] 127.0.0.1 /Shop/userList.html?user_id=1913&mobile=&status=1&page=1&limit=10
INFO: [ app_init ] --START--
INFO: Run Behavior\BuildLiteBehavior [ RunTime:0.000010s ]
INFO: [ app_init ] --END-- [ RunTime:0.000598s ]
INFO: [ app_begin ] --START--
INFO: Run Behavior\ReadHtmlCacheBehavior [ RunTime:0.000715s ]
INFO: [ app_begin ] --END-- [ RunTime:0.000746s ]
SQL: SHOW COLUMNS FROM `rd_user` [ RunTime:0.0961s ]
SQL: SELECT COUNT(u.id) AS tp_count FROM rd_user u left join rd_user_info u_i ON u_i.user_id = u.id left join rd_company_info c_i ON c_i.user_id = u.id left join rd_shops s ON s.user_id = u.id  WHERE u.invite_uid = 1913 AND ( s.id is null AND c_i.id is null AND u_i.id is null ) LIMIT 1   [ RunTime:0.0988s ]
SQL: SELECT u.*,u_i.real_name as user_name,u_i.id as user_info_id,c_i.company_name,c_i.id as company_info_id,s.name as shop_name,s.id as shop_id FROM rd_user u left join rd_user_info u_i ON u_i.user_id = u.id left join rd_company_info c_i ON c_i.user_id = u.id left join rd_shops s ON s.user_id = u.id  WHERE u.invite_uid = 1913 AND ( s.id is null AND c_i.id is null AND u_i.id is null ) ORDER BY id desc LIMIT 0,10   [ RunTime:0.1047s ]

[ 2018-11-22T11:29:57+08:00 ] 127.0.0.1 /Shop/userList.html?user_id=1913
INFO: [ app_init ] --START--
INFO: Run Behavior\BuildLiteBehavior [ RunTime:0.000014s ]
INFO: [ app_init ] --END-- [ RunTime:0.000897s ]
INFO: [ app_begin ] --START--
INFO: Run Behavior\ReadHtmlCacheBehavior [ RunTime:0.000696s ]
INFO: [ app_begin ] --END-- [ RunTime:0.000740s ]
SQL: SHOW COLUMNS FROM `rd_user_info` [ RunTime:0.0961s ]
SQL: SHOW COLUMNS FROM `rd_shops` [ RunTime:0.0955s ]
SQL: SELECT * FROM `rd_shops` WHERE `user_id` = 1913 LIMIT 1   [ RunTime:0.0960s ]
SQL: SELECT COUNT(u_i.id) AS tp_count FROM rd_user_info u_i left join rd_user u ON u.id = u_i.user_id  WHERE u.invite_uid = 1913 LIMIT 1   [ RunTime:0.0967s ]
SQL: SHOW COLUMNS FROM `rd_user` [ RunTime:0.0963s ]
SQL: SELECT COUNT(id) AS tp_count FROM `rd_user` WHERE `invite_uid` = 1913 LIMIT 1   [ RunTime:0.0956s ]
SQL: SHOW COLUMNS FROM `rd_shops_orders` [ RunTime:0.0958s ]
SQL: SELECT SUM(income) AS tp_sum FROM `rd_shops_orders` WHERE `user_id` = 1913 AND `check_up` = 1 LIMIT 1   [ RunTime:0.0945s ]
SQL: SELECT SUM(income) AS tp_sum FROM `rd_shops_orders` WHERE `user_id` = 1913 AND `check_up` = 1 AND `add_time` >= '2018-11-01' LIMIT 1   [ RunTime:0.0951s ]
INFO: [ view_parse ] --START--
INFO: [ template_filter ] --START--
INFO: Run Behavior\ContentReplaceBehavior [ RunTime:0.000363s ]
INFO: [ template_filter ] --END-- [ RunTime:0.000521s ]
INFO: Run Behavior\ParseTemplateBehavior [ RunTime:0.033994s ]
INFO: [ view_parse ] --END-- [ RunTime:0.034096s ]
INFO: [ view_filter ] --START--
INFO: Run Behavior\WriteHtmlCacheBehavior [ RunTime:0.001227s ]
INFO: [ view_filter ] --END-- [ RunTime:0.001288s ]
INFO: [ app_end ] --START--
INFO: Run Behavior\ShowPageTraceBehavior [ RunTime:0.001626s ]
INFO: [ app_end ] --END-- [ RunTime:0.001703s ]

[ 2018-11-22T11:29:58+08:00 ] 127.0.0.1 /Shop/userList.html?user_id=1913&mobile=&status=&page=1&limit=10
INFO: [ app_init ] --START--
INFO: Run Behavior\BuildLiteBehavior [ RunTime:0.000018s ]
INFO: [ app_init ] --END-- [ RunTime:0.000865s ]
INFO: [ app_begin ] --START--
INFO: Run Behavior\ReadHtmlCacheBehavior [ RunTime:0.001043s ]
INFO: [ app_begin ] --END-- [ RunTime:0.001107s ]
SQL: SHOW COLUMNS FROM `rd_user` [ RunTime:0.0979s ]
SQL: SELECT COUNT(u.id) AS tp_count FROM rd_user u left join rd_user_info u_i ON u_i.user_id = u.id left join rd_company_info c_i ON c_i.user_id = u.id left join rd_shops s ON s.user_id = u.id  WHERE u.invite_uid = 1913 LIMIT 1   [ RunTime:0.1001s ]
SQL: SELECT u.*,u_i.real_name as user_name,u_i.id as user_info_id,c_i.company_name,c_i.id as company_info_id,s.name as shop_name,s.id as shop_id FROM rd_user u left join rd_user_info u_i ON u_i.user_id = u.id left join rd_company_info c_i ON c_i.user_id = u.id left join rd_shops s ON s.user_id = u.id  WHERE u.invite_uid = 1913 ORDER BY id desc LIMIT 0,10   [ RunTime:0.1084s ]

[ 2018-11-22T11:30:17+08:00 ] 127.0.0.1 /Shop/userList.html?user_id=1913
INFO: [ app_init ] --START--
INFO: Run Behavior\BuildLiteBehavior [ RunTime:0.000008s ]
INFO: [ app_init ] --END-- [ RunTime:0.000554s ]
INFO: [ app_begin ] --START--
INFO: Run Behavior\ReadHtmlCacheBehavior [ RunTime:0.000587s ]
INFO: [ app_begin ] --END-- [ RunTime:0.000626s ]
SQL: SHOW COLUMNS FROM `rd_user_info` [ RunTime:0.0976s ]
SQL: SHOW COLUMNS FROM `rd_shops` [ RunTime:0.0969s ]
SQL: SELECT * FROM `rd_shops` WHERE `user_id` = 1913 LIMIT 1   [ RunTime:0.0961s ]
SQL: SELECT COUNT(u_i.id) AS tp_count FROM rd_user_info u_i left join rd_user u ON u.id = u_i.user_id  WHERE u.invite_uid = 1913 LIMIT 1   [ RunTime:0.0973s ]
SQL: SHOW COLUMNS FROM `rd_user` [ RunTime:0.0967s ]
SQL: SELECT COUNT(id) AS tp_count FROM `rd_user` WHERE `invite_uid` = 1913 LIMIT 1   [ RunTime:0.0963s ]
SQL: SHOW COLUMNS FROM `rd_shops_orders` [ RunTime:0.0964s ]
SQL: SELECT SUM(income) AS tp_sum FROM `rd_shops_orders` WHERE `user_id` = 1913 AND `check_up` = 1 LIMIT 1   [ RunTime:0.0956s ]
SQL: SELECT SUM(income) AS tp_sum FROM `rd_shops_orders` WHERE `user_id` = 1913 AND `check_up` = 1 AND `add_time` >= '2018-11-01' LIMIT 1   [ RunTime:0.0955s ]
INFO: [ view_parse ] --START--
INFO: [ template_filter ] --START--
INFO: Run Behavior\ContentReplaceBehavior [ RunTime:0.000113s ]
INFO: [ template_filter ] --END-- [ RunTime:0.000178s ]
INFO: Run Behavior\ParseTemplateBehavior [ RunTime:0.012068s ]
INFO: [ view_parse ] --END-- [ RunTime:0.012113s ]
INFO: [ view_filter ] --START--
INFO: Run Behavior\WriteHtmlCacheBehavior [ RunTime:0.000508s ]
INFO: [ view_filter ] --END-- [ RunTime:0.000533s ]
INFO: [ app_end ] --START--
INFO: Run Behavior\ShowPageTraceBehavior [ RunTime:0.000685s ]
INFO: [ app_end ] --END-- [ RunTime:0.000729s ]

[ 2018-11-22T11:30:17+08:00 ] 127.0.0.1 /Shop/userList.html?user_id=1913&mobile=&status=&page=1&limit=10
INFO: [ app_init ] --START--
INFO: Run Behavior\BuildLiteBehavior [ RunTime:0.000016s ]
INFO: [ app_init ] --END-- [ RunTime:0.001001s ]
INFO: [ app_begin ] --START--
INFO: Run Behavior\ReadHtmlCacheBehavior [ RunTime:0.000841s ]
INFO: [ app_begin ] --END-- [ RunTime:0.000901s ]
SQL: SHOW COLUMNS FROM `rd_user` [ RunTime:0.0969s ]
SQL: SELECT COUNT(u.id) AS tp_count FROM rd_user u left join rd_user_info u_i ON u_i.user_id = u.id left join rd_company_info c_i ON c_i.user_id = u.id left join rd_shops s ON s.user_id = u.id  WHERE u.invite_uid = 1913 LIMIT 1   [ RunTime:0.0990s ]
SQL: SELECT u.*,u_i.real_name as user_name,u_i.id as user_info_id,c_i.company_name,c_i.id as company_info_id,s.name as shop_name,s.id as shop_id FROM rd_user u left join rd_user_info u_i ON u_i.user_id = u.id left join rd_company_info c_i ON c_i.user_id = u.id left join rd_shops s ON s.user_id = u.id  WHERE u.invite_uid = 1913 ORDER BY id desc LIMIT 0,10   [ RunTime:0.1040s ]

[ 2018-11-22T11:30:22+08:00 ] 127.0.0.1 /Shop/userList.html?user_id=1913&mobile=&status=2&page=1&limit=10
INFO: [ app_init ] --START--
INFO: Run Behavior\BuildLiteBehavior [ RunTime:0.000010s ]
INFO: [ app_init ] --END-- [ RunTime:0.000752s ]
INFO: [ app_begin ] --START--
INFO: Run Behavior\ReadHtmlCacheBehavior [ RunTime:0.001017s ]
INFO: [ app_begin ] --END-- [ RunTime:0.001090s ]
SQL: SHOW COLUMNS FROM `rd_user` [ RunTime:0.0946s ]
SQL: SELECT COUNT(u.id) AS tp_count FROM rd_user u left join rd_user_info u_i ON u_i.user_id = u.id left join rd_company_info c_i ON c_i.user_id = u.id left join rd_shops s ON s.user_id = u.id  WHERE u.invite_uid = 1913 AND u_i.id > 0 LIMIT 1   [ RunTime:0.0951s ]
SQL: SELECT u.*,u_i.real_name as user_name,u_i.id as user_info_id,c_i.company_name,c_i.id as company_info_id,s.name as shop_name,s.id as shop_id FROM rd_user u left join rd_user_info u_i ON u_i.user_id = u.id left join rd_company_info c_i ON c_i.user_id = u.id left join rd_shops s ON s.user_id = u.id  WHERE u.invite_uid = 1913 AND u_i.id > 0 ORDER BY id desc LIMIT 0,10   [ RunTime:0.0967s ]

[ 2018-11-22T11:30:29+08:00 ] 127.0.0.1 /Shop/userList.html?user_id=1913&mobile=&status=&page=1&limit=10
INFO: [ app_init ] --START--
INFO: Run Behavior\BuildLiteBehavior [ RunTime:0.000008s ]
INFO: [ app_init ] --END-- [ RunTime:0.000562s ]
INFO: [ app_begin ] --START--
INFO: Run Behavior\ReadHtmlCacheBehavior [ RunTime:0.000646s ]
INFO: [ app_begin ] --END-- [ RunTime:0.000681s ]
SQL: SHOW COLUMNS FROM `rd_user` [ RunTime:0.0945s ]
SQL: SELECT COUNT(u.id) AS tp_count FROM rd_user u left join rd_user_info u_i ON u_i.user_id = u.id left join rd_company_info c_i ON c_i.user_id = u.id left join rd_shops s ON s.user_id = u.id  WHERE u.invite_uid = 1913 LIMIT 1   [ RunTime:0.0972s ]
SQL: SELECT u.*,u_i.real_name as user_name,u_i.id as user_info_id,c_i.company_name,c_i.id as company_info_id,s.name as shop_name,s.id as shop_id FROM rd_user u left join rd_user_info u_i ON u_i.user_id = u.id left join rd_company_info c_i ON c_i.user_id = u.id left join rd_shops s ON s.user_id = u.id  WHERE u.invite_uid = 1913 ORDER BY id desc LIMIT 0,10   [ RunTime:0.1028s ]

[ 2018-11-22T11:30:32+08:00 ] 127.0.0.1 /Shop/userList.html?user_id=1913&mobile=&status=&page=2&limit=10
INFO: [ app_init ] --START--
INFO: Run Behavior\BuildLiteBehavior [ RunTime:0.000010s ]
INFO: [ app_init ] --END-- [ RunTime:0.000637s ]
INFO: [ app_begin ] --START--
INFO: Run Behavior\ReadHtmlCacheBehavior [ RunTime:0.000674s ]
INFO: [ app_begin ] --END-- [ RunTime:0.000702s ]
SQL: SHOW COLUMNS FROM `rd_user` [ RunTime:0.0941s ]
SQL: SELECT COUNT(u.id) AS tp_count FROM rd_user u left join rd_user_info u_i ON u_i.user_id = u.id left join rd_company_info c_i ON c_i.user_id = u.id left join rd_shops s ON s.user_id = u.id  WHERE u.invite_uid = 1913 LIMIT 1   [ RunTime:0.0973s ]
SQL: SELECT u.*,u_i.real_name as user_name,u_i.id as user_info_id,c_i.company_name,c_i.id as company_info_id,s.name as shop_name,s.id as shop_id FROM rd_user u left join rd_user_info u_i ON u_i.user_id = u.id left join rd_company_info c_i ON c_i.user_id = u.id left join rd_shops s ON s.user_id = u.id  WHERE u.invite_uid = 1913 ORDER BY id desc LIMIT 10,10   [ RunTime:0.1022s ]

[ 2018-11-22T11:30:34+08:00 ] 127.0.0.1 /Shop/userList.html?user_id=1913&mobile=&status=&page=3&limit=10
INFO: [ app_init ] --START--
INFO: Run Behavior\BuildLiteBehavior [ RunTime:0.000010s ]
INFO: [ app_init ] --END-- [ RunTime:0.000653s ]
INFO: [ app_begin ] --START--
INFO: Run Behavior\ReadHtmlCacheBehavior [ RunTime:0.000723s ]
INFO: [ app_begin ] --END-- [ RunTime:0.000758s ]
SQL: SHOW COLUMNS FROM `rd_user` [ RunTime:0.0978s ]
SQL: SELECT COUNT(u.id) AS tp_count FROM rd_user u left join rd_user_info u_i ON u_i.user_id = u.id left join rd_company_info c_i ON c_i.user_id = u.id left join rd_shops s ON s.user_id = u.id  WHERE u.invite_uid = 1913 LIMIT 1   [ RunTime:0.1000s ]
SQL: SELECT u.*,u_i.real_name as user_name,u_i.id as user_info_id,c_i.company_name,c_i.id as company_info_id,s.name as shop_name,s.id as shop_id FROM rd_user u left join rd_user_info u_i ON u_i.user_id = u.id left join rd_company_info c_i ON c_i.user_id = u.id left join rd_shops s ON s.user_id = u.id  WHERE u.invite_uid = 1913 ORDER BY id desc LIMIT 20,10   [ RunTime:0.1053s ]

[ 2018-11-22T11:30:43+08:00 ] 127.0.0.1 /Shop/userList.html?user_id=1913&mobile=&status=4&page=1&limit=10
INFO: [ app_init ] --START--
INFO: Run Behavior\BuildLiteBehavior [ RunTime:0.000008s ]
INFO: [ app_init ] --END-- [ RunTime:0.000573s ]
INFO: [ app_begin ] --START--
INFO: Run Behavior\ReadHtmlCacheBehavior [ RunTime:0.000670s ]
INFO: [ app_begin ] --END-- [ RunTime:0.000706s ]
SQL: SHOW COLUMNS FROM `rd_user` [ RunTime:0.0958s ]
SQL: SELECT COUNT(u.id) AS tp_count FROM rd_user u left join rd_user_info u_i ON u_i.user_id = u.id left join rd_company_info c_i ON c_i.user_id = u.id left join rd_shops s ON s.user_id = u.id  WHERE u.invite_uid = 1913 AND s.id > 0 LIMIT 1   [ RunTime:0.0954s ]
SQL: SELECT u.*,u_i.real_name as user_name,u_i.id as user_info_id,c_i.company_name,c_i.id as company_info_id,s.name as shop_name,s.id as shop_id FROM rd_user u left join rd_user_info u_i ON u_i.user_id = u.id left join rd_company_info c_i ON c_i.user_id = u.id left join rd_shops s ON s.user_id = u.id  WHERE u.invite_uid = 1913 AND s.id > 0 ORDER BY id desc LIMIT 0,10   [ RunTime:0.0958s ]

[ 2018-11-22T18:09:03+08:00 ] 127.0.0.1 /Shop/shopOrder
INFO: [ app_init ] --START--
INFO: Run Behavior\BuildLiteBehavior [ RunTime:0.000010s ]
INFO: [ app_init ] --END-- [ RunTime:0.000655s ]
INFO: [ app_begin ] --START--
INFO: Run Behavior\ReadHtmlCacheBehavior [ RunTime:0.001631s ]
INFO: [ app_begin ] --END-- [ RunTime:0.001718s ]
INFO: [ view_parse ] --START--
INFO: [ template_filter ] --START--
INFO: Run Behavior\ContentReplaceBehavior [ RunTime:0.000089s ]
INFO: [ template_filter ] --END-- [ RunTime:0.000127s ]
INFO: Run Behavior\ParseTemplateBehavior [ RunTime:0.011960s ]
INFO: [ view_parse ] --END-- [ RunTime:0.012014s ]
INFO: [ view_filter ] --START--
INFO: Run Behavior\WriteHtmlCacheBehavior [ RunTime:0.000966s ]
INFO: [ view_filter ] --END-- [ RunTime:0.001029s ]
INFO: [ app_end ] --START--
INFO: Run Behavior\ShowPageTraceBehavior [ RunTime:0.001696s ]
INFO: [ app_end ] --END-- [ RunTime:0.001811s ]

[ 2018-11-22T18:09:04+08:00 ] 127.0.0.1 /Shop/shopOrder.html?name=&user_name=&mobile=&shop_id=0&page=1&limit=10
INFO: [ app_init ] --START--
INFO: Run Behavior\BuildLiteBehavior [ RunTime:0.000016s ]
INFO: [ app_init ] --END-- [ RunTime:0.000953s ]
INFO: [ app_begin ] --START--
INFO: Run Behavior\ReadHtmlCacheBehavior [ RunTime:0.001164s ]
INFO: [ app_begin ] --END-- [ RunTime:0.001237s ]
SQL: SHOW COLUMNS FROM `rd_shops_orders` [ RunTime:0.0982s ]
SQL: SELECT COUNT(o.id) AS tp_count FROM rd_shops_orders o left join rd_shops s ON s.id = o.shop_id  LIMIT 1   [ RunTime:0.0984s ]
SQL: SELECT o.*,s.name as shop_name,p.name as project_name FROM rd_shops_orders o left join rd_shops s ON s.id = o.shop_id left join rd_project p ON o.project_id=p.id  ORDER BY o.id desc LIMIT 0,10   [ RunTime:0.0980s ]

[ 2018-11-22T18:09:07+08:00 ] 127.0.0.1 /Shop/index
INFO: [ app_init ] --START--
INFO: Run Behavior\BuildLiteBehavior [ RunTime:0.000010s ]
INFO: [ app_init ] --END-- [ RunTime:0.000580s ]
INFO: [ app_begin ] --START--
INFO: Run Behavior\ReadHtmlCacheBehavior [ RunTime:0.000625s ]
INFO: [ app_begin ] --END-- [ RunTime:0.000659s ]
INFO: [ view_parse ] --START--
INFO: [ template_filter ] --START--
INFO: Run Behavior\ContentReplaceBehavior [ RunTime:0.000105s ]
INFO: [ template_filter ] --END-- [ RunTime:0.000142s ]
INFO: Run Behavior\ParseTemplateBehavior [ RunTime:0.009740s ]
INFO: [ view_parse ] --END-- [ RunTime:0.009791s ]
INFO: [ view_filter ] --START--
INFO: Run Behavior\WriteHtmlCacheBehavior [ RunTime:0.000532s ]
INFO: [ view_filter ] --END-- [ RunTime:0.000557s ]
INFO: [ app_end ] --START--
INFO: Run Behavior\ShowPageTraceBehavior [ RunTime:0.000677s ]
INFO: [ app_end ] --END-- [ RunTime:0.000711s ]

[ 2018-11-22T18:09:09+08:00 ] 127.0.0.1 /Shop/index.html?name=&page=1&limit=10
INFO: [ app_init ] --START--
INFO: Run Behavior\BuildLiteBehavior [ RunTime:0.000016s ]
INFO: [ app_init ] --END-- [ RunTime:0.001003s ]
INFO: [ app_begin ] --START--
INFO: Run Behavior\ReadHtmlCacheBehavior [ RunTime:0.001185s ]
INFO: [ app_begin ] --END-- [ RunTime:0.001260s ]
SQL: SHOW COLUMNS FROM `rd_shops` [ RunTime:0.0964s ]
SQL: SELECT COUNT(id) AS tp_count FROM `rd_shops` LIMIT 1   [ RunTime:0.0959s ]
SQL: SELECT * FROM `rd_shops` ORDER BY id desc LIMIT 0,10   [ RunTime:0.0961s ]
SQL: SHOW COLUMNS FROM `rd_user` [ RunTime:0.0960s ]
SQL: SELECT `mobile` FROM `rd_user` WHERE `id` = 1913 LIMIT 1   [ RunTime:0.0953s ]
SQL: SELECT `mobile` FROM `rd_user` WHERE `id` = 1310 LIMIT 1   [ RunTime:0.0954s ]
SQL: SELECT `mobile` FROM `rd_user` WHERE `id` = 1577 LIMIT 1   [ RunTime:0.0954s ]
SQL: SELECT `mobile` FROM `rd_user` WHERE `id` = 1298 LIMIT 1   [ RunTime:0.0955s ]
SQL: SELECT `mobile` FROM `rd_user` WHERE `id` = 1830 LIMIT 1   [ RunTime:0.0950s ]
SQL: SELECT `mobile` FROM `rd_user` WHERE `id` = 1766 LIMIT 1   [ RunTime:0.0953s ]
SQL: SELECT `mobile` FROM `rd_user` WHERE `id` = 1076 LIMIT 1   [ RunTime:0.0955s ]
SQL: SELECT `mobile` FROM `rd_user` WHERE `id` = 1025 LIMIT 1   [ RunTime:0.0954s ]
SQL: SELECT `mobile` FROM `rd_user` WHERE `id` = 1074 LIMIT 1   [ RunTime:0.0956s ]
SQL: SELECT `mobile` FROM `rd_user` WHERE `id` = 1020 LIMIT 1   [ RunTime:0.0996s ]

[ 2018-11-22T18:09:09+08:00 ] 127.0.0.1 /Uploads/20181121/5bf5230dc3800.jpg
INFO: [ app_init ] --START--
INFO: Run Behavior\BuildLiteBehavior [ RunTime:0.000011s ]
INFO: [ app_init ] --END-- [ RunTime:0.000790s ]

[ 2018-11-22T18:09:09+08:00 ] 127.0.0.1 /Uploads/20181121/5bf51b505a4ef.jpg
INFO: [ app_init ] --START--
INFO: Run Behavior\BuildLiteBehavior [ RunTime:0.000015s ]
INFO: [ app_init ] --END-- [ RunTime:0.000949s ]

[ 2018-11-22T18:09:09+08:00 ] 127.0.0.1 /Uploads/20181121/5bf4f999c59a8.jpg
INFO: [ app_init ] --START--
INFO: Run Behavior\BuildLiteBehavior [ RunTime:0.000015s ]
INFO: [ app_init ] --END-- [ RunTime:0.001028s ]

[ 2018-11-22T18:09:09+08:00 ] 127.0.0.1 /Uploads/20181116/5bee22407debe.jpg
INFO: [ app_init ] --START--
INFO: Run Behavior\BuildLiteBehavior [ RunTime:0.000014s ]
INFO: [ app_init ] --END-- [ RunTime:0.000597s ]

[ 2018-11-22T18:09:09+08:00 ] 127.0.0.1 /Uploads/20181115/5bed7d25095ee.jpg
INFO: [ app_init ] --START--
INFO: Run Behavior\BuildLiteBehavior [ RunTime:0.000018s ]
INFO: [ app_init ] --END-- [ RunTime:0.000969s ]

[ 2018-11-22T18:09:09+08:00 ] 127.0.0.1 /Uploads/20181114/5bebcc70a2ef1.jpg
INFO: [ app_init ] --START--
INFO: Run Behavior\BuildLiteBehavior [ RunTime:0.000014s ]
INFO: [ app_init ] --END-- [ RunTime:0.000817s ]

[ 2018-11-22T18:09:09+08:00 ] 127.0.0.1 /Uploads/20181031/5bd96278a80bb.jpg
INFO: [ app_init ] --START--
INFO: Run Behavior\BuildLiteBehavior [ RunTime:0.000015s ]
INFO: [ app_init ] --END-- [ RunTime:0.000879s ]

[ 2018-11-22T18:09:09+08:00 ] 127.0.0.1 /Uploads/20181031/5bd962e5f03e7.jpg
INFO: [ app_init ] --START--
INFO: Run Behavior\BuildLiteBehavior [ RunTime:0.000009s ]
INFO: [ app_init ] --END-- [ RunTime:0.000492s ]

[ 2018-11-22T18:09:09+08:00 ] 127.0.0.1 /Uploads/20181031/5bd96513d1ca8.jpg
INFO: [ app_init ] --START--
INFO: Run Behavior\BuildLiteBehavior [ RunTime:0.000014s ]
INFO: [ app_init ] --END-- [ RunTime:0.000747s ]

[ 2018-11-22T18:09:09+08:00 ] 127.0.0.1 /Uploads/20181031/5bd9622cd89d5.png
INFO: [ app_init ] --START--
INFO: Run Behavior\BuildLiteBehavior [ RunTime:0.000009s ]
INFO: [ app_init ] --END-- [ RunTime:0.000516s ]

[ 2018-11-22T18:09:13+08:00 ] 127.0.0.1 /Shop/userList.html?user_id=1913
INFO: [ app_init ] --START--
INFO: Run Behavior\BuildLiteBehavior [ RunTime:0.000017s ]
INFO: [ app_init ] --END-- [ RunTime:0.000940s ]
INFO: [ app_begin ] --START--
INFO: Run Behavior\ReadHtmlCacheBehavior [ RunTime:0.001479s ]
INFO: [ app_begin ] --END-- [ RunTime:0.001599s ]
SQL: SHOW COLUMNS FROM `rd_user_info` [ RunTime:0.0957s ]
SQL: SHOW COLUMNS FROM `rd_shops` [ RunTime:0.0957s ]
SQL: SELECT * FROM `rd_shops` WHERE `user_id` = 1913 LIMIT 1   [ RunTime:0.0949s ]
SQL: SELECT COUNT(u_i.id) AS tp_count FROM rd_user_info u_i left join rd_user u ON u.id = u_i.user_id  WHERE u.invite_uid = 1913 LIMIT 1   [ RunTime:0.0958s ]
SQL: SHOW COLUMNS FROM `rd_company_info` [ RunTime:0.0956s ]
SQL: SELECT COUNT(c_i.id) AS tp_count FROM rd_company_info c_i left join rd_user u ON u.id = c_i.user_id  WHERE u.invite_uid = 1913 LIMIT 1   [ RunTime:0.0944s ]
ERR: 1146:Table 'skiONskimxo1.rd_shop' doesn't exist
 [ SQL语句 ] : SHOW COLUMNS FROM `rd_shop`
ERR: 1146:Table 'skiONskimxo1.rd_shop' doesn't exist
 [ SQL语句 ] : SHOW COLUMNS FROM `rd_shop`

[ 2018-11-22T18:09:41+08:00 ] 127.0.0.1 /Shop/userList.html?user_id=1913
INFO: [ app_init ] --START--
INFO: Run Behavior\BuildLiteBehavior [ RunTime:0.000033s ]
INFO: [ app_init ] --END-- [ RunTime:0.001367s ]
INFO: [ app_begin ] --START--
INFO: Run Behavior\ReadHtmlCacheBehavior [ RunTime:0.000586s ]
INFO: [ app_begin ] --END-- [ RunTime:0.000626s ]
SQL: SHOW COLUMNS FROM `rd_user_info` [ RunTime:0.1008s ]
SQL: SHOW COLUMNS FROM `rd_shops` [ RunTime:0.0968s ]
SQL: SELECT * FROM `rd_shops` WHERE `user_id` = 1913 LIMIT 1   [ RunTime:0.0983s ]
SQL: SELECT COUNT(u_i.id) AS tp_count FROM rd_user_info u_i left join rd_user u ON u.id = u_i.user_id  WHERE u.invite_uid = 1913 LIMIT 1   [ RunTime:0.0970s ]
SQL: SHOW COLUMNS FROM `rd_company_info` [ RunTime:0.0977s ]
SQL: SELECT COUNT(c_i.id) AS tp_count FROM rd_company_info c_i left join rd_user u ON u.id = c_i.user_id  WHERE u.invite_uid = 1913 LIMIT 1   [ RunTime:0.0957s ]
SQL: SELECT COUNT(s.id) AS tp_count FROM rd_shops s left join rd_user u ON u.id = s.user_id  WHERE u.invite_uid = 1913 LIMIT 1   [ RunTime:0.0961s ]
SQL: SHOW COLUMNS FROM `rd_user` [ RunTime:0.0979s ]
SQL: SELECT COUNT(u.id) AS tp_count FROM rd_user u left join rd_user_info u_i ON u_i.user_id = u.id left join rd_company_info c_i ON c_i.user_id = u.id left join rd_shops s ON s.user_id = u.id  WHERE u.invite_uid = 1913 AND ( s.id is null AND c_i.id is null AND u_i.id is null ) LIMIT 1   [ RunTime:0.0988s ]
SQL: SHOW COLUMNS FROM `rd_shops_orders` [ RunTime:0.0959s ]
SQL: SELECT SUM(income) AS tp_sum FROM `rd_shops_orders` WHERE `user_id` = 1913 AND `check_up` = 1 LIMIT 1   [ RunTime:0.0955s ]
SQL: SELECT SUM(income) AS tp_sum FROM `rd_shops_orders` WHERE `user_id` = 1913 AND `check_up` = 1 AND `add_time` >= '2018-11-01' LIMIT 1   [ RunTime:0.0958s ]
INFO: [ view_parse ] --START--
INFO: [ template_filter ] --START--
INFO: Run Behavior\ContentReplaceBehavior [ RunTime:0.000107s ]
INFO: [ template_filter ] --END-- [ RunTime:0.000155s ]
INFO: Run Behavior\ParseTemplateBehavior [ RunTime:0.009969s ]
INFO: [ view_parse ] --END-- [ RunTime:0.010025s ]
INFO: [ view_filter ] --START--
INFO: Run Behavior\WriteHtmlCacheBehavior [ RunTime:0.000777s ]
INFO: [ view_filter ] --END-- [ RunTime:0.000826s ]
INFO: [ app_end ] --START--
INFO: Run Behavior\ShowPageTraceBehavior [ RunTime:0.000829s ]
INFO: [ app_end ] --END-- [ RunTime:0.000877s ]

[ 2018-11-22T18:09:42+08:00 ] 127.0.0.1 /Shop/userList.html?user_id=1913&mobile=&status=&page=1&limit=10
INFO: [ app_init ] --START--
INFO: Run Behavior\BuildLiteBehavior [ RunTime:0.000014s ]
INFO: [ app_init ] --END-- [ RunTime:0.000789s ]
INFO: [ app_begin ] --START--
INFO: Run Behavior\ReadHtmlCacheBehavior [ RunTime:0.001096s ]
INFO: [ app_begin ] --END-- [ RunTime:0.001165s ]
SQL: SHOW COLUMNS FROM `rd_user` [ RunTime:0.1063s ]
SQL: SELECT COUNT(u.id) AS tp_count FROM rd_user u left join rd_user_info u_i ON u_i.user_id = u.id left join rd_company_info c_i ON c_i.user_id = u.id left join rd_shops s ON s.user_id = u.id  WHERE u.invite_uid = 1913 LIMIT 1   [ RunTime:0.0987s ]
SQL: SELECT u.*,u_i.real_name as user_name,u_i.id as user_info_id,c_i.company_name,c_i.id as company_info_id,s.name as shop_name,s.id as shop_id FROM rd_user u left join rd_user_info u_i ON u_i.user_id = u.id left join rd_company_info c_i ON c_i.user_id = u.id left join rd_shops s ON s.user_id = u.id  WHERE u.invite_uid = 1913 ORDER BY id desc LIMIT 0,10   [ RunTime:0.1053s ]

[ 2018-11-22T18:10:12+08:00 ] 127.0.0.1 /Shop/userList.html?user_id=1913
INFO: [ app_init ] --START--
INFO: Run Behavior\BuildLiteBehavior [ RunTime:0.000013s ]
INFO: [ app_init ] --END-- [ RunTime:0.000730s ]
INFO: [ app_begin ] --START--
INFO: Run Behavior\ReadHtmlCacheBehavior [ RunTime:0.001182s ]
INFO: [ app_begin ] --END-- [ RunTime:0.001641s ]
SQL: SHOW COLUMNS FROM `rd_user_info` [ RunTime:0.0967s ]
SQL: SHOW COLUMNS FROM `rd_shops` [ RunTime:0.0960s ]
SQL: SELECT * FROM `rd_shops` WHERE `user_id` = 1913 LIMIT 1   [ RunTime:0.0969s ]
SQL: SELECT COUNT(u_i.id) AS tp_count FROM rd_user_info u_i left join rd_user u ON u.id = u_i.user_id  WHERE u.invite_uid = 1913 LIMIT 1   [ RunTime:0.0967s ]
SQL: SHOW COLUMNS FROM `rd_company_info` [ RunTime:0.0971s ]
SQL: SELECT COUNT(c_i.id) AS tp_count FROM rd_company_info c_i left join rd_user u ON u.id = c_i.user_id  WHERE u.invite_uid = 1913 LIMIT 1   [ RunTime:0.0962s ]
SQL: SELECT COUNT(s.id) AS tp_count FROM rd_shops s left join rd_user u ON u.id = s.user_id  WHERE u.invite_uid = 1913 LIMIT 1   [ RunTime:0.0954s ]
SQL: SHOW COLUMNS FROM `rd_user` [ RunTime:0.0964s ]
SQL: SELECT COUNT(u.id) AS tp_count FROM rd_user u left join rd_user_info u_i ON u_i.user_id = u.id left join rd_company_info c_i ON c_i.user_id = u.id left join rd_shops s ON s.user_id = u.id  WHERE u.invite_uid = 1913 AND ( s.id is null AND c_i.id is null AND u_i.id is null ) LIMIT 1   [ RunTime:0.0993s ]
SQL: SHOW COLUMNS FROM `rd_shops_orders` [ RunTime:0.0967s ]
SQL: SELECT SUM(income) AS tp_sum FROM `rd_shops_orders` WHERE `user_id` = 1913 AND `check_up` = 1 LIMIT 1   [ RunTime:0.0958s ]
SQL: SELECT SUM(income) AS tp_sum FROM `rd_shops_orders` WHERE `user_id` = 1913 AND `check_up` = 1 AND `add_time` >= '2018-11-01' LIMIT 1   [ RunTime:0.0960s ]
INFO: [ view_parse ] --START--
INFO: [ template_filter ] --START--
INFO: Run Behavior\ContentReplaceBehavior [ RunTime:0.000115s ]
INFO: [ template_filter ] --END-- [ RunTime:0.000159s ]
INFO: Run Behavior\ParseTemplateBehavior [ RunTime:0.013378s ]
INFO: [ view_parse ] --END-- [ RunTime:0.013440s ]
INFO: [ view_filter ] --START--
INFO: Run Behavior\WriteHtmlCacheBehavior [ RunTime:0.000856s ]
INFO: [ view_filter ] --END-- [ RunTime:0.000899s ]
INFO: [ app_end ] --START--
INFO: Run Behavior\ShowPageTraceBehavior [ RunTime:0.000951s ]
INFO: [ app_end ] --END-- [ RunTime:0.001003s ]

[ 2018-11-22T18:10:13+08:00 ] 127.0.0.1 /Shop/userList.html?user_id=1913&mobile=&status=&page=1&limit=10
INFO: [ app_init ] --START--
INFO: Run Behavior\BuildLiteBehavior [ RunTime:0.000021s ]
INFO: [ app_init ] --END-- [ RunTime:0.001075s ]
INFO: [ app_begin ] --START--
INFO: Run Behavior\ReadHtmlCacheBehavior [ RunTime:0.001324s ]
INFO: [ app_begin ] --END-- [ RunTime:0.001416s ]
SQL: SHOW COLUMNS FROM `rd_user` [ RunTime:0.0982s ]
SQL: SELECT COUNT(u.id) AS tp_count FROM rd_user u left join rd_user_info u_i ON u_i.user_id = u.id left join rd_company_info c_i ON c_i.user_id = u.id left join rd_shops s ON s.user_id = u.id  WHERE u.invite_uid = 1913 LIMIT 1   [ RunTime:0.0969s ]
SQL: SELECT u.*,u_i.real_name as user_name,u_i.id as user_info_id,c_i.company_name,c_i.id as company_info_id,s.name as shop_name,s.id as shop_id FROM rd_user u left join rd_user_info u_i ON u_i.user_id = u.id left join rd_company_info c_i ON c_i.user_id = u.id left join rd_shops s ON s.user_id = u.id  WHERE u.invite_uid = 1913 ORDER BY id desc LIMIT 0,10   [ RunTime:0.1019s ]

[ 2018-11-22T18:10:19+08:00 ] 127.0.0.1 /Shop/userList.html?user_id=1913&mobile=&status=1&page=1&limit=10
INFO: [ app_init ] --START--
INFO: Run Behavior\BuildLiteBehavior [ RunTime:0.000027s ]
INFO: [ app_init ] --END-- [ RunTime:0.001058s ]
INFO: [ app_begin ] --START--
INFO: Run Behavior\ReadHtmlCacheBehavior [ RunTime:0.000725s ]
INFO: [ app_begin ] --END-- [ RunTime:0.000772s ]
SQL: SHOW COLUMNS FROM `rd_user` [ RunTime:0.0961s ]
SQL: SELECT COUNT(u.id) AS tp_count FROM rd_user u left join rd_user_info u_i ON u_i.user_id = u.id left join rd_company_info c_i ON c_i.user_id = u.id left join rd_shops s ON s.user_id = u.id  WHERE u.invite_uid = 1913 AND ( s.id is null AND c_i.id is null AND u_i.id is null ) LIMIT 1   [ RunTime:0.0981s ]
SQL: SELECT u.*,u_i.real_name as user_name,u_i.id as user_info_id,c_i.company_name,c_i.id as company_info_id,s.name as shop_name,s.id as shop_id FROM rd_user u left join rd_user_info u_i ON u_i.user_id = u.id left join rd_company_info c_i ON c_i.user_id = u.id left join rd_shops s ON s.user_id = u.id  WHERE u.invite_uid = 1913 AND ( s.id is null AND c_i.id is null AND u_i.id is null ) ORDER BY id desc LIMIT 0,10   [ RunTime:0.1036s ]

[ 2018-11-22T18:10:24+08:00 ] 127.0.0.1 /Shop/userList.html?user_id=1913&mobile=&status=2&page=1&limit=10
INFO: [ app_init ] --START--
INFO: Run Behavior\BuildLiteBehavior [ RunTime:0.000021s ]
INFO: [ app_init ] --END-- [ RunTime:0.001231s ]
INFO: [ app_begin ] --START--
INFO: Run Behavior\ReadHtmlCacheBehavior [ RunTime:0.000705s ]
INFO: [ app_begin ] --END-- [ RunTime:0.000742s ]
SQL: SHOW COLUMNS FROM `rd_user` [ RunTime:0.0966s ]
SQL: SELECT COUNT(u.id) AS tp_count FROM rd_user u left join rd_user_info u_i ON u_i.user_id = u.id left join rd_company_info c_i ON c_i.user_id = u.id left join rd_shops s ON s.user_id = u.id  WHERE u.invite_uid = 1913 AND u_i.id > 0 LIMIT 1   [ RunTime:0.0979s ]
SQL: SELECT u.*,u_i.real_name as user_name,u_i.id as user_info_id,c_i.company_name,c_i.id as company_info_id,s.name as shop_name,s.id as shop_id FROM rd_user u left join rd_user_info u_i ON u_i.user_id = u.id left join rd_company_info c_i ON c_i.user_id = u.id left join rd_shops s ON s.user_id = u.id  WHERE u.invite_uid = 1913 AND u_i.id > 0 ORDER BY id desc LIMIT 0,10   [ RunTime:0.0987s ]

[ 2018-11-22T18:10:28+08:00 ] 127.0.0.1 /Shop/userList.html?user_id=1913&mobile=&status=3&page=1&limit=10
INFO: [ app_init ] --START--
INFO: Run Behavior\BuildLiteBehavior [ RunTime:0.000009s ]
INFO: [ app_init ] --END-- [ RunTime:0.000619s ]
INFO: [ app_begin ] --START--
INFO: Run Behavior\ReadHtmlCacheBehavior [ RunTime:0.001805s ]
INFO: [ app_begin ] --END-- [ RunTime:0.001882s ]
SQL: SHOW COLUMNS FROM `rd_user` [ RunTime:0.1234s ]
SQL: SELECT COUNT(u.id) AS tp_count FROM rd_user u left join rd_user_info u_i ON u_i.user_id = u.id left join rd_company_info c_i ON c_i.user_id = u.id left join rd_shops s ON s.user_id = u.id  WHERE u.invite_uid = 1913 AND c_i.id > 0 LIMIT 1   [ RunTime:0.0969s ]
SQL: SELECT u.*,u_i.real_name as user_name,u_i.id as user_info_id,c_i.company_name,c_i.id as company_info_id,s.name as shop_name,s.id as shop_id FROM rd_user u left join rd_user_info u_i ON u_i.user_id = u.id left join rd_company_info c_i ON c_i.user_id = u.id left join rd_shops s ON s.user_id = u.id  WHERE u.invite_uid = 1913 AND c_i.id > 0 ORDER BY id desc LIMIT 0,10   [ RunTime:0.0984s ]

[ 2018-11-22T18:10:32+08:00 ] 127.0.0.1 /Shop/userList.html?user_id=1913&mobile=&status=4&page=1&limit=10
INFO: [ app_init ] --START--
INFO: Run Behavior\BuildLiteBehavior [ RunTime:0.000009s ]
INFO: [ app_init ] --END-- [ RunTime:0.000615s ]
INFO: [ app_begin ] --START--
INFO: Run Behavior\ReadHtmlCacheBehavior [ RunTime:0.001063s ]
INFO: [ app_begin ] --END-- [ RunTime:0.001132s ]
SQL: SHOW COLUMNS FROM `rd_user` [ RunTime:0.0970s ]
SQL: SELECT COUNT(u.id) AS tp_count FROM rd_user u left join rd_user_info u_i ON u_i.user_id = u.id left join rd_company_info c_i ON c_i.user_id = u.id left join rd_shops s ON s.user_id = u.id  WHERE u.invite_uid = 1913 AND s.id > 0 LIMIT 1   [ RunTime:0.0967s ]
SQL: SELECT u.*,u_i.real_name as user_name,u_i.id as user_info_id,c_i.company_name,c_i.id as company_info_id,s.name as shop_name,s.id as shop_id FROM rd_user u left join rd_user_info u_i ON u_i.user_id = u.id left join rd_company_info c_i ON c_i.user_id = u.id left join rd_shops s ON s.user_id = u.id  WHERE u.invite_uid = 1913 AND s.id > 0 ORDER BY id desc LIMIT 0,10   [ RunTime:0.0971s ]

[ 2018-11-22T18:10:39+08:00 ] 127.0.0.1 /Shop/userList.html?user_id=1913&mobile=&status=&page=1&limit=10
INFO: [ app_init ] --START--
INFO: Run Behavior\BuildLiteBehavior [ RunTime:0.000013s ]
INFO: [ app_init ] --END-- [ RunTime:0.000883s ]
INFO: [ app_begin ] --START--
INFO: Run Behavior\ReadHtmlCacheBehavior [ RunTime:0.000620s ]
INFO: [ app_begin ] --END-- [ RunTime:0.000655s ]
SQL: SHOW COLUMNS FROM `rd_user` [ RunTime:0.0957s ]
SQL: SELECT COUNT(u.id) AS tp_count FROM rd_user u left join rd_user_info u_i ON u_i.user_id = u.id left join rd_company_info c_i ON c_i.user_id = u.id left join rd_shops s ON s.user_id = u.id  WHERE u.invite_uid = 1913 LIMIT 1   [ RunTime:0.0982s ]
SQL: SELECT u.*,u_i.real_name as user_name,u_i.id as user_info_id,c_i.company_name,c_i.id as company_info_id,s.name as shop_name,s.id as shop_id FROM rd_user u left join rd_user_info u_i ON u_i.user_id = u.id left join rd_company_info c_i ON c_i.user_id = u.id left join rd_shops s ON s.user_id = u.id  WHERE u.invite_uid = 1913 ORDER BY id desc LIMIT 0,10   [ RunTime:0.1036s ]

[ 2018-11-22T18:15:14+08:00 ] 127.0.0.1 /Shop/userList.html?user_id=1913
INFO: [ app_init ] --START--
INFO: Run Behavior\BuildLiteBehavior [ RunTime:0.000016s ]
INFO: [ app_init ] --END-- [ RunTime:0.038259s ]
INFO: [ app_begin ] --START--
INFO: Run Behavior\ReadHtmlCacheBehavior [ RunTime:0.007544s ]
INFO: [ app_begin ] --END-- [ RunTime:0.007619s ]
SQL: SHOW COLUMNS FROM `rd_user_info` [ RunTime:0.0948s ]
SQL: SHOW COLUMNS FROM `rd_shops` [ RunTime:0.0953s ]
SQL: SELECT * FROM `rd_shops` WHERE `user_id` = 1913 LIMIT 1   [ RunTime:0.0947s ]
SQL: SELECT COUNT(u_i.id) AS tp_count FROM rd_user_info u_i left join rd_user u ON u.id = u_i.user_id  WHERE u.invite_uid = 1913 LIMIT 1   [ RunTime:0.0950s ]
SQL: SHOW COLUMNS FROM `rd_company_info` [ RunTime:0.0955s ]
SQL: SELECT COUNT(c_i.id) AS tp_count FROM rd_company_info c_i left join rd_user u ON u.id = c_i.user_id  WHERE u.invite_uid = 1913 LIMIT 1   [ RunTime:0.0952s ]
SQL: SELECT COUNT(s.id) AS tp_count FROM rd_shops s left join rd_user u ON u.id = s.user_id  WHERE u.invite_uid = 1913 LIMIT 1   [ RunTime:0.0935s ]
SQL: SHOW COLUMNS FROM `rd_user` [ RunTime:0.1050s ]
SQL: SELECT COUNT(u.id) AS tp_count FROM rd_user u left join rd_user_info u_i ON u_i.user_id = u.id left join rd_company_info c_i ON c_i.user_id = u.id left join rd_shops s ON s.user_id = u.id  WHERE u.invite_uid = 1913 AND ( s.id is null AND c_i.id is null AND u_i.id is null ) LIMIT 1   [ RunTime:0.0975s ]
SQL: SELECT COUNT(id) AS tp_count FROM `rd_user` WHERE `invite_uid` = 1913 LIMIT 1   [ RunTime:0.0943s ]
SQL: SHOW COLUMNS FROM `rd_shops_orders` [ RunTime:0.0939s ]
SQL: SELECT SUM(income) AS tp_sum FROM `rd_shops_orders` WHERE `user_id` = 1913 AND `check_up` = 1 LIMIT 1   [ RunTime:0.0937s ]
SQL: SELECT SUM(income) AS tp_sum FROM `rd_shops_orders` WHERE `user_id` = 1913 AND `check_up` = 1 AND `add_time` >= '2018-11-01' LIMIT 1   [ RunTime:0.0963s ]
INFO: [ view_parse ] --START--
INFO: [ template_filter ] --START--
INFO: Run Behavior\ContentReplaceBehavior [ RunTime:0.000134s ]
INFO: [ template_filter ] --END-- [ RunTime:0.000189s ]
INFO: Run Behavior\ParseTemplateBehavior [ RunTime:0.013689s ]
INFO: [ view_parse ] --END-- [ RunTime:0.013740s ]
INFO: [ view_filter ] --START--
INFO: Run Behavior\WriteHtmlCacheBehavior [ RunTime:0.000790s ]
INFO: [ view_filter ] --END-- [ RunTime:0.000845s ]
INFO: [ app_end ] --START--
INFO: Run Behavior\ShowPageTraceBehavior [ RunTime:0.001152s ]
INFO: [ app_end ] --END-- [ RunTime:0.001228s ]

[ 2018-11-22T18:15:15+08:00 ] 127.0.0.1 /Shop/userList.html?user_id=1913&mobile=&status=&page=1&limit=10
INFO: [ app_init ] --START--
INFO: Run Behavior\BuildLiteBehavior [ RunTime:0.000017s ]
INFO: [ app_init ] --END-- [ RunTime:0.000939s ]
INFO: [ app_begin ] --START--
INFO: Run Behavior\ReadHtmlCacheBehavior [ RunTime:0.001103s ]
INFO: [ app_begin ] --END-- [ RunTime:0.001171s ]
SQL: SHOW COLUMNS FROM `rd_user` [ RunTime:0.0943s ]
SQL: SELECT COUNT(u.id) AS tp_count FROM rd_user u left join rd_user_info u_i ON u_i.user_id = u.id left join rd_company_info c_i ON c_i.user_id = u.id left join rd_shops s ON s.user_id = u.id  WHERE u.invite_uid = 1913 LIMIT 1   [ RunTime:0.0969s ]
SQL: SELECT u.*,u_i.real_name as user_name,u_i.id as user_info_id,c_i.company_name,c_i.id as company_info_id,s.name as shop_name,s.id as shop_id FROM rd_user u left join rd_user_info u_i ON u_i.user_id = u.id left join rd_company_info c_i ON c_i.user_id = u.id left join rd_shops s ON s.user_id = u.id  WHERE u.invite_uid = 1913 ORDER BY id desc LIMIT 0,10   [ RunTime:0.1025s ]

[ 2018-11-22T18:15:29+08:00 ] 127.0.0.1 /Shop/userList.html?user_id=1913
INFO: [ app_init ] --START--
INFO: Run Behavior\BuildLiteBehavior [ RunTime:0.000015s ]
INFO: [ app_init ] --END-- [ RunTime:0.000939s ]
INFO: [ app_begin ] --START--
INFO: Run Behavior\ReadHtmlCacheBehavior [ RunTime:0.001016s ]
INFO: [ app_begin ] --END-- [ RunTime:0.001086s ]
SQL: SHOW COLUMNS FROM `rd_user_info` [ RunTime:0.0977s ]
SQL: SHOW COLUMNS FROM `rd_shops` [ RunTime:0.0980s ]
SQL: SELECT * FROM `rd_shops` WHERE `user_id` = 1913 LIMIT 1   [ RunTime:0.0972s ]
SQL: SELECT COUNT(u_i.id) AS tp_count FROM rd_user_info u_i left join rd_user u ON u.id = u_i.user_id  WHERE u.invite_uid = 1913 LIMIT 1   [ RunTime:0.0974s ]
SQL: SHOW COLUMNS FROM `rd_company_info` [ RunTime:0.0975s ]
SQL: SELECT COUNT(c_i.id) AS tp_count FROM rd_company_info c_i left join rd_user u ON u.id = c_i.user_id  WHERE u.invite_uid = 1913 LIMIT 1   [ RunTime:0.0965s ]
SQL: SELECT COUNT(s.id) AS tp_count FROM rd_shops s left join rd_user u ON u.id = s.user_id  WHERE u.invite_uid = 1913 LIMIT 1   [ RunTime:0.0965s ]
SQL: SHOW COLUMNS FROM `rd_user` [ RunTime:0.0982s ]
SQL: SELECT COUNT(u.id) AS tp_count FROM rd_user u left join rd_user_info u_i ON u_i.user_id = u.id left join rd_company_info c_i ON c_i.user_id = u.id left join rd_shops s ON s.user_id = u.id  WHERE u.invite_uid = 1913 AND ( s.id is null AND c_i.id is null AND u_i.id is null ) LIMIT 1   [ RunTime:0.1002s ]
SQL: SELECT COUNT(id) AS tp_count FROM `rd_user` WHERE `invite_uid` = 1913 LIMIT 1   [ RunTime:0.0966s ]
SQL: SHOW COLUMNS FROM `rd_shops_orders` [ RunTime:0.0978s ]
SQL: SELECT SUM(income) AS tp_sum FROM `rd_shops_orders` WHERE `user_id` = 1913 AND `check_up` = 1 LIMIT 1   [ RunTime:0.0973s ]
SQL: SELECT SUM(income) AS tp_sum FROM `rd_shops_orders` WHERE `user_id` = 1913 AND `check_up` = 1 AND `add_time` >= '2018-11-01' LIMIT 1   [ RunTime:0.0971s ]
INFO: [ view_parse ] --START--
INFO: [ template_filter ] --START--
INFO: Run Behavior\ContentReplaceBehavior [ RunTime:0.000195s ]
INFO: [ template_filter ] --END-- [ RunTime:0.000262s ]
INFO: Run Behavior\ParseTemplateBehavior [ RunTime:0.027089s ]
INFO: [ view_parse ] --END-- [ RunTime:0.027214s ]
INFO: [ view_filter ] --START--
INFO: Run Behavior\WriteHtmlCacheBehavior [ RunTime:0.001103s ]
INFO: [ view_filter ] --END-- [ RunTime:0.001162s ]
INFO: [ app_end ] --START--
INFO: Run Behavior\ShowPageTraceBehavior [ RunTime:0.001371s ]
INFO: [ app_end ] --END-- [ RunTime:0.001437s ]

[ 2018-11-22T18:15:30+08:00 ] 127.0.0.1 /Shop/userList.html?user_id=1913&mobile=&status=&page=1&limit=10
INFO: [ app_init ] --START--
INFO: Run Behavior\BuildLiteBehavior [ RunTime:0.000017s ]
INFO: [ app_init ] --END-- [ RunTime:0.000958s ]
INFO: [ app_begin ] --START--
INFO: Run Behavior\ReadHtmlCacheBehavior [ RunTime:0.001086s ]
INFO: [ app_begin ] --END-- [ RunTime:0.001158s ]
SQL: SHOW COLUMNS FROM `rd_user` [ RunTime:0.0951s ]
SQL: SELECT COUNT(u.id) AS tp_count FROM rd_user u left join rd_user_info u_i ON u_i.user_id = u.id left join rd_company_info c_i ON c_i.user_id = u.id left join rd_shops s ON s.user_id = u.id  WHERE u.invite_uid = 1913 LIMIT 1   [ RunTime:0.0962s ]
SQL: SELECT u.*,u_i.real_name as user_name,u_i.id as user_info_id,c_i.company_name,c_i.id as company_info_id,s.name as shop_name,s.id as shop_id FROM rd_user u left join rd_user_info u_i ON u_i.user_id = u.id left join rd_company_info c_i ON c_i.user_id = u.id left join rd_shops s ON s.user_id = u.id  WHERE u.invite_uid = 1913 ORDER BY id desc LIMIT 0,10   [ RunTime:0.1018s ]

[ 2018-11-22T18:15:55+08:00 ] 127.0.0.1 /Shop/userList.html?user_id=1913
INFO: [ app_init ] --START--
INFO: Run Behavior\BuildLiteBehavior [ RunTime:0.000015s ]
INFO: [ app_init ] --END-- [ RunTime:0.000834s ]
INFO: [ app_begin ] --START--
INFO: Run Behavior\ReadHtmlCacheBehavior [ RunTime:0.000651s ]
INFO: [ app_begin ] --END-- [ RunTime:0.000695s ]
SQL: SHOW COLUMNS FROM `rd_user_info` [ RunTime:0.0956s ]
SQL: SHOW COLUMNS FROM `rd_shops` [ RunTime:0.0959s ]
SQL: SELECT * FROM `rd_shops` WHERE `user_id` = 1913 LIMIT 1   [ RunTime:0.0950s ]
SQL: SELECT COUNT(u_i.id) AS tp_count FROM rd_user_info u_i left join rd_user u ON u.id = u_i.user_id  WHERE u.invite_uid = 1913 LIMIT 1   [ RunTime:0.0964s ]
SQL: SHOW COLUMNS FROM `rd_company_info` [ RunTime:0.0957s ]
SQL: SELECT COUNT(c_i.id) AS tp_count FROM rd_company_info c_i left join rd_user u ON u.id = c_i.user_id  WHERE u.invite_uid = 1913 LIMIT 1   [ RunTime:0.0999s ]
SQL: SELECT COUNT(s.id) AS tp_count FROM rd_shops s left join rd_user u ON u.id = s.user_id  WHERE u.invite_uid = 1913 LIMIT 1   [ RunTime:0.0950s ]
SQL: SHOW COLUMNS FROM `rd_user` [ RunTime:0.0950s ]
SQL: SELECT COUNT(u.id) AS tp_count FROM rd_user u left join rd_user_info u_i ON u_i.user_id = u.id left join rd_company_info c_i ON c_i.user_id = u.id left join rd_shops s ON s.user_id = u.id  WHERE u.invite_uid = 1913 AND ( s.id is null AND c_i.id is null AND u_i.id is null ) LIMIT 1   [ RunTime:0.0983s ]
SQL: SELECT COUNT(id) AS tp_count FROM `rd_user` WHERE `invite_uid` = 1913 LIMIT 1   [ RunTime:0.0950s ]
SQL: SHOW COLUMNS FROM `rd_shops_orders` [ RunTime:0.0960s ]
SQL: SELECT SUM(income) AS tp_sum FROM `rd_shops_orders` WHERE `user_id` = 1913 AND `check_up` = 1 LIMIT 1   [ RunTime:0.0953s ]
SQL: SELECT SUM(income) AS tp_sum FROM `rd_shops_orders` WHERE `user_id` = 1913 AND `check_up` = 1 AND `add_time` >= '2018-11-01' LIMIT 1   [ RunTime:0.1044s ]
INFO: [ view_parse ] --START--
INFO: [ template_filter ] --START--
INFO: Run Behavior\ContentReplaceBehavior [ RunTime:0.000121s ]
INFO: [ template_filter ] --END-- [ RunTime:0.000179s ]
INFO: Run Behavior\ParseTemplateBehavior [ RunTime:0.013068s ]
INFO: [ view_parse ] --END-- [ RunTime:0.013134s ]
INFO: [ view_filter ] --START--
INFO: Run Behavior\WriteHtmlCacheBehavior [ RunTime:0.000820s ]
INFO: [ view_filter ] --END-- [ RunTime:0.000868s ]
INFO: [ app_end ] --START--
INFO: Run Behavior\ShowPageTraceBehavior [ RunTime:0.001008s ]
INFO: [ app_end ] --END-- [ RunTime:0.001067s ]

[ 2018-11-22T18:15:56+08:00 ] 127.0.0.1 /Shop/userList.html?user_id=1913&mobile=&status=&page=1&limit=10
INFO: [ app_init ] --START--
INFO: Run Behavior\BuildLiteBehavior [ RunTime:0.000014s ]
INFO: [ app_init ] --END-- [ RunTime:0.000796s ]
INFO: [ app_begin ] --START--
INFO: Run Behavior\ReadHtmlCacheBehavior [ RunTime:0.000914s ]
INFO: [ app_begin ] --END-- [ RunTime:0.000972s ]
SQL: SHOW COLUMNS FROM `rd_user` [ RunTime:0.0964s ]
SQL: SELECT COUNT(u.id) AS tp_count FROM rd_user u left join rd_user_info u_i ON u_i.user_id = u.id left join rd_company_info c_i ON c_i.user_id = u.id left join rd_shops s ON s.user_id = u.id  WHERE u.invite_uid = 1913 LIMIT 1   [ RunTime:0.1005s ]
SQL: SELECT u.*,u_i.real_name as user_name,u_i.id as user_info_id,c_i.company_name,c_i.id as company_info_id,s.name as shop_name,s.id as shop_id FROM rd_user u left join rd_user_info u_i ON u_i.user_id = u.id left join rd_company_info c_i ON c_i.user_id = u.id left join rd_shops s ON s.user_id = u.id  WHERE u.invite_uid = 1913 ORDER BY id desc LIMIT 0,10   [ RunTime:0.1038s ]

