[ 2018-11-07T08:51:41+08:00 ] 127.0.0.1 /
INFO: [ app_init ] --START--
INFO: Run Behavior\BuildLiteBehavior [ RunTime:0.000025s ]
INFO: [ app_init ] --END-- [ RunTime:0.001156s ]
INFO: [ app_begin ] --START--
INFO: Run Behavior\ReadHtmlCacheBehavior [ RunTime:0.001192s ]
INFO: [ app_begin ] --END-- [ RunTime:0.001248s ]

[ 2018-11-07T08:51:41+08:00 ] 127.0.0.1 /Login/index.html
INFO: [ app_init ] --START--
INFO: Run Behavior\BuildLiteBehavior [ RunTime:0.000015s ]
INFO: [ app_init ] --END-- [ RunTime:0.000890s ]
INFO: [ app_begin ] --START--
INFO: Run Behavior\ReadHtmlCacheBehavior [ RunTime:0.000985s ]
INFO: [ app_begin ] --END-- [ RunTime:0.001055s ]
INFO: [ view_parse ] --START--
INFO: [ template_filter ] --START--
INFO: Run Behavior\ContentReplaceBehavior [ RunTime:0.000079s ]
INFO: [ template_filter ] --END-- [ RunTime:0.000123s ]
INFO: Run Behavior\ParseTemplateBehavior [ RunTime:0.011074s ]
INFO: [ view_parse ] --END-- [ RunTime:0.011122s ]
INFO: [ view_filter ] --START--
INFO: Run Behavior\WriteHtmlCacheBehavior [ RunTime:0.000812s ]
INFO: [ view_filter ] --END-- [ RunTime:0.000841s ]
INFO: [ app_end ] --START--
INFO: Run Behavior\ShowPageTraceBehavior [ RunTime:0.001014s ]
INFO: [ app_end ] --END-- [ RunTime:0.001043s ]

[ 2018-11-07T08:51:41+08:00 ] 127.0.0.1 /Login/verify.html
INFO: [ app_init ] --START--
INFO: Run Behavior\BuildLiteBehavior [ RunTime:0.000014s ]
INFO: [ app_init ] --END-- [ RunTime:0.000840s ]
INFO: [ app_begin ] --START--
INFO: Run Behavior\ReadHtmlCacheBehavior [ RunTime:0.000992s ]
INFO: [ app_begin ] --END-- [ RunTime:0.001058s ]
INFO: [ app_end ] --START--
INFO: Run Behavior\ShowPageTraceBehavior [ RunTime:0.001138s ]
INFO: [ app_end ] --END-- [ RunTime:0.001225s ]

[ 2018-11-07T08:51:49+08:00 ] 127.0.0.1 /Login/doLogin.html
INFO: [ app_init ] --START--
INFO: Run Behavior\BuildLiteBehavior [ RunTime:0.000008s ]
INFO: [ app_init ] --END-- [ RunTime:0.000495s ]
INFO: [ app_begin ] --START--
INFO: Run Behavior\ReadHtmlCacheBehavior [ RunTime:0.000598s ]
INFO: [ app_begin ] --END-- [ RunTime:0.000628s ]
SQL: SHOW COLUMNS FROM `rd_admin` [ RunTime:0.1083s ]
SQL: SELECT * FROM `rd_admin` WHERE `username` = 'admin' AND `password` = '231ee813250bd018144ec5acc5950026' LIMIT 1   [ RunTime:0.1099s ]
SQL: UPDATE `rd_admin` SET `last_time`='1541551909',`last_ip`='127.0.0.1' WHERE `id` = 1 [ RunTime:0.4055s ]

[ 2018-11-07T08:51:52+08:00 ] 127.0.0.1 /Index/index.html
INFO: [ app_init ] --START--
INFO: Run Behavior\BuildLiteBehavior [ RunTime:0.000026s ]
INFO: [ app_init ] --END-- [ RunTime:0.001132s ]
INFO: [ app_begin ] --START--
INFO: Run Behavior\ReadHtmlCacheBehavior [ RunTime:0.000909s ]
INFO: [ app_begin ] --END-- [ RunTime:0.000969s ]
INFO: [ view_parse ] --START--
INFO: [ template_filter ] --START--
INFO: Run Behavior\ContentReplaceBehavior [ RunTime:0.000061s ]
INFO: [ template_filter ] --END-- [ RunTime:0.000099s ]
INFO: Run Behavior\ParseTemplateBehavior [ RunTime:0.009866s ]
INFO: [ view_parse ] --END-- [ RunTime:0.009950s ]
INFO: [ view_filter ] --START--
INFO: Run Behavior\WriteHtmlCacheBehavior [ RunTime:0.000780s ]
INFO: [ view_filter ] --END-- [ RunTime:0.000815s ]
INFO: [ app_end ] --START--
INFO: Run Behavior\ShowPageTraceBehavior [ RunTime:0.000840s ]
INFO: [ app_end ] --END-- [ RunTime:0.000885s ]

[ 2018-11-07T08:51:57+08:00 ] 127.0.0.1 /Shop/index
INFO: [ app_init ] --START--
INFO: Run Behavior\BuildLiteBehavior [ RunTime:0.000014s ]
INFO: [ app_init ] --END-- [ RunTime:0.000826s ]
INFO: [ app_begin ] --START--
INFO: Run Behavior\ReadHtmlCacheBehavior [ RunTime:0.000652s ]
INFO: [ app_begin ] --END-- [ RunTime:0.000694s ]
INFO: [ view_parse ] --START--
INFO: [ template_filter ] --START--
INFO: Run Behavior\ContentReplaceBehavior [ RunTime:0.000099s ]
INFO: [ template_filter ] --END-- [ RunTime:0.000135s ]
INFO: Run Behavior\ParseTemplateBehavior [ RunTime:0.009690s ]
INFO: [ view_parse ] --END-- [ RunTime:0.009742s ]
INFO: [ view_filter ] --START--
INFO: Run Behavior\WriteHtmlCacheBehavior [ RunTime:0.000485s ]
INFO: [ view_filter ] --END-- [ RunTime:0.000508s ]
INFO: [ app_end ] --START--
INFO: Run Behavior\ShowPageTraceBehavior [ RunTime:0.000687s ]
INFO: [ app_end ] --END-- [ RunTime:0.000718s ]

[ 2018-11-07T08:51:59+08:00 ] 127.0.0.1 /Shop/index.html?name=&page=1&limit=10
INFO: [ app_init ] --START--
INFO: Run Behavior\BuildLiteBehavior [ RunTime:0.000015s ]
INFO: [ app_init ] --END-- [ RunTime:0.000899s ]
INFO: [ app_begin ] --START--
INFO: Run Behavior\ReadHtmlCacheBehavior [ RunTime:0.001423s ]
INFO: [ app_begin ] --END-- [ RunTime:0.001520s ]
SQL: SHOW COLUMNS FROM `rd_shops` [ RunTime:0.0977s ]
SQL: SELECT COUNT(id) AS tp_count FROM `rd_shops` LIMIT 1   [ RunTime:0.0974s ]
SQL: SELECT * FROM `rd_shops` ORDER BY id desc LIMIT 0,10   [ RunTime:0.0981s ]
SQL: SHOW COLUMNS FROM `rd_user` [ RunTime:0.0979s ]
SQL: SELECT `mobile` FROM `rd_user` WHERE `id` = 1076 LIMIT 1   [ RunTime:0.0966s ]
SQL: SELECT `mobile` FROM `rd_user` WHERE `id` = 1025 LIMIT 1   [ RunTime:0.0972s ]
SQL: SELECT `mobile` FROM `rd_user` WHERE `id` = 1074 LIMIT 1   [ RunTime:0.0974s ]
SQL: SELECT `mobile` FROM `rd_user` WHERE `id` = 1020 LIMIT 1   [ RunTime:0.0973s ]
SQL: SELECT `mobile` FROM `rd_user` WHERE `id` = 1030 LIMIT 1   [ RunTime:0.0975s ]
SQL: SELECT `mobile` FROM `rd_user` WHERE `id` = 1028 LIMIT 1   [ RunTime:0.0972s ]
SQL: SELECT `mobile` FROM `rd_user` WHERE `id` = 1082 LIMIT 1   [ RunTime:0.0974s ]
SQL: SELECT `mobile` FROM `rd_user` WHERE `id` = 1029 LIMIT 1   [ RunTime:0.0973s ]
SQL: SELECT `mobile` FROM `rd_user` WHERE `id` = 1051 LIMIT 1   [ RunTime:0.0973s ]
SQL: SELECT `mobile` FROM `rd_user` WHERE `id` = 1038 LIMIT 1   [ RunTime:0.0973s ]

[ 2018-11-07T08:51:59+08:00 ] 127.0.0.1 /Uploads/20181031/5bd96513d1ca8.jpg
INFO: [ app_init ] --START--
INFO: Run Behavior\BuildLiteBehavior [ RunTime:0.000011s ]
INFO: [ app_init ] --END-- [ RunTime:0.000729s ]

[ 2018-11-07T08:51:59+08:00 ] 127.0.0.1 /Uploads/20181031/5bd96278a80bb.jpg
INFO: [ app_init ] --START--
INFO: Run Behavior\BuildLiteBehavior [ RunTime:0.000013s ]
INFO: [ app_init ] --END-- [ RunTime:0.000831s ]

[ 2018-11-07T08:51:59+08:00 ] 127.0.0.1 /Uploads/20181031/5bd9622cd89d5.png
INFO: [ app_init ] --START--
INFO: Run Behavior\BuildLiteBehavior [ RunTime:0.000015s ]
INFO: [ app_init ] --END-- [ RunTime:0.000997s ]

[ 2018-11-07T08:51:59+08:00 ] 127.0.0.1 /Uploads/20181031/5bd9156e8d40e.jpg
INFO: [ app_init ] --START--
INFO: Run Behavior\BuildLiteBehavior [ RunTime:0.000013s ]
INFO: [ app_init ] --END-- [ RunTime:0.000779s ]

[ 2018-11-07T08:51:59+08:00 ] 127.0.0.1 /Uploads/20181031/5bd9195b56f21.jpg
INFO: [ app_init ] --START--
INFO: Run Behavior\BuildLiteBehavior [ RunTime:0.000013s ]
INFO: [ app_init ] --END-- [ RunTime:0.000801s ]

[ 2018-11-07T08:51:59+08:00 ] 127.0.0.1 /Uploads/20181031/5bd962e5f03e7.jpg
INFO: [ app_init ] --START--
INFO: Run Behavior\BuildLiteBehavior [ RunTime:0.000008s ]
INFO: [ app_init ] --END-- [ RunTime:0.000493s ]

[ 2018-11-07T08:51:59+08:00 ] 127.0.0.1 /Uploads/20181031/5bd912a414182.jpg
INFO: [ app_init ] --START--
INFO: Run Behavior\BuildLiteBehavior [ RunTime:0.000014s ]
INFO: [ app_init ] --END-- [ RunTime:0.000820s ]

[ 2018-11-07T08:51:59+08:00 ] 127.0.0.1 /Uploads/20181030/5bd7c645aaaa1.jpg
INFO: [ app_init ] --START--
INFO: Run Behavior\BuildLiteBehavior [ RunTime:0.000016s ]
INFO: [ app_init ] --END-- [ RunTime:0.000957s ]

[ 2018-11-07T08:52:00+08:00 ] 127.0.0.1 /Uploads/20181030/5bd7e83961123.jpg
INFO: [ app_init ] --START--
INFO: Run Behavior\BuildLiteBehavior [ RunTime:0.000014s ]
INFO: [ app_init ] --END-- [ RunTime:0.000676s ]

[ 2018-11-07T08:52:00+08:00 ] 127.0.0.1 /Uploads/20181031/5bd9122bbf09d.jpg
INFO: [ app_init ] --START--
INFO: Run Behavior\BuildLiteBehavior [ RunTime:0.000008s ]
INFO: [ app_init ] --END-- [ RunTime:0.000519s ]

[ 2018-11-07T08:52:04+08:00 ] 127.0.0.1 /Shop/userList.html?user_id=1076
INFO: [ app_init ] --START--
INFO: Run Behavior\BuildLiteBehavior [ RunTime:0.000015s ]
INFO: [ app_init ] --END-- [ RunTime:0.000974s ]
INFO: [ app_begin ] --START--
INFO: Run Behavior\ReadHtmlCacheBehavior [ RunTime:0.000801s ]
INFO: [ app_begin ] --END-- [ RunTime:0.000856s ]
SQL: SHOW COLUMNS FROM `rd_user_info` [ RunTime:0.1007s ]
SQL: SHOW COLUMNS FROM `rd_shops` [ RunTime:0.0999s ]
SQL: SELECT * FROM `rd_shops` WHERE `user_id` = 1076 LIMIT 1   [ RunTime:0.0999s ]
SQL: SELECT COUNT(u_i.id) AS tp_count FROM rd_user_info u_i left join rd_user u ON u.id = u_i.user_id  WHERE u.invite_uid = 1076 LIMIT 1   [ RunTime:0.1003s ]
SQL: SHOW COLUMNS FROM `rd_user` [ RunTime:0.0996s ]
SQL: SELECT COUNT(id) AS tp_count FROM `rd_user` WHERE `invite_uid` = 1076 LIMIT 1   [ RunTime:0.0997s ]
SQL: SHOW COLUMNS FROM `rd_shops_orders` [ RunTime:0.1001s ]
SQL: SELECT SUM(income) AS tp_sum FROM `rd_shops_orders` WHERE `user_id` = 1076 AND `check_up` = 1 LIMIT 1   [ RunTime:0.0993s ]
SQL: SELECT SUM(income) AS tp_sum FROM `rd_shops_orders` WHERE `user_id` = 1076 AND `check_up` = 1 AND `add_time` >= '2018-11-01' LIMIT 1   [ RunTime:0.0993s ]
INFO: [ view_parse ] --START--
INFO: [ template_filter ] --START--
INFO: Run Behavior\ContentReplaceBehavior [ RunTime:0.000085s ]
INFO: [ template_filter ] --END-- [ RunTime:0.000128s ]
INFO: Run Behavior\ParseTemplateBehavior [ RunTime:0.016964s ]
INFO: [ view_parse ] --END-- [ RunTime:0.017015s ]
INFO: [ view_filter ] --START--
INFO: Run Behavior\WriteHtmlCacheBehavior [ RunTime:0.000568s ]
INFO: [ view_filter ] --END-- [ RunTime:0.000595s ]
INFO: [ app_end ] --START--
INFO: Run Behavior\ShowPageTraceBehavior [ RunTime:0.000683s ]
INFO: [ app_end ] --END-- [ RunTime:0.000715s ]

[ 2018-11-07T08:52:05+08:00 ] 127.0.0.1 /Shop/userList.html?user_id=1076&page=1&limit=10
INFO: [ app_init ] --START--
INFO: Run Behavior\BuildLiteBehavior [ RunTime:0.000016s ]
INFO: [ app_init ] --END-- [ RunTime:0.000972s ]
INFO: [ app_begin ] --START--
INFO: Run Behavior\ReadHtmlCacheBehavior [ RunTime:0.001067s ]
INFO: [ app_begin ] --END-- [ RunTime:0.001132s ]
SQL: SHOW COLUMNS FROM `rd_user_info` [ RunTime:0.1007s ]
SQL: SELECT COUNT(u_i.id) AS tp_count FROM rd_user_info u_i left join rd_user u ON u.id = u_i.user_id  WHERE u.invite_uid = 1076 LIMIT 1   [ RunTime:0.1009s ]
SQL: SELECT * FROM rd_user_info u_i left join rd_user u ON u.id = u_i.user_id  WHERE u.invite_uid = 1076 ORDER BY u_i.id desc LIMIT 0,10   [ RunTime:0.1018s ]

[ 2018-11-07T08:53:41+08:00 ] 127.0.0.1 /Shop/userList.html?user_id=1020
INFO: [ app_init ] --START--
INFO: Run Behavior\BuildLiteBehavior [ RunTime:0.000017s ]
INFO: [ app_init ] --END-- [ RunTime:0.000880s ]
INFO: [ app_begin ] --START--
INFO: Run Behavior\ReadHtmlCacheBehavior [ RunTime:0.001272s ]
INFO: [ app_begin ] --END-- [ RunTime:0.001685s ]
SQL: SHOW COLUMNS FROM `rd_user_info` [ RunTime:0.1028s ]
SQL: SHOW COLUMNS FROM `rd_shops` [ RunTime:0.1024s ]
SQL: SELECT * FROM `rd_shops` WHERE `user_id` = 1020 LIMIT 1   [ RunTime:0.1020s ]
SQL: SELECT COUNT(u_i.id) AS tp_count FROM rd_user_info u_i left join rd_user u ON u.id = u_i.user_id  WHERE u.invite_uid = 1020 LIMIT 1   [ RunTime:0.1025s ]
SQL: SHOW COLUMNS FROM `rd_user` [ RunTime:0.1022s ]
SQL: SELECT COUNT(id) AS tp_count FROM `rd_user` WHERE `invite_uid` = 1020 LIMIT 1   [ RunTime:0.1018s ]
SQL: SHOW COLUMNS FROM `rd_shops_orders` [ RunTime:0.1018s ]
SQL: SELECT SUM(income) AS tp_sum FROM `rd_shops_orders` WHERE `user_id` = 1020 AND `check_up` = 1 LIMIT 1   [ RunTime:0.1015s ]
SQL: SELECT SUM(income) AS tp_sum FROM `rd_shops_orders` WHERE `user_id` = 1020 AND `check_up` = 1 AND `add_time` >= '2018-11-01' LIMIT 1   [ RunTime:0.1014s ]
INFO: [ view_parse ] --START--
INFO: [ template_filter ] --START--
INFO: Run Behavior\ContentReplaceBehavior [ RunTime:0.000085s ]
INFO: [ template_filter ] --END-- [ RunTime:0.000157s ]
INFO: Run Behavior\ParseTemplateBehavior [ RunTime:0.009038s ]
INFO: [ view_parse ] --END-- [ RunTime:0.009085s ]
INFO: [ view_filter ] --START--
INFO: Run Behavior\WriteHtmlCacheBehavior [ RunTime:0.000748s ]
INFO: [ view_filter ] --END-- [ RunTime:0.000798s ]
INFO: [ app_end ] --START--
INFO: Run Behavior\ShowPageTraceBehavior [ RunTime:0.001211s ]
INFO: [ app_end ] --END-- [ RunTime:0.001283s ]

[ 2018-11-07T08:53:42+08:00 ] 127.0.0.1 /Shop/userList.html?user_id=1020&page=1&limit=10
INFO: [ app_init ] --START--
INFO: Run Behavior\BuildLiteBehavior [ RunTime:0.000015s ]
INFO: [ app_init ] --END-- [ RunTime:0.000927s ]
INFO: [ app_begin ] --START--
INFO: Run Behavior\ReadHtmlCacheBehavior [ RunTime:0.001156s ]
INFO: [ app_begin ] --END-- [ RunTime:0.001905s ]
SQL: SHOW COLUMNS FROM `rd_user_info` [ RunTime:0.0969s ]
SQL: SELECT COUNT(u_i.id) AS tp_count FROM rd_user_info u_i left join rd_user u ON u.id = u_i.user_id  WHERE u.invite_uid = 1020 LIMIT 1   [ RunTime:0.0962s ]
SQL: SELECT * FROM rd_user_info u_i left join rd_user u ON u.id = u_i.user_id  WHERE u.invite_uid = 1020 ORDER BY u_i.id desc LIMIT 0,10   [ RunTime:0.0982s ]

[ 2018-11-07T08:53:50+08:00 ] 127.0.0.1 /Shop/userList.html?user_id=1030
INFO: [ app_init ] --START--
INFO: Run Behavior\BuildLiteBehavior [ RunTime:0.000016s ]
INFO: [ app_init ] --END-- [ RunTime:0.001000s ]
INFO: [ app_begin ] --START--
INFO: Run Behavior\ReadHtmlCacheBehavior [ RunTime:0.000827s ]
INFO: [ app_begin ] --END-- [ RunTime:0.000884s ]
SQL: SHOW COLUMNS FROM `rd_user_info` [ RunTime:0.0997s ]
SQL: SHOW COLUMNS FROM `rd_shops` [ RunTime:0.0989s ]
SQL: SELECT * FROM `rd_shops` WHERE `user_id` = 1030 LIMIT 1   [ RunTime:0.0991s ]
SQL: SELECT COUNT(u_i.id) AS tp_count FROM rd_user_info u_i left join rd_user u ON u.id = u_i.user_id  WHERE u.invite_uid = 1030 LIMIT 1   [ RunTime:0.0994s ]
SQL: SHOW COLUMNS FROM `rd_user` [ RunTime:0.0985s ]
SQL: SELECT COUNT(id) AS tp_count FROM `rd_user` WHERE `invite_uid` = 1030 LIMIT 1   [ RunTime:0.0987s ]
SQL: SHOW COLUMNS FROM `rd_shops_orders` [ RunTime:0.0989s ]
SQL: SELECT SUM(income) AS tp_sum FROM `rd_shops_orders` WHERE `user_id` = 1030 AND `check_up` = 1 LIMIT 1   [ RunTime:0.0986s ]
SQL: SELECT SUM(income) AS tp_sum FROM `rd_shops_orders` WHERE `user_id` = 1030 AND `check_up` = 1 AND `add_time` >= '2018-11-01' LIMIT 1   [ RunTime:0.0983s ]
INFO: [ view_parse ] --START--
INFO: [ template_filter ] --START--
INFO: Run Behavior\ContentReplaceBehavior [ RunTime:0.000081s ]
INFO: [ template_filter ] --END-- [ RunTime:0.000119s ]
INFO: Run Behavior\ParseTemplateBehavior [ RunTime:0.009850s ]
INFO: [ view_parse ] --END-- [ RunTime:0.009890s ]
INFO: [ view_filter ] --START--
INFO: Run Behavior\WriteHtmlCacheBehavior [ RunTime:0.000567s ]
INFO: [ view_filter ] --END-- [ RunTime:0.000593s ]
INFO: [ app_end ] --START--
INFO: Run Behavior\ShowPageTraceBehavior [ RunTime:0.000760s ]
INFO: [ app_end ] --END-- [ RunTime:0.000792s ]

[ 2018-11-07T08:53:51+08:00 ] 127.0.0.1 /Shop/userList.html?user_id=1030&page=1&limit=10
INFO: [ app_init ] --START--
INFO: Run Behavior\BuildLiteBehavior [ RunTime:0.000017s ]
INFO: [ app_init ] --END-- [ RunTime:0.000901s ]
INFO: [ app_begin ] --START--
INFO: Run Behavior\ReadHtmlCacheBehavior [ RunTime:0.001044s ]
INFO: [ app_begin ] --END-- [ RunTime:0.001113s ]
SQL: SHOW COLUMNS FROM `rd_user_info` [ RunTime:0.1006s ]
SQL: SELECT COUNT(u_i.id) AS tp_count FROM rd_user_info u_i left join rd_user u ON u.id = u_i.user_id  WHERE u.invite_uid = 1030 LIMIT 1   [ RunTime:0.0998s ]
SQL: SELECT * FROM rd_user_info u_i left join rd_user u ON u.id = u_i.user_id  WHERE u.invite_uid = 1030 ORDER BY u_i.id desc LIMIT 0,10   [ RunTime:0.1019s ]

[ 2018-11-07T08:55:05+08:00 ] 127.0.0.1 /Shop/index
INFO: [ app_init ] --START--
INFO: Run Behavior\BuildLiteBehavior [ RunTime:0.000011s ]
INFO: [ app_init ] --END-- [ RunTime:0.000718s ]
INFO: [ app_begin ] --START--
INFO: Run Behavior\ReadHtmlCacheBehavior [ RunTime:0.001019s ]
INFO: [ app_begin ] --END-- [ RunTime:0.001081s ]
INFO: [ view_parse ] --START--
INFO: [ template_filter ] --START--
INFO: Run Behavior\ContentReplaceBehavior [ RunTime:0.000124s ]
INFO: [ template_filter ] --END-- [ RunTime:0.000202s ]
INFO: Run Behavior\ParseTemplateBehavior [ RunTime:0.017936s ]
INFO: [ view_parse ] --END-- [ RunTime:0.018002s ]
INFO: [ view_filter ] --START--
INFO: Run Behavior\WriteHtmlCacheBehavior [ RunTime:0.000815s ]
INFO: [ view_filter ] --END-- [ RunTime:0.000861s ]
INFO: [ app_end ] --START--
INFO: Run Behavior\ShowPageTraceBehavior [ RunTime:0.004984s ]
INFO: [ app_end ] --END-- [ RunTime:0.005050s ]

[ 2018-11-07T08:55:07+08:00 ] 127.0.0.1 /Shop/index.html?name=&page=1&limit=10
INFO: [ app_init ] --START--
INFO: Run Behavior\BuildLiteBehavior [ RunTime:0.000015s ]
INFO: [ app_init ] --END-- [ RunTime:0.001433s ]
INFO: [ app_begin ] --START--
INFO: Run Behavior\ReadHtmlCacheBehavior [ RunTime:0.000942s ]
INFO: [ app_begin ] --END-- [ RunTime:0.000998s ]
SQL: SHOW COLUMNS FROM `rd_shops` [ RunTime:0.0937s ]
SQL: SELECT COUNT(id) AS tp_count FROM `rd_shops` LIMIT 1   [ RunTime:0.0925s ]
SQL: SELECT * FROM `rd_shops` ORDER BY id desc LIMIT 0,10   [ RunTime:0.0931s ]
SQL: SHOW COLUMNS FROM `rd_user` [ RunTime:0.0936s ]
SQL: SELECT `mobile` FROM `rd_user` WHERE `id` = 1076 LIMIT 1   [ RunTime:0.0925s ]
SQL: SELECT `mobile` FROM `rd_user` WHERE `id` = 1025 LIMIT 1   [ RunTime:0.0926s ]
SQL: SELECT `mobile` FROM `rd_user` WHERE `id` = 1074 LIMIT 1   [ RunTime:0.0925s ]
SQL: SELECT `mobile` FROM `rd_user` WHERE `id` = 1020 LIMIT 1   [ RunTime:0.0924s ]
SQL: SELECT `mobile` FROM `rd_user` WHERE `id` = 1030 LIMIT 1   [ RunTime:0.0925s ]
SQL: SELECT `mobile` FROM `rd_user` WHERE `id` = 1028 LIMIT 1   [ RunTime:0.0925s ]
SQL: SELECT `mobile` FROM `rd_user` WHERE `id` = 1082 LIMIT 1   [ RunTime:0.0925s ]
SQL: SELECT `mobile` FROM `rd_user` WHERE `id` = 1029 LIMIT 1   [ RunTime:0.0924s ]
SQL: SELECT `mobile` FROM `rd_user` WHERE `id` = 1051 LIMIT 1   [ RunTime:0.0926s ]
SQL: SELECT `mobile` FROM `rd_user` WHERE `id` = 1038 LIMIT 1   [ RunTime:0.0925s ]

[ 2018-11-07T08:55:07+08:00 ] 127.0.0.1 /Uploads/20181031/5bd96513d1ca8.jpg
INFO: [ app_init ] --START--
INFO: Run Behavior\BuildLiteBehavior [ RunTime:0.000011s ]
INFO: [ app_init ] --END-- [ RunTime:0.000761s ]

[ 2018-11-07T08:55:07+08:00 ] 127.0.0.1 /Uploads/20181031/5bd96278a80bb.jpg
INFO: [ app_init ] --START--
INFO: Run Behavior\BuildLiteBehavior [ RunTime:0.000012s ]
INFO: [ app_init ] --END-- [ RunTime:0.000752s ]

[ 2018-11-07T08:55:07+08:00 ] 127.0.0.1 /Uploads/20181031/5bd9622cd89d5.png
INFO: [ app_init ] --START--
INFO: Run Behavior\BuildLiteBehavior [ RunTime:0.000016s ]
INFO: [ app_init ] --END-- [ RunTime:0.002623s ]

[ 2018-11-07T08:55:07+08:00 ] 127.0.0.1 /Uploads/20181031/5bd962e5f03e7.jpg
INFO: [ app_init ] --START--
INFO: Run Behavior\BuildLiteBehavior [ RunTime:0.000012s ]
INFO: [ app_init ] --END-- [ RunTime:0.000746s ]

[ 2018-11-07T08:55:07+08:00 ] 127.0.0.1 /Uploads/20181031/5bd9195b56f21.jpg
INFO: [ app_init ] --START--
INFO: Run Behavior\BuildLiteBehavior [ RunTime:0.000013s ]
INFO: [ app_init ] --END-- [ RunTime:0.000741s ]

[ 2018-11-07T08:55:07+08:00 ] 127.0.0.1 /Uploads/20181031/5bd9156e8d40e.jpg
INFO: [ app_init ] --START--
INFO: Run Behavior\BuildLiteBehavior [ RunTime:0.000015s ]
INFO: [ app_init ] --END-- [ RunTime:0.001653s ]

[ 2018-11-07T08:55:07+08:00 ] 127.0.0.1 /Uploads/20181031/5bd912a414182.jpg
INFO: [ app_init ] --START--
INFO: Run Behavior\BuildLiteBehavior [ RunTime:0.000014s ]
INFO: [ app_init ] --END-- [ RunTime:0.000874s ]

[ 2018-11-07T08:55:07+08:00 ] 127.0.0.1 /Uploads/20181030/5bd7e83961123.jpg
INFO: [ app_init ] --START--
INFO: Run Behavior\BuildLiteBehavior [ RunTime:0.000014s ]
INFO: [ app_init ] --END-- [ RunTime:0.000872s ]

[ 2018-11-07T08:55:07+08:00 ] 127.0.0.1 /Uploads/20181031/5bd9122bbf09d.jpg
INFO: [ app_init ] --START--
INFO: Run Behavior\BuildLiteBehavior [ RunTime:0.000013s ]
INFO: [ app_init ] --END-- [ RunTime:0.000730s ]

[ 2018-11-07T08:55:07+08:00 ] 127.0.0.1 /Uploads/20181030/5bd7c645aaaa1.jpg
INFO: [ app_init ] --START--
INFO: Run Behavior\BuildLiteBehavior [ RunTime:0.000016s ]
INFO: [ app_init ] --END-- [ RunTime:0.001108s ]

[ 2018-11-07T08:55:10+08:00 ] 127.0.0.1 /Shop/userList.html?user_id=1020
INFO: [ app_init ] --START--
INFO: Run Behavior\BuildLiteBehavior [ RunTime:0.000015s ]
INFO: [ app_init ] --END-- [ RunTime:0.000867s ]
INFO: [ app_begin ] --START--
INFO: Run Behavior\ReadHtmlCacheBehavior [ RunTime:0.001044s ]
INFO: [ app_begin ] --END-- [ RunTime:0.001120s ]
SQL: SHOW COLUMNS FROM `rd_user_info` [ RunTime:0.0988s ]
SQL: SHOW COLUMNS FROM `rd_shops` [ RunTime:0.0988s ]
SQL: SELECT * FROM `rd_shops` WHERE `user_id` = 1020 LIMIT 1   [ RunTime:0.0983s ]
SQL: SELECT COUNT(u_i.id) AS tp_count FROM rd_user_info u_i left join rd_user u ON u.id = u_i.user_id  WHERE u.invite_uid = 1020 LIMIT 1   [ RunTime:0.0984s ]
SQL: SHOW COLUMNS FROM `rd_user` [ RunTime:0.0984s ]
SQL: SELECT COUNT(id) AS tp_count FROM `rd_user` WHERE `invite_uid` = 1020 LIMIT 1   [ RunTime:0.0978s ]
SQL: SHOW COLUMNS FROM `rd_shops_orders` [ RunTime:0.0988s ]
SQL: SELECT SUM(income) AS tp_sum FROM `rd_shops_orders` WHERE `user_id` = 1020 AND `check_up` = 1 LIMIT 1   [ RunTime:0.0976s ]
SQL: SELECT SUM(income) AS tp_sum FROM `rd_shops_orders` WHERE `user_id` = 1020 AND `check_up` = 1 AND `add_time` >= '2018-11-01' LIMIT 1   [ RunTime:0.0983s ]
INFO: [ view_parse ] --START--
INFO: [ template_filter ] --START--
INFO: Run Behavior\ContentReplaceBehavior [ RunTime:0.000105s ]
INFO: [ template_filter ] --END-- [ RunTime:0.000162s ]
INFO: Run Behavior\ParseTemplateBehavior [ RunTime:0.012387s ]
INFO: [ view_parse ] --END-- [ RunTime:0.012455s ]
INFO: [ view_filter ] --START--
INFO: Run Behavior\WriteHtmlCacheBehavior [ RunTime:0.000671s ]
INFO: [ view_filter ] --END-- [ RunTime:0.000716s ]
INFO: [ app_end ] --START--
INFO: Run Behavior\ShowPageTraceBehavior [ RunTime:0.000983s ]
INFO: [ app_end ] --END-- [ RunTime:0.001034s ]

[ 2018-11-07T08:55:11+08:00 ] 127.0.0.1 /Shop/userList.html?user_id=1020&page=1&limit=10
INFO: [ app_init ] --START--
INFO: Run Behavior\BuildLiteBehavior [ RunTime:0.000013s ]
INFO: [ app_init ] --END-- [ RunTime:0.000818s ]
INFO: [ app_begin ] --START--
INFO: Run Behavior\ReadHtmlCacheBehavior [ RunTime:0.000974s ]
INFO: [ app_begin ] --END-- [ RunTime:0.001033s ]
SQL: SHOW COLUMNS FROM `rd_user_info` [ RunTime:0.0995s ]
SQL: SELECT COUNT(u_i.id) AS tp_count FROM rd_user_info u_i left join rd_user u ON u.id = u_i.user_id  WHERE u.invite_uid = 1020 LIMIT 1   [ RunTime:0.0995s ]
SQL: SELECT * FROM rd_user_info u_i left join rd_user u ON u.id = u_i.user_id  WHERE u.invite_uid = 1020 ORDER BY u_i.id desc LIMIT 0,10   [ RunTime:0.1011s ]

[ 2018-11-07T08:55:20+08:00 ] 127.0.0.1 /Shop/userList.html?user_id=1030
INFO: [ app_init ] --START--
INFO: Run Behavior\BuildLiteBehavior [ RunTime:0.000011s ]
INFO: [ app_init ] --END-- [ RunTime:0.000660s ]
INFO: [ app_begin ] --START--
INFO: Run Behavior\ReadHtmlCacheBehavior [ RunTime:0.000844s ]
INFO: [ app_begin ] --END-- [ RunTime:0.000916s ]
SQL: SHOW COLUMNS FROM `rd_user_info` [ RunTime:0.1042s ]
SQL: SHOW COLUMNS FROM `rd_shops` [ RunTime:0.1032s ]
SQL: SELECT * FROM `rd_shops` WHERE `user_id` = 1030 LIMIT 1   [ RunTime:0.1035s ]
SQL: SELECT COUNT(u_i.id) AS tp_count FROM rd_user_info u_i left join rd_user u ON u.id = u_i.user_id  WHERE u.invite_uid = 1030 LIMIT 1   [ RunTime:0.1033s ]
SQL: SHOW COLUMNS FROM `rd_user` [ RunTime:0.1030s ]
SQL: SELECT COUNT(id) AS tp_count FROM `rd_user` WHERE `invite_uid` = 1030 LIMIT 1   [ RunTime:0.1035s ]
SQL: SHOW COLUMNS FROM `rd_shops_orders` [ RunTime:0.1039s ]
SQL: SELECT SUM(income) AS tp_sum FROM `rd_shops_orders` WHERE `user_id` = 1030 AND `check_up` = 1 LIMIT 1   [ RunTime:0.1031s ]
SQL: SELECT SUM(income) AS tp_sum FROM `rd_shops_orders` WHERE `user_id` = 1030 AND `check_up` = 1 AND `add_time` >= '2018-11-01' LIMIT 1   [ RunTime:0.1027s ]
INFO: [ view_parse ] --START--
INFO: [ template_filter ] --START--
INFO: Run Behavior\ContentReplaceBehavior [ RunTime:0.000378s ]
INFO: [ template_filter ] --END-- [ RunTime:0.000579s ]
INFO: Run Behavior\ParseTemplateBehavior [ RunTime:0.033644s ]
INFO: [ view_parse ] --END-- [ RunTime:0.033767s ]
INFO: [ view_filter ] --START--
INFO: Run Behavior\WriteHtmlCacheBehavior [ RunTime:0.001172s ]
INFO: [ view_filter ] --END-- [ RunTime:0.001241s ]
INFO: [ app_end ] --START--
INFO: Run Behavior\ShowPageTraceBehavior [ RunTime:0.001515s ]
INFO: [ app_end ] --END-- [ RunTime:0.001586s ]

[ 2018-11-07T08:55:21+08:00 ] 127.0.0.1 /Shop/userList.html?user_id=1030&page=1&limit=10
INFO: [ app_init ] --START--
INFO: Run Behavior\BuildLiteBehavior [ RunTime:0.000014s ]
INFO: [ app_init ] --END-- [ RunTime:0.000884s ]
INFO: [ app_begin ] --START--
INFO: Run Behavior\ReadHtmlCacheBehavior [ RunTime:0.001143s ]
INFO: [ app_begin ] --END-- [ RunTime:0.001221s ]
SQL: SHOW COLUMNS FROM `rd_user_info` [ RunTime:0.0997s ]
SQL: SELECT COUNT(u_i.id) AS tp_count FROM rd_user_info u_i left join rd_user u ON u.id = u_i.user_id  WHERE u.invite_uid = 1030 LIMIT 1   [ RunTime:0.0995s ]
SQL: SELECT * FROM rd_user_info u_i left join rd_user u ON u.id = u_i.user_id  WHERE u.invite_uid = 1030 ORDER BY u_i.id desc LIMIT 0,10   [ RunTime:0.1011s ]

[ 2018-11-07T08:57:48+08:00 ] 127.0.0.1 /Shop/index
INFO: [ app_init ] --START--
INFO: Run Behavior\BuildLiteBehavior [ RunTime:0.000009s ]
INFO: [ app_init ] --END-- [ RunTime:0.000586s ]
INFO: [ app_begin ] --START--
INFO: Run Behavior\ReadHtmlCacheBehavior [ RunTime:0.000665s ]
INFO: [ app_begin ] --END-- [ RunTime:0.000701s ]
INFO: [ view_parse ] --START--
INFO: [ template_filter ] --START--
INFO: Run Behavior\ContentReplaceBehavior [ RunTime:0.000101s ]
INFO: [ template_filter ] --END-- [ RunTime:0.000137s ]
INFO: Run Behavior\ParseTemplateBehavior [ RunTime:0.009686s ]
INFO: [ view_parse ] --END-- [ RunTime:0.009731s ]
INFO: [ view_filter ] --START--
INFO: Run Behavior\WriteHtmlCacheBehavior [ RunTime:0.000729s ]
INFO: [ view_filter ] --END-- [ RunTime:0.000761s ]
INFO: [ app_end ] --START--
INFO: Run Behavior\ShowPageTraceBehavior [ RunTime:0.000832s ]
INFO: [ app_end ] --END-- [ RunTime:0.000872s ]

[ 2018-11-07T08:57:50+08:00 ] 127.0.0.1 /Shop/index.html?name=&page=1&limit=10
INFO: [ app_init ] --START--
INFO: Run Behavior\BuildLiteBehavior [ RunTime:0.000016s ]
INFO: [ app_init ] --END-- [ RunTime:0.000909s ]
INFO: [ app_begin ] --START--
INFO: Run Behavior\ReadHtmlCacheBehavior [ RunTime:0.001213s ]
INFO: [ app_begin ] --END-- [ RunTime:0.001298s ]
SQL: SHOW COLUMNS FROM `rd_shops` [ RunTime:0.1071s ]
SQL: SELECT COUNT(id) AS tp_count FROM `rd_shops` LIMIT 1   [ RunTime:0.1318s ]
SQL: SELECT * FROM `rd_shops` ORDER BY id desc LIMIT 0,10   [ RunTime:0.1034s ]
SQL: SHOW COLUMNS FROM `rd_user` [ RunTime:0.1172s ]
SQL: SELECT `mobile` FROM `rd_user` WHERE `id` = 1076 LIMIT 1   [ RunTime:0.1281s ]
SQL: SELECT `mobile` FROM `rd_user` WHERE `id` = 1025 LIMIT 1   [ RunTime:0.1341s ]
SQL: SELECT `mobile` FROM `rd_user` WHERE `id` = 1074 LIMIT 1   [ RunTime:0.1405s ]
SQL: SELECT `mobile` FROM `rd_user` WHERE `id` = 1020 LIMIT 1   [ RunTime:0.1449s ]
SQL: SELECT `mobile` FROM `rd_user` WHERE `id` = 1030 LIMIT 1   [ RunTime:0.1515s ]
SQL: SELECT `mobile` FROM `rd_user` WHERE `id` = 1028 LIMIT 1   [ RunTime:0.1272s ]
SQL: SELECT `mobile` FROM `rd_user` WHERE `id` = 1082 LIMIT 1   [ RunTime:0.1265s ]
SQL: SELECT `mobile` FROM `rd_user` WHERE `id` = 1029 LIMIT 1   [ RunTime:0.1182s ]
SQL: SELECT `mobile` FROM `rd_user` WHERE `id` = 1051 LIMIT 1   [ RunTime:0.1119s ]
SQL: SELECT `mobile` FROM `rd_user` WHERE `id` = 1038 LIMIT 1   [ RunTime:0.1118s ]

[ 2018-11-07T08:57:50+08:00 ] 127.0.0.1 /Uploads/20181031/5bd96513d1ca8.jpg
INFO: [ app_init ] --START--
INFO: Run Behavior\BuildLiteBehavior [ RunTime:0.000009s ]
INFO: [ app_init ] --END-- [ RunTime:0.000553s ]

[ 2018-11-07T08:57:50+08:00 ] 127.0.0.1 /Uploads/20181031/5bd96278a80bb.jpg
INFO: [ app_init ] --START--
INFO: Run Behavior\BuildLiteBehavior [ RunTime:0.000008s ]
INFO: [ app_init ] --END-- [ RunTime:0.000500s ]

[ 2018-11-07T08:57:50+08:00 ] 127.0.0.1 /Uploads/20181031/5bd9622cd89d5.png
INFO: [ app_init ] --START--
INFO: Run Behavior\BuildLiteBehavior [ RunTime:0.000013s ]
INFO: [ app_init ] --END-- [ RunTime:0.000543s ]

[ 2018-11-07T08:57:50+08:00 ] 127.0.0.1 /Uploads/20181031/5bd962e5f03e7.jpg
INFO: [ app_init ] --START--
INFO: Run Behavior\BuildLiteBehavior [ RunTime:0.000008s ]
INFO: [ app_init ] --END-- [ RunTime:0.000492s ]

[ 2018-11-07T08:57:50+08:00 ] 127.0.0.1 /Uploads/20181031/5bd9195b56f21.jpg
INFO: [ app_init ] --START--
INFO: Run Behavior\BuildLiteBehavior [ RunTime:0.000011s ]
INFO: [ app_init ] --END-- [ RunTime:0.000639s ]

[ 2018-11-07T08:57:50+08:00 ] 127.0.0.1 /Uploads/20181031/5bd9156e8d40e.jpg
INFO: [ app_init ] --START--
INFO: Run Behavior\BuildLiteBehavior [ RunTime:0.000010s ]
INFO: [ app_init ] --END-- [ RunTime:0.000512s ]

[ 2018-11-07T08:57:50+08:00 ] 127.0.0.1 /Uploads/20181031/5bd9122bbf09d.jpg
INFO: [ app_init ] --START--
INFO: Run Behavior\BuildLiteBehavior [ RunTime:0.000008s ]
INFO: [ app_init ] --END-- [ RunTime:0.000486s ]

[ 2018-11-07T08:57:50+08:00 ] 127.0.0.1 /Uploads/20181030/5bd7c645aaaa1.jpg
INFO: [ app_init ] --START--
INFO: Run Behavior\BuildLiteBehavior [ RunTime:0.000011s ]
INFO: [ app_init ] --END-- [ RunTime:0.000620s ]

[ 2018-11-07T08:57:50+08:00 ] 127.0.0.1 /Uploads/20181030/5bd7e83961123.jpg
INFO: [ app_init ] --START--
INFO: Run Behavior\BuildLiteBehavior [ RunTime:0.000008s ]
INFO: [ app_init ] --END-- [ RunTime:0.000487s ]

[ 2018-11-07T08:57:50+08:00 ] 127.0.0.1 /Uploads/20181031/5bd912a414182.jpg
INFO: [ app_init ] --START--
INFO: Run Behavior\BuildLiteBehavior [ RunTime:0.000013s ]
INFO: [ app_init ] --END-- [ RunTime:0.000730s ]

[ 2018-11-07T08:57:55+08:00 ] 127.0.0.1 /Shop/userList.html?user_id=1030
INFO: [ app_init ] --START--
INFO: Run Behavior\BuildLiteBehavior [ RunTime:0.000014s ]
INFO: [ app_init ] --END-- [ RunTime:0.000789s ]
INFO: [ app_begin ] --START--
INFO: Run Behavior\ReadHtmlCacheBehavior [ RunTime:0.000946s ]
INFO: [ app_begin ] --END-- [ RunTime:0.001006s ]
SQL: SHOW COLUMNS FROM `rd_user_info` [ RunTime:0.4754s ]
SQL: SHOW COLUMNS FROM `rd_shops` [ RunTime:0.1270s ]
SQL: SELECT * FROM `rd_shops` WHERE `user_id` = 1030 LIMIT 1   [ RunTime:0.8284s ]
SQL: SELECT COUNT(u_i.id) AS tp_count FROM rd_user_info u_i left join rd_user u ON u.id = u_i.user_id  WHERE u.invite_uid = 1030 LIMIT 1   [ RunTime:0.1507s ]
SQL: SHOW COLUMNS FROM `rd_user` [ RunTime:0.1320s ]
SQL: SELECT COUNT(id) AS tp_count FROM `rd_user` WHERE `invite_uid` = 1030 LIMIT 1   [ RunTime:0.1328s ]
SQL: SHOW COLUMNS FROM `rd_shops_orders` [ RunTime:0.1066s ]
SQL: SELECT SUM(income) AS tp_sum FROM `rd_shops_orders` WHERE `user_id` = 1030 AND `check_up` = 1 LIMIT 1   [ RunTime:0.0972s ]
SQL: SELECT SUM(income) AS tp_sum FROM `rd_shops_orders` WHERE `user_id` = 1030 AND `check_up` = 1 AND `add_time` >= '2018-11-01' LIMIT 1   [ RunTime:0.0957s ]
INFO: [ view_parse ] --START--
INFO: [ template_filter ] --START--
INFO: Run Behavior\ContentReplaceBehavior [ RunTime:0.000334s ]
INFO: [ template_filter ] --END-- [ RunTime:0.000515s ]
INFO: Run Behavior\ParseTemplateBehavior [ RunTime:0.035037s ]
INFO: [ view_parse ] --END-- [ RunTime:0.035170s ]
INFO: [ view_filter ] --START--
INFO: Run Behavior\WriteHtmlCacheBehavior [ RunTime:0.002179s ]
INFO: [ view_filter ] --END-- [ RunTime:0.002297s ]
INFO: [ app_end ] --START--
INFO: Run Behavior\ShowPageTraceBehavior [ RunTime:0.003628s ]
INFO: [ app_end ] --END-- [ RunTime:0.003806s ]

[ 2018-11-07T08:57:56+08:00 ] 127.0.0.1 /Shop/userList.html?user_id=1030&page=1&limit=10
INFO: [ app_init ] --START--
INFO: Run Behavior\BuildLiteBehavior [ RunTime:0.000016s ]
INFO: [ app_init ] --END-- [ RunTime:0.000885s ]
INFO: [ app_begin ] --START--
INFO: Run Behavior\ReadHtmlCacheBehavior [ RunTime:0.001123s ]
INFO: [ app_begin ] --END-- [ RunTime:0.001198s ]
SQL: SHOW COLUMNS FROM `rd_user_info` [ RunTime:0.1105s ]
SQL: SELECT COUNT(u_i.id) AS tp_count FROM rd_user_info u_i left join rd_user u ON u.id = u_i.user_id  WHERE u.invite_uid = 1030 LIMIT 1   [ RunTime:0.1145s ]
SQL: SELECT * FROM rd_user_info u_i left join rd_user u ON u.id = u_i.user_id  WHERE u.invite_uid = 1030 ORDER BY u_i.id desc LIMIT 0,10   [ RunTime:0.1143s ]

[ 2018-11-07T09:03:11+08:00 ] 127.0.0.1 /Shop/userList.html?user_id=1030
INFO: [ app_init ] --START--
INFO: Run Behavior\BuildLiteBehavior [ RunTime:0.000009s ]
INFO: [ app_init ] --END-- [ RunTime:0.000576s ]
INFO: [ app_begin ] --START--
INFO: Run Behavior\ReadHtmlCacheBehavior [ RunTime:0.000680s ]
INFO: [ app_begin ] --END-- [ RunTime:0.000721s ]
SQL: SHOW COLUMNS FROM `rd_user_info` [ RunTime:0.1285s ]
SQL: SHOW COLUMNS FROM `rd_shops` [ RunTime:0.1304s ]
SQL: SELECT * FROM `rd_shops` WHERE `user_id` = 1030 LIMIT 1   [ RunTime:0.1320s ]
SQL: SELECT COUNT(u_i.id) AS tp_count FROM rd_user_info u_i left join rd_user u ON u.id = u_i.user_id  WHERE u.invite_uid = 1030 LIMIT 1   [ RunTime:0.1266s ]
SQL: SHOW COLUMNS FROM `rd_user` [ RunTime:0.1191s ]
SQL: SELECT COUNT(id) AS tp_count FROM `rd_user` WHERE `invite_uid` = 1030 LIMIT 1   [ RunTime:0.1253s ]
SQL: SHOW COLUMNS FROM `rd_shops_orders` [ RunTime:0.1279s ]
SQL: SELECT SUM(income) AS tp_sum FROM `rd_shops_orders` WHERE `user_id` = 1030 AND `check_up` = 1 LIMIT 1   [ RunTime:0.1375s ]
SQL: SELECT SUM(income) AS tp_sum FROM `rd_shops_orders` WHERE `user_id` = 1030 AND `check_up` = 1 AND `add_time` >= '2018-11-01' LIMIT 1   [ RunTime:0.1444s ]
INFO: [ view_parse ] --START--
INFO: [ template_filter ] --START--
INFO: Run Behavior\ContentReplaceBehavior [ RunTime:0.000336s ]
INFO: [ template_filter ] --END-- [ RunTime:0.000595s ]
INFO: Run Behavior\ParseTemplateBehavior [ RunTime:0.034508s ]
INFO: [ view_parse ] --END-- [ RunTime:0.034609s ]
INFO: [ view_filter ] --START--
INFO: Run Behavior\WriteHtmlCacheBehavior [ RunTime:0.001583s ]
INFO: [ view_filter ] --END-- [ RunTime:0.001646s ]
INFO: [ app_end ] --START--
INFO: Run Behavior\ShowPageTraceBehavior [ RunTime:0.001875s ]
INFO: [ app_end ] --END-- [ RunTime:0.001954s ]

[ 2018-11-07T09:03:12+08:00 ] 127.0.0.1 /Shop/userList.html?user_id=1030&page=1&limit=10
INFO: [ app_init ] --START--
INFO: Run Behavior\BuildLiteBehavior [ RunTime:0.000016s ]
INFO: [ app_init ] --END-- [ RunTime:0.000922s ]
INFO: [ app_begin ] --START--
INFO: Run Behavior\ReadHtmlCacheBehavior [ RunTime:0.001177s ]
INFO: [ app_begin ] --END-- [ RunTime:0.001251s ]
SQL: SHOW COLUMNS FROM `rd_user_info` [ RunTime:0.1577s ]
SQL: SELECT COUNT(u_i.id) AS tp_count FROM rd_user_info u_i left join rd_user u ON u.id = u_i.user_id  WHERE u.invite_uid = 1030 LIMIT 1   [ RunTime:0.1540s ]
SQL: SELECT * FROM rd_user_info u_i left join rd_user u ON u.id = u_i.user_id  WHERE u.invite_uid = 1030 ORDER BY u_i.id desc LIMIT 0,10   [ RunTime:0.1545s ]

[ 2018-11-07T09:04:05+08:00 ] 127.0.0.1 /Shop/userList.html?user_id=1030
INFO: [ app_init ] --START--
INFO: Run Behavior\BuildLiteBehavior [ RunTime:0.000019s ]
INFO: [ app_init ] --END-- [ RunTime:0.000815s ]
INFO: [ app_begin ] --START--
INFO: Run Behavior\ReadHtmlCacheBehavior [ RunTime:0.000594s ]
INFO: [ app_begin ] --END-- [ RunTime:0.000637s ]
SQL: SHOW COLUMNS FROM `rd_user_info` [ RunTime:0.1335s ]
SQL: SHOW COLUMNS FROM `rd_shops` [ RunTime:0.1269s ]
SQL: SELECT * FROM `rd_shops` WHERE `user_id` = 1030 LIMIT 1   [ RunTime:0.1253s ]
SQL: SELECT COUNT(u_i.id) AS tp_count FROM rd_user_info u_i left join rd_user u ON u.id = u_i.user_id  WHERE u.invite_uid = 1030 LIMIT 1   [ RunTime:0.1278s ]
SQL: SHOW COLUMNS FROM `rd_user` [ RunTime:0.1320s ]
SQL: SELECT COUNT(id) AS tp_count FROM `rd_user` WHERE `invite_uid` = 1030 LIMIT 1   [ RunTime:0.1356s ]
SQL: SHOW COLUMNS FROM `rd_shops_orders` [ RunTime:0.1401s ]
SQL: SELECT SUM(income) AS tp_sum FROM `rd_shops_orders` WHERE `user_id` = 1030 AND `check_up` = 1 LIMIT 1   [ RunTime:0.1470s ]
SQL: SELECT SUM(income) AS tp_sum FROM `rd_shops_orders` WHERE `user_id` = 1030 AND `check_up` = 1 AND `add_time` >= '2018-11-01' LIMIT 1   [ RunTime:0.1455s ]
INFO: [ view_parse ] --START--
INFO: [ template_filter ] --START--
INFO: Run Behavior\ContentReplaceBehavior [ RunTime:0.000078s ]
INFO: [ template_filter ] --END-- [ RunTime:0.000112s ]
ERR: syntax error, unexpected '{'

[ 2018-11-07T09:05:19+08:00 ] 127.0.0.1 /Shop/userList.html?user_id=1030
INFO: [ app_init ] --START--
INFO: Run Behavior\BuildLiteBehavior [ RunTime:0.000009s ]
INFO: [ app_init ] --END-- [ RunTime:0.000614s ]
INFO: [ app_begin ] --START--
INFO: Run Behavior\ReadHtmlCacheBehavior [ RunTime:0.000908s ]
INFO: [ app_begin ] --END-- [ RunTime:0.000972s ]
SQL: SHOW COLUMNS FROM `rd_user_info` [ RunTime:0.1452s ]
SQL: SHOW COLUMNS FROM `rd_shops` [ RunTime:0.1486s ]
SQL: SELECT * FROM `rd_shops` WHERE `user_id` = 1030 LIMIT 1   [ RunTime:0.1526s ]
SQL: SELECT COUNT(u_i.id) AS tp_count FROM rd_user_info u_i left join rd_user u ON u.id = u_i.user_id  WHERE u.invite_uid = 1030 LIMIT 1   [ RunTime:0.1418s ]
SQL: SHOW COLUMNS FROM `rd_user` [ RunTime:0.1431s ]
SQL: SELECT COUNT(id) AS tp_count FROM `rd_user` WHERE `invite_uid` = 1030 LIMIT 1   [ RunTime:0.1476s ]
SQL: SHOW COLUMNS FROM `rd_shops_orders` [ RunTime:0.1522s ]
SQL: SELECT SUM(income) AS tp_sum FROM `rd_shops_orders` WHERE `user_id` = 1030 AND `check_up` = 1 LIMIT 1   [ RunTime:0.1920s ]
SQL: SELECT SUM(income) AS tp_sum FROM `rd_shops_orders` WHERE `user_id` = 1030 AND `check_up` = 1 AND `add_time` >= '2018-11-01' LIMIT 1   [ RunTime:0.1991s ]
INFO: [ view_parse ] --START--
INFO: [ template_filter ] --START--
INFO: Run Behavior\ContentReplaceBehavior [ RunTime:0.000077s ]
INFO: [ template_filter ] --END-- [ RunTime:0.000116s ]
INFO: Run Behavior\ParseTemplateBehavior [ RunTime:0.011062s ]
INFO: [ view_parse ] --END-- [ RunTime:0.011112s ]
INFO: [ view_filter ] --START--
INFO: Run Behavior\WriteHtmlCacheBehavior [ RunTime:0.000562s ]
INFO: [ view_filter ] --END-- [ RunTime:0.000588s ]
INFO: [ app_end ] --START--
INFO: Run Behavior\ShowPageTraceBehavior [ RunTime:0.000775s ]
INFO: [ app_end ] --END-- [ RunTime:0.000808s ]

[ 2018-11-07T09:05:21+08:00 ] 127.0.0.1 /Shop/userList.html?user_id=1030&page=1&limit=10
INFO: [ app_init ] --START--
INFO: Run Behavior\BuildLiteBehavior [ RunTime:0.000021s ]
INFO: [ app_init ] --END-- [ RunTime:0.000696s ]
INFO: [ app_begin ] --START--
INFO: Run Behavior\ReadHtmlCacheBehavior [ RunTime:0.000752s ]
INFO: [ app_begin ] --END-- [ RunTime:0.000799s ]
SQL: SHOW COLUMNS FROM `rd_user_info` [ RunTime:0.1999s ]
SQL: SELECT COUNT(u_i.id) AS tp_count FROM rd_user_info u_i left join rd_user u ON u.id = u_i.user_id  WHERE u.invite_uid = 1030 LIMIT 1   [ RunTime:0.1746s ]
SQL: SELECT * FROM rd_user_info u_i left join rd_user u ON u.id = u_i.user_id  WHERE u.invite_uid = 1030 ORDER BY u_i.id desc LIMIT 0,10   [ RunTime:0.2246s ]

[ 2018-11-07T09:06:02+08:00 ] 127.0.0.1 /Shop/userList.html?user_id=1030
INFO: [ app_init ] --START--
INFO: Run Behavior\BuildLiteBehavior [ RunTime:0.000013s ]
INFO: [ app_init ] --END-- [ RunTime:0.000881s ]
INFO: [ app_begin ] --START--
INFO: Run Behavior\ReadHtmlCacheBehavior [ RunTime:0.000616s ]
INFO: [ app_begin ] --END-- [ RunTime:0.000657s ]
SQL: SHOW COLUMNS FROM `rd_user_info` [ RunTime:0.1542s ]
SQL: SHOW COLUMNS FROM `rd_shops` [ RunTime:0.1581s ]
SQL: SELECT * FROM `rd_shops` WHERE `user_id` = 1030 LIMIT 1   [ RunTime:0.1554s ]
SQL: SELECT COUNT(u_i.id) AS tp_count FROM rd_user_info u_i left join rd_user u ON u.id = u_i.user_id  WHERE u.invite_uid = 1030 LIMIT 1   [ RunTime:0.1536s ]
SQL: SHOW COLUMNS FROM `rd_user` [ RunTime:0.1575s ]
SQL: SELECT COUNT(id) AS tp_count FROM `rd_user` WHERE `invite_uid` = 1030 LIMIT 1   [ RunTime:0.1520s ]
SQL: SHOW COLUMNS FROM `rd_shops_orders` [ RunTime:0.1525s ]
SQL: SELECT SUM(income) AS tp_sum FROM `rd_shops_orders` WHERE `user_id` = 1030 AND `check_up` = 1 LIMIT 1   [ RunTime:0.1438s ]
SQL: SELECT SUM(income) AS tp_sum FROM `rd_shops_orders` WHERE `user_id` = 1030 AND `check_up` = 1 AND `add_time` >= '2018-11-01' LIMIT 1   [ RunTime:0.1543s ]
INFO: [ view_parse ] --START--
INFO: [ template_filter ] --START--
INFO: Run Behavior\ContentReplaceBehavior [ RunTime:0.000312s ]
INFO: [ template_filter ] --END-- [ RunTime:0.000438s ]
INFO: Run Behavior\ParseTemplateBehavior [ RunTime:0.030175s ]
INFO: [ view_parse ] --END-- [ RunTime:0.030275s ]
INFO: [ view_filter ] --START--
INFO: Run Behavior\WriteHtmlCacheBehavior [ RunTime:0.001107s ]
INFO: [ view_filter ] --END-- [ RunTime:0.001178s ]
INFO: [ app_end ] --START--
INFO: Run Behavior\ShowPageTraceBehavior [ RunTime:0.001479s ]
INFO: [ app_end ] --END-- [ RunTime:0.001557s ]

[ 2018-11-07T09:06:03+08:00 ] 127.0.0.1 /Shop/userList.html?user_id=1030&page=1&limit=10
INFO: [ app_init ] --START--
INFO: Run Behavior\BuildLiteBehavior [ RunTime:0.000016s ]
INFO: [ app_init ] --END-- [ RunTime:0.000959s ]
INFO: [ app_begin ] --START--
INFO: Run Behavior\ReadHtmlCacheBehavior [ RunTime:0.001191s ]
INFO: [ app_begin ] --END-- [ RunTime:0.001274s ]
SQL: SHOW COLUMNS FROM `rd_user_info` [ RunTime:0.1350s ]
SQL: SELECT COUNT(u_i.id) AS tp_count FROM rd_user_info u_i left join rd_user u ON u.id = u_i.user_id  WHERE u.invite_uid = 1030 LIMIT 1   [ RunTime:0.1341s ]
SQL: SELECT * FROM rd_user_info u_i left join rd_user u ON u.id = u_i.user_id  WHERE u.invite_uid = 1030 ORDER BY u_i.id desc LIMIT 0,10   [ RunTime:0.1393s ]

[ 2018-11-07T09:06:16+08:00 ] 127.0.0.1 /Shop/userList.html?user_id=1030
INFO: [ app_init ] --START--
INFO: Run Behavior\BuildLiteBehavior [ RunTime:0.000012s ]
INFO: [ app_init ] --END-- [ RunTime:0.000811s ]
INFO: [ app_begin ] --START--
INFO: Run Behavior\ReadHtmlCacheBehavior [ RunTime:0.000734s ]
INFO: [ app_begin ] --END-- [ RunTime:0.000785s ]
SQL: SHOW COLUMNS FROM `rd_user_info` [ RunTime:0.1468s ]
SQL: SHOW COLUMNS FROM `rd_shops` [ RunTime:0.1390s ]
SQL: SELECT * FROM `rd_shops` WHERE `user_id` = 1030 LIMIT 1   [ RunTime:0.1319s ]
SQL: SELECT COUNT(u_i.id) AS tp_count FROM rd_user_info u_i left join rd_user u ON u.id = u_i.user_id  WHERE u.invite_uid = 1030 LIMIT 1   [ RunTime:0.1243s ]
SQL: SHOW COLUMNS FROM `rd_user` [ RunTime:0.1160s ]
SQL: SELECT COUNT(id) AS tp_count FROM `rd_user` WHERE `invite_uid` = 1030 LIMIT 1   [ RunTime:0.1194s ]
SQL: SHOW COLUMNS FROM `rd_shops_orders` [ RunTime:0.1127s ]
SQL: SELECT SUM(income) AS tp_sum FROM `rd_shops_orders` WHERE `user_id` = 1030 AND `check_up` = 1 LIMIT 1   [ RunTime:0.1165s ]
SQL: SELECT SUM(income) AS tp_sum FROM `rd_shops_orders` WHERE `user_id` = 1030 AND `check_up` = 1 AND `add_time` >= '2018-11-01' LIMIT 1   [ RunTime:0.1119s ]
INFO: [ view_parse ] --START--
INFO: [ template_filter ] --START--
INFO: Run Behavior\ContentReplaceBehavior [ RunTime:0.000303s ]
INFO: [ template_filter ] --END-- [ RunTime:0.000475s ]
INFO: Run Behavior\ParseTemplateBehavior [ RunTime:0.035112s ]
INFO: [ view_parse ] --END-- [ RunTime:0.035242s ]
INFO: [ view_filter ] --START--
INFO: Run Behavior\WriteHtmlCacheBehavior [ RunTime:0.002462s ]
INFO: [ view_filter ] --END-- [ RunTime:0.002659s ]
INFO: [ app_end ] --START--
INFO: Run Behavior\ShowPageTraceBehavior [ RunTime:0.004090s ]
INFO: [ app_end ] --END-- [ RunTime:0.004254s ]

[ 2018-11-07T09:06:17+08:00 ] 127.0.0.1 /Shop/userList.html?user_id=1030&page=1&limit=10
INFO: [ app_init ] --START--
INFO: Run Behavior\BuildLiteBehavior [ RunTime:0.000015s ]
INFO: [ app_init ] --END-- [ RunTime:0.000894s ]
INFO: [ app_begin ] --START--
INFO: Run Behavior\ReadHtmlCacheBehavior [ RunTime:0.000946s ]
INFO: [ app_begin ] --END-- [ RunTime:0.001017s ]
SQL: SHOW COLUMNS FROM `rd_user_info` [ RunTime:0.1553s ]
SQL: SELECT COUNT(u_i.id) AS tp_count FROM rd_user_info u_i left join rd_user u ON u.id = u_i.user_id  WHERE u.invite_uid = 1030 LIMIT 1   [ RunTime:0.1544s ]
SQL: SELECT * FROM rd_user_info u_i left join rd_user u ON u.id = u_i.user_id  WHERE u.invite_uid = 1030 ORDER BY u_i.id desc LIMIT 0,10   [ RunTime:0.3436s ]

[ 2018-11-07T09:37:10+08:00 ] 127.0.0.1 /Config/index
INFO: [ app_init ] --START--
INFO: Run Behavior\BuildLiteBehavior [ RunTime:0.000015s ]
INFO: [ app_init ] --END-- [ RunTime:0.000861s ]
INFO: [ app_begin ] --START--
INFO: Run Behavior\ReadHtmlCacheBehavior [ RunTime:0.000740s ]
INFO: [ app_begin ] --END-- [ RunTime:0.000788s ]
SQL: SHOW COLUMNS FROM `rd_config` [ RunTime:0.0964s ]
SQL: SELECT `content` FROM `rd_config` WHERE `id` = 1 LIMIT 1   [ RunTime:0.0973s ]
INFO: [ view_parse ] --START--
INFO: [ template_filter ] --START--
INFO: Run Behavior\ContentReplaceBehavior [ RunTime:0.002144s ]
INFO: [ template_filter ] --END-- [ RunTime:0.002322s ]
INFO: Run Behavior\ParseTemplateBehavior [ RunTime:0.066769s ]
INFO: [ view_parse ] --END-- [ RunTime:0.066897s ]
INFO: [ view_filter ] --START--
INFO: Run Behavior\WriteHtmlCacheBehavior [ RunTime:0.001311s ]
INFO: [ view_filter ] --END-- [ RunTime:0.001368s ]
INFO: [ app_end ] --START--
INFO: Run Behavior\ShowPageTraceBehavior [ RunTime:0.002356s ]
INFO: [ app_end ] --END-- [ RunTime:0.002438s ]

[ 2018-11-07T10:38:29+08:00 ] 127.0.0.1 /Project/add
INFO: [ app_init ] --START--
INFO: Run Behavior\BuildLiteBehavior [ RunTime:0.000010s ]
INFO: [ app_init ] --END-- [ RunTime:0.000742s ]
INFO: [ app_begin ] --START--
INFO: Run Behavior\ReadHtmlCacheBehavior [ RunTime:0.000695s ]
INFO: [ app_begin ] --END-- [ RunTime:0.000739s ]
SQL: SHOW COLUMNS FROM `rd_city` [ RunTime:0.1022s ]
SQL: SELECT `id`,`name` FROM `rd_city` WHERE `parent_id` = 0 ORDER BY sort asc  [ RunTime:0.1038s ]
SQL: SHOW COLUMNS FROM `rd_position_type` [ RunTime:0.1021s ]
SQL: SELECT `id`,`name` FROM `rd_position_type` WHERE `parent_id` = 0 ORDER BY sort asc  [ RunTime:0.1015s ]
INFO: [ view_parse ] --START--
INFO: [ template_filter ] --START--
INFO: Run Behavior\ContentReplaceBehavior [ RunTime:0.000465s ]
INFO: [ template_filter ] --END-- [ RunTime:0.000595s ]
INFO: Run Behavior\ParseTemplateBehavior [ RunTime:0.065699s ]
INFO: [ view_parse ] --END-- [ RunTime:0.065873s ]
INFO: [ view_filter ] --START--
INFO: Run Behavior\WriteHtmlCacheBehavior [ RunTime:0.001661s ]
INFO: [ view_filter ] --END-- [ RunTime:0.001749s ]
INFO: [ app_end ] --START--
INFO: Run Behavior\ShowPageTraceBehavior [ RunTime:0.001719s ]
INFO: [ app_end ] --END-- [ RunTime:0.001808s ]

