[ 2018-11-08T16:20:29+08:00 ] 127.0.0.1 /
INFO: [ app_init ] --START--
INFO: Run Behavior\BuildLiteBehavior [ RunTime:0.000017s ]
INFO: [ app_init ] --END-- [ RunTime:0.000940s ]
INFO: [ app_begin ] --START--
INFO: Run Behavior\ReadHtmlCacheBehavior [ RunTime:0.001313s ]
INFO: [ app_begin ] --END-- [ RunTime:0.001384s ]

[ 2018-11-08T16:20:29+08:00 ] 127.0.0.1 /Login/index.html
INFO: [ app_init ] --START--
INFO: Run Behavior\BuildLiteBehavior [ RunTime:0.000011s ]
INFO: [ app_init ] --END-- [ RunTime:0.000745s ]
INFO: [ app_begin ] --START--
INFO: Run Behavior\ReadHtmlCacheBehavior [ RunTime:0.001000s ]
INFO: [ app_begin ] --END-- [ RunTime:0.001065s ]
INFO: [ view_parse ] --START--
INFO: [ template_filter ] --START--
INFO: Run Behavior\ContentReplaceBehavior [ RunTime:0.001139s ]
INFO: [ template_filter ] --END-- [ RunTime:0.001192s ]
INFO: Run Behavior\ParseTemplateBehavior [ RunTime:0.011804s ]
INFO: [ view_parse ] --END-- [ RunTime:0.011855s ]
INFO: [ view_filter ] --START--
INFO: Run Behavior\WriteHtmlCacheBehavior [ RunTime:0.000783s ]
INFO: [ view_filter ] --END-- [ RunTime:0.000810s ]
INFO: [ app_end ] --START--
INFO: Run Behavior\ShowPageTraceBehavior [ RunTime:0.000965s ]
INFO: [ app_end ] --END-- [ RunTime:0.001018s ]

[ 2018-11-08T16:20:29+08:00 ] 127.0.0.1 /Login/verify.html
INFO: [ app_init ] --START--
INFO: Run Behavior\BuildLiteBehavior [ RunTime:0.000015s ]
INFO: [ app_init ] --END-- [ RunTime:0.000758s ]
INFO: [ app_begin ] --START--
INFO: Run Behavior\ReadHtmlCacheBehavior [ RunTime:0.001168s ]
INFO: [ app_begin ] --END-- [ RunTime:0.001271s ]
INFO: [ app_end ] --START--
INFO: Run Behavior\ShowPageTraceBehavior [ RunTime:0.002544s ]
INFO: [ app_end ] --END-- [ RunTime:0.002664s ]

[ 2018-11-08T16:20:35+08:00 ] 127.0.0.1 /Login/doLogin.html
INFO: [ app_init ] --START--
INFO: Run Behavior\BuildLiteBehavior [ RunTime:0.000009s ]
INFO: [ app_init ] --END-- [ RunTime:0.000600s ]
INFO: [ app_begin ] --START--
INFO: Run Behavior\ReadHtmlCacheBehavior [ RunTime:0.000792s ]
INFO: [ app_begin ] --END-- [ RunTime:0.000836s ]
SQL: SHOW COLUMNS FROM `rd_admin` [ RunTime:0.0966s ]
SQL: SELECT * FROM `rd_admin` WHERE `username` = 'admin' AND `password` = '231ee813250bd018144ec5acc5950026' LIMIT 1   [ RunTime:0.0964s ]
SQL: UPDATE `rd_admin` SET `last_time`='1541665235',`last_ip`='127.0.0.1' WHERE `id` = 1 [ RunTime:0.2194s ]

[ 2018-11-08T16:20:35+08:00 ] 127.0.0.1 /Login/doLogin.html
INFO: [ app_init ] --START--
INFO: Run Behavior\BuildLiteBehavior [ RunTime:0.000014s ]
INFO: [ app_init ] --END-- [ RunTime:0.000890s ]
INFO: [ app_begin ] --START--
INFO: Run Behavior\ReadHtmlCacheBehavior [ RunTime:0.001242s ]
INFO: [ app_begin ] --END-- [ RunTime:0.001355s ]

[ 2018-11-08T16:20:35+08:00 ] 127.0.0.1 /Index/index.html
INFO: [ app_init ] --START--
INFO: Run Behavior\BuildLiteBehavior [ RunTime:0.000014s ]
INFO: [ app_init ] --END-- [ RunTime:0.000948s ]
INFO: [ app_begin ] --START--
INFO: Run Behavior\ReadHtmlCacheBehavior [ RunTime:0.001028s ]
INFO: [ app_begin ] --END-- [ RunTime:0.001107s ]
INFO: [ view_parse ] --START--
INFO: [ template_filter ] --START--
INFO: Run Behavior\ContentReplaceBehavior [ RunTime:0.000061s ]
INFO: [ template_filter ] --END-- [ RunTime:0.000101s ]
INFO: Run Behavior\ParseTemplateBehavior [ RunTime:0.012145s ]
INFO: [ view_parse ] --END-- [ RunTime:0.012197s ]
INFO: [ view_filter ] --START--
INFO: Run Behavior\WriteHtmlCacheBehavior [ RunTime:0.000466s ]
INFO: [ view_filter ] --END-- [ RunTime:0.000491s ]
INFO: [ app_end ] --START--
INFO: Run Behavior\ShowPageTraceBehavior [ RunTime:0.000660s ]
INFO: [ app_end ] --END-- [ RunTime:0.000692s ]

[ 2018-11-08T16:20:38+08:00 ] 127.0.0.1 /User/index
INFO: [ app_init ] --START--
INFO: Run Behavior\BuildLiteBehavior [ RunTime:0.000019s ]
INFO: [ app_init ] --END-- [ RunTime:0.001029s ]
INFO: [ app_begin ] --START--
INFO: Run Behavior\ReadHtmlCacheBehavior [ RunTime:0.000809s ]
INFO: [ app_begin ] --END-- [ RunTime:0.000867s ]
INFO: [ view_parse ] --START--
INFO: [ template_filter ] --START--
INFO: Run Behavior\ContentReplaceBehavior [ RunTime:0.000083s ]
INFO: [ template_filter ] --END-- [ RunTime:0.000123s ]
INFO: Run Behavior\ParseTemplateBehavior [ RunTime:0.009989s ]
INFO: [ view_parse ] --END-- [ RunTime:0.010034s ]
INFO: [ view_filter ] --START--
INFO: Run Behavior\WriteHtmlCacheBehavior [ RunTime:0.001073s ]
INFO: [ view_filter ] --END-- [ RunTime:0.001139s ]
INFO: [ app_end ] --START--
INFO: Run Behavior\ShowPageTraceBehavior [ RunTime:0.001321s ]
INFO: [ app_end ] --END-- [ RunTime:0.001402s ]

[ 2018-11-08T16:20:40+08:00 ] 127.0.0.1 /User/index.html?mobile=&email=&name=&page=1&limit=10
INFO: [ app_init ] --START--
INFO: Run Behavior\BuildLiteBehavior [ RunTime:0.000009s ]
INFO: [ app_init ] --END-- [ RunTime:0.000540s ]
INFO: [ app_begin ] --START--
INFO: Run Behavior\ReadHtmlCacheBehavior [ RunTime:0.001201s ]
INFO: [ app_begin ] --END-- [ RunTime:0.001276s ]
SQL: SHOW COLUMNS FROM `rd_user_info` [ RunTime:0.0998s ]
SQL: SELECT COUNT(i.id) AS tp_count FROM rd_user_info i left join rd_user u ON u.id = i.user_id  LIMIT 1   [ RunTime:0.0992s ]
SQL: SELECT i.*,u.*,i.id as id FROM rd_user_info i left join rd_user u ON u.id = i.user_id  ORDER BY i.id desc LIMIT 0,10   [ RunTime:0.2227s ]

[ 2018-11-08T16:20:42+08:00 ] 127.0.0.1 /User/userList
INFO: [ app_init ] --START--
INFO: Run Behavior\BuildLiteBehavior [ RunTime:0.000019s ]
INFO: [ app_init ] --END-- [ RunTime:0.000864s ]
INFO: [ app_begin ] --START--
INFO: Run Behavior\ReadHtmlCacheBehavior [ RunTime:0.000860s ]
INFO: [ app_begin ] --END-- [ RunTime:0.000912s ]
INFO: [ view_parse ] --START--
INFO: [ template_filter ] --START--
INFO: Run Behavior\ContentReplaceBehavior [ RunTime:0.000120s ]
INFO: [ template_filter ] --END-- [ RunTime:0.000205s ]
INFO: Run Behavior\ParseTemplateBehavior [ RunTime:0.010152s ]
INFO: [ view_parse ] --END-- [ RunTime:0.010194s ]
INFO: [ view_filter ] --START--
INFO: Run Behavior\WriteHtmlCacheBehavior [ RunTime:0.000575s ]
INFO: [ view_filter ] --END-- [ RunTime:0.000603s ]
INFO: [ app_end ] --START--
INFO: Run Behavior\ShowPageTraceBehavior [ RunTime:0.000729s ]
INFO: [ app_end ] --END-- [ RunTime:0.000763s ]

[ 2018-11-08T16:20:44+08:00 ] 127.0.0.1 /User/userList.html?mobile=&email=&name=&page=1&limit=10
INFO: [ app_init ] --START--
INFO: Run Behavior\BuildLiteBehavior [ RunTime:0.000016s ]
INFO: [ app_init ] --END-- [ RunTime:0.000896s ]
INFO: [ app_begin ] --START--
INFO: Run Behavior\ReadHtmlCacheBehavior [ RunTime:0.001061s ]
INFO: [ app_begin ] --END-- [ RunTime:0.001127s ]
SQL: SHOW COLUMNS FROM `rd_user` [ RunTime:0.6977s ]
SQL: SELECT COUNT(u.id) AS tp_count FROM rd_user u left join rd_user_info u_i ON u_i.user_id = u.id left join rd_company_info c_i ON c_i.user_id = u.id  LIMIT 1   [ RunTime:0.1140s ]
SQL: SELECT u.*,u_i.real_name as user_name,c_i.company_name FROM rd_user u left join rd_user_info u_i ON u_i.user_id = u.id left join rd_company_info c_i ON c_i.user_id = u.id  ORDER BY id desc LIMIT 0,10   [ RunTime:0.1498s ]

[ 2018-11-08T16:21:53+08:00 ] 127.0.0.1 /User/userList.html?mobile=&email=&name=&page=4&limit=10
INFO: [ app_init ] --START--
INFO: Run Behavior\BuildLiteBehavior [ RunTime:0.000009s ]
INFO: [ app_init ] --END-- [ RunTime:0.000596s ]
INFO: [ app_begin ] --START--
INFO: Run Behavior\ReadHtmlCacheBehavior [ RunTime:0.000649s ]
INFO: [ app_begin ] --END-- [ RunTime:0.000679s ]
SQL: SHOW COLUMNS FROM `rd_user` [ RunTime:0.0986s ]
SQL: SELECT COUNT(u.id) AS tp_count FROM rd_user u left join rd_user_info u_i ON u_i.user_id = u.id left join rd_company_info c_i ON c_i.user_id = u.id  LIMIT 1   [ RunTime:0.1136s ]
SQL: SELECT u.*,u_i.real_name as user_name,c_i.company_name FROM rd_user u left join rd_user_info u_i ON u_i.user_id = u.id left join rd_company_info c_i ON c_i.user_id = u.id  ORDER BY id desc LIMIT 30,10   [ RunTime:0.1513s ]

[ 2018-11-08T16:21:55+08:00 ] 127.0.0.1 /User/userList.html?mobile=&email=&name=&page=48&limit=10
INFO: [ app_init ] --START--
INFO: Run Behavior\BuildLiteBehavior [ RunTime:0.000010s ]
INFO: [ app_init ] --END-- [ RunTime:0.000737s ]
INFO: [ app_begin ] --START--
INFO: Run Behavior\ReadHtmlCacheBehavior [ RunTime:0.000778s ]
INFO: [ app_begin ] --END-- [ RunTime:0.000825s ]
SQL: SHOW COLUMNS FROM `rd_user` [ RunTime:0.0959s ]
SQL: SELECT COUNT(u.id) AS tp_count FROM rd_user u left join rd_user_info u_i ON u_i.user_id = u.id left join rd_company_info c_i ON c_i.user_id = u.id  LIMIT 1   [ RunTime:0.1110s ]
SQL: SELECT u.*,u_i.real_name as user_name,c_i.company_name FROM rd_user u left join rd_user_info u_i ON u_i.user_id = u.id left join rd_company_info c_i ON c_i.user_id = u.id  ORDER BY id desc LIMIT 470,10   [ RunTime:0.1481s ]

[ 2018-11-08T16:21:59+08:00 ] 127.0.0.1 /User/userList.html?mobile=&email=&name=&page=45&limit=10
INFO: [ app_init ] --START--
INFO: Run Behavior\BuildLiteBehavior [ RunTime:0.000009s ]
INFO: [ app_init ] --END-- [ RunTime:0.000636s ]
INFO: [ app_begin ] --START--
INFO: Run Behavior\ReadHtmlCacheBehavior [ RunTime:0.000806s ]
INFO: [ app_begin ] --END-- [ RunTime:0.000849s ]
SQL: SHOW COLUMNS FROM `rd_user` [ RunTime:0.0995s ]
SQL: SELECT COUNT(u.id) AS tp_count FROM rd_user u left join rd_user_info u_i ON u_i.user_id = u.id left join rd_company_info c_i ON c_i.user_id = u.id  LIMIT 1   [ RunTime:0.1145s ]
SQL: SELECT u.*,u_i.real_name as user_name,c_i.company_name FROM rd_user u left join rd_user_info u_i ON u_i.user_id = u.id left join rd_company_info c_i ON c_i.user_id = u.id  ORDER BY id desc LIMIT 440,10   [ RunTime:0.1518s ]

[ 2018-11-08T16:22:01+08:00 ] 127.0.0.1 /User/userList.html?mobile=&email=&name=&page=47&limit=10
INFO: [ app_init ] --START--
INFO: Run Behavior\BuildLiteBehavior [ RunTime:0.000010s ]
INFO: [ app_init ] --END-- [ RunTime:0.000696s ]
INFO: [ app_begin ] --START--
INFO: Run Behavior\ReadHtmlCacheBehavior [ RunTime:0.000587s ]
INFO: [ app_begin ] --END-- [ RunTime:0.000618s ]
SQL: SHOW COLUMNS FROM `rd_user` [ RunTime:0.0968s ]
SQL: SELECT COUNT(u.id) AS tp_count FROM rd_user u left join rd_user_info u_i ON u_i.user_id = u.id left join rd_company_info c_i ON c_i.user_id = u.id  LIMIT 1   [ RunTime:0.1130s ]
SQL: SELECT u.*,u_i.real_name as user_name,c_i.company_name FROM rd_user u left join rd_user_info u_i ON u_i.user_id = u.id left join rd_company_info c_i ON c_i.user_id = u.id  ORDER BY id desc LIMIT 460,10   [ RunTime:0.1481s ]

[ 2018-11-08T16:22:04+08:00 ] 127.0.0.1 /User/userList.html?mobile=&email=&name=&page=48&limit=10
INFO: [ app_init ] --START--
INFO: Run Behavior\BuildLiteBehavior [ RunTime:0.000010s ]
INFO: [ app_init ] --END-- [ RunTime:0.000679s ]
INFO: [ app_begin ] --START--
INFO: Run Behavior\ReadHtmlCacheBehavior [ RunTime:0.000639s ]
INFO: [ app_begin ] --END-- [ RunTime:0.000665s ]
SQL: SHOW COLUMNS FROM `rd_user` [ RunTime:0.0950s ]
SQL: SELECT COUNT(u.id) AS tp_count FROM rd_user u left join rd_user_info u_i ON u_i.user_id = u.id left join rd_company_info c_i ON c_i.user_id = u.id  LIMIT 1   [ RunTime:0.1095s ]
SQL: SELECT u.*,u_i.real_name as user_name,c_i.company_name FROM rd_user u left join rd_user_info u_i ON u_i.user_id = u.id left join rd_company_info c_i ON c_i.user_id = u.id  ORDER BY id desc LIMIT 470,10   [ RunTime:0.1453s ]

[ 2018-11-08T16:22:13+08:00 ] 127.0.0.1 /User/userList.html?mobile=&email=&name=&page=1&limit=10
INFO: [ app_init ] --START--
INFO: Run Behavior\BuildLiteBehavior [ RunTime:0.000011s ]
INFO: [ app_init ] --END-- [ RunTime:0.000712s ]
INFO: [ app_begin ] --START--
INFO: Run Behavior\ReadHtmlCacheBehavior [ RunTime:0.000754s ]
INFO: [ app_begin ] --END-- [ RunTime:0.000795s ]
SQL: SHOW COLUMNS FROM `rd_user` [ RunTime:0.0968s ]
SQL: SELECT COUNT(u.id) AS tp_count FROM rd_user u left join rd_user_info u_i ON u_i.user_id = u.id left join rd_company_info c_i ON c_i.user_id = u.id  LIMIT 1   [ RunTime:0.1111s ]
SQL: SELECT u.*,u_i.real_name as user_name,c_i.company_name FROM rd_user u left join rd_user_info u_i ON u_i.user_id = u.id left join rd_company_info c_i ON c_i.user_id = u.id  ORDER BY id desc LIMIT 0,10   [ RunTime:0.1478s ]

[ 2018-11-08T16:22:24+08:00 ] 127.0.0.1 /User/userList
INFO: [ app_init ] --START--
INFO: Run Behavior\BuildLiteBehavior [ RunTime:0.000009s ]
INFO: [ app_init ] --END-- [ RunTime:0.000611s ]
INFO: [ app_begin ] --START--
INFO: Run Behavior\ReadHtmlCacheBehavior [ RunTime:0.000729s ]
INFO: [ app_begin ] --END-- [ RunTime:0.000772s ]
INFO: [ view_parse ] --START--
INFO: [ template_filter ] --START--
INFO: Run Behavior\ContentReplaceBehavior [ RunTime:0.000087s ]
INFO: [ template_filter ] --END-- [ RunTime:0.000120s ]
INFO: Run Behavior\ParseTemplateBehavior [ RunTime:0.008715s ]
INFO: [ view_parse ] --END-- [ RunTime:0.008760s ]
INFO: [ view_filter ] --START--
INFO: Run Behavior\WriteHtmlCacheBehavior [ RunTime:0.000570s ]
INFO: [ view_filter ] --END-- [ RunTime:0.000597s ]
INFO: [ app_end ] --START--
INFO: Run Behavior\ShowPageTraceBehavior [ RunTime:0.000785s ]
INFO: [ app_end ] --END-- [ RunTime:0.000820s ]

[ 2018-11-08T16:22:25+08:00 ] 127.0.0.1 /User/userList.html?mobile=&email=&name=&page=1&limit=10
INFO: [ app_init ] --START--
INFO: Run Behavior\BuildLiteBehavior [ RunTime:0.000018s ]
INFO: [ app_init ] --END-- [ RunTime:0.000988s ]
INFO: [ app_begin ] --START--
INFO: Run Behavior\ReadHtmlCacheBehavior [ RunTime:0.001204s ]
INFO: [ app_begin ] --END-- [ RunTime:0.001279s ]
SQL: SHOW COLUMNS FROM `rd_user` [ RunTime:0.0939s ]
SQL: SELECT COUNT(u.id) AS tp_count FROM rd_user u left join rd_user_info u_i ON u_i.user_id = u.id left join rd_company_info c_i ON c_i.user_id = u.id  LIMIT 1   [ RunTime:0.4006s ]
SQL: SELECT u.*,u_i.real_name as user_name,c_i.company_name FROM rd_user u left join rd_user_info u_i ON u_i.user_id = u.id left join rd_company_info c_i ON c_i.user_id = u.id  ORDER BY id desc LIMIT 0,10   [ RunTime:0.1429s ]

[ 2018-11-08T16:22:37+08:00 ] 127.0.0.1 /Company/index
INFO: [ app_init ] --START--
INFO: Run Behavior\BuildLiteBehavior [ RunTime:0.000013s ]
INFO: [ app_init ] --END-- [ RunTime:0.000870s ]
INFO: [ app_begin ] --START--
INFO: Run Behavior\ReadHtmlCacheBehavior [ RunTime:0.000674s ]
INFO: [ app_begin ] --END-- [ RunTime:0.000714s ]
INFO: [ view_parse ] --START--
INFO: [ template_filter ] --START--
INFO: Run Behavior\ContentReplaceBehavior [ RunTime:0.000571s ]
INFO: [ template_filter ] --END-- [ RunTime:0.000614s ]
INFO: Run Behavior\ParseTemplateBehavior [ RunTime:0.013758s ]
INFO: [ view_parse ] --END-- [ RunTime:0.013840s ]
INFO: [ view_filter ] --START--
INFO: Run Behavior\WriteHtmlCacheBehavior [ RunTime:0.000949s ]
INFO: [ view_filter ] --END-- [ RunTime:0.000996s ]
INFO: [ app_end ] --START--
INFO: Run Behavior\ShowPageTraceBehavior [ RunTime:0.000824s ]
INFO: [ app_end ] --END-- [ RunTime:0.000864s ]

[ 2018-11-08T16:22:38+08:00 ] 127.0.0.1 /Company/index.html?mobile=&email=&name=&is_check=&page=1&limit=10
INFO: [ app_init ] --START--
INFO: Run Behavior\BuildLiteBehavior [ RunTime:0.000016s ]
INFO: [ app_init ] --END-- [ RunTime:0.000869s ]
INFO: [ app_begin ] --START--
INFO: Run Behavior\ReadHtmlCacheBehavior [ RunTime:0.000698s ]
INFO: [ app_begin ] --END-- [ RunTime:0.000740s ]
SQL: SHOW COLUMNS FROM `rd_company_info` [ RunTime:0.1032s ]
SQL: SELECT COUNT(i.id) AS tp_count FROM rd_company_info i left join rd_user u ON u.id = i.user_id  LIMIT 1   [ RunTime:0.1021s ]
SQL: SELECT i.*,u.*,i.id as id FROM rd_company_info i left join rd_user u ON u.id = i.user_id  ORDER BY i.id desc LIMIT 0,10   [ RunTime:0.2053s ]

[ 2018-11-08T16:50:19+08:00 ] 127.0.0.1 /Shop/index
INFO: [ app_init ] --START--
INFO: Run Behavior\BuildLiteBehavior [ RunTime:0.000010s ]
INFO: [ app_init ] --END-- [ RunTime:0.000710s ]
INFO: [ app_begin ] --START--
INFO: Run Behavior\ReadHtmlCacheBehavior [ RunTime:0.000749s ]
INFO: [ app_begin ] --END-- [ RunTime:0.000793s ]
INFO: [ view_parse ] --START--
INFO: [ template_filter ] --START--
INFO: Run Behavior\ContentReplaceBehavior [ RunTime:0.000105s ]
INFO: [ template_filter ] --END-- [ RunTime:0.000147s ]
INFO: Run Behavior\ParseTemplateBehavior [ RunTime:0.013253s ]
INFO: [ view_parse ] --END-- [ RunTime:0.013305s ]
INFO: [ view_filter ] --START--
INFO: Run Behavior\WriteHtmlCacheBehavior [ RunTime:0.000595s ]
INFO: [ view_filter ] --END-- [ RunTime:0.000621s ]
INFO: [ app_end ] --START--
INFO: Run Behavior\ShowPageTraceBehavior [ RunTime:0.000739s ]
INFO: [ app_end ] --END-- [ RunTime:0.000772s ]

[ 2018-11-08T16:50:21+08:00 ] 127.0.0.1 /Shop/index.html?name=&page=1&limit=10
INFO: [ app_init ] --START--
INFO: Run Behavior\BuildLiteBehavior [ RunTime:0.000014s ]
INFO: [ app_init ] --END-- [ RunTime:0.000864s ]
INFO: [ app_begin ] --START--
INFO: Run Behavior\ReadHtmlCacheBehavior [ RunTime:0.001006s ]
INFO: [ app_begin ] --END-- [ RunTime:0.001071s ]
SQL: SHOW COLUMNS FROM `rd_shops` [ RunTime:0.0985s ]
SQL: SELECT COUNT(id) AS tp_count FROM `rd_shops` LIMIT 1   [ RunTime:0.0972s ]
SQL: SELECT * FROM `rd_shops` ORDER BY id desc LIMIT 0,10   [ RunTime:0.0984s ]
SQL: SHOW COLUMNS FROM `rd_user` [ RunTime:0.0978s ]
SQL: SELECT `mobile` FROM `rd_user` WHERE `id` = 1076 LIMIT 1   [ RunTime:0.0969s ]
SQL: SELECT `mobile` FROM `rd_user` WHERE `id` = 1025 LIMIT 1   [ RunTime:0.0969s ]
SQL: SELECT `mobile` FROM `rd_user` WHERE `id` = 1074 LIMIT 1   [ RunTime:0.0973s ]
SQL: SELECT `mobile` FROM `rd_user` WHERE `id` = 1020 LIMIT 1   [ RunTime:0.0975s ]
SQL: SELECT `mobile` FROM `rd_user` WHERE `id` = 1030 LIMIT 1   [ RunTime:0.0969s ]
SQL: SELECT `mobile` FROM `rd_user` WHERE `id` = 1028 LIMIT 1   [ RunTime:0.0967s ]
SQL: SELECT `mobile` FROM `rd_user` WHERE `id` = 1082 LIMIT 1   [ RunTime:0.0975s ]
SQL: SELECT `mobile` FROM `rd_user` WHERE `id` = 1029 LIMIT 1   [ RunTime:0.0973s ]
SQL: SELECT `mobile` FROM `rd_user` WHERE `id` = 1051 LIMIT 1   [ RunTime:0.0968s ]
SQL: SELECT `mobile` FROM `rd_user` WHERE `id` = 1038 LIMIT 1   [ RunTime:0.0970s ]

[ 2018-11-08T16:50:21+08:00 ] 127.0.0.1 /Uploads/20181031/5bd96513d1ca8.jpg
INFO: [ app_init ] --START--
INFO: Run Behavior\BuildLiteBehavior [ RunTime:0.000009s ]
INFO: [ app_init ] --END-- [ RunTime:0.000525s ]

[ 2018-11-08T16:50:21+08:00 ] 127.0.0.1 /Uploads/20181031/5bd96278a80bb.jpg
INFO: [ app_init ] --START--
INFO: Run Behavior\BuildLiteBehavior [ RunTime:0.000010s ]
INFO: [ app_init ] --END-- [ RunTime:0.000543s ]

[ 2018-11-08T16:50:21+08:00 ] 127.0.0.1 /Uploads/20181031/5bd9622cd89d5.png
INFO: [ app_init ] --START--
INFO: Run Behavior\BuildLiteBehavior [ RunTime:0.000009s ]
INFO: [ app_init ] --END-- [ RunTime:0.000506s ]

[ 2018-11-08T16:50:22+08:00 ] 127.0.0.1 /Uploads/20181031/5bd962e5f03e7.jpg
INFO: [ app_init ] --START--
INFO: Run Behavior\BuildLiteBehavior [ RunTime:0.000010s ]
INFO: [ app_init ] --END-- [ RunTime:0.000586s ]

[ 2018-11-08T16:50:22+08:00 ] 127.0.0.1 /Uploads/20181031/5bd9195b56f21.jpg
INFO: [ app_init ] --START--
INFO: Run Behavior\BuildLiteBehavior [ RunTime:0.000019s ]
INFO: [ app_init ] --END-- [ RunTime:0.000746s ]

[ 2018-11-08T16:50:22+08:00 ] 127.0.0.1 /Uploads/20181031/5bd9156e8d40e.jpg
INFO: [ app_init ] --START--
INFO: Run Behavior\BuildLiteBehavior [ RunTime:0.000009s ]
INFO: [ app_init ] --END-- [ RunTime:0.000478s ]

[ 2018-11-08T16:50:22+08:00 ] 127.0.0.1 /Uploads/20181031/5bd912a414182.jpg
INFO: [ app_init ] --START--
INFO: Run Behavior\BuildLiteBehavior [ RunTime:0.000014s ]
INFO: [ app_init ] --END-- [ RunTime:0.000824s ]

[ 2018-11-08T16:50:22+08:00 ] 127.0.0.1 /Uploads/20181030/5bd7c645aaaa1.jpg
INFO: [ app_init ] --START--
INFO: Run Behavior\BuildLiteBehavior [ RunTime:0.000015s ]
INFO: [ app_init ] --END-- [ RunTime:0.000846s ]

[ 2018-11-08T16:50:22+08:00 ] 127.0.0.1 /Uploads/20181031/5bd9122bbf09d.jpg
INFO: [ app_init ] --START--
INFO: Run Behavior\BuildLiteBehavior [ RunTime:0.000017s ]
INFO: [ app_init ] --END-- [ RunTime:0.000930s ]

[ 2018-11-08T16:50:22+08:00 ] 127.0.0.1 /Uploads/20181030/5bd7e83961123.jpg
INFO: [ app_init ] --START--
INFO: Run Behavior\BuildLiteBehavior [ RunTime:0.000013s ]
INFO: [ app_init ] --END-- [ RunTime:0.000787s ]

[ 2018-11-08T16:50:28+08:00 ] 127.0.0.1 /Shop/userList.html?user_id=1029
INFO: [ app_init ] --START--
INFO: Run Behavior\BuildLiteBehavior [ RunTime:0.000019s ]
INFO: [ app_init ] --END-- [ RunTime:0.000831s ]
INFO: [ app_begin ] --START--
INFO: Run Behavior\ReadHtmlCacheBehavior [ RunTime:0.000915s ]
INFO: [ app_begin ] --END-- [ RunTime:0.000988s ]
SQL: SHOW COLUMNS FROM `rd_user_info` [ RunTime:0.0993s ]
SQL: SHOW COLUMNS FROM `rd_shops` [ RunTime:0.3965s ]
SQL: SELECT * FROM `rd_shops` WHERE `user_id` = 1029 LIMIT 1   [ RunTime:0.6933s ]
SQL: SELECT COUNT(u_i.id) AS tp_count FROM rd_user_info u_i left join rd_user u ON u.id = u_i.user_id  WHERE u.invite_uid = 1029 LIMIT 1   [ RunTime:0.0983s ]
SQL: SHOW COLUMNS FROM `rd_user` [ RunTime:0.0983s ]
SQL: SELECT COUNT(id) AS tp_count FROM `rd_user` WHERE `invite_uid` = 1029 LIMIT 1   [ RunTime:0.0975s ]
SQL: SHOW COLUMNS FROM `rd_shops_orders` [ RunTime:0.0981s ]
SQL: SELECT SUM(income) AS tp_sum FROM `rd_shops_orders` WHERE `user_id` = 1029 AND `check_up` = 1 LIMIT 1   [ RunTime:0.0976s ]
SQL: SELECT SUM(income) AS tp_sum FROM `rd_shops_orders` WHERE `user_id` = 1029 AND `check_up` = 1 AND `add_time` >= '2018-11-01' LIMIT 1   [ RunTime:0.0970s ]
INFO: [ view_parse ] --START--
INFO: [ template_filter ] --START--
INFO: Run Behavior\ContentReplaceBehavior [ RunTime:0.000098s ]
INFO: [ template_filter ] --END-- [ RunTime:0.000162s ]
INFO: Run Behavior\ParseTemplateBehavior [ RunTime:0.019008s ]
INFO: [ view_parse ] --END-- [ RunTime:0.019062s ]
INFO: [ view_filter ] --START--
INFO: Run Behavior\WriteHtmlCacheBehavior [ RunTime:0.000705s ]
INFO: [ view_filter ] --END-- [ RunTime:0.000751s ]
INFO: [ app_end ] --START--
INFO: Run Behavior\ShowPageTraceBehavior [ RunTime:0.001479s ]
INFO: [ app_end ] --END-- [ RunTime:0.001562s ]

[ 2018-11-08T16:50:29+08:00 ] 127.0.0.1 /Shop/userList.html?user_id=1029&page=1&limit=10
INFO: [ app_init ] --START--
INFO: Run Behavior\BuildLiteBehavior [ RunTime:0.000014s ]
INFO: [ app_init ] --END-- [ RunTime:0.000903s ]
INFO: [ app_begin ] --START--
INFO: Run Behavior\ReadHtmlCacheBehavior [ RunTime:0.001880s ]
INFO: [ app_begin ] --END-- [ RunTime:0.001954s ]
SQL: SHOW COLUMNS FROM `rd_user_info` [ RunTime:0.0986s ]
SQL: SELECT COUNT(u_i.id) AS tp_count FROM rd_user_info u_i left join rd_user u ON u.id = u_i.user_id  WHERE u.invite_uid = 1029 LIMIT 1   [ RunTime:0.0981s ]
SQL: SELECT * FROM rd_user_info u_i left join rd_user u ON u.id = u_i.user_id  WHERE u.invite_uid = 1029 ORDER BY u_i.id desc LIMIT 0,10   [ RunTime:0.1006s ]

[ 2018-11-08T16:50:34+08:00 ] 127.0.0.1 /Shop/userList.html?user_id=1038
INFO: [ app_init ] --START--
INFO: Run Behavior\BuildLiteBehavior [ RunTime:0.000014s ]
INFO: [ app_init ] --END-- [ RunTime:0.000827s ]
INFO: [ app_begin ] --START--
INFO: Run Behavior\ReadHtmlCacheBehavior [ RunTime:0.001062s ]
INFO: [ app_begin ] --END-- [ RunTime:0.001135s ]
SQL: SHOW COLUMNS FROM `rd_user_info` [ RunTime:0.1031s ]
SQL: SHOW COLUMNS FROM `rd_shops` [ RunTime:0.1017s ]
SQL: SELECT * FROM `rd_shops` WHERE `user_id` = 1038 LIMIT 1   [ RunTime:0.1023s ]
SQL: SELECT COUNT(u_i.id) AS tp_count FROM rd_user_info u_i left join rd_user u ON u.id = u_i.user_id  WHERE u.invite_uid = 1038 LIMIT 1   [ RunTime:0.1022s ]
SQL: SHOW COLUMNS FROM `rd_user` [ RunTime:0.1023s ]
SQL: SELECT COUNT(id) AS tp_count FROM `rd_user` WHERE `invite_uid` = 1038 LIMIT 1   [ RunTime:0.1017s ]
SQL: SHOW COLUMNS FROM `rd_shops_orders` [ RunTime:0.1019s ]
SQL: SELECT SUM(income) AS tp_sum FROM `rd_shops_orders` WHERE `user_id` = 1038 AND `check_up` = 1 LIMIT 1   [ RunTime:0.1015s ]
SQL: SELECT SUM(income) AS tp_sum FROM `rd_shops_orders` WHERE `user_id` = 1038 AND `check_up` = 1 AND `add_time` >= '2018-11-01' LIMIT 1   [ RunTime:0.1019s ]
INFO: [ view_parse ] --START--
INFO: [ template_filter ] --START--
INFO: Run Behavior\ContentReplaceBehavior [ RunTime:0.000093s ]
INFO: [ template_filter ] --END-- [ RunTime:0.000133s ]
INFO: Run Behavior\ParseTemplateBehavior [ RunTime:0.010069s ]
INFO: [ view_parse ] --END-- [ RunTime:0.010117s ]
INFO: [ view_filter ] --START--
INFO: Run Behavior\WriteHtmlCacheBehavior [ RunTime:0.000515s ]
INFO: [ view_filter ] --END-- [ RunTime:0.000538s ]
INFO: [ app_end ] --START--
INFO: Run Behavior\ShowPageTraceBehavior [ RunTime:0.000725s ]
INFO: [ app_end ] --END-- [ RunTime:0.000760s ]

[ 2018-11-08T16:50:35+08:00 ] 127.0.0.1 /Shop/userList.html?user_id=1038&page=1&limit=10
INFO: [ app_init ] --START--
INFO: Run Behavior\BuildLiteBehavior [ RunTime:0.000016s ]
INFO: [ app_init ] --END-- [ RunTime:0.000874s ]
INFO: [ app_begin ] --START--
INFO: Run Behavior\ReadHtmlCacheBehavior [ RunTime:0.002906s ]
INFO: [ app_begin ] --END-- [ RunTime:0.003054s ]
SQL: SHOW COLUMNS FROM `rd_user_info` [ RunTime:0.1012s ]
SQL: SELECT COUNT(u_i.id) AS tp_count FROM rd_user_info u_i left join rd_user u ON u.id = u_i.user_id  WHERE u.invite_uid = 1038 LIMIT 1   [ RunTime:0.1012s ]
SQL: SELECT * FROM rd_user_info u_i left join rd_user u ON u.id = u_i.user_id  WHERE u.invite_uid = 1038 ORDER BY u_i.id desc LIMIT 0,10   [ RunTime:0.1029s ]

[ 2018-11-08T16:50:42+08:00 ] 127.0.0.1 /Shop/userList.html?user_id=1051
INFO: [ app_init ] --START--
INFO: Run Behavior\BuildLiteBehavior [ RunTime:0.000016s ]
INFO: [ app_init ] --END-- [ RunTime:0.000968s ]
INFO: [ app_begin ] --START--
INFO: Run Behavior\ReadHtmlCacheBehavior [ RunTime:0.000881s ]
INFO: [ app_begin ] --END-- [ RunTime:0.000942s ]
SQL: SHOW COLUMNS FROM `rd_user_info` [ RunTime:0.0949s ]
SQL: SHOW COLUMNS FROM `rd_shops` [ RunTime:0.0951s ]
SQL: SELECT * FROM `rd_shops` WHERE `user_id` = 1051 LIMIT 1   [ RunTime:0.0950s ]
SQL: SELECT COUNT(u_i.id) AS tp_count FROM rd_user_info u_i left join rd_user u ON u.id = u_i.user_id  WHERE u.invite_uid = 1051 LIMIT 1   [ RunTime:0.0949s ]
SQL: SHOW COLUMNS FROM `rd_user` [ RunTime:0.0944s ]
SQL: SELECT COUNT(id) AS tp_count FROM `rd_user` WHERE `invite_uid` = 1051 LIMIT 1   [ RunTime:0.0946s ]
SQL: SHOW COLUMNS FROM `rd_shops_orders` [ RunTime:0.0951s ]
SQL: SELECT SUM(income) AS tp_sum FROM `rd_shops_orders` WHERE `user_id` = 1051 AND `check_up` = 1 LIMIT 1   [ RunTime:0.1760s ]
SQL: SELECT SUM(income) AS tp_sum FROM `rd_shops_orders` WHERE `user_id` = 1051 AND `check_up` = 1 AND `add_time` >= '2018-11-01' LIMIT 1   [ RunTime:0.0946s ]
INFO: [ view_parse ] --START--
INFO: [ template_filter ] --START--
INFO: Run Behavior\ContentReplaceBehavior [ RunTime:0.000198s ]
INFO: [ template_filter ] --END-- [ RunTime:0.000287s ]
INFO: Run Behavior\ParseTemplateBehavior [ RunTime:0.023172s ]
INFO: [ view_parse ] --END-- [ RunTime:0.023275s ]
INFO: [ view_filter ] --START--
INFO: Run Behavior\WriteHtmlCacheBehavior [ RunTime:0.001373s ]
INFO: [ view_filter ] --END-- [ RunTime:0.001447s ]
INFO: [ app_end ] --START--
INFO: Run Behavior\ShowPageTraceBehavior [ RunTime:0.001921s ]
INFO: [ app_end ] --END-- [ RunTime:0.002014s ]

[ 2018-11-08T16:50:43+08:00 ] 127.0.0.1 /Shop/userList.html?user_id=1051&page=1&limit=10
INFO: [ app_init ] --START--
INFO: Run Behavior\BuildLiteBehavior [ RunTime:0.000019s ]
INFO: [ app_init ] --END-- [ RunTime:0.001076s ]
INFO: [ app_begin ] --START--
INFO: Run Behavior\ReadHtmlCacheBehavior [ RunTime:0.001066s ]
INFO: [ app_begin ] --END-- [ RunTime:0.001138s ]
SQL: SHOW COLUMNS FROM `rd_user_info` [ RunTime:0.1002s ]
SQL: SELECT COUNT(u_i.id) AS tp_count FROM rd_user_info u_i left join rd_user u ON u.id = u_i.user_id  WHERE u.invite_uid = 1051 LIMIT 1   [ RunTime:0.0995s ]
SQL: SELECT * FROM rd_user_info u_i left join rd_user u ON u.id = u_i.user_id  WHERE u.invite_uid = 1051 ORDER BY u_i.id desc LIMIT 0,10   [ RunTime:0.1013s ]

[ 2018-11-08T16:54:27+08:00 ] 127.0.0.1 /Project/add
INFO: [ app_init ] --START--
INFO: Run Behavior\BuildLiteBehavior [ RunTime:0.000010s ]
INFO: [ app_init ] --END-- [ RunTime:0.000637s ]
INFO: [ app_begin ] --START--
INFO: Run Behavior\ReadHtmlCacheBehavior [ RunTime:0.000681s ]
INFO: [ app_begin ] --END-- [ RunTime:0.000712s ]
SQL: SHOW COLUMNS FROM `rd_city` [ RunTime:0.0977s ]
SQL: SELECT `id`,`name` FROM `rd_city` WHERE `parent_id` = 0 ORDER BY sort asc  [ RunTime:0.0996s ]
SQL: SHOW COLUMNS FROM `rd_position_type` [ RunTime:0.0982s ]
SQL: SELECT `id`,`name` FROM `rd_position_type` WHERE `parent_id` = 0 ORDER BY sort asc  [ RunTime:0.0977s ]
INFO: [ view_parse ] --START--
INFO: [ template_filter ] --START--
INFO: Run Behavior\ContentReplaceBehavior [ RunTime:0.000236s ]
INFO: [ template_filter ] --END-- [ RunTime:0.000304s ]
INFO: Run Behavior\ParseTemplateBehavior [ RunTime:0.043574s ]
INFO: [ view_parse ] --END-- [ RunTime:0.043697s ]
INFO: [ view_filter ] --START--
INFO: Run Behavior\WriteHtmlCacheBehavior [ RunTime:0.001151s ]
INFO: [ view_filter ] --END-- [ RunTime:0.001201s ]
INFO: [ app_end ] --START--
INFO: Run Behavior\ShowPageTraceBehavior [ RunTime:0.001463s ]
INFO: [ app_end ] --END-- [ RunTime:0.001527s ]

[ 2018-11-08T16:54:29+08:00 ] 127.0.0.1 /Project/index
INFO: [ app_init ] --START--
INFO: Run Behavior\BuildLiteBehavior [ RunTime:0.000014s ]
INFO: [ app_init ] --END-- [ RunTime:0.000670s ]
INFO: [ app_begin ] --START--
INFO: Run Behavior\ReadHtmlCacheBehavior [ RunTime:0.000676s ]
INFO: [ app_begin ] --END-- [ RunTime:0.000717s ]
INFO: [ view_parse ] --START--
INFO: [ template_filter ] --START--
INFO: Run Behavior\ContentReplaceBehavior [ RunTime:0.000114s ]
INFO: [ template_filter ] --END-- [ RunTime:0.000204s ]
INFO: Run Behavior\ParseTemplateBehavior [ RunTime:0.010240s ]
INFO: [ view_parse ] --END-- [ RunTime:0.010285s ]
INFO: [ view_filter ] --START--
INFO: Run Behavior\WriteHtmlCacheBehavior [ RunTime:0.000516s ]
INFO: [ view_filter ] --END-- [ RunTime:0.000540s ]
INFO: [ app_end ] --START--
INFO: Run Behavior\ShowPageTraceBehavior [ RunTime:0.000684s ]
INFO: [ app_end ] --END-- [ RunTime:0.000717s ]

[ 2018-11-08T16:54:30+08:00 ] 127.0.0.1 /Project/index.html?mobile=&name=&page=1&limit=10
INFO: [ app_init ] --START--
INFO: Run Behavior\BuildLiteBehavior [ RunTime:0.000015s ]
INFO: [ app_init ] --END-- [ RunTime:0.000876s ]
INFO: [ app_begin ] --START--
INFO: Run Behavior\ReadHtmlCacheBehavior [ RunTime:0.001268s ]
INFO: [ app_begin ] --END-- [ RunTime:0.001344s ]
SQL: SHOW COLUMNS FROM `rd_project` [ RunTime:0.1023s ]
SQL: SELECT COUNT(id) AS tp_count FROM `rd_project` LIMIT 1   [ RunTime:0.1017s ]
SQL: SELECT * FROM `rd_project` ORDER BY sort asc,id desc LIMIT 0,10   [ RunTime:0.2056s ]

